[0.006s] Invoking command in '/home/hvakil/ros2_ws/build/fix_scan': /usr/bin/cmake /home/hvakil/ros2_ws/src/neato_packages/fix_scan -DAMENT_CMAKE_SYMLINK_INSTALL=1 -DCMAKE_INSTALL_PREFIX=/home/hvakil/ros2_ws/install/fix_scan
[0.013s] -- Found ament_cmake: 1.3.3 (/opt/ros/humble/share/ament_cmake/cmake)
[0.110s] Traceback (most recent call last):
[0.110s]   File "/opt/ros/humble/share/ament_cmake_core/cmake/package_templates/templates_2_cmake.py", line 21, in <module>
[0.110s]     from ament_package.templates import get_environment_hook_template_path
[0.110s] ModuleNotFoundError: No module named 'ament_package'
[0.120s] [31mCMake Error at /opt/ros/humble/share/ament_cmake_core/cmake/ament_cmake_package_templates-extras.cmake:41 (message):
[0.120s]   execute_process(/usr/bin/python3.10
[0.120s]   /opt/ros/humble/share/ament_cmake_core/cmake/package_templates/templates_2_cmake.py
[0.121s]   /home/hvakil/ros2_ws/build/fix_scan/ament_cmake_package_templates/templates.cmake)
[0.121s]   returned error code 1
[0.121s] Call Stack (most recent call first):
[0.121s]   /opt/ros/humble/share/ament_cmake_core/cmake/ament_cmake_coreConfig.cmake:41 (include)
[0.121s]   /opt/ros/humble/share/ament_cmake/cmake/ament_cmake_export_dependencies-extras.cmake:15 (find_package)
[0.121s]   /opt/ros/humble/share/ament_cmake/cmake/ament_cmakeConfig.cmake:41 (include)
[0.121s]   CMakeLists.txt:19 (find_package)
[0.121s] 
[0.121s] [0m
[0.122s] -- Configuring incomplete, errors occurred!
[0.122s] See also "/home/hvakil/ros2_ws/build/fix_scan/CMakeFiles/CMakeOutput.log".
[0.123s] Invoked command in '/home/hvakil/ros2_ws/build/fix_scan' returned '1': /usr/bin/cmake /home/hvakil/ros2_ws/src/neato_packages/fix_scan -DAMENT_CMAKE_SYMLINK_INSTALL=1 -DCMAKE_INSTALL_PREFIX=/home/hvakil/ros2_ws/install/fix_scan
