[4.493s] Invoking command in '/home/hvakil/ros2_ws/src/build/write_to_tractor': PYTHONPATH=/home/hvakil/ros2_ws/src/build/write_to_tractor/prefix_override:/home/hvakil/ros2_ws/src/install/write_to_tractor/lib/python3.10/site-packages:${PYTHONPATH} /usr/bin/python3 setup.py develop --editable --build-directory /home/hvakil/ros2_ws/src/build/write_to_tractor/build --no-deps install_data
[5.461s] /usr/lib/python3/dist-packages/setuptools/dist.py:723: UserWarning: Usage of dash-separated 'script-dir' will not be supported in future versions. Please use the underscore name 'script_dir' instead
[5.462s]   warnings.warn(
[5.576s] running develop
[5.577s] /usr/lib/python3/dist-packages/setuptools/command/easy_install.py:158: EasyInstallDeprecationWarning: easy_install command is deprecated. Use build and pip and other standards-based tools.
[5.577s]   warnings.warn(
[5.580s] /usr/lib/python3/dist-packages/setuptools/command/install.py:34: SetuptoolsDeprecationWarning: setup.py install is deprecated. Use build and pip and other standards-based tools.
[5.580s]   warnings.warn(
[5.772s] /usr/lib/python3/dist-packages/pkg_resources/__init__.py:116: PkgResourcesDeprecationWarning: 1.16.0-unknown is an invalid version and will not be supported in a future release
[5.772s]   warnings.warn(
[5.773s] /usr/lib/python3/dist-packages/pkg_resources/__init__.py:116: PkgResourcesDeprecationWarning: 0.1.43ubuntu1 is an invalid version and will not be supported in a future release
[5.773s]   warnings.warn(
[5.774s] /usr/lib/python3/dist-packages/pkg_resources/__init__.py:116: PkgResourcesDeprecationWarning: 1.1build1 is an invalid version and will not be supported in a future release
[5.774s]   warnings.warn(
[6.113s] running egg_info
[6.114s] writing write_to_tractor.egg-info/PKG-INFO
[6.114s] writing dependency_links to write_to_tractor.egg-info/dependency_links.txt
[6.115s] writing entry points to write_to_tractor.egg-info/entry_points.txt
[6.115s] writing requirements to write_to_tractor.egg-info/requires.txt
[6.116s] writing top-level names to write_to_tractor.egg-info/top_level.txt
[6.130s] reading manifest file 'write_to_tractor.egg-info/SOURCES.txt'
[6.131s] writing manifest file 'write_to_tractor.egg-info/SOURCES.txt'
[6.143s] running build_ext
[6.143s] Creating /home/hvakil/ros2_ws/src/install/write_to_tractor/lib/python3.10/site-packages/write-to-tractor.egg-link (link to .)
[6.145s] Installing tractor_writer script to /home/hvakil/ros2_ws/src/install/write_to_tractor/lib/write_to_tractor
[6.146s] 
[6.146s] Installed /home/hvakil/ros2_ws/src/build/write_to_tractor
[6.146s] running install_data
[6.246s] Invoked command in '/home/hvakil/ros2_ws/src/build/write_to_tractor' returned '0': PYTHONPATH=/home/hvakil/ros2_ws/src/build/write_to_tractor/prefix_override:/home/hvakil/ros2_ws/src/install/write_to_tractor/lib/python3.10/site-packages:${PYTHONPATH} /usr/bin/python3 setup.py develop --editable --build-directory /home/hvakil/ros2_ws/src/build/write_to_tractor/build --no-deps install_data
