[4.709s] Invoking command in '/home/hvakil/ros2_ws/src/build/vel_calculator': PYTHONPATH=/home/hvakil/ros2_ws/src/build/vel_calculator/prefix_override:/home/hvakil/ros2_ws/src/install/vel_calculator/lib/python3.10/site-packages:${PYTHONPATH} /usr/bin/python3 setup.py develop --editable --build-directory /home/hvakil/ros2_ws/src/build/vel_calculator/build --no-deps install_data
[5.479s] /usr/lib/python3/dist-packages/setuptools/dist.py:723: UserWarning: Usage of dash-separated 'script-dir' will not be supported in future versions. Please use the underscore name 'script_dir' instead
[5.479s]   warnings.warn(
[5.561s] running develop
[5.561s] /usr/lib/python3/dist-packages/setuptools/command/easy_install.py:158: EasyInstallDeprecationWarning: easy_install command is deprecated. Use build and pip and other standards-based tools.
[5.561s]   warnings.warn(
[5.563s] /usr/lib/python3/dist-packages/setuptools/command/install.py:34: SetuptoolsDeprecationWarning: setup.py install is deprecated. Use build and pip and other standards-based tools.
[5.563s]   warnings.warn(
[5.721s] /usr/lib/python3/dist-packages/pkg_resources/__init__.py:116: PkgResourcesDeprecationWarning: 1.16.0-unknown is an invalid version and will not be supported in a future release
[5.721s]   warnings.warn(
[5.721s] /usr/lib/python3/dist-packages/pkg_resources/__init__.py:116: PkgResourcesDeprecationWarning: 0.1.43ubuntu1 is an invalid version and will not be supported in a future release
[5.721s]   warnings.warn(
[5.722s] /usr/lib/python3/dist-packages/pkg_resources/__init__.py:116: PkgResourcesDeprecationWarning: 1.1build1 is an invalid version and will not be supported in a future release
[5.722s]   warnings.warn(
[6.021s] running egg_info
[6.021s] writing vel_calculator.egg-info/PKG-INFO
[6.021s] writing dependency_links to vel_calculator.egg-info/dependency_links.txt
[6.022s] writing entry points to vel_calculator.egg-info/entry_points.txt
[6.022s] writing requirements to vel_calculator.egg-info/requires.txt
[6.022s] writing top-level names to vel_calculator.egg-info/top_level.txt
[6.036s] reading manifest file 'vel_calculator.egg-info/SOURCES.txt'
[6.037s] writing manifest file 'vel_calculator.egg-info/SOURCES.txt'
[6.047s] running build_ext
[6.047s] Creating /home/hvakil/ros2_ws/src/install/vel_calculator/lib/python3.10/site-packages/vel-calculator.egg-link (link to .)
[6.047s] Installing vel_calculator script to /home/hvakil/ros2_ws/src/install/vel_calculator/lib/vel_calculator
[6.048s] 
[6.048s] Installed /home/hvakil/ros2_ws/src/build/vel_calculator
[6.048s] running install_data
[6.103s] Invoked command in '/home/hvakil/ros2_ws/src/build/vel_calculator' returned '0': PYTHONPATH=/home/hvakil/ros2_ws/src/build/vel_calculator/prefix_override:/home/hvakil/ros2_ws/src/install/vel_calculator/lib/python3.10/site-packages:${PYTHONPATH} /usr/bin/python3 setup.py develop --editable --build-directory /home/hvakil/ros2_ws/src/build/vel_calculator/build --no-deps install_data
