[1.146s] Invoking command in '/home/hvakil/ros2_ws/src/build/direction_interfaces': CMAKE_PREFIX_PATH=${CMAKE_PREFIX_PATH}:/home/hvakil/ros2_ws/install/write_to_tractor:/home/hvakil/ros2_humble/install/rqt_bag_plugins:/home/hvakil/ros2_humble/install/rqt_bag:/home/hvakil/ros2_humble/install/ros2bag:/home/hvakil/ros2_humble/install/tracetools_test:/home/hvakil/ros2_humble/install/tracetools_launch:/home/hvakil/ros2_humble/install/topic_monitor:/home/hvakil/ros2_humble/install/tf2_tools:/home/hvakil/ros2_humble/install/examples_tf2_py:/home/hvakil/ros2_humble/install/tf2_ros_py:/home/hvakil/ros2_humble/install/sros2:/home/hvakil/ros2_humble/install/rqt_topic:/home/hvakil/ros2_humble/install/rqt_srv:/home/hvakil/ros2_humble/install/rqt_shell:/home/hvakil/ros2_humble/install/rqt_service_caller:/home/hvakil/ros2_humble/install/rqt_reconfigure:/home/hvakil/ros2_humble/install/rqt_py_console:/home/hvakil/ros2_humble/install/rqt_publisher:/home/hvakil/ros2_humble/install/rqt_plot:/home/hvakil/ros2_humble/install/rqt_action:/home/hvakil/ros2_humble/install/rqt_msg:/home/hvakil/ros2_humble/install/rqt_console:/home/hvakil/ros2_humble/install/rqt:/home/hvakil/ros2_humble/install/rqt_graph:/home/hvakil/ros2_humble/install/rqt_gui_py:/home/hvakil/ros2_humble/install/rqt_gui:/home/hvakil/ros2_humble/install/ros2trace:/home/hvakil/ros2_humble/install/ros2topic:/home/hvakil/ros2_humble/install/ros2test:/home/hvakil/ros2_humble/install/ros2component:/home/hvakil/ros2_humble/install/ros2param:/home/hvakil/ros2_humble/install/ros2lifecycle:/home/hvakil/ros2_humble/install/ros2service:/home/hvakil/ros2_humble/install/ros2run:/home/hvakil/ros2_humble/install/ros2launch:/home/hvakil/ros2_humble/install/ros2pkg:/home/hvakil/ros2_humble/install/ros2node:/home/hvakil/ros2_humble/install/ros2multicast:/home/hvakil/ros2_humble/install/ros2interface:/home/hvakil/ros2_humble/install/ros2doctor:/home/hvakil/ros2_humble/install/ros2action:/home/hvakil/ros2_humble/install/ros2cli:/home/hvakil/ros2_humble/install/quality_of_service_demo_py:/home/hvakil/ros2_humble/install/lifecycle_py:/home/hvakil/ros2_humble/install/launch_testing_ros:/home/hvakil/ros2_humble/install/launch_ros:/home/hvakil/ros2_humble/install/examples_rclpy_pointcloud_publisher:/home/hvakil/ros2_humble/install/examples_rclpy_minimal_subscriber:/home/hvakil/ros2_humble/install/examples_rclpy_minimal_service:/home/hvakil/ros2_humble/install/examples_rclpy_minimal_publisher:/home/hvakil/ros2_humble/install/examples_rclpy_minimal_client:/home/hvakil/ros2_humble/install/examples_rclpy_minimal_action_server:/home/hvakil/ros2_humble/install/examples_rclpy_minimal_action_client:/home/hvakil/ros2_humble/install/examples_rclpy_guard_conditions:/home/hvakil/ros2_humble/install/examples_rclpy_executors:/home/hvakil/ros2_humble/install/demo_nodes_py:/home/hvakil/ros2_humble/install/action_tutorials_py:/home/hvakil/ros2_humble/install/ament_uncrustify:/home/hvakil/ros2_humble/install/tracetools_trace:/home/hvakil/ros2_humble/install/tracetools_read:/home/hvakil/ros2_humble/install/test_tracetools_launch:/home/hvakil/ros2_humble/install/test_launch_ros:/home/hvakil/ros2_humble/install/sensor_msgs_py:/home/hvakil/ros2_humble/install/rpyutils:/home/hvakil/ros2_humble/install/rosidl_runtime_py:/home/hvakil/ros2_humble/install/rosidl_cli:/home/hvakil/ros2_humble/install/launch_pytest:/home/hvakil/ros2_humble/install/launch_testing:/home/hvakil/ros2_humble/install/launch_yaml:/home/hvakil/ros2_humble/install/launch_xml:/home/hvakil/ros2_humble/install/launch:/home/hvakil/ros2_humble/install/osrf_pycommon:/home/hvakil/ros2_humble/install/launch_testing_examples:/home/hvakil/ros2_humble/install/domain_coordinator:/home/hvakil/ros2_humble/install/ament_xmllint:/home/hvakil/ros2_humble/install/ament_pyflakes:/home/hvakil/ros2_humble/install/ament_pycodestyle:/home/hvakil/ros2_humble/install/ament_pep257:/home/hvakil/ros2_humble/install/ament_pclint:/home/hvakil/ros2_humble/install/ament_package:/home/hvakil/ros2_humble/install/ament_mypy:/home/hvakil/ros2_humble/install/ament_lint_cmake:/home/hvakil/ros2_humble/install/ament_flake8:/home/hvakil/ros2_humble/install/ament_copyright:/home/hvakil/ros2_humble/install/ament_lint:/home/hvakil/ros2_humble/install/ament_index_python:/home/hvakil/ros2_humble/install/ament_cpplint:/home/hvakil/ros2_humble/install/ament_cppcheck:/home/hvakil/ros2_humble/install/ament_clang_tidy:/home/hvakil/ros2_humble/install/ament_clang_format /usr/bin/cmake /home/hvakil/ros2_ws/src/field_autonomy/direction_interfaces -DAMENT_CMAKE_SYMLINK_INSTALL=1 -DCMAKE_INSTALL_PREFIX=/home/hvakil/ros2_ws/src/install/direction_interfaces
[2.597s] -- The C compiler identification is GNU 11.3.0
[2.598s] -- The CXX compiler identification is GNU 11.3.0
[2.598s] -- Detecting C compiler ABI info
[2.599s] -- Detecting C compiler ABI info - done
[2.599s] -- Check for working C compiler: /usr/bin/cc - skipped
[2.601s] -- Detecting C compile features
[2.601s] -- Detecting C compile features - done
[2.602s] -- Detecting CXX compiler ABI info
[2.603s] -- Detecting CXX compiler ABI info - done
[2.603s] -- Check for working CXX compiler: /usr/bin/c++ - skipped
[2.603s] -- Detecting CXX compile features
[2.603s] -- Detecting CXX compile features - done
[2.604s] -- Found ament_cmake: 1.3.4 (/home/hvakil/ros2_humble/install/ament_cmake/share/ament_cmake/cmake)
[2.664s] -- Found Python3: /usr/bin/python3.10 (found version "3.10.6") found components: Interpreter 
[2.916s] -- Override CMake install command with custom implementation using symlinks instead of copying resources
[3.194s] -- Found ament_lint_auto: 0.12.6 (/home/hvakil/ros2_humble/install/ament_lint_auto/share/ament_lint_auto/cmake)
[3.798s] -- Found rosidl_default_generators: 1.2.0 (/home/hvakil/ros2_humble/install/rosidl_default_generators/share/rosidl_default_generators/cmake)
[4.095s] -- Using all available rosidl_typesupport_c: rosidl_typesupport_introspection_c;rosidl_typesupport_fastrtps_c
[4.189s] -- Found rosidl_adapter: 3.1.4 (/home/hvakil/ros2_humble/install/rosidl_adapter/share/rosidl_adapter/cmake)
[4.528s] -- Using all available rosidl_typesupport_cpp: rosidl_typesupport_introspection_cpp;rosidl_typesupport_fastrtps_cpp
[6.333s] -- Found ament_cmake_ros: 0.10.0 (/home/hvakil/ros2_humble/install/ament_cmake_ros/share/ament_cmake_ros/cmake)
[6.991s] -- Using all available rosidl_typesupport_c: rosidl_typesupport_introspection_c;rosidl_typesupport_fastrtps_c
[7.889s] -- Using all available rosidl_typesupport_cpp: rosidl_typesupport_introspection_cpp;rosidl_typesupport_fastrtps_cpp
[7.990s] -- Found PythonInterp: /usr/bin/python3 (found suitable version "3.10.6", minimum required is "3.6") 
[8.008s] -- Found python_cmake_module: 0.10.0 (/home/hvakil/ros2_humble/install/python_cmake_module/share/python_cmake_module/cmake)
[8.126s] -- Found PythonLibs: /usr/lib/x86_64-linux-gnu/libpython3.10.so (found suitable version "3.10.6", minimum required is "3.5") 
[8.126s] -- Using PYTHON_EXECUTABLE: /usr/bin/python3
[8.126s] -- Using PYTHON_INCLUDE_DIRS: /usr/include/python3.10
[8.126s] -- Using PYTHON_LIBRARIES: /usr/lib/x86_64-linux-gnu/libpython3.10.so
[8.217s] -- Found PythonExtra: .so  
[8.668s] -- Added test 'copyright' to check source files copyright and LICENSE
[8.674s] -- Added test 'lint_cmake' to check CMake code style
[8.680s] -- Added test 'xmllint' to check XML markup files
[8.700s] -- Configuring done
[8.745s] -- Generating done
[8.747s] -- Build files have been written to: /home/hvakil/ros2_ws/src/build/direction_interfaces
[8.755s] Invoked command in '/home/hvakil/ros2_ws/src/build/direction_interfaces' returned '0': CMAKE_PREFIX_PATH=${CMAKE_PREFIX_PATH}:/home/hvakil/ros2_ws/install/write_to_tractor:/home/hvakil/ros2_humble/install/rqt_bag_plugins:/home/hvakil/ros2_humble/install/rqt_bag:/home/hvakil/ros2_humble/install/ros2bag:/home/hvakil/ros2_humble/install/tracetools_test:/home/hvakil/ros2_humble/install/tracetools_launch:/home/hvakil/ros2_humble/install/topic_monitor:/home/hvakil/ros2_humble/install/tf2_tools:/home/hvakil/ros2_humble/install/examples_tf2_py:/home/hvakil/ros2_humble/install/tf2_ros_py:/home/hvakil/ros2_humble/install/sros2:/home/hvakil/ros2_humble/install/rqt_topic:/home/hvakil/ros2_humble/install/rqt_srv:/home/hvakil/ros2_humble/install/rqt_shell:/home/hvakil/ros2_humble/install/rqt_service_caller:/home/hvakil/ros2_humble/install/rqt_reconfigure:/home/hvakil/ros2_humble/install/rqt_py_console:/home/hvakil/ros2_humble/install/rqt_publisher:/home/hvakil/ros2_humble/install/rqt_plot:/home/hvakil/ros2_humble/install/rqt_action:/home/hvakil/ros2_humble/install/rqt_msg:/home/hvakil/ros2_humble/install/rqt_console:/home/hvakil/ros2_humble/install/rqt:/home/hvakil/ros2_humble/install/rqt_graph:/home/hvakil/ros2_humble/install/rqt_gui_py:/home/hvakil/ros2_humble/install/rqt_gui:/home/hvakil/ros2_humble/install/ros2trace:/home/hvakil/ros2_humble/install/ros2topic:/home/hvakil/ros2_humble/install/ros2test:/home/hvakil/ros2_humble/install/ros2component:/home/hvakil/ros2_humble/install/ros2param:/home/hvakil/ros2_humble/install/ros2lifecycle:/home/hvakil/ros2_humble/install/ros2service:/home/hvakil/ros2_humble/install/ros2run:/home/hvakil/ros2_humble/install/ros2launch:/home/hvakil/ros2_humble/install/ros2pkg:/home/hvakil/ros2_humble/install/ros2node:/home/hvakil/ros2_humble/install/ros2multicast:/home/hvakil/ros2_humble/install/ros2interface:/home/hvakil/ros2_humble/install/ros2doctor:/home/hvakil/ros2_humble/install/ros2action:/home/hvakil/ros2_humble/install/ros2cli:/home/hvakil/ros2_humble/install/quality_of_service_demo_py:/home/hvakil/ros2_humble/install/lifecycle_py:/home/hvakil/ros2_humble/install/launch_testing_ros:/home/hvakil/ros2_humble/install/launch_ros:/home/hvakil/ros2_humble/install/examples_rclpy_pointcloud_publisher:/home/hvakil/ros2_humble/install/examples_rclpy_minimal_subscriber:/home/hvakil/ros2_humble/install/examples_rclpy_minimal_service:/home/hvakil/ros2_humble/install/examples_rclpy_minimal_publisher:/home/hvakil/ros2_humble/install/examples_rclpy_minimal_client:/home/hvakil/ros2_humble/install/examples_rclpy_minimal_action_server:/home/hvakil/ros2_humble/install/examples_rclpy_minimal_action_client:/home/hvakil/ros2_humble/install/examples_rclpy_guard_conditions:/home/hvakil/ros2_humble/install/examples_rclpy_executors:/home/hvakil/ros2_humble/install/demo_nodes_py:/home/hvakil/ros2_humble/install/action_tutorials_py:/home/hvakil/ros2_humble/install/ament_uncrustify:/home/hvakil/ros2_humble/install/tracetools_trace:/home/hvakil/ros2_humble/install/tracetools_read:/home/hvakil/ros2_humble/install/test_tracetools_launch:/home/hvakil/ros2_humble/install/test_launch_ros:/home/hvakil/ros2_humble/install/sensor_msgs_py:/home/hvakil/ros2_humble/install/rpyutils:/home/hvakil/ros2_humble/install/rosidl_runtime_py:/home/hvakil/ros2_humble/install/rosidl_cli:/home/hvakil/ros2_humble/install/launch_pytest:/home/hvakil/ros2_humble/install/launch_testing:/home/hvakil/ros2_humble/install/launch_yaml:/home/hvakil/ros2_humble/install/launch_xml:/home/hvakil/ros2_humble/install/launch:/home/hvakil/ros2_humble/install/osrf_pycommon:/home/hvakil/ros2_humble/install/launch_testing_examples:/home/hvakil/ros2_humble/install/domain_coordinator:/home/hvakil/ros2_humble/install/ament_xmllint:/home/hvakil/ros2_humble/install/ament_pyflakes:/home/hvakil/ros2_humble/install/ament_pycodestyle:/home/hvakil/ros2_humble/install/ament_pep257:/home/hvakil/ros2_humble/install/ament_pclint:/home/hvakil/ros2_humble/install/ament_package:/home/hvakil/ros2_humble/install/ament_mypy:/home/hvakil/ros2_humble/install/ament_lint_cmake:/home/hvakil/ros2_humble/install/ament_flake8:/home/hvakil/ros2_humble/install/ament_copyright:/home/hvakil/ros2_humble/install/ament_lint:/home/hvakil/ros2_humble/install/ament_index_python:/home/hvakil/ros2_humble/install/ament_cpplint:/home/hvakil/ros2_humble/install/ament_cppcheck:/home/hvakil/ros2_humble/install/ament_clang_tidy:/home/hvakil/ros2_humble/install/ament_clang_format /usr/bin/cmake /home/hvakil/ros2_ws/src/field_autonomy/direction_interfaces -DAMENT_CMAKE_SYMLINK_INSTALL=1 -DCMAKE_INSTALL_PREFIX=/home/hvakil/ros2_ws/src/install/direction_interfaces
[8.758s] Invoking command in '/home/hvakil/ros2_ws/src/build/direction_interfaces': CMAKE_PREFIX_PATH=${CMAKE_PREFIX_PATH}:/home/hvakil/ros2_ws/install/write_to_tractor:/home/hvakil/ros2_humble/install/rqt_bag_plugins:/home/hvakil/ros2_humble/install/rqt_bag:/home/hvakil/ros2_humble/install/ros2bag:/home/hvakil/ros2_humble/install/tracetools_test:/home/hvakil/ros2_humble/install/tracetools_launch:/home/hvakil/ros2_humble/install/topic_monitor:/home/hvakil/ros2_humble/install/tf2_tools:/home/hvakil/ros2_humble/install/examples_tf2_py:/home/hvakil/ros2_humble/install/tf2_ros_py:/home/hvakil/ros2_humble/install/sros2:/home/hvakil/ros2_humble/install/rqt_topic:/home/hvakil/ros2_humble/install/rqt_srv:/home/hvakil/ros2_humble/install/rqt_shell:/home/hvakil/ros2_humble/install/rqt_service_caller:/home/hvakil/ros2_humble/install/rqt_reconfigure:/home/hvakil/ros2_humble/install/rqt_py_console:/home/hvakil/ros2_humble/install/rqt_publisher:/home/hvakil/ros2_humble/install/rqt_plot:/home/hvakil/ros2_humble/install/rqt_action:/home/hvakil/ros2_humble/install/rqt_msg:/home/hvakil/ros2_humble/install/rqt_console:/home/hvakil/ros2_humble/install/rqt:/home/hvakil/ros2_humble/install/rqt_graph:/home/hvakil/ros2_humble/install/rqt_gui_py:/home/hvakil/ros2_humble/install/rqt_gui:/home/hvakil/ros2_humble/install/ros2trace:/home/hvakil/ros2_humble/install/ros2topic:/home/hvakil/ros2_humble/install/ros2test:/home/hvakil/ros2_humble/install/ros2component:/home/hvakil/ros2_humble/install/ros2param:/home/hvakil/ros2_humble/install/ros2lifecycle:/home/hvakil/ros2_humble/install/ros2service:/home/hvakil/ros2_humble/install/ros2run:/home/hvakil/ros2_humble/install/ros2launch:/home/hvakil/ros2_humble/install/ros2pkg:/home/hvakil/ros2_humble/install/ros2node:/home/hvakil/ros2_humble/install/ros2multicast:/home/hvakil/ros2_humble/install/ros2interface:/home/hvakil/ros2_humble/install/ros2doctor:/home/hvakil/ros2_humble/install/ros2action:/home/hvakil/ros2_humble/install/ros2cli:/home/hvakil/ros2_humble/install/quality_of_service_demo_py:/home/hvakil/ros2_humble/install/lifecycle_py:/home/hvakil/ros2_humble/install/launch_testing_ros:/home/hvakil/ros2_humble/install/launch_ros:/home/hvakil/ros2_humble/install/examples_rclpy_pointcloud_publisher:/home/hvakil/ros2_humble/install/examples_rclpy_minimal_subscriber:/home/hvakil/ros2_humble/install/examples_rclpy_minimal_service:/home/hvakil/ros2_humble/install/examples_rclpy_minimal_publisher:/home/hvakil/ros2_humble/install/examples_rclpy_minimal_client:/home/hvakil/ros2_humble/install/examples_rclpy_minimal_action_server:/home/hvakil/ros2_humble/install/examples_rclpy_minimal_action_client:/home/hvakil/ros2_humble/install/examples_rclpy_guard_conditions:/home/hvakil/ros2_humble/install/examples_rclpy_executors:/home/hvakil/ros2_humble/install/demo_nodes_py:/home/hvakil/ros2_humble/install/action_tutorials_py:/home/hvakil/ros2_humble/install/ament_uncrustify:/home/hvakil/ros2_humble/install/tracetools_trace:/home/hvakil/ros2_humble/install/tracetools_read:/home/hvakil/ros2_humble/install/test_tracetools_launch:/home/hvakil/ros2_humble/install/test_launch_ros:/home/hvakil/ros2_humble/install/sensor_msgs_py:/home/hvakil/ros2_humble/install/rpyutils:/home/hvakil/ros2_humble/install/rosidl_runtime_py:/home/hvakil/ros2_humble/install/rosidl_cli:/home/hvakil/ros2_humble/install/launch_pytest:/home/hvakil/ros2_humble/install/launch_testing:/home/hvakil/ros2_humble/install/launch_yaml:/home/hvakil/ros2_humble/install/launch_xml:/home/hvakil/ros2_humble/install/launch:/home/hvakil/ros2_humble/install/osrf_pycommon:/home/hvakil/ros2_humble/install/launch_testing_examples:/home/hvakil/ros2_humble/install/domain_coordinator:/home/hvakil/ros2_humble/install/ament_xmllint:/home/hvakil/ros2_humble/install/ament_pyflakes:/home/hvakil/ros2_humble/install/ament_pycodestyle:/home/hvakil/ros2_humble/install/ament_pep257:/home/hvakil/ros2_humble/install/ament_pclint:/home/hvakil/ros2_humble/install/ament_package:/home/hvakil/ros2_humble/install/ament_mypy:/home/hvakil/ros2_humble/install/ament_lint_cmake:/home/hvakil/ros2_humble/install/ament_flake8:/home/hvakil/ros2_humble/install/ament_copyright:/home/hvakil/ros2_humble/install/ament_lint:/home/hvakil/ros2_humble/install/ament_index_python:/home/hvakil/ros2_humble/install/ament_cpplint:/home/hvakil/ros2_humble/install/ament_cppcheck:/home/hvakil/ros2_humble/install/ament_clang_tidy:/home/hvakil/ros2_humble/install/ament_clang_format /usr/bin/cmake --build /home/hvakil/ros2_ws/src/build/direction_interfaces -- -j12 -l12
[8.845s] [  3%] [34m[1mGenerating C code for ROS interfaces[0m
[8.873s] [  6%] [34m[1mGenerating C++ code for ROS interfaces[0m
[8.895s] [  6%] Built target ament_cmake_python_symlink_direction_interfaces
[9.641s] [  6%] Built target direction_interfaces__cpp
[9.690s] [  9%] [34m[1mGenerating C++ introspection for ROS interfaces[0m
[9.692s] [ 12%] [32mBuilding C object CMakeFiles/direction_interfaces__rosidl_generator_c.dir/rosidl_generator_c/direction_interfaces/msg/detail/direction__functions.c.o[0m
[9.701s] [ 16%] [34m[1mGenerating C++ type support for eProsima Fast-RTPS[0m
[9.704s] [ 19%] [34m[1mGenerating C++ type support dispatch for ROS interfaces[0m
[9.895s] [ 22%] [32m[1mLinking C shared library libdirection_interfaces__rosidl_generator_c.so[0m
[9.944s] running egg_info
[9.945s] creating direction_interfaces.egg-info
[9.945s] writing direction_interfaces.egg-info/PKG-INFO
[9.946s] writing dependency_links to direction_interfaces.egg-info/dependency_links.txt
[9.946s] writing top-level names to direction_interfaces.egg-info/top_level.txt
[9.958s] writing manifest file 'direction_interfaces.egg-info/SOURCES.txt'
[9.962s] reading manifest file 'direction_interfaces.egg-info/SOURCES.txt'
[9.964s] writing manifest file 'direction_interfaces.egg-info/SOURCES.txt'
[10.040s] [ 22%] Built target direction_interfaces__rosidl_generator_c
[10.041s] [ 22%] Built target ament_cmake_python_build_direction_interfaces_egg
[10.090s] [ 25%] [34m[1mGenerating C introspection for ROS interfaces[0m
[10.101s] [ 29%] [34m[1mGenerating C type support for eProsima Fast-RTPS[0m
[10.110s] [ 32%] [34m[1mGenerating C type support dispatch for ROS interfaces[0m
[11.313s] [ 35%] [32mBuilding CXX object CMakeFiles/direction_interfaces__rosidl_typesupport_cpp.dir/rosidl_typesupport_cpp/direction_interfaces/msg/direction__type_support.cpp.o[0m
[11.318s] [ 38%] [32mBuilding CXX object CMakeFiles/direction_interfaces__rosidl_typesupport_introspection_cpp.dir/rosidl_typesupport_introspection_cpp/direction_interfaces/msg/detail/direction__type_support.cpp.o[0m
[11.397s] [ 41%] [32mBuilding CXX object CMakeFiles/direction_interfaces__rosidl_typesupport_fastrtps_cpp.dir/rosidl_typesupport_fastrtps_cpp/direction_interfaces/msg/detail/dds_fastrtps/direction__type_support.cpp.o[0m
[11.567s] [ 45%] [32mBuilding CXX object CMakeFiles/direction_interfaces__rosidl_typesupport_c.dir/rosidl_typesupport_c/direction_interfaces/msg/direction__type_support.cpp.o[0m
[11.741s] [ 48%] [32m[1mLinking CXX shared library libdirection_interfaces__rosidl_typesupport_c.so[0m
[11.867s] [ 51%] [32mBuilding C object CMakeFiles/direction_interfaces__rosidl_typesupport_introspection_c.dir/rosidl_typesupport_introspection_c/direction_interfaces/msg/detail/direction__type_support.c.o[0m
[11.873s] [ 54%] [32mBuilding CXX object CMakeFiles/direction_interfaces__rosidl_typesupport_fastrtps_c.dir/rosidl_typesupport_fastrtps_c/direction_interfaces/msg/detail/direction__type_support_c.cpp.o[0m
[11.950s] [ 54%] Built target direction_interfaces__rosidl_typesupport_c
[12.060s] [ 58%] [32m[1mLinking C shared library libdirection_interfaces__rosidl_typesupport_introspection_c.so[0m
[12.208s] [ 58%] Built target direction_interfaces__rosidl_typesupport_introspection_c
[12.261s] [ 61%] [32m[1mLinking CXX shared library libdirection_interfaces__rosidl_typesupport_cpp.so[0m
[12.452s] [ 61%] Built target direction_interfaces__rosidl_typesupport_cpp
[12.720s] [ 64%] [32m[1mLinking CXX shared library libdirection_interfaces__rosidl_typesupport_introspection_cpp.so[0m
[12.840s] [ 67%] [32m[1mLinking CXX shared library libdirection_interfaces__rosidl_typesupport_fastrtps_cpp.so[0m
[12.898s] [ 67%] Built target direction_interfaces__rosidl_typesupport_introspection_cpp
[12.975s] [ 70%] [32m[1mLinking CXX shared library libdirection_interfaces__rosidl_typesupport_fastrtps_c.so[0m
[13.024s] [ 70%] Built target direction_interfaces__rosidl_typesupport_fastrtps_cpp
[13.129s] [ 70%] Built target direction_interfaces__rosidl_typesupport_fastrtps_c
[13.185s] [ 70%] Built target direction_interfaces
[13.245s] [ 74%] [34m[1mGenerating Python code for ROS interfaces[0m
[13.792s] [ 74%] Built target direction_interfaces__py
[13.839s] [ 77%] [32mBuilding C object CMakeFiles/direction_interfaces__rosidl_generator_py.dir/rosidl_generator_py/direction_interfaces/msg/_direction_s.c.o[0m
[13.979s] [ 80%] [32m[1mLinking C shared library rosidl_generator_py/direction_interfaces/libdirection_interfaces__rosidl_generator_py.so[0m
[14.045s] [ 80%] Built target direction_interfaces__rosidl_generator_py
[14.109s] [ 83%] [32mBuilding C object CMakeFiles/direction_interfaces__rosidl_typesupport_fastrtps_c__pyext.dir/rosidl_generator_py/direction_interfaces/_direction_interfaces_s.ep.rosidl_typesupport_fastrtps_c.c.o[0m
[14.109s] [ 87%] [32mBuilding C object CMakeFiles/direction_interfaces__rosidl_typesupport_introspection_c__pyext.dir/rosidl_generator_py/direction_interfaces/_direction_interfaces_s.ep.rosidl_typesupport_introspection_c.c.o[0m
[14.109s] [ 90%] [32mBuilding C object CMakeFiles/direction_interfaces__rosidl_typesupport_c__pyext.dir/rosidl_generator_py/direction_interfaces/_direction_interfaces_s.ep.rosidl_typesupport_c.c.o[0m
[14.280s] [ 93%] [32m[1mLinking C shared library rosidl_generator_py/direction_interfaces/direction_interfaces_s__rosidl_typesupport_c.cpython-310-x86_64-linux-gnu.so[0m
[14.280s] [ 96%] [32m[1mLinking C shared library rosidl_generator_py/direction_interfaces/direction_interfaces_s__rosidl_typesupport_introspection_c.cpython-310-x86_64-linux-gnu.so[0m
[14.289s] [100%] [32m[1mLinking C shared library rosidl_generator_py/direction_interfaces/direction_interfaces_s__rosidl_typesupport_fastrtps_c.cpython-310-x86_64-linux-gnu.so[0m
[14.383s] [100%] Built target direction_interfaces__rosidl_typesupport_introspection_c__pyext
[14.383s] [100%] Built target direction_interfaces__rosidl_typesupport_c__pyext
[14.394s] [100%] Built target direction_interfaces__rosidl_typesupport_fastrtps_c__pyext
[14.423s] Invoked command in '/home/hvakil/ros2_ws/src/build/direction_interfaces' returned '0': CMAKE_PREFIX_PATH=${CMAKE_PREFIX_PATH}:/home/hvakil/ros2_ws/install/write_to_tractor:/home/hvakil/ros2_humble/install/rqt_bag_plugins:/home/hvakil/ros2_humble/install/rqt_bag:/home/hvakil/ros2_humble/install/ros2bag:/home/hvakil/ros2_humble/install/tracetools_test:/home/hvakil/ros2_humble/install/tracetools_launch:/home/hvakil/ros2_humble/install/topic_monitor:/home/hvakil/ros2_humble/install/tf2_tools:/home/hvakil/ros2_humble/install/examples_tf2_py:/home/hvakil/ros2_humble/install/tf2_ros_py:/home/hvakil/ros2_humble/install/sros2:/home/hvakil/ros2_humble/install/rqt_topic:/home/hvakil/ros2_humble/install/rqt_srv:/home/hvakil/ros2_humble/install/rqt_shell:/home/hvakil/ros2_humble/install/rqt_service_caller:/home/hvakil/ros2_humble/install/rqt_reconfigure:/home/hvakil/ros2_humble/install/rqt_py_console:/home/hvakil/ros2_humble/install/rqt_publisher:/home/hvakil/ros2_humble/install/rqt_plot:/home/hvakil/ros2_humble/install/rqt_action:/home/hvakil/ros2_humble/install/rqt_msg:/home/hvakil/ros2_humble/install/rqt_console:/home/hvakil/ros2_humble/install/rqt:/home/hvakil/ros2_humble/install/rqt_graph:/home/hvakil/ros2_humble/install/rqt_gui_py:/home/hvakil/ros2_humble/install/rqt_gui:/home/hvakil/ros2_humble/install/ros2trace:/home/hvakil/ros2_humble/install/ros2topic:/home/hvakil/ros2_humble/install/ros2test:/home/hvakil/ros2_humble/install/ros2component:/home/hvakil/ros2_humble/install/ros2param:/home/hvakil/ros2_humble/install/ros2lifecycle:/home/hvakil/ros2_humble/install/ros2service:/home/hvakil/ros2_humble/install/ros2run:/home/hvakil/ros2_humble/install/ros2launch:/home/hvakil/ros2_humble/install/ros2pkg:/home/hvakil/ros2_humble/install/ros2node:/home/hvakil/ros2_humble/install/ros2multicast:/home/hvakil/ros2_humble/install/ros2interface:/home/hvakil/ros2_humble/install/ros2doctor:/home/hvakil/ros2_humble/install/ros2action:/home/hvakil/ros2_humble/install/ros2cli:/home/hvakil/ros2_humble/install/quality_of_service_demo_py:/home/hvakil/ros2_humble/install/lifecycle_py:/home/hvakil/ros2_humble/install/launch_testing_ros:/home/hvakil/ros2_humble/install/launch_ros:/home/hvakil/ros2_humble/install/examples_rclpy_pointcloud_publisher:/home/hvakil/ros2_humble/install/examples_rclpy_minimal_subscriber:/home/hvakil/ros2_humble/install/examples_rclpy_minimal_service:/home/hvakil/ros2_humble/install/examples_rclpy_minimal_publisher:/home/hvakil/ros2_humble/install/examples_rclpy_minimal_client:/home/hvakil/ros2_humble/install/examples_rclpy_minimal_action_server:/home/hvakil/ros2_humble/install/examples_rclpy_minimal_action_client:/home/hvakil/ros2_humble/install/examples_rclpy_guard_conditions:/home/hvakil/ros2_humble/install/examples_rclpy_executors:/home/hvakil/ros2_humble/install/demo_nodes_py:/home/hvakil/ros2_humble/install/action_tutorials_py:/home/hvakil/ros2_humble/install/ament_uncrustify:/home/hvakil/ros2_humble/install/tracetools_trace:/home/hvakil/ros2_humble/install/tracetools_read:/home/hvakil/ros2_humble/install/test_tracetools_launch:/home/hvakil/ros2_humble/install/test_launch_ros:/home/hvakil/ros2_humble/install/sensor_msgs_py:/home/hvakil/ros2_humble/install/rpyutils:/home/hvakil/ros2_humble/install/rosidl_runtime_py:/home/hvakil/ros2_humble/install/rosidl_cli:/home/hvakil/ros2_humble/install/launch_pytest:/home/hvakil/ros2_humble/install/launch_testing:/home/hvakil/ros2_humble/install/launch_yaml:/home/hvakil/ros2_humble/install/launch_xml:/home/hvakil/ros2_humble/install/launch:/home/hvakil/ros2_humble/install/osrf_pycommon:/home/hvakil/ros2_humble/install/launch_testing_examples:/home/hvakil/ros2_humble/install/domain_coordinator:/home/hvakil/ros2_humble/install/ament_xmllint:/home/hvakil/ros2_humble/install/ament_pyflakes:/home/hvakil/ros2_humble/install/ament_pycodestyle:/home/hvakil/ros2_humble/install/ament_pep257:/home/hvakil/ros2_humble/install/ament_pclint:/home/hvakil/ros2_humble/install/ament_package:/home/hvakil/ros2_humble/install/ament_mypy:/home/hvakil/ros2_humble/install/ament_lint_cmake:/home/hvakil/ros2_humble/install/ament_flake8:/home/hvakil/ros2_humble/install/ament_copyright:/home/hvakil/ros2_humble/install/ament_lint:/home/hvakil/ros2_humble/install/ament_index_python:/home/hvakil/ros2_humble/install/ament_cpplint:/home/hvakil/ros2_humble/install/ament_cppcheck:/home/hvakil/ros2_humble/install/ament_clang_tidy:/home/hvakil/ros2_humble/install/ament_clang_format /usr/bin/cmake --build /home/hvakil/ros2_ws/src/build/direction_interfaces -- -j12 -l12
[14.733s] Invoking command in '/home/hvakil/ros2_ws/src/build/direction_interfaces': CMAKE_PREFIX_PATH=${CMAKE_PREFIX_PATH}:/home/hvakil/ros2_ws/install/write_to_tractor:/home/hvakil/ros2_humble/install/rqt_bag_plugins:/home/hvakil/ros2_humble/install/rqt_bag:/home/hvakil/ros2_humble/install/ros2bag:/home/hvakil/ros2_humble/install/tracetools_test:/home/hvakil/ros2_humble/install/tracetools_launch:/home/hvakil/ros2_humble/install/topic_monitor:/home/hvakil/ros2_humble/install/tf2_tools:/home/hvakil/ros2_humble/install/examples_tf2_py:/home/hvakil/ros2_humble/install/tf2_ros_py:/home/hvakil/ros2_humble/install/sros2:/home/hvakil/ros2_humble/install/rqt_topic:/home/hvakil/ros2_humble/install/rqt_srv:/home/hvakil/ros2_humble/install/rqt_shell:/home/hvakil/ros2_humble/install/rqt_service_caller:/home/hvakil/ros2_humble/install/rqt_reconfigure:/home/hvakil/ros2_humble/install/rqt_py_console:/home/hvakil/ros2_humble/install/rqt_publisher:/home/hvakil/ros2_humble/install/rqt_plot:/home/hvakil/ros2_humble/install/rqt_action:/home/hvakil/ros2_humble/install/rqt_msg:/home/hvakil/ros2_humble/install/rqt_console:/home/hvakil/ros2_humble/install/rqt:/home/hvakil/ros2_humble/install/rqt_graph:/home/hvakil/ros2_humble/install/rqt_gui_py:/home/hvakil/ros2_humble/install/rqt_gui:/home/hvakil/ros2_humble/install/ros2trace:/home/hvakil/ros2_humble/install/ros2topic:/home/hvakil/ros2_humble/install/ros2test:/home/hvakil/ros2_humble/install/ros2component:/home/hvakil/ros2_humble/install/ros2param:/home/hvakil/ros2_humble/install/ros2lifecycle:/home/hvakil/ros2_humble/install/ros2service:/home/hvakil/ros2_humble/install/ros2run:/home/hvakil/ros2_humble/install/ros2launch:/home/hvakil/ros2_humble/install/ros2pkg:/home/hvakil/ros2_humble/install/ros2node:/home/hvakil/ros2_humble/install/ros2multicast:/home/hvakil/ros2_humble/install/ros2interface:/home/hvakil/ros2_humble/install/ros2doctor:/home/hvakil/ros2_humble/install/ros2action:/home/hvakil/ros2_humble/install/ros2cli:/home/hvakil/ros2_humble/install/quality_of_service_demo_py:/home/hvakil/ros2_humble/install/lifecycle_py:/home/hvakil/ros2_humble/install/launch_testing_ros:/home/hvakil/ros2_humble/install/launch_ros:/home/hvakil/ros2_humble/install/examples_rclpy_pointcloud_publisher:/home/hvakil/ros2_humble/install/examples_rclpy_minimal_subscriber:/home/hvakil/ros2_humble/install/examples_rclpy_minimal_service:/home/hvakil/ros2_humble/install/examples_rclpy_minimal_publisher:/home/hvakil/ros2_humble/install/examples_rclpy_minimal_client:/home/hvakil/ros2_humble/install/examples_rclpy_minimal_action_server:/home/hvakil/ros2_humble/install/examples_rclpy_minimal_action_client:/home/hvakil/ros2_humble/install/examples_rclpy_guard_conditions:/home/hvakil/ros2_humble/install/examples_rclpy_executors:/home/hvakil/ros2_humble/install/demo_nodes_py:/home/hvakil/ros2_humble/install/action_tutorials_py:/home/hvakil/ros2_humble/install/ament_uncrustify:/home/hvakil/ros2_humble/install/tracetools_trace:/home/hvakil/ros2_humble/install/tracetools_read:/home/hvakil/ros2_humble/install/test_tracetools_launch:/home/hvakil/ros2_humble/install/test_launch_ros:/home/hvakil/ros2_humble/install/sensor_msgs_py:/home/hvakil/ros2_humble/install/rpyutils:/home/hvakil/ros2_humble/install/rosidl_runtime_py:/home/hvakil/ros2_humble/install/rosidl_cli:/home/hvakil/ros2_humble/install/launch_pytest:/home/hvakil/ros2_humble/install/launch_testing:/home/hvakil/ros2_humble/install/launch_yaml:/home/hvakil/ros2_humble/install/launch_xml:/home/hvakil/ros2_humble/install/launch:/home/hvakil/ros2_humble/install/osrf_pycommon:/home/hvakil/ros2_humble/install/launch_testing_examples:/home/hvakil/ros2_humble/install/domain_coordinator:/home/hvakil/ros2_humble/install/ament_xmllint:/home/hvakil/ros2_humble/install/ament_pyflakes:/home/hvakil/ros2_humble/install/ament_pycodestyle:/home/hvakil/ros2_humble/install/ament_pep257:/home/hvakil/ros2_humble/install/ament_pclint:/home/hvakil/ros2_humble/install/ament_package:/home/hvakil/ros2_humble/install/ament_mypy:/home/hvakil/ros2_humble/install/ament_lint_cmake:/home/hvakil/ros2_humble/install/ament_flake8:/home/hvakil/ros2_humble/install/ament_copyright:/home/hvakil/ros2_humble/install/ament_lint:/home/hvakil/ros2_humble/install/ament_index_python:/home/hvakil/ros2_humble/install/ament_cpplint:/home/hvakil/ros2_humble/install/ament_cppcheck:/home/hvakil/ros2_humble/install/ament_clang_tidy:/home/hvakil/ros2_humble/install/ament_clang_format /usr/bin/cmake --install /home/hvakil/ros2_ws/src/build/direction_interfaces
[14.747s] -- Install configuration: ""
[14.748s] -- Execute custom install script
[14.748s] -- Symlinking: /home/hvakil/ros2_ws/src/install/direction_interfaces/share/ament_index/resource_index/rosidl_interfaces/direction_interfaces
[14.764s] -- Symlinking: /home/hvakil/ros2_ws/src/install/direction_interfaces/include/direction_interfaces/direction_interfaces/msg/detail/direction__functions.h
[14.778s] -- Symlinking: /home/hvakil/ros2_ws/src/install/direction_interfaces/include/direction_interfaces/direction_interfaces/msg/detail/direction__struct.h
[14.795s] -- Symlinking: /home/hvakil/ros2_ws/src/install/direction_interfaces/include/direction_interfaces/direction_interfaces/msg/detail/direction__type_support.h
[14.814s] -- Symlinking: /home/hvakil/ros2_ws/src/install/direction_interfaces/include/direction_interfaces/direction_interfaces/msg/direction.h
[14.831s] -- Symlinking: /home/hvakil/ros2_ws/src/install/direction_interfaces/include/direction_interfaces/direction_interfaces/msg/rosidl_generator_c__visibility_control.h
[14.849s] -- Symlinking: /home/hvakil/ros2_ws/src/install/direction_interfaces/share/direction_interfaces/environment/library_path.sh
[14.866s] -- Symlinking: /home/hvakil/ros2_ws/src/install/direction_interfaces/share/direction_interfaces/environment/library_path.dsv
[14.883s] -- Symlinking: /home/hvakil/ros2_ws/src/install/direction_interfaces/include/direction_interfaces/direction_interfaces/msg/detail/direction__rosidl_typesupport_introspection_c.h
[14.900s] -- Symlinking: /home/hvakil/ros2_ws/src/install/direction_interfaces/include/direction_interfaces/direction_interfaces/msg/rosidl_typesupport_introspection_c__visibility_control.h
[14.917s] -- Symlinking: /home/hvakil/ros2_ws/src/install/direction_interfaces/include/direction_interfaces/direction_interfaces/msg/detail/direction__rosidl_typesupport_fastrtps_c.h
[14.932s] -- Symlinking: /home/hvakil/ros2_ws/src/install/direction_interfaces/include/direction_interfaces/direction_interfaces/msg/rosidl_typesupport_fastrtps_c__visibility_control.h
[14.947s] -- Symlinking: /home/hvakil/ros2_ws/src/install/direction_interfaces/include/direction_interfaces/direction_interfaces/msg/detail/direction__builder.hpp
[14.962s] -- Symlinking: /home/hvakil/ros2_ws/src/install/direction_interfaces/include/direction_interfaces/direction_interfaces/msg/detail/direction__struct.hpp
[14.977s] -- Symlinking: /home/hvakil/ros2_ws/src/install/direction_interfaces/include/direction_interfaces/direction_interfaces/msg/detail/direction__traits.hpp
[14.993s] -- Symlinking: /home/hvakil/ros2_ws/src/install/direction_interfaces/include/direction_interfaces/direction_interfaces/msg/direction.hpp
[15.009s] -- Symlinking: /home/hvakil/ros2_ws/src/install/direction_interfaces/include/direction_interfaces/direction_interfaces/msg/detail/direction__rosidl_typesupport_introspection_cpp.hpp
[15.025s] -- Symlinking: /home/hvakil/ros2_ws/src/install/direction_interfaces/include/direction_interfaces/direction_interfaces/msg/detail/direction__rosidl_typesupport_fastrtps_cpp.hpp
[15.040s] -- Symlinking: /home/hvakil/ros2_ws/src/install/direction_interfaces/include/direction_interfaces/direction_interfaces/msg/rosidl_typesupport_fastrtps_cpp__visibility_control.h
[15.057s] -- Symlinking: /home/hvakil/ros2_ws/src/install/direction_interfaces/share/direction_interfaces/environment/pythonpath.sh
[15.071s] -- Symlinking: /home/hvakil/ros2_ws/src/install/direction_interfaces/share/direction_interfaces/environment/pythonpath.dsv
[15.087s] -- Symlinking: /home/hvakil/ros2_ws/src/install/direction_interfaces/local/lib/python3.10/dist-packages/direction_interfaces-0.0.0-py3.10.egg-info/PKG-INFO
[15.105s] -- Symlinking: /home/hvakil/ros2_ws/src/install/direction_interfaces/local/lib/python3.10/dist-packages/direction_interfaces-0.0.0-py3.10.egg-info/SOURCES.txt
[15.123s] -- Symlinking: /home/hvakil/ros2_ws/src/install/direction_interfaces/local/lib/python3.10/dist-packages/direction_interfaces-0.0.0-py3.10.egg-info/dependency_links.txt
[15.140s] -- Symlinking: /home/hvakil/ros2_ws/src/install/direction_interfaces/local/lib/python3.10/dist-packages/direction_interfaces-0.0.0-py3.10.egg-info/top_level.txt
[15.158s] -- Symlinking: /home/hvakil/ros2_ws/src/install/direction_interfaces/local/lib/python3.10/dist-packages/direction_interfaces/__init__.py
[15.174s] -- Symlinking: /home/hvakil/ros2_ws/src/install/direction_interfaces/local/lib/python3.10/dist-packages/direction_interfaces/_direction_interfaces_s.ep.rosidl_typesupport_c.c
[15.192s] -- Symlinking: /home/hvakil/ros2_ws/src/install/direction_interfaces/local/lib/python3.10/dist-packages/direction_interfaces/_direction_interfaces_s.ep.rosidl_typesupport_fastrtps_c.c
[15.210s] -- Symlinking: /home/hvakil/ros2_ws/src/install/direction_interfaces/local/lib/python3.10/dist-packages/direction_interfaces/_direction_interfaces_s.ep.rosidl_typesupport_introspection_c.c
[15.227s] -- Symlinking: /home/hvakil/ros2_ws/src/install/direction_interfaces/local/lib/python3.10/dist-packages/direction_interfaces/direction_interfaces_s__rosidl_typesupport_c.cpython-310-x86_64-linux-gnu.so
[15.244s] -- Symlinking: /home/hvakil/ros2_ws/src/install/direction_interfaces/local/lib/python3.10/dist-packages/direction_interfaces/direction_interfaces_s__rosidl_typesupport_fastrtps_c.cpython-310-x86_64-linux-gnu.so
[15.260s] -- Symlinking: /home/hvakil/ros2_ws/src/install/direction_interfaces/local/lib/python3.10/dist-packages/direction_interfaces/direction_interfaces_s__rosidl_typesupport_introspection_c.cpython-310-x86_64-linux-gnu.so
[15.277s] -- Symlinking: /home/hvakil/ros2_ws/src/install/direction_interfaces/local/lib/python3.10/dist-packages/direction_interfaces/libdirection_interfaces__rosidl_generator_py.so
[15.295s] -- Symlinking: /home/hvakil/ros2_ws/src/install/direction_interfaces/local/lib/python3.10/dist-packages/direction_interfaces/msg/__init__.py
[15.313s] -- Symlinking: /home/hvakil/ros2_ws/src/install/direction_interfaces/local/lib/python3.10/dist-packages/direction_interfaces/msg/_direction.py
[15.330s] -- Symlinking: /home/hvakil/ros2_ws/src/install/direction_interfaces/local/lib/python3.10/dist-packages/direction_interfaces/msg/_direction_s.c
[15.347s] -- Up-to-date symlink: /home/hvakil/ros2_ws/src/install/direction_interfaces/local/lib/python3.10/dist-packages/direction_interfaces/direction_interfaces_s__rosidl_typesupport_introspection_c.cpython-310-x86_64-linux-gnu.so
[15.347s] -- Up-to-date symlink: /home/hvakil/ros2_ws/src/install/direction_interfaces/local/lib/python3.10/dist-packages/direction_interfaces/direction_interfaces_s__rosidl_typesupport_fastrtps_c.cpython-310-x86_64-linux-gnu.so
[15.348s] -- Up-to-date symlink: /home/hvakil/ros2_ws/src/install/direction_interfaces/local/lib/python3.10/dist-packages/direction_interfaces/direction_interfaces_s__rosidl_typesupport_c.cpython-310-x86_64-linux-gnu.so
[15.348s] -- Symlinking: /home/hvakil/ros2_ws/src/install/direction_interfaces/share/direction_interfaces/msg/Direction.idl
[15.364s] -- Symlinking: /home/hvakil/ros2_ws/src/install/direction_interfaces/share/direction_interfaces/msg/Direction.msg
[15.379s] -- Symlinking: /home/hvakil/ros2_ws/src/install/direction_interfaces/share/ament_index/resource_index/package_run_dependencies/direction_interfaces
[15.394s] -- Symlinking: /home/hvakil/ros2_ws/src/install/direction_interfaces/share/ament_index/resource_index/parent_prefix_path/direction_interfaces
[15.411s] -- Symlinking: /home/hvakil/ros2_ws/src/install/direction_interfaces/share/direction_interfaces/environment/ament_prefix_path.sh
[15.426s] -- Symlinking: /home/hvakil/ros2_ws/src/install/direction_interfaces/share/direction_interfaces/environment/ament_prefix_path.dsv
[15.442s] -- Symlinking: /home/hvakil/ros2_ws/src/install/direction_interfaces/share/direction_interfaces/environment/path.sh
[15.456s] -- Symlinking: /home/hvakil/ros2_ws/src/install/direction_interfaces/share/direction_interfaces/environment/path.dsv
[15.472s] -- Symlinking: /home/hvakil/ros2_ws/src/install/direction_interfaces/share/direction_interfaces/local_setup.bash
[15.488s] -- Symlinking: /home/hvakil/ros2_ws/src/install/direction_interfaces/share/direction_interfaces/local_setup.sh
[15.503s] -- Symlinking: /home/hvakil/ros2_ws/src/install/direction_interfaces/share/direction_interfaces/local_setup.zsh
[15.518s] -- Symlinking: /home/hvakil/ros2_ws/src/install/direction_interfaces/share/direction_interfaces/local_setup.dsv
[15.534s] -- Symlinking: /home/hvakil/ros2_ws/src/install/direction_interfaces/share/direction_interfaces/package.dsv
[15.549s] -- Symlinking: /home/hvakil/ros2_ws/src/install/direction_interfaces/share/ament_index/resource_index/packages/direction_interfaces
[15.564s] -- Symlinking: /home/hvakil/ros2_ws/src/install/direction_interfaces/share/direction_interfaces/cmake/rosidl_cmake-extras.cmake
[15.579s] -- Symlinking: /home/hvakil/ros2_ws/src/install/direction_interfaces/share/direction_interfaces/cmake/ament_cmake_export_include_directories-extras.cmake
[15.594s] -- Symlinking: /home/hvakil/ros2_ws/src/install/direction_interfaces/share/direction_interfaces/cmake/ament_cmake_export_libraries-extras.cmake
[15.610s] -- Symlinking: /home/hvakil/ros2_ws/src/install/direction_interfaces/share/direction_interfaces/cmake/ament_cmake_export_targets-extras.cmake
[15.625s] -- Symlinking: /home/hvakil/ros2_ws/src/install/direction_interfaces/share/direction_interfaces/cmake/rosidl_cmake_export_typesupport_targets-extras.cmake
[15.641s] -- Symlinking: /home/hvakil/ros2_ws/src/install/direction_interfaces/share/direction_interfaces/cmake/ament_cmake_export_dependencies-extras.cmake
[15.659s] -- Symlinking: /home/hvakil/ros2_ws/src/install/direction_interfaces/share/direction_interfaces/cmake/rosidl_cmake_export_typesupport_libraries-extras.cmake
[15.680s] -- Symlinking: /home/hvakil/ros2_ws/src/install/direction_interfaces/share/direction_interfaces/cmake/direction_interfacesConfig.cmake
[15.698s] -- Symlinking: /home/hvakil/ros2_ws/src/install/direction_interfaces/share/direction_interfaces/cmake/direction_interfacesConfig-version.cmake
[15.716s] -- Symlinking: /home/hvakil/ros2_ws/src/install/direction_interfaces/share/direction_interfaces/package.xml
[15.733s] -- Installing: /home/hvakil/ros2_ws/src/install/direction_interfaces/lib/libdirection_interfaces__rosidl_generator_c.so
[15.734s] -- Set runtime path of "/home/hvakil/ros2_ws/src/install/direction_interfaces/lib/libdirection_interfaces__rosidl_generator_c.so" to ""
[15.734s] -- Installing: /home/hvakil/ros2_ws/src/install/direction_interfaces/lib/libdirection_interfaces__rosidl_typesupport_introspection_c.so
[15.734s] -- Set runtime path of "/home/hvakil/ros2_ws/src/install/direction_interfaces/lib/libdirection_interfaces__rosidl_typesupport_introspection_c.so" to ""
[15.734s] -- Installing: /home/hvakil/ros2_ws/src/install/direction_interfaces/lib/libdirection_interfaces__rosidl_typesupport_fastrtps_c.so
[15.734s] -- Set runtime path of "/home/hvakil/ros2_ws/src/install/direction_interfaces/lib/libdirection_interfaces__rosidl_typesupport_fastrtps_c.so" to ""
[15.734s] -- Installing: /home/hvakil/ros2_ws/src/install/direction_interfaces/lib/libdirection_interfaces__rosidl_typesupport_c.so
[15.735s] -- Set runtime path of "/home/hvakil/ros2_ws/src/install/direction_interfaces/lib/libdirection_interfaces__rosidl_typesupport_c.so" to ""
[15.735s] -- Installing: /home/hvakil/ros2_ws/src/install/direction_interfaces/lib/libdirection_interfaces__rosidl_typesupport_introspection_cpp.so
[15.735s] -- Set runtime path of "/home/hvakil/ros2_ws/src/install/direction_interfaces/lib/libdirection_interfaces__rosidl_typesupport_introspection_cpp.so" to ""
[15.735s] -- Installing: /home/hvakil/ros2_ws/src/install/direction_interfaces/lib/libdirection_interfaces__rosidl_typesupport_fastrtps_cpp.so
[15.736s] -- Set runtime path of "/home/hvakil/ros2_ws/src/install/direction_interfaces/lib/libdirection_interfaces__rosidl_typesupport_fastrtps_cpp.so" to ""
[15.736s] -- Installing: /home/hvakil/ros2_ws/src/install/direction_interfaces/lib/libdirection_interfaces__rosidl_typesupport_cpp.so
[15.736s] -- Set runtime path of "/home/hvakil/ros2_ws/src/install/direction_interfaces/lib/libdirection_interfaces__rosidl_typesupport_cpp.so" to ""
[15.894s] Listing '/home/hvakil/ros2_ws/src/install/direction_interfaces/local/lib/python3.10/dist-packages/direction_interfaces'...
[15.894s] Compiling '/home/hvakil/ros2_ws/src/install/direction_interfaces/local/lib/python3.10/dist-packages/direction_interfaces/__init__.py'...
[15.894s] Listing '/home/hvakil/ros2_ws/src/install/direction_interfaces/local/lib/python3.10/dist-packages/direction_interfaces/msg'...
[15.894s] Compiling '/home/hvakil/ros2_ws/src/install/direction_interfaces/local/lib/python3.10/dist-packages/direction_interfaces/msg/__init__.py'...
[15.894s] Compiling '/home/hvakil/ros2_ws/src/install/direction_interfaces/local/lib/python3.10/dist-packages/direction_interfaces/msg/_direction.py'...
[15.899s] -- Installing: /home/hvakil/ros2_ws/src/install/direction_interfaces/lib/libdirection_interfaces__rosidl_generator_py.so
[15.900s] -- Set runtime path of "/home/hvakil/ros2_ws/src/install/direction_interfaces/lib/libdirection_interfaces__rosidl_generator_py.so" to ""
[15.900s] -- Installing: /home/hvakil/ros2_ws/src/install/direction_interfaces/share/direction_interfaces/cmake/export_direction_interfaces__rosidl_generator_cExport.cmake
[15.900s] -- Installing: /home/hvakil/ros2_ws/src/install/direction_interfaces/share/direction_interfaces/cmake/export_direction_interfaces__rosidl_generator_cExport-noconfig.cmake
[15.900s] -- Installing: /home/hvakil/ros2_ws/src/install/direction_interfaces/share/direction_interfaces/cmake/direction_interfaces__rosidl_typesupport_introspection_cExport.cmake
[15.900s] -- Installing: /home/hvakil/ros2_ws/src/install/direction_interfaces/share/direction_interfaces/cmake/direction_interfaces__rosidl_typesupport_introspection_cExport-noconfig.cmake
[15.901s] -- Installing: /home/hvakil/ros2_ws/src/install/direction_interfaces/share/direction_interfaces/cmake/export_direction_interfaces__rosidl_typesupport_fastrtps_cExport.cmake
[15.901s] -- Installing: /home/hvakil/ros2_ws/src/install/direction_interfaces/share/direction_interfaces/cmake/export_direction_interfaces__rosidl_typesupport_fastrtps_cExport-noconfig.cmake
[15.901s] -- Installing: /home/hvakil/ros2_ws/src/install/direction_interfaces/share/direction_interfaces/cmake/direction_interfaces__rosidl_typesupport_cExport.cmake
[15.901s] -- Installing: /home/hvakil/ros2_ws/src/install/direction_interfaces/share/direction_interfaces/cmake/direction_interfaces__rosidl_typesupport_cExport-noconfig.cmake
[15.901s] -- Installing: /home/hvakil/ros2_ws/src/install/direction_interfaces/share/direction_interfaces/cmake/export_direction_interfaces__rosidl_generator_cppExport.cmake
[15.901s] -- Installing: /home/hvakil/ros2_ws/src/install/direction_interfaces/share/direction_interfaces/cmake/direction_interfaces__rosidl_typesupport_introspection_cppExport.cmake
[15.901s] -- Installing: /home/hvakil/ros2_ws/src/install/direction_interfaces/share/direction_interfaces/cmake/direction_interfaces__rosidl_typesupport_introspection_cppExport-noconfig.cmake
[15.901s] -- Installing: /home/hvakil/ros2_ws/src/install/direction_interfaces/share/direction_interfaces/cmake/export_direction_interfaces__rosidl_typesupport_fastrtps_cppExport.cmake
[15.902s] -- Installing: /home/hvakil/ros2_ws/src/install/direction_interfaces/share/direction_interfaces/cmake/export_direction_interfaces__rosidl_typesupport_fastrtps_cppExport-noconfig.cmake
[15.902s] -- Installing: /home/hvakil/ros2_ws/src/install/direction_interfaces/share/direction_interfaces/cmake/direction_interfaces__rosidl_typesupport_cppExport.cmake
[15.902s] -- Installing: /home/hvakil/ros2_ws/src/install/direction_interfaces/share/direction_interfaces/cmake/direction_interfaces__rosidl_typesupport_cppExport-noconfig.cmake
[15.902s] -- Installing: /home/hvakil/ros2_ws/src/install/direction_interfaces/share/direction_interfaces/cmake/export_direction_interfaces__rosidl_generator_pyExport.cmake
[15.902s] -- Installing: /home/hvakil/ros2_ws/src/install/direction_interfaces/share/direction_interfaces/cmake/export_direction_interfaces__rosidl_generator_pyExport-noconfig.cmake
[15.909s] Invoked command in '/home/hvakil/ros2_ws/src/build/direction_interfaces' returned '0': CMAKE_PREFIX_PATH=${CMAKE_PREFIX_PATH}:/home/hvakil/ros2_ws/install/write_to_tractor:/home/hvakil/ros2_humble/install/rqt_bag_plugins:/home/hvakil/ros2_humble/install/rqt_bag:/home/hvakil/ros2_humble/install/ros2bag:/home/hvakil/ros2_humble/install/tracetools_test:/home/hvakil/ros2_humble/install/tracetools_launch:/home/hvakil/ros2_humble/install/topic_monitor:/home/hvakil/ros2_humble/install/tf2_tools:/home/hvakil/ros2_humble/install/examples_tf2_py:/home/hvakil/ros2_humble/install/tf2_ros_py:/home/hvakil/ros2_humble/install/sros2:/home/hvakil/ros2_humble/install/rqt_topic:/home/hvakil/ros2_humble/install/rqt_srv:/home/hvakil/ros2_humble/install/rqt_shell:/home/hvakil/ros2_humble/install/rqt_service_caller:/home/hvakil/ros2_humble/install/rqt_reconfigure:/home/hvakil/ros2_humble/install/rqt_py_console:/home/hvakil/ros2_humble/install/rqt_publisher:/home/hvakil/ros2_humble/install/rqt_plot:/home/hvakil/ros2_humble/install/rqt_action:/home/hvakil/ros2_humble/install/rqt_msg:/home/hvakil/ros2_humble/install/rqt_console:/home/hvakil/ros2_humble/install/rqt:/home/hvakil/ros2_humble/install/rqt_graph:/home/hvakil/ros2_humble/install/rqt_gui_py:/home/hvakil/ros2_humble/install/rqt_gui:/home/hvakil/ros2_humble/install/ros2trace:/home/hvakil/ros2_humble/install/ros2topic:/home/hvakil/ros2_humble/install/ros2test:/home/hvakil/ros2_humble/install/ros2component:/home/hvakil/ros2_humble/install/ros2param:/home/hvakil/ros2_humble/install/ros2lifecycle:/home/hvakil/ros2_humble/install/ros2service:/home/hvakil/ros2_humble/install/ros2run:/home/hvakil/ros2_humble/install/ros2launch:/home/hvakil/ros2_humble/install/ros2pkg:/home/hvakil/ros2_humble/install/ros2node:/home/hvakil/ros2_humble/install/ros2multicast:/home/hvakil/ros2_humble/install/ros2interface:/home/hvakil/ros2_humble/install/ros2doctor:/home/hvakil/ros2_humble/install/ros2action:/home/hvakil/ros2_humble/install/ros2cli:/home/hvakil/ros2_humble/install/quality_of_service_demo_py:/home/hvakil/ros2_humble/install/lifecycle_py:/home/hvakil/ros2_humble/install/launch_testing_ros:/home/hvakil/ros2_humble/install/launch_ros:/home/hvakil/ros2_humble/install/examples_rclpy_pointcloud_publisher:/home/hvakil/ros2_humble/install/examples_rclpy_minimal_subscriber:/home/hvakil/ros2_humble/install/examples_rclpy_minimal_service:/home/hvakil/ros2_humble/install/examples_rclpy_minimal_publisher:/home/hvakil/ros2_humble/install/examples_rclpy_minimal_client:/home/hvakil/ros2_humble/install/examples_rclpy_minimal_action_server:/home/hvakil/ros2_humble/install/examples_rclpy_minimal_action_client:/home/hvakil/ros2_humble/install/examples_rclpy_guard_conditions:/home/hvakil/ros2_humble/install/examples_rclpy_executors:/home/hvakil/ros2_humble/install/demo_nodes_py:/home/hvakil/ros2_humble/install/action_tutorials_py:/home/hvakil/ros2_humble/install/ament_uncrustify:/home/hvakil/ros2_humble/install/tracetools_trace:/home/hvakil/ros2_humble/install/tracetools_read:/home/hvakil/ros2_humble/install/test_tracetools_launch:/home/hvakil/ros2_humble/install/test_launch_ros:/home/hvakil/ros2_humble/install/sensor_msgs_py:/home/hvakil/ros2_humble/install/rpyutils:/home/hvakil/ros2_humble/install/rosidl_runtime_py:/home/hvakil/ros2_humble/install/rosidl_cli:/home/hvakil/ros2_humble/install/launch_pytest:/home/hvakil/ros2_humble/install/launch_testing:/home/hvakil/ros2_humble/install/launch_yaml:/home/hvakil/ros2_humble/install/launch_xml:/home/hvakil/ros2_humble/install/launch:/home/hvakil/ros2_humble/install/osrf_pycommon:/home/hvakil/ros2_humble/install/launch_testing_examples:/home/hvakil/ros2_humble/install/domain_coordinator:/home/hvakil/ros2_humble/install/ament_xmllint:/home/hvakil/ros2_humble/install/ament_pyflakes:/home/hvakil/ros2_humble/install/ament_pycodestyle:/home/hvakil/ros2_humble/install/ament_pep257:/home/hvakil/ros2_humble/install/ament_pclint:/home/hvakil/ros2_humble/install/ament_package:/home/hvakil/ros2_humble/install/ament_mypy:/home/hvakil/ros2_humble/install/ament_lint_cmake:/home/hvakil/ros2_humble/install/ament_flake8:/home/hvakil/ros2_humble/install/ament_copyright:/home/hvakil/ros2_humble/install/ament_lint:/home/hvakil/ros2_humble/install/ament_index_python:/home/hvakil/ros2_humble/install/ament_cpplint:/home/hvakil/ros2_humble/install/ament_cppcheck:/home/hvakil/ros2_humble/install/ament_clang_tidy:/home/hvakil/ros2_humble/install/ament_clang_format /usr/bin/cmake --install /home/hvakil/ros2_ws/src/build/direction_interfaces
