[1.126s] Invoking command in '/home/hvakil/ros2_ws/src/build/gps_interfaces': CMAKE_PREFIX_PATH=${CMAKE_PREFIX_PATH}:/home/hvakil/ros2_ws/install/write_to_tractor:/home/hvakil/ros2_humble/install/rqt_bag_plugins:/home/hvakil/ros2_humble/install/rqt_bag:/home/hvakil/ros2_humble/install/ros2bag:/home/hvakil/ros2_humble/install/tracetools_test:/home/hvakil/ros2_humble/install/tracetools_launch:/home/hvakil/ros2_humble/install/topic_monitor:/home/hvakil/ros2_humble/install/tf2_tools:/home/hvakil/ros2_humble/install/examples_tf2_py:/home/hvakil/ros2_humble/install/tf2_ros_py:/home/hvakil/ros2_humble/install/sros2:/home/hvakil/ros2_humble/install/rqt_topic:/home/hvakil/ros2_humble/install/rqt_srv:/home/hvakil/ros2_humble/install/rqt_shell:/home/hvakil/ros2_humble/install/rqt_service_caller:/home/hvakil/ros2_humble/install/rqt_reconfigure:/home/hvakil/ros2_humble/install/rqt_py_console:/home/hvakil/ros2_humble/install/rqt_publisher:/home/hvakil/ros2_humble/install/rqt_plot:/home/hvakil/ros2_humble/install/rqt_action:/home/hvakil/ros2_humble/install/rqt_msg:/home/hvakil/ros2_humble/install/rqt_console:/home/hvakil/ros2_humble/install/rqt:/home/hvakil/ros2_humble/install/rqt_graph:/home/hvakil/ros2_humble/install/rqt_gui_py:/home/hvakil/ros2_humble/install/rqt_gui:/home/hvakil/ros2_humble/install/ros2trace:/home/hvakil/ros2_humble/install/ros2topic:/home/hvakil/ros2_humble/install/ros2test:/home/hvakil/ros2_humble/install/ros2component:/home/hvakil/ros2_humble/install/ros2param:/home/hvakil/ros2_humble/install/ros2lifecycle:/home/hvakil/ros2_humble/install/ros2service:/home/hvakil/ros2_humble/install/ros2run:/home/hvakil/ros2_humble/install/ros2launch:/home/hvakil/ros2_humble/install/ros2pkg:/home/hvakil/ros2_humble/install/ros2node:/home/hvakil/ros2_humble/install/ros2multicast:/home/hvakil/ros2_humble/install/ros2interface:/home/hvakil/ros2_humble/install/ros2doctor:/home/hvakil/ros2_humble/install/ros2action:/home/hvakil/ros2_humble/install/ros2cli:/home/hvakil/ros2_humble/install/quality_of_service_demo_py:/home/hvakil/ros2_humble/install/lifecycle_py:/home/hvakil/ros2_humble/install/launch_testing_ros:/home/hvakil/ros2_humble/install/launch_ros:/home/hvakil/ros2_humble/install/examples_rclpy_pointcloud_publisher:/home/hvakil/ros2_humble/install/examples_rclpy_minimal_subscriber:/home/hvakil/ros2_humble/install/examples_rclpy_minimal_service:/home/hvakil/ros2_humble/install/examples_rclpy_minimal_publisher:/home/hvakil/ros2_humble/install/examples_rclpy_minimal_client:/home/hvakil/ros2_humble/install/examples_rclpy_minimal_action_server:/home/hvakil/ros2_humble/install/examples_rclpy_minimal_action_client:/home/hvakil/ros2_humble/install/examples_rclpy_guard_conditions:/home/hvakil/ros2_humble/install/examples_rclpy_executors:/home/hvakil/ros2_humble/install/demo_nodes_py:/home/hvakil/ros2_humble/install/action_tutorials_py:/home/hvakil/ros2_humble/install/ament_uncrustify:/home/hvakil/ros2_humble/install/tracetools_trace:/home/hvakil/ros2_humble/install/tracetools_read:/home/hvakil/ros2_humble/install/test_tracetools_launch:/home/hvakil/ros2_humble/install/test_launch_ros:/home/hvakil/ros2_humble/install/sensor_msgs_py:/home/hvakil/ros2_humble/install/rpyutils:/home/hvakil/ros2_humble/install/rosidl_runtime_py:/home/hvakil/ros2_humble/install/rosidl_cli:/home/hvakil/ros2_humble/install/launch_pytest:/home/hvakil/ros2_humble/install/launch_testing:/home/hvakil/ros2_humble/install/launch_yaml:/home/hvakil/ros2_humble/install/launch_xml:/home/hvakil/ros2_humble/install/launch:/home/hvakil/ros2_humble/install/osrf_pycommon:/home/hvakil/ros2_humble/install/launch_testing_examples:/home/hvakil/ros2_humble/install/domain_coordinator:/home/hvakil/ros2_humble/install/ament_xmllint:/home/hvakil/ros2_humble/install/ament_pyflakes:/home/hvakil/ros2_humble/install/ament_pycodestyle:/home/hvakil/ros2_humble/install/ament_pep257:/home/hvakil/ros2_humble/install/ament_pclint:/home/hvakil/ros2_humble/install/ament_package:/home/hvakil/ros2_humble/install/ament_mypy:/home/hvakil/ros2_humble/install/ament_lint_cmake:/home/hvakil/ros2_humble/install/ament_flake8:/home/hvakil/ros2_humble/install/ament_copyright:/home/hvakil/ros2_humble/install/ament_lint:/home/hvakil/ros2_humble/install/ament_index_python:/home/hvakil/ros2_humble/install/ament_cpplint:/home/hvakil/ros2_humble/install/ament_cppcheck:/home/hvakil/ros2_humble/install/ament_clang_tidy:/home/hvakil/ros2_humble/install/ament_clang_format /usr/bin/cmake /home/hvakil/ros2_ws/src/field_autonomy/gps_interfaces -DAMENT_CMAKE_SYMLINK_INSTALL=1 -DCMAKE_INSTALL_PREFIX=/home/hvakil/ros2_ws/src/install/gps_interfaces
[2.572s] -- The C compiler identification is GNU 11.3.0
[2.572s] -- The CXX compiler identification is GNU 11.3.0
[2.572s] -- Detecting C compiler ABI info
[2.573s] -- Detecting C compiler ABI info - done
[2.573s] -- Check for working C compiler: /usr/bin/cc - skipped
[2.573s] -- Detecting C compile features
[2.573s] -- Detecting C compile features - done
[2.573s] -- Detecting CXX compiler ABI info
[2.573s] -- Detecting CXX compiler ABI info - done
[2.574s] -- Check for working CXX compiler: /usr/bin/c++ - skipped
[2.574s] -- Detecting CXX compile features
[2.574s] -- Detecting CXX compile features - done
[2.574s] -- Found ament_cmake: 1.3.4 (/home/hvakil/ros2_humble/install/ament_cmake/share/ament_cmake/cmake)
[2.574s] -- Found Python3: /usr/bin/python3.10 (found version "3.10.6") found components: Interpreter 
[2.829s] -- Override CMake install command with custom implementation using symlinks instead of copying resources
[3.111s] -- Found ament_lint_auto: 0.12.6 (/home/hvakil/ros2_humble/install/ament_lint_auto/share/ament_lint_auto/cmake)
[3.861s] -- Found rosidl_default_generators: 1.2.0 (/home/hvakil/ros2_humble/install/rosidl_default_generators/share/rosidl_default_generators/cmake)
[4.309s] -- Using all available rosidl_typesupport_c: rosidl_typesupport_introspection_c;rosidl_typesupport_fastrtps_c
[4.435s] -- Found rosidl_adapter: 3.1.4 (/home/hvakil/ros2_humble/install/rosidl_adapter/share/rosidl_adapter/cmake)
[5.040s] -- Using all available rosidl_typesupport_cpp: rosidl_typesupport_introspection_cpp;rosidl_typesupport_fastrtps_cpp
[6.761s] -- Found ament_cmake_ros: 0.10.0 (/home/hvakil/ros2_humble/install/ament_cmake_ros/share/ament_cmake_ros/cmake)
[7.327s] -- Using all available rosidl_typesupport_c: rosidl_typesupport_introspection_c;rosidl_typesupport_fastrtps_c
[8.187s] -- Using all available rosidl_typesupport_cpp: rosidl_typesupport_introspection_cpp;rosidl_typesupport_fastrtps_cpp
[8.279s] -- Found PythonInterp: /usr/bin/python3 (found suitable version "3.10.6", minimum required is "3.6") 
[8.295s] -- Found python_cmake_module: 0.10.0 (/home/hvakil/ros2_humble/install/python_cmake_module/share/python_cmake_module/cmake)
[8.400s] -- Found PythonLibs: /usr/lib/x86_64-linux-gnu/libpython3.10.so (found suitable version "3.10.6", minimum required is "3.5") 
[8.400s] -- Using PYTHON_EXECUTABLE: /usr/bin/python3
[8.400s] -- Using PYTHON_INCLUDE_DIRS: /usr/include/python3.10
[8.400s] -- Using PYTHON_LIBRARIES: /usr/lib/x86_64-linux-gnu/libpython3.10.so
[8.482s] -- Found PythonExtra: .so  
[9.008s] -- Added test 'copyright' to check source files copyright and LICENSE
[9.018s] -- Added test 'lint_cmake' to check CMake code style
[9.029s] -- Added test 'xmllint' to check XML markup files
[9.053s] -- Configuring done
[9.095s] -- Generating done
[9.099s] -- Build files have been written to: /home/hvakil/ros2_ws/src/build/gps_interfaces
[9.111s] Invoked command in '/home/hvakil/ros2_ws/src/build/gps_interfaces' returned '0': CMAKE_PREFIX_PATH=${CMAKE_PREFIX_PATH}:/home/hvakil/ros2_ws/install/write_to_tractor:/home/hvakil/ros2_humble/install/rqt_bag_plugins:/home/hvakil/ros2_humble/install/rqt_bag:/home/hvakil/ros2_humble/install/ros2bag:/home/hvakil/ros2_humble/install/tracetools_test:/home/hvakil/ros2_humble/install/tracetools_launch:/home/hvakil/ros2_humble/install/topic_monitor:/home/hvakil/ros2_humble/install/tf2_tools:/home/hvakil/ros2_humble/install/examples_tf2_py:/home/hvakil/ros2_humble/install/tf2_ros_py:/home/hvakil/ros2_humble/install/sros2:/home/hvakil/ros2_humble/install/rqt_topic:/home/hvakil/ros2_humble/install/rqt_srv:/home/hvakil/ros2_humble/install/rqt_shell:/home/hvakil/ros2_humble/install/rqt_service_caller:/home/hvakil/ros2_humble/install/rqt_reconfigure:/home/hvakil/ros2_humble/install/rqt_py_console:/home/hvakil/ros2_humble/install/rqt_publisher:/home/hvakil/ros2_humble/install/rqt_plot:/home/hvakil/ros2_humble/install/rqt_action:/home/hvakil/ros2_humble/install/rqt_msg:/home/hvakil/ros2_humble/install/rqt_console:/home/hvakil/ros2_humble/install/rqt:/home/hvakil/ros2_humble/install/rqt_graph:/home/hvakil/ros2_humble/install/rqt_gui_py:/home/hvakil/ros2_humble/install/rqt_gui:/home/hvakil/ros2_humble/install/ros2trace:/home/hvakil/ros2_humble/install/ros2topic:/home/hvakil/ros2_humble/install/ros2test:/home/hvakil/ros2_humble/install/ros2component:/home/hvakil/ros2_humble/install/ros2param:/home/hvakil/ros2_humble/install/ros2lifecycle:/home/hvakil/ros2_humble/install/ros2service:/home/hvakil/ros2_humble/install/ros2run:/home/hvakil/ros2_humble/install/ros2launch:/home/hvakil/ros2_humble/install/ros2pkg:/home/hvakil/ros2_humble/install/ros2node:/home/hvakil/ros2_humble/install/ros2multicast:/home/hvakil/ros2_humble/install/ros2interface:/home/hvakil/ros2_humble/install/ros2doctor:/home/hvakil/ros2_humble/install/ros2action:/home/hvakil/ros2_humble/install/ros2cli:/home/hvakil/ros2_humble/install/quality_of_service_demo_py:/home/hvakil/ros2_humble/install/lifecycle_py:/home/hvakil/ros2_humble/install/launch_testing_ros:/home/hvakil/ros2_humble/install/launch_ros:/home/hvakil/ros2_humble/install/examples_rclpy_pointcloud_publisher:/home/hvakil/ros2_humble/install/examples_rclpy_minimal_subscriber:/home/hvakil/ros2_humble/install/examples_rclpy_minimal_service:/home/hvakil/ros2_humble/install/examples_rclpy_minimal_publisher:/home/hvakil/ros2_humble/install/examples_rclpy_minimal_client:/home/hvakil/ros2_humble/install/examples_rclpy_minimal_action_server:/home/hvakil/ros2_humble/install/examples_rclpy_minimal_action_client:/home/hvakil/ros2_humble/install/examples_rclpy_guard_conditions:/home/hvakil/ros2_humble/install/examples_rclpy_executors:/home/hvakil/ros2_humble/install/demo_nodes_py:/home/hvakil/ros2_humble/install/action_tutorials_py:/home/hvakil/ros2_humble/install/ament_uncrustify:/home/hvakil/ros2_humble/install/tracetools_trace:/home/hvakil/ros2_humble/install/tracetools_read:/home/hvakil/ros2_humble/install/test_tracetools_launch:/home/hvakil/ros2_humble/install/test_launch_ros:/home/hvakil/ros2_humble/install/sensor_msgs_py:/home/hvakil/ros2_humble/install/rpyutils:/home/hvakil/ros2_humble/install/rosidl_runtime_py:/home/hvakil/ros2_humble/install/rosidl_cli:/home/hvakil/ros2_humble/install/launch_pytest:/home/hvakil/ros2_humble/install/launch_testing:/home/hvakil/ros2_humble/install/launch_yaml:/home/hvakil/ros2_humble/install/launch_xml:/home/hvakil/ros2_humble/install/launch:/home/hvakil/ros2_humble/install/osrf_pycommon:/home/hvakil/ros2_humble/install/launch_testing_examples:/home/hvakil/ros2_humble/install/domain_coordinator:/home/hvakil/ros2_humble/install/ament_xmllint:/home/hvakil/ros2_humble/install/ament_pyflakes:/home/hvakil/ros2_humble/install/ament_pycodestyle:/home/hvakil/ros2_humble/install/ament_pep257:/home/hvakil/ros2_humble/install/ament_pclint:/home/hvakil/ros2_humble/install/ament_package:/home/hvakil/ros2_humble/install/ament_mypy:/home/hvakil/ros2_humble/install/ament_lint_cmake:/home/hvakil/ros2_humble/install/ament_flake8:/home/hvakil/ros2_humble/install/ament_copyright:/home/hvakil/ros2_humble/install/ament_lint:/home/hvakil/ros2_humble/install/ament_index_python:/home/hvakil/ros2_humble/install/ament_cpplint:/home/hvakil/ros2_humble/install/ament_cppcheck:/home/hvakil/ros2_humble/install/ament_clang_tidy:/home/hvakil/ros2_humble/install/ament_clang_format /usr/bin/cmake /home/hvakil/ros2_ws/src/field_autonomy/gps_interfaces -DAMENT_CMAKE_SYMLINK_INSTALL=1 -DCMAKE_INSTALL_PREFIX=/home/hvakil/ros2_ws/src/install/gps_interfaces
[9.114s] Invoking command in '/home/hvakil/ros2_ws/src/build/gps_interfaces': CMAKE_PREFIX_PATH=${CMAKE_PREFIX_PATH}:/home/hvakil/ros2_ws/install/write_to_tractor:/home/hvakil/ros2_humble/install/rqt_bag_plugins:/home/hvakil/ros2_humble/install/rqt_bag:/home/hvakil/ros2_humble/install/ros2bag:/home/hvakil/ros2_humble/install/tracetools_test:/home/hvakil/ros2_humble/install/tracetools_launch:/home/hvakil/ros2_humble/install/topic_monitor:/home/hvakil/ros2_humble/install/tf2_tools:/home/hvakil/ros2_humble/install/examples_tf2_py:/home/hvakil/ros2_humble/install/tf2_ros_py:/home/hvakil/ros2_humble/install/sros2:/home/hvakil/ros2_humble/install/rqt_topic:/home/hvakil/ros2_humble/install/rqt_srv:/home/hvakil/ros2_humble/install/rqt_shell:/home/hvakil/ros2_humble/install/rqt_service_caller:/home/hvakil/ros2_humble/install/rqt_reconfigure:/home/hvakil/ros2_humble/install/rqt_py_console:/home/hvakil/ros2_humble/install/rqt_publisher:/home/hvakil/ros2_humble/install/rqt_plot:/home/hvakil/ros2_humble/install/rqt_action:/home/hvakil/ros2_humble/install/rqt_msg:/home/hvakil/ros2_humble/install/rqt_console:/home/hvakil/ros2_humble/install/rqt:/home/hvakil/ros2_humble/install/rqt_graph:/home/hvakil/ros2_humble/install/rqt_gui_py:/home/hvakil/ros2_humble/install/rqt_gui:/home/hvakil/ros2_humble/install/ros2trace:/home/hvakil/ros2_humble/install/ros2topic:/home/hvakil/ros2_humble/install/ros2test:/home/hvakil/ros2_humble/install/ros2component:/home/hvakil/ros2_humble/install/ros2param:/home/hvakil/ros2_humble/install/ros2lifecycle:/home/hvakil/ros2_humble/install/ros2service:/home/hvakil/ros2_humble/install/ros2run:/home/hvakil/ros2_humble/install/ros2launch:/home/hvakil/ros2_humble/install/ros2pkg:/home/hvakil/ros2_humble/install/ros2node:/home/hvakil/ros2_humble/install/ros2multicast:/home/hvakil/ros2_humble/install/ros2interface:/home/hvakil/ros2_humble/install/ros2doctor:/home/hvakil/ros2_humble/install/ros2action:/home/hvakil/ros2_humble/install/ros2cli:/home/hvakil/ros2_humble/install/quality_of_service_demo_py:/home/hvakil/ros2_humble/install/lifecycle_py:/home/hvakil/ros2_humble/install/launch_testing_ros:/home/hvakil/ros2_humble/install/launch_ros:/home/hvakil/ros2_humble/install/examples_rclpy_pointcloud_publisher:/home/hvakil/ros2_humble/install/examples_rclpy_minimal_subscriber:/home/hvakil/ros2_humble/install/examples_rclpy_minimal_service:/home/hvakil/ros2_humble/install/examples_rclpy_minimal_publisher:/home/hvakil/ros2_humble/install/examples_rclpy_minimal_client:/home/hvakil/ros2_humble/install/examples_rclpy_minimal_action_server:/home/hvakil/ros2_humble/install/examples_rclpy_minimal_action_client:/home/hvakil/ros2_humble/install/examples_rclpy_guard_conditions:/home/hvakil/ros2_humble/install/examples_rclpy_executors:/home/hvakil/ros2_humble/install/demo_nodes_py:/home/hvakil/ros2_humble/install/action_tutorials_py:/home/hvakil/ros2_humble/install/ament_uncrustify:/home/hvakil/ros2_humble/install/tracetools_trace:/home/hvakil/ros2_humble/install/tracetools_read:/home/hvakil/ros2_humble/install/test_tracetools_launch:/home/hvakil/ros2_humble/install/test_launch_ros:/home/hvakil/ros2_humble/install/sensor_msgs_py:/home/hvakil/ros2_humble/install/rpyutils:/home/hvakil/ros2_humble/install/rosidl_runtime_py:/home/hvakil/ros2_humble/install/rosidl_cli:/home/hvakil/ros2_humble/install/launch_pytest:/home/hvakil/ros2_humble/install/launch_testing:/home/hvakil/ros2_humble/install/launch_yaml:/home/hvakil/ros2_humble/install/launch_xml:/home/hvakil/ros2_humble/install/launch:/home/hvakil/ros2_humble/install/osrf_pycommon:/home/hvakil/ros2_humble/install/launch_testing_examples:/home/hvakil/ros2_humble/install/domain_coordinator:/home/hvakil/ros2_humble/install/ament_xmllint:/home/hvakil/ros2_humble/install/ament_pyflakes:/home/hvakil/ros2_humble/install/ament_pycodestyle:/home/hvakil/ros2_humble/install/ament_pep257:/home/hvakil/ros2_humble/install/ament_pclint:/home/hvakil/ros2_humble/install/ament_package:/home/hvakil/ros2_humble/install/ament_mypy:/home/hvakil/ros2_humble/install/ament_lint_cmake:/home/hvakil/ros2_humble/install/ament_flake8:/home/hvakil/ros2_humble/install/ament_copyright:/home/hvakil/ros2_humble/install/ament_lint:/home/hvakil/ros2_humble/install/ament_index_python:/home/hvakil/ros2_humble/install/ament_cpplint:/home/hvakil/ros2_humble/install/ament_cppcheck:/home/hvakil/ros2_humble/install/ament_clang_tidy:/home/hvakil/ros2_humble/install/ament_clang_format /usr/bin/cmake --build /home/hvakil/ros2_ws/src/build/gps_interfaces -- -j12 -l12
[9.236s] [  3%] [34m[1mGenerating C code for ROS interfaces[0m
[9.282s] [  6%] [34m[1mGenerating C++ code for ROS interfaces[0m
[9.323s] [  6%] Built target ament_cmake_python_symlink_gps_interfaces
[10.231s] [  9%] [32mBuilding C object CMakeFiles/gps_interfaces__rosidl_generator_c.dir/rosidl_generator_c/gps_interfaces/msg/detail/coordinate_stamped__functions.c.o[0m
[10.316s] [  9%] Built target gps_interfaces__cpp
[10.374s] [ 12%] [34m[1mGenerating C++ introspection for ROS interfaces[0m
[10.386s] [ 16%] [34m[1mGenerating C++ type support for eProsima Fast-RTPS[0m
[10.389s] [ 19%] [34m[1mGenerating C++ type support dispatch for ROS interfaces[0m
[10.403s] [ 22%] [32m[1mLinking C shared library libgps_interfaces__rosidl_generator_c.so[0m
[10.595s] [ 22%] Built target gps_interfaces__rosidl_generator_c
[10.680s] [ 25%] [34m[1mGenerating C type support dispatch for ROS interfaces[0m
[10.687s] [ 29%] [34m[1mGenerating C type support for eProsima Fast-RTPS[0m
[10.750s] [ 32%] [34m[1mGenerating C introspection for ROS interfaces[0m
[10.885s] running egg_info
[10.887s] creating gps_interfaces.egg-info
[10.888s] writing gps_interfaces.egg-info/PKG-INFO
[10.889s] writing dependency_links to gps_interfaces.egg-info/dependency_links.txt
[10.890s] writing top-level names to gps_interfaces.egg-info/top_level.txt
[10.909s] writing manifest file 'gps_interfaces.egg-info/SOURCES.txt'
[10.916s] reading manifest file 'gps_interfaces.egg-info/SOURCES.txt'
[10.918s] writing manifest file 'gps_interfaces.egg-info/SOURCES.txt'
[11.054s] [ 32%] Built target ament_cmake_python_build_gps_interfaces_egg
[11.880s] [ 35%] [32mBuilding CXX object CMakeFiles/gps_interfaces__rosidl_typesupport_cpp.dir/rosidl_typesupport_cpp/gps_interfaces/msg/coordinate_stamped__type_support.cpp.o[0m
[12.047s] [ 38%] [32mBuilding CXX object CMakeFiles/gps_interfaces__rosidl_typesupport_fastrtps_cpp.dir/rosidl_typesupport_fastrtps_cpp/gps_interfaces/msg/detail/dds_fastrtps/coordinate_stamped__type_support.cpp.o[0m
[12.073s] [ 41%] [32mBuilding CXX object CMakeFiles/gps_interfaces__rosidl_typesupport_introspection_cpp.dir/rosidl_typesupport_introspection_cpp/gps_interfaces/msg/detail/coordinate_stamped__type_support.cpp.o[0m
[12.214s] [ 45%] [32mBuilding CXX object CMakeFiles/gps_interfaces__rosidl_typesupport_c.dir/rosidl_typesupport_c/gps_interfaces/msg/coordinate_stamped__type_support.cpp.o[0m
[12.332s] [ 48%] [32m[1mLinking CXX shared library libgps_interfaces__rosidl_typesupport_c.so[0m
[12.346s] [ 51%] [32mBuilding CXX object CMakeFiles/gps_interfaces__rosidl_typesupport_fastrtps_c.dir/rosidl_typesupport_fastrtps_c/gps_interfaces/msg/detail/coordinate_stamped__type_support_c.cpp.o[0m
[12.465s] [ 51%] Built target gps_interfaces__rosidl_typesupport_c
[12.520s] [ 54%] [32mBuilding C object CMakeFiles/gps_interfaces__rosidl_typesupport_introspection_c.dir/rosidl_typesupport_introspection_c/gps_interfaces/msg/detail/coordinate_stamped__type_support.c.o[0m
[12.615s] [ 58%] [32m[1mLinking C shared library libgps_interfaces__rosidl_typesupport_introspection_c.so[0m
[12.694s] [ 61%] [32m[1mLinking CXX shared library libgps_interfaces__rosidl_typesupport_cpp.so[0m
[12.723s] [ 61%] Built target gps_interfaces__rosidl_typesupport_introspection_c
[12.854s] [ 61%] Built target gps_interfaces__rosidl_typesupport_cpp
[13.002s] [ 64%] [32m[1mLinking CXX shared library libgps_interfaces__rosidl_typesupport_introspection_cpp.so[0m
[13.104s] [ 64%] Built target gps_interfaces__rosidl_typesupport_introspection_cpp
[13.118s] [ 67%] [32m[1mLinking CXX shared library libgps_interfaces__rosidl_typesupport_fastrtps_c.so[0m
[13.145s] [ 70%] [32m[1mLinking CXX shared library libgps_interfaces__rosidl_typesupport_fastrtps_cpp.so[0m
[13.245s] [ 70%] Built target gps_interfaces__rosidl_typesupport_fastrtps_c
[13.271s] [ 70%] Built target gps_interfaces__rosidl_typesupport_fastrtps_cpp
[13.318s] [ 70%] Built target gps_interfaces
[13.365s] [ 74%] [34m[1mGenerating Python code for ROS interfaces[0m
[13.911s] [ 74%] Built target gps_interfaces__py
[13.957s] [ 77%] [32mBuilding C object CMakeFiles/gps_interfaces__rosidl_generator_py.dir/rosidl_generator_py/gps_interfaces/msg/_coordinate_stamped_s.c.o[0m
[14.118s] [ 80%] [32m[1mLinking C shared library rosidl_generator_py/gps_interfaces/libgps_interfaces__rosidl_generator_py.so[0m
[14.207s] [ 80%] Built target gps_interfaces__rosidl_generator_py
[14.287s] [ 87%] [32mBuilding C object CMakeFiles/gps_interfaces__rosidl_typesupport_introspection_c__pyext.dir/rosidl_generator_py/gps_interfaces/_gps_interfaces_s.ep.rosidl_typesupport_introspection_c.c.o[0m
[14.288s] [ 87%] [32mBuilding C object CMakeFiles/gps_interfaces__rosidl_typesupport_fastrtps_c__pyext.dir/rosidl_generator_py/gps_interfaces/_gps_interfaces_s.ep.rosidl_typesupport_fastrtps_c.c.o[0m
[14.291s] [ 90%] [32mBuilding C object CMakeFiles/gps_interfaces__rosidl_typesupport_c__pyext.dir/rosidl_generator_py/gps_interfaces/_gps_interfaces_s.ep.rosidl_typesupport_c.c.o[0m
[14.467s] [ 93%] [32m[1mLinking C shared library rosidl_generator_py/gps_interfaces/gps_interfaces_s__rosidl_typesupport_c.cpython-310-x86_64-linux-gnu.so[0m
[14.467s] [ 96%] [32m[1mLinking C shared library rosidl_generator_py/gps_interfaces/gps_interfaces_s__rosidl_typesupport_introspection_c.cpython-310-x86_64-linux-gnu.so[0m
[14.472s] [100%] [32m[1mLinking C shared library rosidl_generator_py/gps_interfaces/gps_interfaces_s__rosidl_typesupport_fastrtps_c.cpython-310-x86_64-linux-gnu.so[0m
[14.552s] [100%] Built target gps_interfaces__rosidl_typesupport_c__pyext
[14.554s] [100%] Built target gps_interfaces__rosidl_typesupport_introspection_c__pyext
[14.558s] [100%] Built target gps_interfaces__rosidl_typesupport_fastrtps_c__pyext
[14.585s] Invoked command in '/home/hvakil/ros2_ws/src/build/gps_interfaces' returned '0': CMAKE_PREFIX_PATH=${CMAKE_PREFIX_PATH}:/home/hvakil/ros2_ws/install/write_to_tractor:/home/hvakil/ros2_humble/install/rqt_bag_plugins:/home/hvakil/ros2_humble/install/rqt_bag:/home/hvakil/ros2_humble/install/ros2bag:/home/hvakil/ros2_humble/install/tracetools_test:/home/hvakil/ros2_humble/install/tracetools_launch:/home/hvakil/ros2_humble/install/topic_monitor:/home/hvakil/ros2_humble/install/tf2_tools:/home/hvakil/ros2_humble/install/examples_tf2_py:/home/hvakil/ros2_humble/install/tf2_ros_py:/home/hvakil/ros2_humble/install/sros2:/home/hvakil/ros2_humble/install/rqt_topic:/home/hvakil/ros2_humble/install/rqt_srv:/home/hvakil/ros2_humble/install/rqt_shell:/home/hvakil/ros2_humble/install/rqt_service_caller:/home/hvakil/ros2_humble/install/rqt_reconfigure:/home/hvakil/ros2_humble/install/rqt_py_console:/home/hvakil/ros2_humble/install/rqt_publisher:/home/hvakil/ros2_humble/install/rqt_plot:/home/hvakil/ros2_humble/install/rqt_action:/home/hvakil/ros2_humble/install/rqt_msg:/home/hvakil/ros2_humble/install/rqt_console:/home/hvakil/ros2_humble/install/rqt:/home/hvakil/ros2_humble/install/rqt_graph:/home/hvakil/ros2_humble/install/rqt_gui_py:/home/hvakil/ros2_humble/install/rqt_gui:/home/hvakil/ros2_humble/install/ros2trace:/home/hvakil/ros2_humble/install/ros2topic:/home/hvakil/ros2_humble/install/ros2test:/home/hvakil/ros2_humble/install/ros2component:/home/hvakil/ros2_humble/install/ros2param:/home/hvakil/ros2_humble/install/ros2lifecycle:/home/hvakil/ros2_humble/install/ros2service:/home/hvakil/ros2_humble/install/ros2run:/home/hvakil/ros2_humble/install/ros2launch:/home/hvakil/ros2_humble/install/ros2pkg:/home/hvakil/ros2_humble/install/ros2node:/home/hvakil/ros2_humble/install/ros2multicast:/home/hvakil/ros2_humble/install/ros2interface:/home/hvakil/ros2_humble/install/ros2doctor:/home/hvakil/ros2_humble/install/ros2action:/home/hvakil/ros2_humble/install/ros2cli:/home/hvakil/ros2_humble/install/quality_of_service_demo_py:/home/hvakil/ros2_humble/install/lifecycle_py:/home/hvakil/ros2_humble/install/launch_testing_ros:/home/hvakil/ros2_humble/install/launch_ros:/home/hvakil/ros2_humble/install/examples_rclpy_pointcloud_publisher:/home/hvakil/ros2_humble/install/examples_rclpy_minimal_subscriber:/home/hvakil/ros2_humble/install/examples_rclpy_minimal_service:/home/hvakil/ros2_humble/install/examples_rclpy_minimal_publisher:/home/hvakil/ros2_humble/install/examples_rclpy_minimal_client:/home/hvakil/ros2_humble/install/examples_rclpy_minimal_action_server:/home/hvakil/ros2_humble/install/examples_rclpy_minimal_action_client:/home/hvakil/ros2_humble/install/examples_rclpy_guard_conditions:/home/hvakil/ros2_humble/install/examples_rclpy_executors:/home/hvakil/ros2_humble/install/demo_nodes_py:/home/hvakil/ros2_humble/install/action_tutorials_py:/home/hvakil/ros2_humble/install/ament_uncrustify:/home/hvakil/ros2_humble/install/tracetools_trace:/home/hvakil/ros2_humble/install/tracetools_read:/home/hvakil/ros2_humble/install/test_tracetools_launch:/home/hvakil/ros2_humble/install/test_launch_ros:/home/hvakil/ros2_humble/install/sensor_msgs_py:/home/hvakil/ros2_humble/install/rpyutils:/home/hvakil/ros2_humble/install/rosidl_runtime_py:/home/hvakil/ros2_humble/install/rosidl_cli:/home/hvakil/ros2_humble/install/launch_pytest:/home/hvakil/ros2_humble/install/launch_testing:/home/hvakil/ros2_humble/install/launch_yaml:/home/hvakil/ros2_humble/install/launch_xml:/home/hvakil/ros2_humble/install/launch:/home/hvakil/ros2_humble/install/osrf_pycommon:/home/hvakil/ros2_humble/install/launch_testing_examples:/home/hvakil/ros2_humble/install/domain_coordinator:/home/hvakil/ros2_humble/install/ament_xmllint:/home/hvakil/ros2_humble/install/ament_pyflakes:/home/hvakil/ros2_humble/install/ament_pycodestyle:/home/hvakil/ros2_humble/install/ament_pep257:/home/hvakil/ros2_humble/install/ament_pclint:/home/hvakil/ros2_humble/install/ament_package:/home/hvakil/ros2_humble/install/ament_mypy:/home/hvakil/ros2_humble/install/ament_lint_cmake:/home/hvakil/ros2_humble/install/ament_flake8:/home/hvakil/ros2_humble/install/ament_copyright:/home/hvakil/ros2_humble/install/ament_lint:/home/hvakil/ros2_humble/install/ament_index_python:/home/hvakil/ros2_humble/install/ament_cpplint:/home/hvakil/ros2_humble/install/ament_cppcheck:/home/hvakil/ros2_humble/install/ament_clang_tidy:/home/hvakil/ros2_humble/install/ament_clang_format /usr/bin/cmake --build /home/hvakil/ros2_ws/src/build/gps_interfaces -- -j12 -l12
[14.819s] Invoking command in '/home/hvakil/ros2_ws/src/build/gps_interfaces': CMAKE_PREFIX_PATH=${CMAKE_PREFIX_PATH}:/home/hvakil/ros2_ws/install/write_to_tractor:/home/hvakil/ros2_humble/install/rqt_bag_plugins:/home/hvakil/ros2_humble/install/rqt_bag:/home/hvakil/ros2_humble/install/ros2bag:/home/hvakil/ros2_humble/install/tracetools_test:/home/hvakil/ros2_humble/install/tracetools_launch:/home/hvakil/ros2_humble/install/topic_monitor:/home/hvakil/ros2_humble/install/tf2_tools:/home/hvakil/ros2_humble/install/examples_tf2_py:/home/hvakil/ros2_humble/install/tf2_ros_py:/home/hvakil/ros2_humble/install/sros2:/home/hvakil/ros2_humble/install/rqt_topic:/home/hvakil/ros2_humble/install/rqt_srv:/home/hvakil/ros2_humble/install/rqt_shell:/home/hvakil/ros2_humble/install/rqt_service_caller:/home/hvakil/ros2_humble/install/rqt_reconfigure:/home/hvakil/ros2_humble/install/rqt_py_console:/home/hvakil/ros2_humble/install/rqt_publisher:/home/hvakil/ros2_humble/install/rqt_plot:/home/hvakil/ros2_humble/install/rqt_action:/home/hvakil/ros2_humble/install/rqt_msg:/home/hvakil/ros2_humble/install/rqt_console:/home/hvakil/ros2_humble/install/rqt:/home/hvakil/ros2_humble/install/rqt_graph:/home/hvakil/ros2_humble/install/rqt_gui_py:/home/hvakil/ros2_humble/install/rqt_gui:/home/hvakil/ros2_humble/install/ros2trace:/home/hvakil/ros2_humble/install/ros2topic:/home/hvakil/ros2_humble/install/ros2test:/home/hvakil/ros2_humble/install/ros2component:/home/hvakil/ros2_humble/install/ros2param:/home/hvakil/ros2_humble/install/ros2lifecycle:/home/hvakil/ros2_humble/install/ros2service:/home/hvakil/ros2_humble/install/ros2run:/home/hvakil/ros2_humble/install/ros2launch:/home/hvakil/ros2_humble/install/ros2pkg:/home/hvakil/ros2_humble/install/ros2node:/home/hvakil/ros2_humble/install/ros2multicast:/home/hvakil/ros2_humble/install/ros2interface:/home/hvakil/ros2_humble/install/ros2doctor:/home/hvakil/ros2_humble/install/ros2action:/home/hvakil/ros2_humble/install/ros2cli:/home/hvakil/ros2_humble/install/quality_of_service_demo_py:/home/hvakil/ros2_humble/install/lifecycle_py:/home/hvakil/ros2_humble/install/launch_testing_ros:/home/hvakil/ros2_humble/install/launch_ros:/home/hvakil/ros2_humble/install/examples_rclpy_pointcloud_publisher:/home/hvakil/ros2_humble/install/examples_rclpy_minimal_subscriber:/home/hvakil/ros2_humble/install/examples_rclpy_minimal_service:/home/hvakil/ros2_humble/install/examples_rclpy_minimal_publisher:/home/hvakil/ros2_humble/install/examples_rclpy_minimal_client:/home/hvakil/ros2_humble/install/examples_rclpy_minimal_action_server:/home/hvakil/ros2_humble/install/examples_rclpy_minimal_action_client:/home/hvakil/ros2_humble/install/examples_rclpy_guard_conditions:/home/hvakil/ros2_humble/install/examples_rclpy_executors:/home/hvakil/ros2_humble/install/demo_nodes_py:/home/hvakil/ros2_humble/install/action_tutorials_py:/home/hvakil/ros2_humble/install/ament_uncrustify:/home/hvakil/ros2_humble/install/tracetools_trace:/home/hvakil/ros2_humble/install/tracetools_read:/home/hvakil/ros2_humble/install/test_tracetools_launch:/home/hvakil/ros2_humble/install/test_launch_ros:/home/hvakil/ros2_humble/install/sensor_msgs_py:/home/hvakil/ros2_humble/install/rpyutils:/home/hvakil/ros2_humble/install/rosidl_runtime_py:/home/hvakil/ros2_humble/install/rosidl_cli:/home/hvakil/ros2_humble/install/launch_pytest:/home/hvakil/ros2_humble/install/launch_testing:/home/hvakil/ros2_humble/install/launch_yaml:/home/hvakil/ros2_humble/install/launch_xml:/home/hvakil/ros2_humble/install/launch:/home/hvakil/ros2_humble/install/osrf_pycommon:/home/hvakil/ros2_humble/install/launch_testing_examples:/home/hvakil/ros2_humble/install/domain_coordinator:/home/hvakil/ros2_humble/install/ament_xmllint:/home/hvakil/ros2_humble/install/ament_pyflakes:/home/hvakil/ros2_humble/install/ament_pycodestyle:/home/hvakil/ros2_humble/install/ament_pep257:/home/hvakil/ros2_humble/install/ament_pclint:/home/hvakil/ros2_humble/install/ament_package:/home/hvakil/ros2_humble/install/ament_mypy:/home/hvakil/ros2_humble/install/ament_lint_cmake:/home/hvakil/ros2_humble/install/ament_flake8:/home/hvakil/ros2_humble/install/ament_copyright:/home/hvakil/ros2_humble/install/ament_lint:/home/hvakil/ros2_humble/install/ament_index_python:/home/hvakil/ros2_humble/install/ament_cpplint:/home/hvakil/ros2_humble/install/ament_cppcheck:/home/hvakil/ros2_humble/install/ament_clang_tidy:/home/hvakil/ros2_humble/install/ament_clang_format /usr/bin/cmake --install /home/hvakil/ros2_ws/src/build/gps_interfaces
[14.834s] -- Install configuration: ""
[14.834s] -- Execute custom install script
[14.835s] -- Symlinking: /home/hvakil/ros2_ws/src/install/gps_interfaces/share/ament_index/resource_index/rosidl_interfaces/gps_interfaces
[14.851s] -- Symlinking: /home/hvakil/ros2_ws/src/install/gps_interfaces/include/gps_interfaces/gps_interfaces/msg/coordinate_stamped.h
[14.868s] -- Symlinking: /home/hvakil/ros2_ws/src/install/gps_interfaces/include/gps_interfaces/gps_interfaces/msg/detail/coordinate_stamped__functions.h
[14.884s] -- Symlinking: /home/hvakil/ros2_ws/src/install/gps_interfaces/include/gps_interfaces/gps_interfaces/msg/detail/coordinate_stamped__struct.h
[14.900s] -- Symlinking: /home/hvakil/ros2_ws/src/install/gps_interfaces/include/gps_interfaces/gps_interfaces/msg/detail/coordinate_stamped__type_support.h
[14.915s] -- Symlinking: /home/hvakil/ros2_ws/src/install/gps_interfaces/include/gps_interfaces/gps_interfaces/msg/rosidl_generator_c__visibility_control.h
[14.931s] -- Symlinking: /home/hvakil/ros2_ws/src/install/gps_interfaces/share/gps_interfaces/environment/library_path.sh
[14.946s] -- Symlinking: /home/hvakil/ros2_ws/src/install/gps_interfaces/share/gps_interfaces/environment/library_path.dsv
[14.962s] -- Symlinking: /home/hvakil/ros2_ws/src/install/gps_interfaces/include/gps_interfaces/gps_interfaces/msg/detail/coordinate_stamped__rosidl_typesupport_introspection_c.h
[14.977s] -- Symlinking: /home/hvakil/ros2_ws/src/install/gps_interfaces/include/gps_interfaces/gps_interfaces/msg/rosidl_typesupport_introspection_c__visibility_control.h
[14.993s] -- Symlinking: /home/hvakil/ros2_ws/src/install/gps_interfaces/include/gps_interfaces/gps_interfaces/msg/detail/coordinate_stamped__rosidl_typesupport_fastrtps_c.h
[15.008s] -- Symlinking: /home/hvakil/ros2_ws/src/install/gps_interfaces/include/gps_interfaces/gps_interfaces/msg/rosidl_typesupport_fastrtps_c__visibility_control.h
[15.026s] -- Symlinking: /home/hvakil/ros2_ws/src/install/gps_interfaces/include/gps_interfaces/gps_interfaces/msg/coordinate_stamped.hpp
[15.040s] -- Symlinking: /home/hvakil/ros2_ws/src/install/gps_interfaces/include/gps_interfaces/gps_interfaces/msg/detail/coordinate_stamped__builder.hpp
[15.055s] -- Symlinking: /home/hvakil/ros2_ws/src/install/gps_interfaces/include/gps_interfaces/gps_interfaces/msg/detail/coordinate_stamped__struct.hpp
[15.073s] -- Symlinking: /home/hvakil/ros2_ws/src/install/gps_interfaces/include/gps_interfaces/gps_interfaces/msg/detail/coordinate_stamped__traits.hpp
[15.092s] -- Symlinking: /home/hvakil/ros2_ws/src/install/gps_interfaces/include/gps_interfaces/gps_interfaces/msg/detail/coordinate_stamped__rosidl_typesupport_introspection_cpp.hpp
[15.109s] -- Symlinking: /home/hvakil/ros2_ws/src/install/gps_interfaces/include/gps_interfaces/gps_interfaces/msg/detail/coordinate_stamped__rosidl_typesupport_fastrtps_cpp.hpp
[15.126s] -- Symlinking: /home/hvakil/ros2_ws/src/install/gps_interfaces/include/gps_interfaces/gps_interfaces/msg/rosidl_typesupport_fastrtps_cpp__visibility_control.h
[15.142s] -- Symlinking: /home/hvakil/ros2_ws/src/install/gps_interfaces/share/gps_interfaces/environment/pythonpath.sh
[15.160s] -- Symlinking: /home/hvakil/ros2_ws/src/install/gps_interfaces/share/gps_interfaces/environment/pythonpath.dsv
[15.178s] -- Symlinking: /home/hvakil/ros2_ws/src/install/gps_interfaces/local/lib/python3.10/dist-packages/gps_interfaces-0.0.0-py3.10.egg-info/PKG-INFO
[15.195s] -- Symlinking: /home/hvakil/ros2_ws/src/install/gps_interfaces/local/lib/python3.10/dist-packages/gps_interfaces-0.0.0-py3.10.egg-info/SOURCES.txt
[15.212s] -- Symlinking: /home/hvakil/ros2_ws/src/install/gps_interfaces/local/lib/python3.10/dist-packages/gps_interfaces-0.0.0-py3.10.egg-info/dependency_links.txt
[15.228s] -- Symlinking: /home/hvakil/ros2_ws/src/install/gps_interfaces/local/lib/python3.10/dist-packages/gps_interfaces-0.0.0-py3.10.egg-info/top_level.txt
[15.246s] -- Symlinking: /home/hvakil/ros2_ws/src/install/gps_interfaces/local/lib/python3.10/dist-packages/gps_interfaces/__init__.py
[15.263s] -- Symlinking: /home/hvakil/ros2_ws/src/install/gps_interfaces/local/lib/python3.10/dist-packages/gps_interfaces/_gps_interfaces_s.ep.rosidl_typesupport_c.c
[15.281s] -- Symlinking: /home/hvakil/ros2_ws/src/install/gps_interfaces/local/lib/python3.10/dist-packages/gps_interfaces/_gps_interfaces_s.ep.rosidl_typesupport_fastrtps_c.c
[15.298s] -- Symlinking: /home/hvakil/ros2_ws/src/install/gps_interfaces/local/lib/python3.10/dist-packages/gps_interfaces/_gps_interfaces_s.ep.rosidl_typesupport_introspection_c.c
[15.315s] -- Symlinking: /home/hvakil/ros2_ws/src/install/gps_interfaces/local/lib/python3.10/dist-packages/gps_interfaces/gps_interfaces_s__rosidl_typesupport_c.cpython-310-x86_64-linux-gnu.so
[15.332s] -- Symlinking: /home/hvakil/ros2_ws/src/install/gps_interfaces/local/lib/python3.10/dist-packages/gps_interfaces/gps_interfaces_s__rosidl_typesupport_fastrtps_c.cpython-310-x86_64-linux-gnu.so
[15.348s] -- Symlinking: /home/hvakil/ros2_ws/src/install/gps_interfaces/local/lib/python3.10/dist-packages/gps_interfaces/gps_interfaces_s__rosidl_typesupport_introspection_c.cpython-310-x86_64-linux-gnu.so
[15.363s] -- Symlinking: /home/hvakil/ros2_ws/src/install/gps_interfaces/local/lib/python3.10/dist-packages/gps_interfaces/libgps_interfaces__rosidl_generator_py.so
[15.379s] -- Symlinking: /home/hvakil/ros2_ws/src/install/gps_interfaces/local/lib/python3.10/dist-packages/gps_interfaces/msg/__init__.py
[15.394s] -- Symlinking: /home/hvakil/ros2_ws/src/install/gps_interfaces/local/lib/python3.10/dist-packages/gps_interfaces/msg/_coordinate_stamped.py
[15.410s] -- Symlinking: /home/hvakil/ros2_ws/src/install/gps_interfaces/local/lib/python3.10/dist-packages/gps_interfaces/msg/_coordinate_stamped_s.c
[15.425s] -- Up-to-date symlink: /home/hvakil/ros2_ws/src/install/gps_interfaces/local/lib/python3.10/dist-packages/gps_interfaces/gps_interfaces_s__rosidl_typesupport_introspection_c.cpython-310-x86_64-linux-gnu.so
[15.425s] -- Up-to-date symlink: /home/hvakil/ros2_ws/src/install/gps_interfaces/local/lib/python3.10/dist-packages/gps_interfaces/gps_interfaces_s__rosidl_typesupport_fastrtps_c.cpython-310-x86_64-linux-gnu.so
[15.425s] -- Up-to-date symlink: /home/hvakil/ros2_ws/src/install/gps_interfaces/local/lib/python3.10/dist-packages/gps_interfaces/gps_interfaces_s__rosidl_typesupport_c.cpython-310-x86_64-linux-gnu.so
[15.426s] -- Symlinking: /home/hvakil/ros2_ws/src/install/gps_interfaces/share/gps_interfaces/msg/CoordinateStamped.idl
[15.440s] -- Symlinking: /home/hvakil/ros2_ws/src/install/gps_interfaces/share/gps_interfaces/msg/CoordinateStamped.msg
[15.456s] -- Symlinking: /home/hvakil/ros2_ws/src/install/gps_interfaces/share/ament_index/resource_index/package_run_dependencies/gps_interfaces
[15.471s] -- Symlinking: /home/hvakil/ros2_ws/src/install/gps_interfaces/share/ament_index/resource_index/parent_prefix_path/gps_interfaces
[15.486s] -- Symlinking: /home/hvakil/ros2_ws/src/install/gps_interfaces/share/gps_interfaces/environment/ament_prefix_path.sh
[15.502s] -- Symlinking: /home/hvakil/ros2_ws/src/install/gps_interfaces/share/gps_interfaces/environment/ament_prefix_path.dsv
[15.519s] -- Symlinking: /home/hvakil/ros2_ws/src/install/gps_interfaces/share/gps_interfaces/environment/path.sh
[15.534s] -- Symlinking: /home/hvakil/ros2_ws/src/install/gps_interfaces/share/gps_interfaces/environment/path.dsv
[15.548s] -- Symlinking: /home/hvakil/ros2_ws/src/install/gps_interfaces/share/gps_interfaces/local_setup.bash
[15.563s] -- Symlinking: /home/hvakil/ros2_ws/src/install/gps_interfaces/share/gps_interfaces/local_setup.sh
[15.578s] -- Symlinking: /home/hvakil/ros2_ws/src/install/gps_interfaces/share/gps_interfaces/local_setup.zsh
[15.594s] -- Symlinking: /home/hvakil/ros2_ws/src/install/gps_interfaces/share/gps_interfaces/local_setup.dsv
[15.609s] -- Symlinking: /home/hvakil/ros2_ws/src/install/gps_interfaces/share/gps_interfaces/package.dsv
[15.626s] -- Symlinking: /home/hvakil/ros2_ws/src/install/gps_interfaces/share/ament_index/resource_index/packages/gps_interfaces
[15.647s] -- Symlinking: /home/hvakil/ros2_ws/src/install/gps_interfaces/share/gps_interfaces/cmake/rosidl_cmake-extras.cmake
[15.667s] -- Symlinking: /home/hvakil/ros2_ws/src/install/gps_interfaces/share/gps_interfaces/cmake/ament_cmake_export_include_directories-extras.cmake
[15.684s] -- Symlinking: /home/hvakil/ros2_ws/src/install/gps_interfaces/share/gps_interfaces/cmake/ament_cmake_export_libraries-extras.cmake
[15.702s] -- Symlinking: /home/hvakil/ros2_ws/src/install/gps_interfaces/share/gps_interfaces/cmake/ament_cmake_export_targets-extras.cmake
[15.718s] -- Symlinking: /home/hvakil/ros2_ws/src/install/gps_interfaces/share/gps_interfaces/cmake/rosidl_cmake_export_typesupport_targets-extras.cmake
[15.735s] -- Symlinking: /home/hvakil/ros2_ws/src/install/gps_interfaces/share/gps_interfaces/cmake/ament_cmake_export_dependencies-extras.cmake
[15.752s] -- Symlinking: /home/hvakil/ros2_ws/src/install/gps_interfaces/share/gps_interfaces/cmake/rosidl_cmake_export_typesupport_libraries-extras.cmake
[15.767s] -- Symlinking: /home/hvakil/ros2_ws/src/install/gps_interfaces/share/gps_interfaces/cmake/gps_interfacesConfig.cmake
[15.783s] -- Symlinking: /home/hvakil/ros2_ws/src/install/gps_interfaces/share/gps_interfaces/cmake/gps_interfacesConfig-version.cmake
[15.799s] -- Symlinking: /home/hvakil/ros2_ws/src/install/gps_interfaces/share/gps_interfaces/package.xml
[15.813s] -- Installing: /home/hvakil/ros2_ws/src/install/gps_interfaces/lib/libgps_interfaces__rosidl_generator_c.so
[15.814s] -- Set runtime path of "/home/hvakil/ros2_ws/src/install/gps_interfaces/lib/libgps_interfaces__rosidl_generator_c.so" to ""
[15.814s] -- Installing: /home/hvakil/ros2_ws/src/install/gps_interfaces/lib/libgps_interfaces__rosidl_typesupport_introspection_c.so
[15.814s] -- Set runtime path of "/home/hvakil/ros2_ws/src/install/gps_interfaces/lib/libgps_interfaces__rosidl_typesupport_introspection_c.so" to ""
[15.814s] -- Installing: /home/hvakil/ros2_ws/src/install/gps_interfaces/lib/libgps_interfaces__rosidl_typesupport_fastrtps_c.so
[15.814s] -- Set runtime path of "/home/hvakil/ros2_ws/src/install/gps_interfaces/lib/libgps_interfaces__rosidl_typesupport_fastrtps_c.so" to ""
[15.815s] -- Installing: /home/hvakil/ros2_ws/src/install/gps_interfaces/lib/libgps_interfaces__rosidl_typesupport_c.so
[15.815s] -- Set runtime path of "/home/hvakil/ros2_ws/src/install/gps_interfaces/lib/libgps_interfaces__rosidl_typesupport_c.so" to ""
[15.815s] -- Installing: /home/hvakil/ros2_ws/src/install/gps_interfaces/lib/libgps_interfaces__rosidl_typesupport_introspection_cpp.so
[15.815s] -- Set runtime path of "/home/hvakil/ros2_ws/src/install/gps_interfaces/lib/libgps_interfaces__rosidl_typesupport_introspection_cpp.so" to ""
[15.815s] -- Installing: /home/hvakil/ros2_ws/src/install/gps_interfaces/lib/libgps_interfaces__rosidl_typesupport_fastrtps_cpp.so
[15.815s] -- Set runtime path of "/home/hvakil/ros2_ws/src/install/gps_interfaces/lib/libgps_interfaces__rosidl_typesupport_fastrtps_cpp.so" to ""
[15.815s] -- Installing: /home/hvakil/ros2_ws/src/install/gps_interfaces/lib/libgps_interfaces__rosidl_typesupport_cpp.so
[15.816s] -- Set runtime path of "/home/hvakil/ros2_ws/src/install/gps_interfaces/lib/libgps_interfaces__rosidl_typesupport_cpp.so" to ""
[15.966s] Listing '/home/hvakil/ros2_ws/src/install/gps_interfaces/local/lib/python3.10/dist-packages/gps_interfaces'...
[15.966s] Compiling '/home/hvakil/ros2_ws/src/install/gps_interfaces/local/lib/python3.10/dist-packages/gps_interfaces/__init__.py'...
[15.966s] Listing '/home/hvakil/ros2_ws/src/install/gps_interfaces/local/lib/python3.10/dist-packages/gps_interfaces/msg'...
[15.966s] Compiling '/home/hvakil/ros2_ws/src/install/gps_interfaces/local/lib/python3.10/dist-packages/gps_interfaces/msg/__init__.py'...
[15.967s] Compiling '/home/hvakil/ros2_ws/src/install/gps_interfaces/local/lib/python3.10/dist-packages/gps_interfaces/msg/_coordinate_stamped.py'...
[15.971s] -- Installing: /home/hvakil/ros2_ws/src/install/gps_interfaces/lib/libgps_interfaces__rosidl_generator_py.so
[15.972s] -- Set runtime path of "/home/hvakil/ros2_ws/src/install/gps_interfaces/lib/libgps_interfaces__rosidl_generator_py.so" to ""
[15.972s] -- Installing: /home/hvakil/ros2_ws/src/install/gps_interfaces/share/gps_interfaces/cmake/export_gps_interfaces__rosidl_generator_cExport.cmake
[15.972s] -- Installing: /home/hvakil/ros2_ws/src/install/gps_interfaces/share/gps_interfaces/cmake/export_gps_interfaces__rosidl_generator_cExport-noconfig.cmake
[15.972s] -- Installing: /home/hvakil/ros2_ws/src/install/gps_interfaces/share/gps_interfaces/cmake/gps_interfaces__rosidl_typesupport_introspection_cExport.cmake
[15.972s] -- Installing: /home/hvakil/ros2_ws/src/install/gps_interfaces/share/gps_interfaces/cmake/gps_interfaces__rosidl_typesupport_introspection_cExport-noconfig.cmake
[15.972s] -- Installing: /home/hvakil/ros2_ws/src/install/gps_interfaces/share/gps_interfaces/cmake/export_gps_interfaces__rosidl_typesupport_fastrtps_cExport.cmake
[15.972s] -- Installing: /home/hvakil/ros2_ws/src/install/gps_interfaces/share/gps_interfaces/cmake/export_gps_interfaces__rosidl_typesupport_fastrtps_cExport-noconfig.cmake
[15.972s] -- Installing: /home/hvakil/ros2_ws/src/install/gps_interfaces/share/gps_interfaces/cmake/gps_interfaces__rosidl_typesupport_cExport.cmake
[15.973s] -- Installing: /home/hvakil/ros2_ws/src/install/gps_interfaces/share/gps_interfaces/cmake/gps_interfaces__rosidl_typesupport_cExport-noconfig.cmake
[15.973s] -- Installing: /home/hvakil/ros2_ws/src/install/gps_interfaces/share/gps_interfaces/cmake/export_gps_interfaces__rosidl_generator_cppExport.cmake
[15.973s] -- Installing: /home/hvakil/ros2_ws/src/install/gps_interfaces/share/gps_interfaces/cmake/gps_interfaces__rosidl_typesupport_introspection_cppExport.cmake
[15.973s] -- Installing: /home/hvakil/ros2_ws/src/install/gps_interfaces/share/gps_interfaces/cmake/gps_interfaces__rosidl_typesupport_introspection_cppExport-noconfig.cmake
[15.973s] -- Installing: /home/hvakil/ros2_ws/src/install/gps_interfaces/share/gps_interfaces/cmake/export_gps_interfaces__rosidl_typesupport_fastrtps_cppExport.cmake
[15.973s] -- Installing: /home/hvakil/ros2_ws/src/install/gps_interfaces/share/gps_interfaces/cmake/export_gps_interfaces__rosidl_typesupport_fastrtps_cppExport-noconfig.cmake
[15.973s] -- Installing: /home/hvakil/ros2_ws/src/install/gps_interfaces/share/gps_interfaces/cmake/gps_interfaces__rosidl_typesupport_cppExport.cmake
[15.974s] -- Installing: /home/hvakil/ros2_ws/src/install/gps_interfaces/share/gps_interfaces/cmake/gps_interfaces__rosidl_typesupport_cppExport-noconfig.cmake
[15.974s] -- Installing: /home/hvakil/ros2_ws/src/install/gps_interfaces/share/gps_interfaces/cmake/export_gps_interfaces__rosidl_generator_pyExport.cmake
[15.974s] -- Installing: /home/hvakil/ros2_ws/src/install/gps_interfaces/share/gps_interfaces/cmake/export_gps_interfaces__rosidl_generator_pyExport-noconfig.cmake
[15.980s] Invoked command in '/home/hvakil/ros2_ws/src/build/gps_interfaces' returned '0': CMAKE_PREFIX_PATH=${CMAKE_PREFIX_PATH}:/home/hvakil/ros2_ws/install/write_to_tractor:/home/hvakil/ros2_humble/install/rqt_bag_plugins:/home/hvakil/ros2_humble/install/rqt_bag:/home/hvakil/ros2_humble/install/ros2bag:/home/hvakil/ros2_humble/install/tracetools_test:/home/hvakil/ros2_humble/install/tracetools_launch:/home/hvakil/ros2_humble/install/topic_monitor:/home/hvakil/ros2_humble/install/tf2_tools:/home/hvakil/ros2_humble/install/examples_tf2_py:/home/hvakil/ros2_humble/install/tf2_ros_py:/home/hvakil/ros2_humble/install/sros2:/home/hvakil/ros2_humble/install/rqt_topic:/home/hvakil/ros2_humble/install/rqt_srv:/home/hvakil/ros2_humble/install/rqt_shell:/home/hvakil/ros2_humble/install/rqt_service_caller:/home/hvakil/ros2_humble/install/rqt_reconfigure:/home/hvakil/ros2_humble/install/rqt_py_console:/home/hvakil/ros2_humble/install/rqt_publisher:/home/hvakil/ros2_humble/install/rqt_plot:/home/hvakil/ros2_humble/install/rqt_action:/home/hvakil/ros2_humble/install/rqt_msg:/home/hvakil/ros2_humble/install/rqt_console:/home/hvakil/ros2_humble/install/rqt:/home/hvakil/ros2_humble/install/rqt_graph:/home/hvakil/ros2_humble/install/rqt_gui_py:/home/hvakil/ros2_humble/install/rqt_gui:/home/hvakil/ros2_humble/install/ros2trace:/home/hvakil/ros2_humble/install/ros2topic:/home/hvakil/ros2_humble/install/ros2test:/home/hvakil/ros2_humble/install/ros2component:/home/hvakil/ros2_humble/install/ros2param:/home/hvakil/ros2_humble/install/ros2lifecycle:/home/hvakil/ros2_humble/install/ros2service:/home/hvakil/ros2_humble/install/ros2run:/home/hvakil/ros2_humble/install/ros2launch:/home/hvakil/ros2_humble/install/ros2pkg:/home/hvakil/ros2_humble/install/ros2node:/home/hvakil/ros2_humble/install/ros2multicast:/home/hvakil/ros2_humble/install/ros2interface:/home/hvakil/ros2_humble/install/ros2doctor:/home/hvakil/ros2_humble/install/ros2action:/home/hvakil/ros2_humble/install/ros2cli:/home/hvakil/ros2_humble/install/quality_of_service_demo_py:/home/hvakil/ros2_humble/install/lifecycle_py:/home/hvakil/ros2_humble/install/launch_testing_ros:/home/hvakil/ros2_humble/install/launch_ros:/home/hvakil/ros2_humble/install/examples_rclpy_pointcloud_publisher:/home/hvakil/ros2_humble/install/examples_rclpy_minimal_subscriber:/home/hvakil/ros2_humble/install/examples_rclpy_minimal_service:/home/hvakil/ros2_humble/install/examples_rclpy_minimal_publisher:/home/hvakil/ros2_humble/install/examples_rclpy_minimal_client:/home/hvakil/ros2_humble/install/examples_rclpy_minimal_action_server:/home/hvakil/ros2_humble/install/examples_rclpy_minimal_action_client:/home/hvakil/ros2_humble/install/examples_rclpy_guard_conditions:/home/hvakil/ros2_humble/install/examples_rclpy_executors:/home/hvakil/ros2_humble/install/demo_nodes_py:/home/hvakil/ros2_humble/install/action_tutorials_py:/home/hvakil/ros2_humble/install/ament_uncrustify:/home/hvakil/ros2_humble/install/tracetools_trace:/home/hvakil/ros2_humble/install/tracetools_read:/home/hvakil/ros2_humble/install/test_tracetools_launch:/home/hvakil/ros2_humble/install/test_launch_ros:/home/hvakil/ros2_humble/install/sensor_msgs_py:/home/hvakil/ros2_humble/install/rpyutils:/home/hvakil/ros2_humble/install/rosidl_runtime_py:/home/hvakil/ros2_humble/install/rosidl_cli:/home/hvakil/ros2_humble/install/launch_pytest:/home/hvakil/ros2_humble/install/launch_testing:/home/hvakil/ros2_humble/install/launch_yaml:/home/hvakil/ros2_humble/install/launch_xml:/home/hvakil/ros2_humble/install/launch:/home/hvakil/ros2_humble/install/osrf_pycommon:/home/hvakil/ros2_humble/install/launch_testing_examples:/home/hvakil/ros2_humble/install/domain_coordinator:/home/hvakil/ros2_humble/install/ament_xmllint:/home/hvakil/ros2_humble/install/ament_pyflakes:/home/hvakil/ros2_humble/install/ament_pycodestyle:/home/hvakil/ros2_humble/install/ament_pep257:/home/hvakil/ros2_humble/install/ament_pclint:/home/hvakil/ros2_humble/install/ament_package:/home/hvakil/ros2_humble/install/ament_mypy:/home/hvakil/ros2_humble/install/ament_lint_cmake:/home/hvakil/ros2_humble/install/ament_flake8:/home/hvakil/ros2_humble/install/ament_copyright:/home/hvakil/ros2_humble/install/ament_lint:/home/hvakil/ros2_humble/install/ament_index_python:/home/hvakil/ros2_humble/install/ament_cpplint:/home/hvakil/ros2_humble/install/ament_cppcheck:/home/hvakil/ros2_humble/install/ament_clang_tidy:/home/hvakil/ros2_humble/install/ament_clang_format /usr/bin/cmake --install /home/hvakil/ros2_ws/src/build/gps_interfaces
