running develop
/usr/lib/python3/dist-packages/setuptools/command/easy_install.py:158: EasyInstallDeprecationWarning: easy_install command is deprecated. Use build and pip and other standards-based tools.
  warnings.warn(
/usr/lib/python3/dist-packages/setuptools/command/install.py:34: SetuptoolsDeprecationWarning: setup.py install is deprecated. Use build and pip and other standards-based tools.
  warnings.warn(
/usr/lib/python3/dist-packages/pkg_resources/__init__.py:116: PkgResourcesDeprecationWarning: 1.16.0-unknown is an invalid version and will not be supported in a future release
  warnings.warn(
/usr/lib/python3/dist-packages/pkg_resources/__init__.py:116: PkgResourcesDeprecationWarning: 0.1.43ubuntu1 is an invalid version and will not be supported in a future release
  warnings.warn(
/usr/lib/python3/dist-packages/pkg_resources/__init__.py:116: PkgResourcesDeprecationWarning: 1.1build1 is an invalid version and will not be supported in a future release
  warnings.warn(
running egg_info
creating look_for_person.egg-info
writing look_for_person.egg-info/PKG-INFO
writing dependency_links to look_for_person.egg-info/dependency_links.txt
writing entry points to look_for_person.egg-info/entry_points.txt
writing requirements to look_for_person.egg-info/requires.txt
writing top-level names to look_for_person.egg-info/top_level.txt
writing manifest file 'look_for_person.egg-info/SOURCES.txt'
reading manifest file 'look_for_person.egg-info/SOURCES.txt'
writing manifest file 'look_for_person.egg-info/SOURCES.txt'
running build_ext
Creating /home/hvakil/ros2_ws/src/install/look_for_person/lib/python3.10/site-packages/look-for-person.egg-link (link to .)
Installing parse_scan script to /home/hvakil/ros2_ws/src/install/look_for_person/lib/look_for_person

Installed /home/hvakil/ros2_ws/src/build/look_for_person
running install_data
creating /home/hvakil/ros2_ws/src/install/look_for_person/share/ament_index
creating /home/hvakil/ros2_ws/src/install/look_for_person/share/ament_index/resource_index
creating /home/hvakil/ros2_ws/src/install/look_for_person/share/ament_index/resource_index/packages
copying resource/look_for_person -> /home/hvakil/ros2_ws/src/install/look_for_person/share/ament_index/resource_index/packages
copying package.xml -> /home/hvakil/ros2_ws/src/install/look_for_person/share/look_for_person
