[2.326s] Invoking command in '/home/hvakil/ros2_ws/src/build/look_for_person': PYTHONPATH=/home/hvakil/ros2_ws/src/build/look_for_person/prefix_override:/home/hvakil/ros2_ws/src/install/look_for_person/lib/python3.10/site-packages:${PYTHONPATH} /usr/bin/python3 setup.py develop --editable --build-directory /home/hvakil/ros2_ws/src/build/look_for_person/build --no-deps install_data
[2.858s] running develop
[2.858s] /usr/lib/python3/dist-packages/setuptools/command/easy_install.py:158: EasyInstallDeprecationWarning: easy_install command is deprecated. Use build and pip and other standards-based tools.
[2.858s]   warnings.warn(
[2.860s] /usr/lib/python3/dist-packages/setuptools/command/install.py:34: SetuptoolsDeprecationWarning: setup.py install is deprecated. Use build and pip and other standards-based tools.
[2.860s]   warnings.warn(
[2.967s] /usr/lib/python3/dist-packages/pkg_resources/__init__.py:116: PkgResourcesDeprecationWarning: 1.16.0-unknown is an invalid version and will not be supported in a future release
[2.967s]   warnings.warn(
[2.967s] /usr/lib/python3/dist-packages/pkg_resources/__init__.py:116: PkgResourcesDeprecationWarning: 0.1.43ubuntu1 is an invalid version and will not be supported in a future release
[2.967s]   warnings.warn(
[2.968s] /usr/lib/python3/dist-packages/pkg_resources/__init__.py:116: PkgResourcesDeprecationWarning: 1.1build1 is an invalid version and will not be supported in a future release
[2.968s]   warnings.warn(
[3.159s] running egg_info
[3.159s] creating look_for_person.egg-info
[3.160s] writing look_for_person.egg-info/PKG-INFO
[3.160s] writing dependency_links to look_for_person.egg-info/dependency_links.txt
[3.160s] writing entry points to look_for_person.egg-info/entry_points.txt
[3.160s] writing requirements to look_for_person.egg-info/requires.txt
[3.160s] writing top-level names to look_for_person.egg-info/top_level.txt
[3.166s] writing manifest file 'look_for_person.egg-info/SOURCES.txt'
[3.168s] reading manifest file 'look_for_person.egg-info/SOURCES.txt'
[3.168s] writing manifest file 'look_for_person.egg-info/SOURCES.txt'
[3.173s] running build_ext
[3.174s] Creating /home/hvakil/ros2_ws/src/install/look_for_person/lib/python3.10/site-packages/look-for-person.egg-link (link to .)
[3.175s] Installing parse_scan script to /home/hvakil/ros2_ws/src/install/look_for_person/lib/look_for_person
[3.175s] 
[3.175s] Installed /home/hvakil/ros2_ws/src/build/look_for_person
[3.175s] running install_data
[3.175s] creating /home/hvakil/ros2_ws/src/install/look_for_person/share/ament_index
[3.176s] creating /home/hvakil/ros2_ws/src/install/look_for_person/share/ament_index/resource_index
[3.176s] creating /home/hvakil/ros2_ws/src/install/look_for_person/share/ament_index/resource_index/packages
[3.176s] copying resource/look_for_person -> /home/hvakil/ros2_ws/src/install/look_for_person/share/ament_index/resource_index/packages
[3.176s] copying package.xml -> /home/hvakil/ros2_ws/src/install/look_for_person/share/look_for_person
[3.230s] Invoked command in '/home/hvakil/ros2_ws/src/build/look_for_person' returned '0': PYTHONPATH=/home/hvakil/ros2_ws/src/build/look_for_person/prefix_override:/home/hvakil/ros2_ws/src/install/look_for_person/lib/python3.10/site-packages:${PYTHONPATH} /usr/bin/python3 setup.py develop --editable --build-directory /home/hvakil/ros2_ws/src/build/look_for_person/build --no-deps install_data
