[2.240s] Invoking command in '/home/hvakil/ros2_ws/src/build/write_to_tractor': PYTHONPATH=/home/hvakil/ros2_ws/src/build/write_to_tractor/prefix_override:/home/hvakil/ros2_ws/src/install/write_to_tractor/lib/python3.10/site-packages:${PYTHONPATH} /usr/bin/python3 setup.py develop --editable --build-directory /home/hvakil/ros2_ws/src/build/write_to_tractor/build --no-deps install_data
[2.722s] /usr/lib/python3/dist-packages/setuptools/dist.py:723: UserWarning: Usage of dash-separated 'script-dir' will not be supported in future versions. Please use the underscore name 'script_dir' instead
[2.722s]   warnings.warn(
[2.774s] running develop
[2.774s] /usr/lib/python3/dist-packages/setuptools/command/easy_install.py:158: EasyInstallDeprecationWarning: easy_install command is deprecated. Use build and pip and other standards-based tools.
[2.774s]   warnings.warn(
[2.775s] /usr/lib/python3/dist-packages/setuptools/command/install.py:34: SetuptoolsDeprecationWarning: setup.py install is deprecated. Use build and pip and other standards-based tools.
[2.776s]   warnings.warn(
[2.885s] /usr/lib/python3/dist-packages/pkg_resources/__init__.py:116: PkgResourcesDeprecationWarning: 1.16.0-unknown is an invalid version and will not be supported in a future release
[2.885s]   warnings.warn(
[2.885s] /usr/lib/python3/dist-packages/pkg_resources/__init__.py:116: PkgResourcesDeprecationWarning: 0.1.43ubuntu1 is an invalid version and will not be supported in a future release
[2.885s]   warnings.warn(
[2.885s] /usr/lib/python3/dist-packages/pkg_resources/__init__.py:116: PkgResourcesDeprecationWarning: 1.1build1 is an invalid version and will not be supported in a future release
[2.885s]   warnings.warn(
[3.087s] running egg_info
[3.088s] writing write_to_tractor.egg-info/PKG-INFO
[3.089s] writing dependency_links to write_to_tractor.egg-info/dependency_links.txt
[3.089s] writing entry points to write_to_tractor.egg-info/entry_points.txt
[3.089s] writing requirements to write_to_tractor.egg-info/requires.txt
[3.089s] writing top-level names to write_to_tractor.egg-info/top_level.txt
[3.096s] reading manifest file 'write_to_tractor.egg-info/SOURCES.txt'
[3.097s] writing manifest file 'write_to_tractor.egg-info/SOURCES.txt'
[3.097s] running build_ext
[3.098s] Creating /home/hvakil/ros2_ws/src/install/write_to_tractor/lib/python3.10/site-packages/write-to-tractor.egg-link (link to .)
[3.104s] Installing tractor_writer script to /home/hvakil/ros2_ws/src/install/write_to_tractor/lib/write_to_tractor
[3.104s] 
[3.104s] Installed /home/hvakil/ros2_ws/src/build/write_to_tractor
[3.105s] running install_data
[3.138s] Invoked command in '/home/hvakil/ros2_ws/src/build/write_to_tractor' returned '0': PYTHONPATH=/home/hvakil/ros2_ws/src/build/write_to_tractor/prefix_override:/home/hvakil/ros2_ws/src/install/write_to_tractor/lib/python3.10/site-packages:${PYTHONPATH} /usr/bin/python3 setup.py develop --editable --build-directory /home/hvakil/ros2_ws/src/build/write_to_tractor/build --no-deps install_data
