[0.007s] Invoking command in '/home/hvakil/ros2_ws/build/fix_scan': CMAKE_PREFIX_PATH=/opt/ros/humble /usr/bin/cmake /home/hvakil/ros2_ws/src/neato_packages/fix_scan -DCMAKE_INSTALL_PREFIX=/home/hvakil/ros2_ws/install/fix_scan
[0.015s] -- Found ament_cmake: 1.3.3 (/opt/ros/humble/share/ament_cmake/cmake)
[0.129s] -- Found Python3: /usr/bin/python3.10 (found version "3.10.6") found components: Interpreter 
[0.177s] -- Override CMake install command with custom implementation using symlinks instead of copying resources
[0.200s] -- Found laser_geometry: 2.4.0 (/opt/ros/humble/share/laser_geometry/cmake)
[0.242s] -- Found rosidl_generator_c: 3.1.4 (/opt/ros/humble/share/rosidl_generator_c/cmake)
[0.244s] -- Found rosidl_adapter: 3.1.4 (/opt/ros/humble/share/rosidl_adapter/cmake)
[0.250s] -- Found rosidl_generator_cpp: 3.1.4 (/opt/ros/humble/share/rosidl_generator_cpp/cmake)
[0.259s] -- Using all available rosidl_typesupport_c: rosidl_typesupport_fastrtps_c;rosidl_typesupport_introspection_c
[0.273s] -- Using all available rosidl_typesupport_cpp: rosidl_typesupport_fastrtps_cpp;rosidl_typesupport_introspection_cpp
[0.331s] -- Found rmw_implementation_cmake: 6.1.1 (/opt/ros/humble/share/rmw_implementation_cmake/cmake)
[0.334s] -- Found rmw_fastrtps_cpp: 6.2.2 (/opt/ros/humble/share/rmw_fastrtps_cpp/cmake)
[0.399s] -- Found OpenSSL: /usr/lib/x86_64-linux-gnu/libcrypto.so (found version "3.0.2")  
[0.416s] -- Found FastRTPS: /opt/ros/humble/include  
[0.447s] -- Using RMW implementation 'rmw_fastrtps_cpp' as default
[0.455s] -- Looking for pthread.h
[0.498s] -- Looking for pthread.h - found
[0.498s] -- Performing Test CMAKE_HAVE_LIBC_PTHREAD
[0.543s] -- Performing Test CMAKE_HAVE_LIBC_PTHREAD - Success
[0.544s] -- Found Threads: TRUE  
[0.812s] -- Found tf2_ros: 0.25.2 (/opt/ros/humble/share/tf2_ros/cmake)
[1.138s] -- Found ament_lint_auto: 0.12.5 (/opt/ros/humble/share/ament_lint_auto/cmake)
[1.211s] -- Added test 'copyright' to check source files copyright and LICENSE
[1.212s] -- Added test 'cppcheck' to perform static code analysis on C / C++ code
[1.212s] -- Configured cppcheck include dirs: $<BUILD_INTERFACE:/home/hvakil/ros2_ws/src/neato_packages/fix_scan/include>
[1.212s] -- Configured cppcheck exclude dirs and/or files: 
[1.213s] -- Added test 'cpplint' to check C / C++ code against the Google style
[1.213s] -- Configured cpplint exclude dirs and/or files: 
[1.213s] -- Added test 'lint_cmake' to check CMake code style
[1.214s] -- Added test 'uncrustify' to check C / C++ code style
[1.214s] -- Configured uncrustify additional arguments: 
[1.214s] -- Added test 'xmllint' to check XML markup files
[1.215s] -- Configuring done
[1.229s] -- Generating done
[1.230s] -- Build files have been written to: /home/hvakil/ros2_ws/build/fix_scan
[1.239s] Invoked command in '/home/hvakil/ros2_ws/build/fix_scan' returned '0': CMAKE_PREFIX_PATH=/opt/ros/humble /usr/bin/cmake /home/hvakil/ros2_ws/src/neato_packages/fix_scan -DCMAKE_INSTALL_PREFIX=/home/hvakil/ros2_ws/install/fix_scan
[1.240s] Invoking command in '/home/hvakil/ros2_ws/build/fix_scan': CMAKE_PREFIX_PATH=/opt/ros/humble /usr/bin/cmake --build /home/hvakil/ros2_ws/build/fix_scan -- -j12 -l12
[1.276s] [ 25%] [32mBuilding CXX object CMakeFiles/fix_scan.dir/src/fix_scan.cpp.o[0m
[1.283s] [ 50%] [32mBuilding CXX object CMakeFiles/scan_to_pc2.dir/src/scan_to_pc2.cpp.o[0m
[8.964s] [ 75%] [32m[1mLinking CXX executable scan_to_pc2[0m
[9.028s] [100%] [32m[1mLinking CXX executable fix_scan[0m
[9.328s] [100%] Built target scan_to_pc2
[9.372s] [100%] Built target fix_scan
