/usr/lib/python3/dist-packages/setuptools/dist.py:723: UserWarning: Usage of dash-separated 'script-dir' will not be supported in future versions. Please use the underscore name 'script_dir' instead
  warnings.warn(
running develop
/usr/lib/python3/dist-packages/setuptools/command/easy_install.py:158: EasyInstallDeprecationWarning: easy_install command is deprecated. Use build and pip and other standards-based tools.
  warnings.warn(
/usr/lib/python3/dist-packages/setuptools/command/install.py:34: SetuptoolsDeprecationWarning: setup.py install is deprecated. Use build and pip and other standards-based tools.
  warnings.warn(
/usr/lib/python3/dist-packages/pkg_resources/__init__.py:116: PkgResourcesDeprecationWarning: 1.16.0-unknown is an invalid version and will not be supported in a future release
  warnings.warn(
/usr/lib/python3/dist-packages/pkg_resources/__init__.py:116: PkgResourcesDeprecationWarning: 0.1.43ubuntu1 is an invalid version and will not be supported in a future release
  warnings.warn(
/usr/lib/python3/dist-packages/pkg_resources/__init__.py:116: PkgResourcesDeprecationWarning: 1.1build1 is an invalid version and will not be supported in a future release
  warnings.warn(
running egg_info
writing trail_finding.egg-info/PKG-INFO
writing dependency_links to trail_finding.egg-info/dependency_links.txt
writing entry points to trail_finding.egg-info/entry_points.txt
writing requirements to trail_finding.egg-info/requires.txt
writing top-level names to trail_finding.egg-info/top_level.txt
reading manifest file 'trail_finding.egg-info/SOURCES.txt'
writing manifest file 'trail_finding.egg-info/SOURCES.txt'
running build_ext
Creating /home/hvakil/ros2_ws/src/install/trail_finding/lib/python3.10/site-packages/trail-finding.egg-link (link to .)
Installing find_trail script to /home/hvakil/ros2_ws/src/install/trail_finding/lib/trail_finding

Installed /home/hvakil/ros2_ws/src/build/trail_finding
running install_data
