/usr/lib/python3/dist-packages/setuptools/dist.py:723: UserWarning: Usage of dash-separated 'script-dir' will not be supported in future versions. Please use the underscore name 'script_dir' instead
  warnings.warn(
running develop
/usr/lib/python3/dist-packages/setuptools/command/easy_install.py:158: EasyInstallDeprecationWarning: easy_install command is deprecated. Use build and pip and other standards-based tools.
  warnings.warn(
/usr/lib/python3/dist-packages/setuptools/command/install.py:34: SetuptoolsDeprecationWarning: setup.py install is deprecated. Use build and pip and other standards-based tools.
  warnings.warn(
/usr/lib/python3/dist-packages/pkg_resources/__init__.py:116: PkgResourcesDeprecationWarning: 1.16.0-unknown is an invalid version and will not be supported in a future release
  warnings.warn(
/usr/lib/python3/dist-packages/pkg_resources/__init__.py:116: PkgResourcesDeprecationWarning: 0.1.43ubuntu1 is an invalid version and will not be supported in a future release
  warnings.warn(
/usr/lib/python3/dist-packages/pkg_resources/__init__.py:116: PkgResourcesDeprecationWarning: 1.1build1 is an invalid version and will not be supported in a future release
  warnings.warn(
Removing /home/hvakil/ros2_ws/install/write_to_tractor/lib/python3.10/site-packages/write-to-tractor.egg-link (link to .)
/usr/lib/python3/dist-packages/setuptools/dist.py:723: UserWarning: Usage of dash-separated 'script-dir' will not be supported in future versions. Please use the underscore name 'script_dir' instead
  warnings.warn(
running egg_info
writing ../../../build/write_to_tractor/write_to_tractor.egg-info/PKG-INFO
writing dependency_links to ../../../build/write_to_tractor/write_to_tractor.egg-info/dependency_links.txt
writing entry points to ../../../build/write_to_tractor/write_to_tractor.egg-info/entry_points.txt
writing requirements to ../../../build/write_to_tractor/write_to_tractor.egg-info/requires.txt
writing top-level names to ../../../build/write_to_tractor/write_to_tractor.egg-info/top_level.txt
reading manifest file '../../../build/write_to_tractor/write_to_tractor.egg-info/SOURCES.txt'
writing manifest file '../../../build/write_to_tractor/write_to_tractor.egg-info/SOURCES.txt'
running build
running build_py
creating /home/hvakil/ros2_ws/build/write_to_tractor/build
creating /home/hvakil/ros2_ws/build/write_to_tractor/build/lib
creating /home/hvakil/ros2_ws/build/write_to_tractor/build/lib/write_to_tractor
copying write_to_tractor/__init__.py -> /home/hvakil/ros2_ws/build/write_to_tractor/build/lib/write_to_tractor
copying write_to_tractor/tractor_writer.py -> /home/hvakil/ros2_ws/build/write_to_tractor/build/lib/write_to_tractor
running install
/usr/lib/python3/dist-packages/setuptools/command/install.py:34: SetuptoolsDeprecationWarning: setup.py install is deprecated. Use build and pip and other standards-based tools.
  warnings.warn(
running install_lib
creating /home/hvakil/ros2_ws/install/write_to_tractor/lib/python3.10/site-packages/write_to_tractor
copying /home/hvakil/ros2_ws/build/write_to_tractor/build/lib/write_to_tractor/__init__.py -> /home/hvakil/ros2_ws/install/write_to_tractor/lib/python3.10/site-packages/write_to_tractor
copying /home/hvakil/ros2_ws/build/write_to_tractor/build/lib/write_to_tractor/tractor_writer.py -> /home/hvakil/ros2_ws/install/write_to_tractor/lib/python3.10/site-packages/write_to_tractor
byte-compiling /home/hvakil/ros2_ws/install/write_to_tractor/lib/python3.10/site-packages/write_to_tractor/__init__.py to __init__.cpython-310.pyc
byte-compiling /home/hvakil/ros2_ws/install/write_to_tractor/lib/python3.10/site-packages/write_to_tractor/tractor_writer.py to tractor_writer.cpython-310.pyc
running install_data
running install_egg_info
Copying ../../../build/write_to_tractor/write_to_tractor.egg-info to /home/hvakil/ros2_ws/install/write_to_tractor/lib/python3.10/site-packages/write_to_tractor-0.0.0-py3.10.egg-info
running install_scripts
Installing tractor_writer script to /home/hvakil/ros2_ws/install/write_to_tractor/lib/write_to_tractor
writing list of installed files to '/home/hvakil/ros2_ws/build/write_to_tractor/install.log'
