[1.320s] Invoking command in '/home/hvakil/ros2_ws/build/write_to_tractor': PYTHONPATH=/home/hvakil/ros2_ws/build/write_to_tractor/prefix_override:/home/hvakil/ros2_ws/install/write_to_tractor/lib/python3.10/site-packages:${PYTHONPATH} /usr/bin/python3 setup.py develop --editable --build-directory /home/hvakil/ros2_ws/build/write_to_tractor/build --no-deps install_data
[1.751s] /usr/lib/python3/dist-packages/setuptools/dist.py:723: UserWarning: Usage of dash-separated 'script-dir' will not be supported in future versions. Please use the underscore name 'script_dir' instead
[1.751s]   warnings.warn(
[1.803s] running develop
[1.803s] /usr/lib/python3/dist-packages/setuptools/command/easy_install.py:158: EasyInstallDeprecationWarning: easy_install command is deprecated. Use build and pip and other standards-based tools.
[1.803s]   warnings.warn(
[1.804s] /usr/lib/python3/dist-packages/setuptools/command/install.py:34: SetuptoolsDeprecationWarning: setup.py install is deprecated. Use build and pip and other standards-based tools.
[1.804s]   warnings.warn(
[1.900s] /usr/lib/python3/dist-packages/pkg_resources/__init__.py:116: PkgResourcesDeprecationWarning: 1.16.0-unknown is an invalid version and will not be supported in a future release
[1.900s]   warnings.warn(
[1.901s] /usr/lib/python3/dist-packages/pkg_resources/__init__.py:116: PkgResourcesDeprecationWarning: 0.1.43ubuntu1 is an invalid version and will not be supported in a future release
[1.901s]   warnings.warn(
[1.901s] /usr/lib/python3/dist-packages/pkg_resources/__init__.py:116: PkgResourcesDeprecationWarning: 1.1build1 is an invalid version and will not be supported in a future release
[1.901s]   warnings.warn(
[2.063s] running egg_info
[2.064s] writing write_to_tractor.egg-info/PKG-INFO
[2.064s] writing dependency_links to write_to_tractor.egg-info/dependency_links.txt
[2.064s] writing entry points to write_to_tractor.egg-info/entry_points.txt
[2.064s] writing requirements to write_to_tractor.egg-info/requires.txt
[2.064s] writing top-level names to write_to_tractor.egg-info/top_level.txt
[2.072s] reading manifest file 'write_to_tractor.egg-info/SOURCES.txt'
[2.073s] writing manifest file 'write_to_tractor.egg-info/SOURCES.txt'
[2.078s] running build_ext
[2.078s] Creating /home/hvakil/ros2_ws/install/write_to_tractor/lib/python3.10/site-packages/write-to-tractor.egg-link (link to .)
[2.079s] Installing TreadWriter script to /home/hvakil/ros2_ws/install/write_to_tractor/lib/write_to_tractor
[2.079s] 
[2.080s] Installed /home/hvakil/ros2_ws/build/write_to_tractor
[2.080s] running install_data
[2.110s] Invoked command in '/home/hvakil/ros2_ws/build/write_to_tractor' returned '0': PYTHONPATH=/home/hvakil/ros2_ws/build/write_to_tractor/prefix_override:/home/hvakil/ros2_ws/install/write_to_tractor/lib/python3.10/site-packages:${PYTHONPATH} /usr/bin/python3 setup.py develop --editable --build-directory /home/hvakil/ros2_ws/build/write_to_tractor/build --no-deps install_data
