[0.013s] Invoking command in '/home/hvakil/ros2_ws/build/neato2_interfaces': /usr/bin/cmake /home/hvakil/ros2_ws/src/neato_packages/neato2_interfaces -DAMENT_CMAKE_SYMLINK_INSTALL=1 -DCMAKE_INSTALL_PREFIX=/home/hvakil/ros2_ws/install/neato2_interfaces
[0.164s] -- Found ament_cmake: 1.3.3 (/opt/ros/humble/share/ament_cmake/cmake)
[0.165s] -- Configuring incomplete, errors occurred!
[0.165s] See also "/home/hvakil/ros2_ws/build/neato2_interfaces/CMakeFiles/CMakeOutput.log".
[0.165s] Traceback (most recent call last):
[0.165s]   File "/opt/ros/humble/share/ament_cmake_core/cmake/package_templates/templates_2_cmake.py", line 21, in <module>
[0.166s]     from ament_package.templates import get_environment_hook_template_path
[0.167s] ModuleNotFoundError: No module named 'ament_package'
[0.167s] [31mCMake Error at /opt/ros/humble/share/ament_cmake_core/cmake/ament_cmake_package_templates-extras.cmake:41 (message):
[0.167s]   execute_process(/usr/bin/python3.10
[0.167s]   /opt/ros/humble/share/ament_cmake_core/cmake/package_templates/templates_2_cmake.py
[0.167s]   /home/hvakil/ros2_ws/build/neato2_interfaces/ament_cmake_package_templates/templates.cmake)
[0.167s]   returned error code 1
[0.167s] Call Stack (most recent call first):
[0.167s]   /opt/ros/humble/share/ament_cmake_core/cmake/ament_cmake_coreConfig.cmake:41 (include)
[0.167s]   /opt/ros/humble/share/ament_cmake/cmake/ament_cmake_export_dependencies-extras.cmake:15 (find_package)
[0.168s]   /opt/ros/humble/share/ament_cmake/cmake/ament_cmakeConfig.cmake:41 (include)
[0.168s]   CMakeLists.txt:19 (find_package)
[0.168s] 
[0.168s] [0m
[0.170s] Invoked command in '/home/hvakil/ros2_ws/build/neato2_interfaces' returned '1': /usr/bin/cmake /home/hvakil/ros2_ws/src/neato_packages/neato2_interfaces -DAMENT_CMAKE_SYMLINK_INSTALL=1 -DCMAKE_INSTALL_PREFIX=/home/hvakil/ros2_ws/install/neato2_interfaces
