[1.210s] Invoking command in '/home/hvakil/ros2_ws/build/write_to_tractor': PYTHONPATH=/home/hvakil/ros2_ws/build/write_to_tractor/prefix_override:/home/hvakil/ros2_ws/install/write_to_tractor/lib/python3.10/site-packages:${PYTHONPATH} /usr/bin/python3 setup.py develop --editable --build-directory /home/hvakil/ros2_ws/build/write_to_tractor/build --no-deps install_data
[1.659s] /usr/lib/python3/dist-packages/setuptools/dist.py:723: UserWarning: Usage of dash-separated 'script-dir' will not be supported in future versions. Please use the underscore name 'script_dir' instead
[1.659s]   warnings.warn(
[1.705s] running develop
[1.706s] /usr/lib/python3/dist-packages/setuptools/command/easy_install.py:158: EasyInstallDeprecationWarning: easy_install command is deprecated. Use build and pip and other standards-based tools.
[1.706s]   warnings.warn(
[1.707s] /usr/lib/python3/dist-packages/setuptools/command/install.py:34: SetuptoolsDeprecationWarning: setup.py install is deprecated. Use build and pip and other standards-based tools.
[1.707s]   warnings.warn(
[1.800s] /usr/lib/python3/dist-packages/pkg_resources/__init__.py:116: PkgResourcesDeprecationWarning: 1.16.0-unknown is an invalid version and will not be supported in a future release
[1.800s]   warnings.warn(
[1.800s] /usr/lib/python3/dist-packages/pkg_resources/__init__.py:116: PkgResourcesDeprecationWarning: 0.1.43ubuntu1 is an invalid version and will not be supported in a future release
[1.800s]   warnings.warn(
[1.800s] /usr/lib/python3/dist-packages/pkg_resources/__init__.py:116: PkgResourcesDeprecationWarning: 1.1build1 is an invalid version and will not be supported in a future release
[1.800s]   warnings.warn(
[1.964s] running egg_info
[1.964s] writing write_to_tractor.egg-info/PKG-INFO
[1.964s] writing dependency_links to write_to_tractor.egg-info/dependency_links.txt
[1.964s] writing entry points to write_to_tractor.egg-info/entry_points.txt
[1.965s] writing requirements to write_to_tractor.egg-info/requires.txt
[1.965s] writing top-level names to write_to_tractor.egg-info/top_level.txt
[1.971s] reading manifest file 'write_to_tractor.egg-info/SOURCES.txt'
[1.972s] writing manifest file 'write_to_tractor.egg-info/SOURCES.txt'
[1.977s] running build_ext
[1.977s] Creating /home/hvakil/ros2_ws/install/write_to_tractor/lib/python3.10/site-packages/write-to-tractor.egg-link (link to .)
[1.978s] Installing tractor_writer script to /home/hvakil/ros2_ws/install/write_to_tractor/lib/write_to_tractor
[1.978s] 
[1.978s] Installed /home/hvakil/ros2_ws/build/write_to_tractor
[1.979s] running install_data
[2.006s] Invoked command in '/home/hvakil/ros2_ws/build/write_to_tractor' returned '0': PYTHONPATH=/home/hvakil/ros2_ws/build/write_to_tractor/prefix_override:/home/hvakil/ros2_ws/install/write_to_tractor/lib/python3.10/site-packages:${PYTHONPATH} /usr/bin/python3 setup.py develop --editable --build-directory /home/hvakil/ros2_ws/build/write_to_tractor/build --no-deps install_data
