[0.009s] Invoking command in '/home/hvakil/ros2_ws/build/neato2_interfaces': /usr/bin/cmake /home/hvakil/ros2_ws/src/neato_packages/neato2_interfaces -DAMENT_CMAKE_SYMLINK_INSTALL=1 -DCMAKE_INSTALL_PREFIX=/home/hvakil/ros2_ws/install/neato2_interfaces
[0.042s] -- The C compiler identification is GNU 11.3.0
[0.077s] -- The CXX compiler identification is GNU 11.3.0
[0.081s] -- Detecting C compiler ABI info
[0.122s] -- Detecting C compiler ABI info - done
[0.127s] -- Check for working C compiler: /usr/bin/cc - skipped
[0.127s] -- Detecting C compile features
[0.127s] -- Detecting C compile features - done
[0.129s] -- Detecting CXX compiler ABI info
[0.177s] -- Detecting CXX compiler ABI info - done
[0.182s] -- Check for working CXX compiler: /usr/bin/c++ - skipped
[0.183s] -- Detecting CXX compile features
[0.183s] -- Detecting CXX compile features - done
[0.189s] [31mCMake Error at CMakeLists.txt:19 (find_package):
[0.189s]   By not providing "Findament_cmake.cmake" in CMAKE_MODULE_PATH this project
[0.189s]   has asked CMake to find a package configuration file provided by
[0.189s]   "ament_cmake", but CMake did not find one.
[0.189s] 
[0.189s]   Could not find a package configuration file provided by "ament_cmake" with
[0.189s]   any of the following names:
[0.189s] 
[0.189s]     ament_cmakeConfig.cmake
[0.189s]     ament_cmake-config.cmake
[0.189s] 
[0.189s]   Add the installation prefix of "ament_cmake" to CMAKE_PREFIX_PATH or set
[0.189s]   "ament_cmake_DIR" to a directory containing one of the above files.  If
[0.189s]   "ament_cmake" provides a separate development package or SDK, be sure it
[0.189s]   has been installed.
[0.189s] 
[0.189s] [0m
[0.189s] -- Configuring incomplete, errors occurred!
[0.189s] See also "/home/hvakil/ros2_ws/build/neato2_interfaces/CMakeFiles/CMakeOutput.log".
[0.191s] Invoked command in '/home/hvakil/ros2_ws/build/neato2_interfaces' returned '1': /usr/bin/cmake /home/hvakil/ros2_ws/src/neato_packages/neato2_interfaces -DAMENT_CMAKE_SYMLINK_INSTALL=1 -DCMAKE_INSTALL_PREFIX=/home/hvakil/ros2_ws/install/neato2_interfaces
