running develop
running egg_info
creating arduino_ros.egg-info
writing arduino_ros.egg-info/PKG-INFO
writing dependency_links to arduino_ros.egg-info/dependency_links.txt
writing entry points to arduino_ros.egg-info/entry_points.txt
writing requirements to arduino_ros.egg-info/requires.txt
writing top-level names to arduino_ros.egg-info/top_level.txt
writing manifest file 'arduino_ros.egg-info/SOURCES.txt'
reading manifest file 'arduino_ros.egg-info/SOURCES.txt'
writing manifest file 'arduino_ros.egg-info/SOURCES.txt'
running build_ext
Creating /home/hvakil/ros2_ws/src/install/arduino_ros/lib/python3.10/site-packages/arduino-ros.egg-link (link to .)
Installing TreadWriter script to /home/hvakil/ros2_ws/src/install/arduino_ros/lib/arduino_ros

Installed /home/hvakil/ros2_ws/src/build/arduino_ros
running install_data
creating /home/hvakil/ros2_ws/src/install/arduino_ros/share/ament_index
creating /home/hvakil/ros2_ws/src/install/arduino_ros/share/ament_index/resource_index
creating /home/hvakil/ros2_ws/src/install/arduino_ros/share/ament_index/resource_index/packages
copying resource/arduino_ros -> /home/hvakil/ros2_ws/src/install/arduino_ros/share/ament_index/resource_index/packages
copying package.xml -> /home/hvakil/ros2_ws/src/install/arduino_ros/share/arduino_ros
