[2.314s] Invoking command in '/home/hvakil/ros2_ws/build/my_package': PYTHONPATH=/home/hvakil/ros2_ws/build/my_package/prefix_override:/home/hvakil/ros2_ws/install/my_package/lib/python3.10/site-packages:${PYTHONPATH} /usr/bin/python3 setup.py develop --editable --build-directory /home/hvakil/ros2_ws/build/my_package/build --no-deps install_data
[2.819s] running develop
[2.820s] /usr/lib/python3/dist-packages/setuptools/command/easy_install.py:158: EasyInstallDeprecationWarning: easy_install command is deprecated. Use build and pip and other standards-based tools.
[2.820s]   warnings.warn(
[2.821s] /usr/lib/python3/dist-packages/setuptools/command/install.py:34: SetuptoolsDeprecationWarning: setup.py install is deprecated. Use build and pip and other standards-based tools.
[2.821s]   warnings.warn(
[2.923s] /usr/lib/python3/dist-packages/pkg_resources/__init__.py:116: PkgResourcesDeprecationWarning: 1.16.0-unknown is an invalid version and will not be supported in a future release
[2.923s]   warnings.warn(
[2.924s] /usr/lib/python3/dist-packages/pkg_resources/__init__.py:116: PkgResourcesDeprecationWarning: 0.1.43ubuntu1 is an invalid version and will not be supported in a future release
[2.924s]   warnings.warn(
[2.924s] /usr/lib/python3/dist-packages/pkg_resources/__init__.py:116: PkgResourcesDeprecationWarning: 1.1build1 is an invalid version and will not be supported in a future release
[2.924s]   warnings.warn(
[3.117s] running egg_info
[3.117s] writing my_package.egg-info/PKG-INFO
[3.118s] writing dependency_links to my_package.egg-info/dependency_links.txt
[3.118s] writing entry points to my_package.egg-info/entry_points.txt
[3.118s] writing requirements to my_package.egg-info/requires.txt
[3.118s] writing top-level names to my_package.egg-info/top_level.txt
[3.125s] reading manifest file 'my_package.egg-info/SOURCES.txt'
[3.126s] writing manifest file 'my_package.egg-info/SOURCES.txt'
[3.135s] running build_ext
[3.135s] Creating /home/hvakil/ros2_ws/install/my_package/lib/python3.10/site-packages/my-package.egg-link (link to .)
[3.135s] Installing my_node script to /home/hvakil/ros2_ws/install/my_package/lib/my_package
[3.135s] 
[3.135s] Installed /home/hvakil/ros2_ws/build/my_package
[3.135s] running install_data
[3.169s] Invoked command in '/home/hvakil/ros2_ws/build/my_package' returned '0': PYTHONPATH=/home/hvakil/ros2_ws/build/my_package/prefix_override:/home/hvakil/ros2_ws/install/my_package/lib/python3.10/site-packages:${PYTHONPATH} /usr/bin/python3 setup.py develop --editable --build-directory /home/hvakil/ros2_ws/build/my_package/build --no-deps install_data
