[1.006s] DEBUG:colcon:Command line arguments: ['/usr/bin/colcon', 'build', '--symlink-install']
[1.006s] DEBUG:colcon:Parsed command line arguments: Namespace(log_base=None, log_level=None, verb_name='build', build_base='build', install_base='install', merge_install=False, symlink_install=True, test_result_base=None, continue_on_error=False, executor='parallel', parallel_workers=12, event_handlers=None, ignore_user_meta=False, metas=['./colcon.meta'], base_paths=['.'], packages_ignore=None, packages_ignore_regex=None, paths=None, packages_up_to=None, packages_up_to_regex=None, packages_above=None, packages_above_and_dependencies=None, packages_above_depth=None, packages_select_by_dep=None, packages_skip_by_dep=None, packages_skip_up_to=None, packages_select_build_failed=False, packages_skip_build_finished=False, packages_select_test_failures=False, packages_skip_test_passed=False, packages_select=None, packages_skip=None, packages_select_regex=None, packages_skip_regex=None, packages_start=None, packages_end=None, allow_overriding=[], cmake_args=None, cmake_target=None, cmake_target_skip_unavailable=False, cmake_clean_cache=False, cmake_clean_first=False, cmake_force_configure=False, ament_cmake_args=None, catkin_cmake_args=None, catkin_skip_building_tests=False, verb_parser=<colcon_defaults.argument_parser.defaults.DefaultArgumentsDecorator object at 0x7febedda4e80>, verb_extension=<colcon_core.verb.build.BuildVerb object at 0x7febee588820>, main=<bound method BuildVerb.main of <colcon_core.verb.build.BuildVerb object at 0x7febee588820>>)
[1.092s] Level 1:colcon.colcon_core.package_discovery:discover_packages(colcon_meta) check parameters
[1.092s] Level 1:colcon.colcon_core.package_discovery:discover_packages(recursive) check parameters
[1.092s] Level 1:colcon.colcon_core.package_discovery:discover_packages(ignore) check parameters
[1.092s] Level 1:colcon.colcon_core.package_discovery:discover_packages(path) check parameters
[1.092s] Level 1:colcon.colcon_core.package_discovery:discover_packages(colcon_meta) discover
[1.092s] Level 1:colcon.colcon_core.package_discovery:discover_packages(recursive) discover
[1.092s] INFO:colcon.colcon_core.package_discovery:Crawling recursively for packages in '/home/hvakil/src/Olin_Robotics_Gator_Research/tractor/ros2_ws'
[1.092s] Level 1:colcon.colcon_core.package_identification:_identify(.) by extensions ['ignore', 'ignore_ament_install']
[1.093s] Level 1:colcon.colcon_core.package_identification:_identify(.) by extension 'ignore'
[1.093s] Level 1:colcon.colcon_core.package_identification:_identify(.) by extension 'ignore_ament_install'
[1.093s] Level 1:colcon.colcon_core.package_identification:_identify(.) by extensions ['colcon_pkg']
[1.093s] Level 1:colcon.colcon_core.package_identification:_identify(.) by extension 'colcon_pkg'
[1.093s] Level 1:colcon.colcon_core.package_identification:_identify(.) by extensions ['colcon_meta']
[1.093s] Level 1:colcon.colcon_core.package_identification:_identify(.) by extension 'colcon_meta'
[1.093s] Level 1:colcon.colcon_core.package_identification:_identify(.) by extensions ['ros']
[1.093s] Level 1:colcon.colcon_core.package_identification:_identify(.) by extension 'ros'
[1.114s] Level 1:colcon.colcon_core.package_identification:_identify(.) by extensions ['cmake', 'python']
[1.114s] Level 1:colcon.colcon_core.package_identification:_identify(.) by extension 'cmake'
[1.114s] Level 1:colcon.colcon_core.package_identification:_identify(.) by extension 'python'
[1.114s] Level 1:colcon.colcon_core.package_identification:_identify(.) by extensions ['python_setup_py']
[1.114s] Level 1:colcon.colcon_core.package_identification:_identify(.) by extension 'python_setup_py'
[1.115s] Level 1:colcon.colcon_core.package_identification:_identify(build) by extensions ['ignore', 'ignore_ament_install']
[1.115s] Level 1:colcon.colcon_core.package_identification:_identify(build) by extension 'ignore'
[1.115s] Level 1:colcon.colcon_core.package_identification:_identify(build) ignored
[1.115s] Level 1:colcon.colcon_core.package_identification:_identify(install) by extensions ['ignore', 'ignore_ament_install']
[1.115s] Level 1:colcon.colcon_core.package_identification:_identify(install) by extension 'ignore'
[1.115s] Level 1:colcon.colcon_core.package_identification:_identify(install) ignored
[1.115s] Level 1:colcon.colcon_core.package_identification:_identify(log) by extensions ['ignore', 'ignore_ament_install']
[1.115s] Level 1:colcon.colcon_core.package_identification:_identify(log) by extension 'ignore'
[1.115s] Level 1:colcon.colcon_core.package_identification:_identify(log) ignored
[1.116s] Level 1:colcon.colcon_core.package_identification:_identify(src) by extensions ['ignore', 'ignore_ament_install']
[1.116s] Level 1:colcon.colcon_core.package_identification:_identify(src) by extension 'ignore'
[1.116s] Level 1:colcon.colcon_core.package_identification:_identify(src) by extension 'ignore_ament_install'
[1.116s] Level 1:colcon.colcon_core.package_identification:_identify(src) by extensions ['colcon_pkg']
[1.116s] Level 1:colcon.colcon_core.package_identification:_identify(src) by extension 'colcon_pkg'
[1.116s] Level 1:colcon.colcon_core.package_identification:_identify(src) by extensions ['colcon_meta']
[1.116s] Level 1:colcon.colcon_core.package_identification:_identify(src) by extension 'colcon_meta'
[1.116s] Level 1:colcon.colcon_core.package_identification:_identify(src) by extensions ['ros']
[1.116s] Level 1:colcon.colcon_core.package_identification:_identify(src) by extension 'ros'
[1.116s] Level 1:colcon.colcon_core.package_identification:_identify(src) by extensions ['cmake', 'python']
[1.116s] Level 1:colcon.colcon_core.package_identification:_identify(src) by extension 'cmake'
[1.116s] Level 1:colcon.colcon_core.package_identification:_identify(src) by extension 'python'
[1.116s] Level 1:colcon.colcon_core.package_identification:_identify(src) by extensions ['python_setup_py']
[1.116s] Level 1:colcon.colcon_core.package_identification:_identify(src) by extension 'python_setup_py'
[1.117s] Level 1:colcon.colcon_core.package_identification:_identify(src/build) by extensions ['ignore', 'ignore_ament_install']
[1.117s] Level 1:colcon.colcon_core.package_identification:_identify(src/build) by extension 'ignore'
[1.117s] Level 1:colcon.colcon_core.package_identification:_identify(src/build) ignored
[1.117s] Level 1:colcon.colcon_core.package_identification:_identify(src/install) by extensions ['ignore', 'ignore_ament_install']
[1.117s] Level 1:colcon.colcon_core.package_identification:_identify(src/install) by extension 'ignore'
[1.117s] Level 1:colcon.colcon_core.package_identification:_identify(src/install) ignored
[1.117s] Level 1:colcon.colcon_core.package_identification:_identify(src/log) by extensions ['ignore', 'ignore_ament_install']
[1.117s] Level 1:colcon.colcon_core.package_identification:_identify(src/log) by extension 'ignore'
[1.117s] Level 1:colcon.colcon_core.package_identification:_identify(src/log) ignored
[1.118s] Level 1:colcon.colcon_core.package_identification:_identify(src/my_package) by extensions ['ignore', 'ignore_ament_install']
[1.118s] Level 1:colcon.colcon_core.package_identification:_identify(src/my_package) by extension 'ignore'
[1.118s] Level 1:colcon.colcon_core.package_identification:_identify(src/my_package) by extension 'ignore_ament_install'
[1.118s] Level 1:colcon.colcon_core.package_identification:_identify(src/my_package) by extensions ['colcon_pkg']
[1.118s] Level 1:colcon.colcon_core.package_identification:_identify(src/my_package) by extension 'colcon_pkg'
[1.118s] Level 1:colcon.colcon_core.package_identification:_identify(src/my_package) by extensions ['colcon_meta']
[1.118s] Level 1:colcon.colcon_core.package_identification:_identify(src/my_package) by extension 'colcon_meta'
[1.118s] Level 1:colcon.colcon_core.package_identification:_identify(src/my_package) by extensions ['ros']
[1.118s] Level 1:colcon.colcon_core.package_identification:_identify(src/my_package) by extension 'ros'
[1.122s] DEBUG:colcon.colcon_core.package_identification:Package 'src/my_package' with type 'ros.ament_python' and name 'my_package'
[1.122s] Level 1:colcon.colcon_core.package_identification:_identify(src/urg_node2) by extensions ['ignore', 'ignore_ament_install']
[1.122s] Level 1:colcon.colcon_core.package_identification:_identify(src/urg_node2) by extension 'ignore'
[1.122s] Level 1:colcon.colcon_core.package_identification:_identify(src/urg_node2) by extension 'ignore_ament_install'
[1.122s] Level 1:colcon.colcon_core.package_identification:_identify(src/urg_node2) by extensions ['colcon_pkg']
[1.122s] Level 1:colcon.colcon_core.package_identification:_identify(src/urg_node2) by extension 'colcon_pkg'
[1.122s] Level 1:colcon.colcon_core.package_identification:_identify(src/urg_node2) by extensions ['colcon_meta']
[1.123s] Level 1:colcon.colcon_core.package_identification:_identify(src/urg_node2) by extension 'colcon_meta'
[1.123s] Level 1:colcon.colcon_core.package_identification:_identify(src/urg_node2) by extensions ['ros']
[1.123s] Level 1:colcon.colcon_core.package_identification:_identify(src/urg_node2) by extension 'ros'
[1.124s] DEBUG:colcon.colcon_core.package_identification:Package 'src/urg_node2' with type 'ros.ament_cmake' and name 'urg_node2'
[1.124s] Level 1:colcon.colcon_core.package_identification:_identify(src/write_to_tractor) by extensions ['ignore', 'ignore_ament_install']
[1.124s] Level 1:colcon.colcon_core.package_identification:_identify(src/write_to_tractor) by extension 'ignore'
[1.124s] Level 1:colcon.colcon_core.package_identification:_identify(src/write_to_tractor) by extension 'ignore_ament_install'
[1.125s] Level 1:colcon.colcon_core.package_identification:_identify(src/write_to_tractor) by extensions ['colcon_pkg']
[1.125s] Level 1:colcon.colcon_core.package_identification:_identify(src/write_to_tractor) by extension 'colcon_pkg'
[1.125s] Level 1:colcon.colcon_core.package_identification:_identify(src/write_to_tractor) by extensions ['colcon_meta']
[1.125s] Level 1:colcon.colcon_core.package_identification:_identify(src/write_to_tractor) by extension 'colcon_meta'
[1.125s] Level 1:colcon.colcon_core.package_identification:_identify(src/write_to_tractor) by extensions ['ros']
[1.125s] Level 1:colcon.colcon_core.package_identification:_identify(src/write_to_tractor) by extension 'ros'
[1.125s] DEBUG:colcon.colcon_core.package_identification:Package 'src/write_to_tractor' with type 'ros.ament_python' and name 'write_to_tractor'
[1.125s] Level 1:colcon.colcon_core.package_discovery:discover_packages(recursive) using defaults
[1.126s] Level 1:colcon.colcon_core.package_discovery:discover_packages(ignore) discover
[1.126s] Level 1:colcon.colcon_core.package_discovery:discover_packages(ignore) using defaults
[1.126s] Level 1:colcon.colcon_core.package_discovery:discover_packages(path) discover
[1.126s] Level 1:colcon.colcon_core.package_discovery:discover_packages(path) using defaults
[1.212s] Level 1:colcon.colcon_core.package_discovery:discover_packages(prefix_path) check parameters
[1.212s] Level 1:colcon.colcon_core.package_discovery:discover_packages(prefix_path) discover
[1.242s] DEBUG:colcon.colcon_installed_package_information.package_discovery:Found 8 installed packages in /home/hvakil/src/Olin_Robotics_Gator_Research/tractor/ros2_ws/install
[1.254s] DEBUG:colcon.colcon_installed_package_information.package_discovery:Found 343 installed packages in /home/hvakil/ros2_humble/install
[1.271s] DEBUG:colcon.colcon_installed_package_information.package_discovery:Found 343 installed packages in /home/hvakil/ros2_humble/install/
[1.277s] DEBUG:colcon.colcon_installed_package_information.package_discovery:Found 8 installed packages in /home/hvakil/ros2_ws/install
[1.279s] DEBUG:colcon.colcon_installed_package_information.package_discovery:Found 82 installed packages in /opt/ros/humble
[1.285s] Level 1:colcon.colcon_core.package_discovery:discover_packages(prefix_path) using defaults
[1.639s] Level 5:colcon.colcon_core.verb:set package 'my_package' build argument 'cmake_args' from command line to 'None'
[1.639s] Level 5:colcon.colcon_core.verb:set package 'my_package' build argument 'cmake_target' from command line to 'None'
[1.639s] Level 5:colcon.colcon_core.verb:set package 'my_package' build argument 'cmake_target_skip_unavailable' from command line to 'False'
[1.639s] Level 5:colcon.colcon_core.verb:set package 'my_package' build argument 'cmake_clean_cache' from command line to 'False'
[1.639s] Level 5:colcon.colcon_core.verb:set package 'my_package' build argument 'cmake_clean_first' from command line to 'False'
[1.639s] Level 5:colcon.colcon_core.verb:set package 'my_package' build argument 'cmake_force_configure' from command line to 'False'
[1.640s] Level 5:colcon.colcon_core.verb:set package 'my_package' build argument 'ament_cmake_args' from command line to 'None'
[1.640s] Level 5:colcon.colcon_core.verb:set package 'my_package' build argument 'catkin_cmake_args' from command line to 'None'
[1.640s] Level 5:colcon.colcon_core.verb:set package 'my_package' build argument 'catkin_skip_building_tests' from command line to 'False'
[1.640s] DEBUG:colcon.colcon_core.verb:Building package 'my_package' with the following arguments: {'ament_cmake_args': None, 'build_base': '/home/hvakil/src/Olin_Robotics_Gator_Research/tractor/ros2_ws/build/my_package', 'catkin_cmake_args': None, 'catkin_skip_building_tests': False, 'cmake_args': None, 'cmake_clean_cache': False, 'cmake_clean_first': False, 'cmake_force_configure': False, 'cmake_target': None, 'cmake_target_skip_unavailable': False, 'install_base': '/home/hvakil/src/Olin_Robotics_Gator_Research/tractor/ros2_ws/install/my_package', 'merge_install': False, 'path': '/home/hvakil/src/Olin_Robotics_Gator_Research/tractor/ros2_ws/src/my_package', 'symlink_install': True, 'test_result_base': None}
[1.644s] Level 5:colcon.colcon_core.verb:set package 'urg_node2' build argument 'cmake_args' from command line to 'None'
[1.644s] Level 5:colcon.colcon_core.verb:set package 'urg_node2' build argument 'cmake_target' from command line to 'None'
[1.644s] Level 5:colcon.colcon_core.verb:set package 'urg_node2' build argument 'cmake_target_skip_unavailable' from command line to 'False'
[1.645s] Level 5:colcon.colcon_core.verb:set package 'urg_node2' build argument 'cmake_clean_cache' from command line to 'False'
[1.645s] Level 5:colcon.colcon_core.verb:set package 'urg_node2' build argument 'cmake_clean_first' from command line to 'False'
[1.645s] Level 5:colcon.colcon_core.verb:set package 'urg_node2' build argument 'cmake_force_configure' from command line to 'False'
[1.645s] Level 5:colcon.colcon_core.verb:set package 'urg_node2' build argument 'ament_cmake_args' from command line to 'None'
[1.645s] Level 5:colcon.colcon_core.verb:set package 'urg_node2' build argument 'catkin_cmake_args' from command line to 'None'
[1.645s] Level 5:colcon.colcon_core.verb:set package 'urg_node2' build argument 'catkin_skip_building_tests' from command line to 'False'
[1.645s] DEBUG:colcon.colcon_core.verb:Building package 'urg_node2' with the following arguments: {'ament_cmake_args': None, 'build_base': '/home/hvakil/src/Olin_Robotics_Gator_Research/tractor/ros2_ws/build/urg_node2', 'catkin_cmake_args': None, 'catkin_skip_building_tests': False, 'cmake_args': None, 'cmake_clean_cache': False, 'cmake_clean_first': False, 'cmake_force_configure': False, 'cmake_target': None, 'cmake_target_skip_unavailable': False, 'install_base': '/home/hvakil/src/Olin_Robotics_Gator_Research/tractor/ros2_ws/install/urg_node2', 'merge_install': False, 'path': '/home/hvakil/src/Olin_Robotics_Gator_Research/tractor/ros2_ws/src/urg_node2', 'symlink_install': True, 'test_result_base': None}
[1.648s] Level 5:colcon.colcon_core.verb:set package 'write_to_tractor' build argument 'cmake_args' from command line to 'None'
[1.648s] Level 5:colcon.colcon_core.verb:set package 'write_to_tractor' build argument 'cmake_target' from command line to 'None'
[1.648s] Level 5:colcon.colcon_core.verb:set package 'write_to_tractor' build argument 'cmake_target_skip_unavailable' from command line to 'False'
[1.648s] Level 5:colcon.colcon_core.verb:set package 'write_to_tractor' build argument 'cmake_clean_cache' from command line to 'False'
[1.648s] Level 5:colcon.colcon_core.verb:set package 'write_to_tractor' build argument 'cmake_clean_first' from command line to 'False'
[1.648s] Level 5:colcon.colcon_core.verb:set package 'write_to_tractor' build argument 'cmake_force_configure' from command line to 'False'
[1.648s] Level 5:colcon.colcon_core.verb:set package 'write_to_tractor' build argument 'ament_cmake_args' from command line to 'None'
[1.648s] Level 5:colcon.colcon_core.verb:set package 'write_to_tractor' build argument 'catkin_cmake_args' from command line to 'None'
[1.648s] Level 5:colcon.colcon_core.verb:set package 'write_to_tractor' build argument 'catkin_skip_building_tests' from command line to 'False'
[1.648s] DEBUG:colcon.colcon_core.verb:Building package 'write_to_tractor' with the following arguments: {'ament_cmake_args': None, 'build_base': '/home/hvakil/src/Olin_Robotics_Gator_Research/tractor/ros2_ws/build/write_to_tractor', 'catkin_cmake_args': None, 'catkin_skip_building_tests': False, 'cmake_args': None, 'cmake_clean_cache': False, 'cmake_clean_first': False, 'cmake_force_configure': False, 'cmake_target': None, 'cmake_target_skip_unavailable': False, 'install_base': '/home/hvakil/src/Olin_Robotics_Gator_Research/tractor/ros2_ws/install/write_to_tractor', 'merge_install': False, 'path': '/home/hvakil/src/Olin_Robotics_Gator_Research/tractor/ros2_ws/src/write_to_tractor', 'symlink_install': True, 'test_result_base': None}
[1.650s] INFO:colcon.colcon_core.executor:Executing jobs using 'parallel' executor
[1.657s] DEBUG:colcon.colcon_parallel_executor.executor.parallel:run_until_complete
[1.658s] INFO:colcon.colcon_ros.task.ament_python.build:Building ROS package in '/home/hvakil/src/Olin_Robotics_Gator_Research/tractor/ros2_ws/src/my_package' with build type 'ament_python'
[1.658s] Level 1:colcon.colcon_core.shell:create_environment_hook('my_package', 'ament_prefix_path')
[1.672s] INFO:colcon.colcon_core.plugin_system:Skipping extension 'colcon_core.shell.bat': Not used on non-Windows systems
[1.673s] INFO:colcon.colcon_core.shell:Creating environment hook '/home/hvakil/src/Olin_Robotics_Gator_Research/tractor/ros2_ws/install/my_package/share/my_package/hook/ament_prefix_path.ps1'
[1.674s] INFO:colcon.colcon_core.shell:Creating environment descriptor '/home/hvakil/src/Olin_Robotics_Gator_Research/tractor/ros2_ws/install/my_package/share/my_package/hook/ament_prefix_path.dsv'
[1.674s] INFO:colcon.colcon_core.shell:Creating environment hook '/home/hvakil/src/Olin_Robotics_Gator_Research/tractor/ros2_ws/install/my_package/share/my_package/hook/ament_prefix_path.sh'
[1.680s] INFO:colcon.colcon_core.shell:Skip shell extension 'powershell' for command environment: Not usable outside of PowerShell
[1.680s] DEBUG:colcon.colcon_core.shell:Skip shell extension 'dsv' for command environment
[1.734s] INFO:colcon.colcon_ros.task.ament_cmake.build:Building ROS package in '/home/hvakil/src/Olin_Robotics_Gator_Research/tractor/ros2_ws/src/urg_node2' with build type 'ament_cmake'
[1.734s] INFO:colcon.colcon_cmake.task.cmake.build:Building CMake package in '/home/hvakil/src/Olin_Robotics_Gator_Research/tractor/ros2_ws/src/urg_node2'
[1.737s] INFO:colcon.colcon_core.shell:Skip shell extension 'powershell' for command environment: Not usable outside of PowerShell
[1.737s] DEBUG:colcon.colcon_core.shell:Skip shell extension 'dsv' for command environment
[1.793s] INFO:colcon.colcon_ros.task.ament_python.build:Building ROS package in '/home/hvakil/src/Olin_Robotics_Gator_Research/tractor/ros2_ws/src/write_to_tractor' with build type 'ament_python'
[1.794s] Level 1:colcon.colcon_core.shell:create_environment_hook('write_to_tractor', 'ament_prefix_path')
[1.797s] INFO:colcon.colcon_core.shell:Creating environment hook '/home/hvakil/src/Olin_Robotics_Gator_Research/tractor/ros2_ws/install/write_to_tractor/share/write_to_tractor/hook/ament_prefix_path.ps1'
[1.798s] INFO:colcon.colcon_core.shell:Creating environment descriptor '/home/hvakil/src/Olin_Robotics_Gator_Research/tractor/ros2_ws/install/write_to_tractor/share/write_to_tractor/hook/ament_prefix_path.dsv'
[1.799s] INFO:colcon.colcon_core.shell:Creating environment hook '/home/hvakil/src/Olin_Robotics_Gator_Research/tractor/ros2_ws/install/write_to_tractor/share/write_to_tractor/hook/ament_prefix_path.sh'
[1.803s] INFO:colcon.colcon_core.shell:Skip shell extension 'powershell' for command environment: Not usable outside of PowerShell
[1.803s] DEBUG:colcon.colcon_core.shell:Skip shell extension 'dsv' for command environment
[2.399s] INFO:colcon.colcon_core.task.python.build:Building Python package in '/home/hvakil/src/Olin_Robotics_Gator_Research/tractor/ros2_ws/src/my_package'
[2.402s] INFO:colcon.colcon_core.shell:Skip shell extension 'powershell' for command environment: Not usable outside of PowerShell
[2.402s] DEBUG:colcon.colcon_core.shell:Skip shell extension 'dsv' for command environment
[2.446s] DEBUG:colcon.colcon_core.event_handler.log_command:Invoking command in '/home/hvakil/src/Olin_Robotics_Gator_Research/tractor/ros2_ws/build/urg_node2': CMAKE_PREFIX_PATH=${CMAKE_PREFIX_PATH}:/home/hvakil/src/Olin_Robotics_Gator_Research/tractor/ros2_ws/install/write_to_tractor:/home/hvakil/src/Olin_Robotics_Gator_Research/tractor/ros2_ws/install/my_package:/home/hvakil/src/Olin_Robotics_Gator_Research/tractor/ros2_ws/install/look_for_person:/home/hvakil/ros2_ws/install/write_to_tractor:/home/hvakil/ros2_ws/install/my_package:/home/hvakil/ros2_ws/install/look_for_person:/opt/ros/humble:/home/hvakil/ros2_humble/install/rqt_bag_plugins:/home/hvakil/ros2_humble/install/rqt_bag:/home/hvakil/ros2_humble/install/ros2bag:/home/hvakil/ros2_humble/install/tracetools_test:/home/hvakil/ros2_humble/install/tracetools_launch:/home/hvakil/ros2_humble/install/topic_monitor:/home/hvakil/ros2_humble/install/tf2_tools:/home/hvakil/ros2_humble/install/examples_tf2_py:/home/hvakil/ros2_humble/install/tf2_ros_py:/home/hvakil/ros2_humble/install/sros2:/home/hvakil/ros2_humble/install/rqt_topic:/home/hvakil/ros2_humble/install/rqt_srv:/home/hvakil/ros2_humble/install/rqt_shell:/home/hvakil/ros2_humble/install/rqt_service_caller:/home/hvakil/ros2_humble/install/rqt_reconfigure:/home/hvakil/ros2_humble/install/rqt_py_console:/home/hvakil/ros2_humble/install/rqt_publisher:/home/hvakil/ros2_humble/install/rqt_plot:/home/hvakil/ros2_humble/install/rqt_action:/home/hvakil/ros2_humble/install/rqt_msg:/home/hvakil/ros2_humble/install/rqt_console:/home/hvakil/ros2_humble/install/rqt:/home/hvakil/ros2_humble/install/rqt_graph:/home/hvakil/ros2_humble/install/rqt_gui_py:/home/hvakil/ros2_humble/install/rqt_gui:/home/hvakil/ros2_humble/install/ros2trace:/home/hvakil/ros2_humble/install/ros2topic:/home/hvakil/ros2_humble/install/ros2test:/home/hvakil/ros2_humble/install/ros2component:/home/hvakil/ros2_humble/install/ros2param:/home/hvakil/ros2_humble/install/ros2lifecycle:/home/hvakil/ros2_humble/install/ros2service:/home/hvakil/ros2_humble/install/ros2run:/home/hvakil/ros2_humble/install/ros2launch:/home/hvakil/ros2_humble/install/ros2pkg:/home/hvakil/ros2_humble/install/ros2node:/home/hvakil/ros2_humble/install/ros2multicast:/home/hvakil/ros2_humble/install/ros2interface:/home/hvakil/ros2_humble/install/ros2doctor:/home/hvakil/ros2_humble/install/ros2action:/home/hvakil/ros2_humble/install/ros2cli:/home/hvakil/ros2_humble/install/quality_of_service_demo_py:/home/hvakil/ros2_humble/install/lifecycle_py:/home/hvakil/ros2_humble/install/launch_testing_ros:/home/hvakil/ros2_humble/install/launch_ros:/home/hvakil/ros2_humble/install/examples_rclpy_pointcloud_publisher:/home/hvakil/ros2_humble/install/examples_rclpy_minimal_subscriber:/home/hvakil/ros2_humble/install/examples_rclpy_minimal_service:/home/hvakil/ros2_humble/install/examples_rclpy_minimal_publisher:/home/hvakil/ros2_humble/install/examples_rclpy_minimal_client:/home/hvakil/ros2_humble/install/examples_rclpy_minimal_action_server:/home/hvakil/ros2_humble/install/examples_rclpy_minimal_action_client:/home/hvakil/ros2_humble/install/examples_rclpy_guard_conditions:/home/hvakil/ros2_humble/install/examples_rclpy_executors:/home/hvakil/ros2_humble/install/demo_nodes_py:/home/hvakil/ros2_humble/install/action_tutorials_py:/home/hvakil/ros2_humble/install/ament_uncrustify:/home/hvakil/ros2_humble/install/tracetools_trace:/home/hvakil/ros2_humble/install/tracetools_read:/home/hvakil/ros2_humble/install/test_tracetools_launch:/home/hvakil/ros2_humble/install/test_launch_ros:/home/hvakil/ros2_humble/install/sensor_msgs_py:/home/hvakil/ros2_humble/install/rpyutils:/home/hvakil/ros2_humble/install/rosidl_runtime_py:/home/hvakil/ros2_humble/install/rosidl_cli:/home/hvakil/ros2_humble/install/launch_pytest:/home/hvakil/ros2_humble/install/launch_testing:/home/hvakil/ros2_humble/install/launch_yaml:/home/hvakil/ros2_humble/install/launch_xml:/home/hvakil/ros2_humble/install/launch:/home/hvakil/ros2_humble/install/osrf_pycommon:/home/hvakil/ros2_humble/install/launch_testing_examples:/home/hvakil/ros2_humble/install/domain_coordinator:/home/hvakil/ros2_humble/install/ament_xmllint:/home/hvakil/ros2_humble/install/ament_pyflakes:/home/hvakil/ros2_humble/install/ament_pycodestyle:/home/hvakil/ros2_humble/install/ament_pep257:/home/hvakil/ros2_humble/install/ament_pclint:/home/hvakil/ros2_humble/install/ament_package:/home/hvakil/ros2_humble/install/ament_mypy:/home/hvakil/ros2_humble/install/ament_lint_cmake:/home/hvakil/ros2_humble/install/ament_flake8:/home/hvakil/ros2_humble/install/ament_copyright:/home/hvakil/ros2_humble/install/ament_lint:/home/hvakil/ros2_humble/install/ament_index_python:/home/hvakil/ros2_humble/install/ament_cpplint:/home/hvakil/ros2_humble/install/ament_cppcheck:/home/hvakil/ros2_humble/install/ament_clang_tidy:/home/hvakil/ros2_humble/install/ament_clang_format /usr/bin/cmake --build /home/hvakil/src/Olin_Robotics_Gator_Research/tractor/ros2_ws/build/urg_node2 -- -j12 -l12
[3.159s] INFO:colcon.colcon_core.task.python.build:Building Python package in '/home/hvakil/src/Olin_Robotics_Gator_Research/tractor/ros2_ws/src/write_to_tractor'
[3.163s] INFO:colcon.colcon_core.shell:Skip shell extension 'powershell' for command environment: Not usable outside of PowerShell
[3.164s] DEBUG:colcon.colcon_core.shell:Skip shell extension 'dsv' for command environment
[4.552s] DEBUG:colcon.colcon_core.event_handler.log_command:Invoking command in '/home/hvakil/src/Olin_Robotics_Gator_Research/tractor/ros2_ws/build/my_package': PYTHONPATH=/home/hvakil/src/Olin_Robotics_Gator_Research/tractor/ros2_ws/build/my_package/prefix_override:/home/hvakil/src/Olin_Robotics_Gator_Research/tractor/ros2_ws/install/my_package/lib/python3.10/site-packages:${PYTHONPATH} /usr/bin/python3 setup.py develop --editable --build-directory /home/hvakil/src/Olin_Robotics_Gator_Research/tractor/ros2_ws/build/my_package/build --no-deps install_data
[4.558s] DEBUG:colcon.colcon_core.event_handler.log_command:Invoking command in '/home/hvakil/src/Olin_Robotics_Gator_Research/tractor/ros2_ws/build/write_to_tractor': PYTHONPATH=/home/hvakil/src/Olin_Robotics_Gator_Research/tractor/ros2_ws/build/write_to_tractor/prefix_override:/home/hvakil/src/Olin_Robotics_Gator_Research/tractor/ros2_ws/install/write_to_tractor/lib/python3.10/site-packages:${PYTHONPATH} /usr/bin/python3 setup.py develop --editable --build-directory /home/hvakil/src/Olin_Robotics_Gator_Research/tractor/ros2_ws/build/write_to_tractor/build --no-deps install_data
[5.917s] Level 1:colcon.colcon_core.shell:create_environment_hook('write_to_tractor', 'pythonpath_develop')
[5.922s] INFO:colcon.colcon_core.shell:Creating environment hook '/home/hvakil/src/Olin_Robotics_Gator_Research/tractor/ros2_ws/build/write_to_tractor/share/write_to_tractor/hook/pythonpath_develop.ps1'
[5.922s] DEBUG:colcon.colcon_core.event_handler.log_command:Invoked command in '/home/hvakil/src/Olin_Robotics_Gator_Research/tractor/ros2_ws/build/write_to_tractor' returned '0': PYTHONPATH=/home/hvakil/src/Olin_Robotics_Gator_Research/tractor/ros2_ws/build/write_to_tractor/prefix_override:/home/hvakil/src/Olin_Robotics_Gator_Research/tractor/ros2_ws/install/write_to_tractor/lib/python3.10/site-packages:${PYTHONPATH} /usr/bin/python3 setup.py develop --editable --build-directory /home/hvakil/src/Olin_Robotics_Gator_Research/tractor/ros2_ws/build/write_to_tractor/build --no-deps install_data
[5.923s] INFO:colcon.colcon_core.shell:Creating environment descriptor '/home/hvakil/src/Olin_Robotics_Gator_Research/tractor/ros2_ws/build/write_to_tractor/share/write_to_tractor/hook/pythonpath_develop.dsv'
[5.923s] INFO:colcon.colcon_core.shell:Creating environment hook '/home/hvakil/src/Olin_Robotics_Gator_Research/tractor/ros2_ws/build/write_to_tractor/share/write_to_tractor/hook/pythonpath_develop.sh'
[5.943s] Level 1:colcon.colcon_core.environment:checking '/home/hvakil/src/Olin_Robotics_Gator_Research/tractor/ros2_ws/install/write_to_tractor' for CMake module files
[5.944s] Level 1:colcon.colcon_core.environment:checking '/home/hvakil/src/Olin_Robotics_Gator_Research/tractor/ros2_ws/install/write_to_tractor' for CMake config files
[5.944s] Level 1:colcon.colcon_core.environment:checking '/home/hvakil/src/Olin_Robotics_Gator_Research/tractor/ros2_ws/install/write_to_tractor/lib'
[5.944s] Level 1:colcon.colcon_core.environment:checking '/home/hvakil/src/Olin_Robotics_Gator_Research/tractor/ros2_ws/install/write_to_tractor/bin'
[5.945s] Level 1:colcon.colcon_core.environment:checking '/home/hvakil/src/Olin_Robotics_Gator_Research/tractor/ros2_ws/install/write_to_tractor/lib/pkgconfig/write_to_tractor.pc'
[5.945s] Level 1:colcon.colcon_core.environment:checking '/home/hvakil/src/Olin_Robotics_Gator_Research/tractor/ros2_ws/install/write_to_tractor/lib/python3.10/site-packages'
[5.945s] Level 1:colcon.colcon_core.shell:create_environment_hook('write_to_tractor', 'pythonpath')
[5.948s] INFO:colcon.colcon_core.shell:Creating environment hook '/home/hvakil/src/Olin_Robotics_Gator_Research/tractor/ros2_ws/install/write_to_tractor/share/write_to_tractor/hook/pythonpath.ps1'
[5.948s] INFO:colcon.colcon_core.shell:Creating environment descriptor '/home/hvakil/src/Olin_Robotics_Gator_Research/tractor/ros2_ws/install/write_to_tractor/share/write_to_tractor/hook/pythonpath.dsv'
[5.949s] INFO:colcon.colcon_core.shell:Creating environment hook '/home/hvakil/src/Olin_Robotics_Gator_Research/tractor/ros2_ws/install/write_to_tractor/share/write_to_tractor/hook/pythonpath.sh'
[5.949s] Level 1:colcon.colcon_core.environment:checking '/home/hvakil/src/Olin_Robotics_Gator_Research/tractor/ros2_ws/install/write_to_tractor/bin'
[5.949s] Level 1:colcon.colcon_core.environment:create_environment_scripts_only(write_to_tractor)
[5.953s] INFO:colcon.colcon_core.shell:Creating package script '/home/hvakil/src/Olin_Robotics_Gator_Research/tractor/ros2_ws/install/write_to_tractor/share/write_to_tractor/package.ps1'
[5.954s] INFO:colcon.colcon_core.shell:Creating package descriptor '/home/hvakil/src/Olin_Robotics_Gator_Research/tractor/ros2_ws/install/write_to_tractor/share/write_to_tractor/package.dsv'
[5.955s] INFO:colcon.colcon_core.shell:Creating package script '/home/hvakil/src/Olin_Robotics_Gator_Research/tractor/ros2_ws/install/write_to_tractor/share/write_to_tractor/package.sh'
[5.956s] INFO:colcon.colcon_core.shell:Creating package script '/home/hvakil/src/Olin_Robotics_Gator_Research/tractor/ros2_ws/install/write_to_tractor/share/write_to_tractor/package.bash'
[5.957s] INFO:colcon.colcon_core.shell:Creating package script '/home/hvakil/src/Olin_Robotics_Gator_Research/tractor/ros2_ws/install/write_to_tractor/share/write_to_tractor/package.zsh'
[5.958s] Level 1:colcon.colcon_core.environment:create_file_with_runtime_dependencies(/home/hvakil/src/Olin_Robotics_Gator_Research/tractor/ros2_ws/install/write_to_tractor/share/colcon-core/packages/write_to_tractor)
[5.959s] Level 1:colcon.colcon_core.shell:create_environment_hook('my_package', 'pythonpath_develop')
[5.963s] INFO:colcon.colcon_core.shell:Creating environment hook '/home/hvakil/src/Olin_Robotics_Gator_Research/tractor/ros2_ws/build/my_package/share/my_package/hook/pythonpath_develop.ps1'
[5.963s] DEBUG:colcon.colcon_core.event_handler.log_command:Invoked command in '/home/hvakil/src/Olin_Robotics_Gator_Research/tractor/ros2_ws/build/my_package' returned '0': PYTHONPATH=/home/hvakil/src/Olin_Robotics_Gator_Research/tractor/ros2_ws/build/my_package/prefix_override:/home/hvakil/src/Olin_Robotics_Gator_Research/tractor/ros2_ws/install/my_package/lib/python3.10/site-packages:${PYTHONPATH} /usr/bin/python3 setup.py develop --editable --build-directory /home/hvakil/src/Olin_Robotics_Gator_Research/tractor/ros2_ws/build/my_package/build --no-deps install_data
[5.964s] INFO:colcon.colcon_core.shell:Creating environment descriptor '/home/hvakil/src/Olin_Robotics_Gator_Research/tractor/ros2_ws/build/my_package/share/my_package/hook/pythonpath_develop.dsv'
[5.964s] INFO:colcon.colcon_core.shell:Creating environment hook '/home/hvakil/src/Olin_Robotics_Gator_Research/tractor/ros2_ws/build/my_package/share/my_package/hook/pythonpath_develop.sh'
[5.969s] Level 1:colcon.colcon_core.environment:checking '/home/hvakil/src/Olin_Robotics_Gator_Research/tractor/ros2_ws/install/my_package' for CMake module files
[5.970s] Level 1:colcon.colcon_core.environment:checking '/home/hvakil/src/Olin_Robotics_Gator_Research/tractor/ros2_ws/install/my_package' for CMake config files
[5.970s] Level 1:colcon.colcon_core.environment:checking '/home/hvakil/src/Olin_Robotics_Gator_Research/tractor/ros2_ws/install/my_package/lib'
[5.970s] Level 1:colcon.colcon_core.environment:checking '/home/hvakil/src/Olin_Robotics_Gator_Research/tractor/ros2_ws/install/my_package/bin'
[5.970s] Level 1:colcon.colcon_core.environment:checking '/home/hvakil/src/Olin_Robotics_Gator_Research/tractor/ros2_ws/install/my_package/lib/pkgconfig/my_package.pc'
[5.971s] Level 1:colcon.colcon_core.environment:checking '/home/hvakil/src/Olin_Robotics_Gator_Research/tractor/ros2_ws/install/my_package/lib/python3.10/site-packages'
[5.971s] Level 1:colcon.colcon_core.shell:create_environment_hook('my_package', 'pythonpath')
[5.974s] INFO:colcon.colcon_core.shell:Creating environment hook '/home/hvakil/src/Olin_Robotics_Gator_Research/tractor/ros2_ws/install/my_package/share/my_package/hook/pythonpath.ps1'
[5.975s] INFO:colcon.colcon_core.shell:Creating environment descriptor '/home/hvakil/src/Olin_Robotics_Gator_Research/tractor/ros2_ws/install/my_package/share/my_package/hook/pythonpath.dsv'
[5.975s] INFO:colcon.colcon_core.shell:Creating environment hook '/home/hvakil/src/Olin_Robotics_Gator_Research/tractor/ros2_ws/install/my_package/share/my_package/hook/pythonpath.sh'
[5.976s] Level 1:colcon.colcon_core.environment:checking '/home/hvakil/src/Olin_Robotics_Gator_Research/tractor/ros2_ws/install/my_package/bin'
[5.976s] Level 1:colcon.colcon_core.environment:create_environment_scripts_only(my_package)
[5.979s] INFO:colcon.colcon_core.shell:Creating package script '/home/hvakil/src/Olin_Robotics_Gator_Research/tractor/ros2_ws/install/my_package/share/my_package/package.ps1'
[5.980s] INFO:colcon.colcon_core.shell:Creating package descriptor '/home/hvakil/src/Olin_Robotics_Gator_Research/tractor/ros2_ws/install/my_package/share/my_package/package.dsv'
[5.981s] INFO:colcon.colcon_core.shell:Creating package script '/home/hvakil/src/Olin_Robotics_Gator_Research/tractor/ros2_ws/install/my_package/share/my_package/package.sh'
[5.981s] INFO:colcon.colcon_core.shell:Creating package script '/home/hvakil/src/Olin_Robotics_Gator_Research/tractor/ros2_ws/install/my_package/share/my_package/package.bash'
[5.982s] INFO:colcon.colcon_core.shell:Creating package script '/home/hvakil/src/Olin_Robotics_Gator_Research/tractor/ros2_ws/install/my_package/share/my_package/package.zsh'
[5.982s] Level 1:colcon.colcon_core.environment:create_file_with_runtime_dependencies(/home/hvakil/src/Olin_Robotics_Gator_Research/tractor/ros2_ws/install/my_package/share/colcon-core/packages/my_package)
[10.008s] DEBUG:colcon.colcon_core.event_handler.log_command:Invoked command in '/home/hvakil/src/Olin_Robotics_Gator_Research/tractor/ros2_ws/build/urg_node2' returned '0': CMAKE_PREFIX_PATH=${CMAKE_PREFIX_PATH}:/home/hvakil/src/Olin_Robotics_Gator_Research/tractor/ros2_ws/install/write_to_tractor:/home/hvakil/src/Olin_Robotics_Gator_Research/tractor/ros2_ws/install/my_package:/home/hvakil/src/Olin_Robotics_Gator_Research/tractor/ros2_ws/install/look_for_person:/home/hvakil/ros2_ws/install/write_to_tractor:/home/hvakil/ros2_ws/install/my_package:/home/hvakil/ros2_ws/install/look_for_person:/opt/ros/humble:/home/hvakil/ros2_humble/install/rqt_bag_plugins:/home/hvakil/ros2_humble/install/rqt_bag:/home/hvakil/ros2_humble/install/ros2bag:/home/hvakil/ros2_humble/install/tracetools_test:/home/hvakil/ros2_humble/install/tracetools_launch:/home/hvakil/ros2_humble/install/topic_monitor:/home/hvakil/ros2_humble/install/tf2_tools:/home/hvakil/ros2_humble/install/examples_tf2_py:/home/hvakil/ros2_humble/install/tf2_ros_py:/home/hvakil/ros2_humble/install/sros2:/home/hvakil/ros2_humble/install/rqt_topic:/home/hvakil/ros2_humble/install/rqt_srv:/home/hvakil/ros2_humble/install/rqt_shell:/home/hvakil/ros2_humble/install/rqt_service_caller:/home/hvakil/ros2_humble/install/rqt_reconfigure:/home/hvakil/ros2_humble/install/rqt_py_console:/home/hvakil/ros2_humble/install/rqt_publisher:/home/hvakil/ros2_humble/install/rqt_plot:/home/hvakil/ros2_humble/install/rqt_action:/home/hvakil/ros2_humble/install/rqt_msg:/home/hvakil/ros2_humble/install/rqt_console:/home/hvakil/ros2_humble/install/rqt:/home/hvakil/ros2_humble/install/rqt_graph:/home/hvakil/ros2_humble/install/rqt_gui_py:/home/hvakil/ros2_humble/install/rqt_gui:/home/hvakil/ros2_humble/install/ros2trace:/home/hvakil/ros2_humble/install/ros2topic:/home/hvakil/ros2_humble/install/ros2test:/home/hvakil/ros2_humble/install/ros2component:/home/hvakil/ros2_humble/install/ros2param:/home/hvakil/ros2_humble/install/ros2lifecycle:/home/hvakil/ros2_humble/install/ros2service:/home/hvakil/ros2_humble/install/ros2run:/home/hvakil/ros2_humble/install/ros2launch:/home/hvakil/ros2_humble/install/ros2pkg:/home/hvakil/ros2_humble/install/ros2node:/home/hvakil/ros2_humble/install/ros2multicast:/home/hvakil/ros2_humble/install/ros2interface:/home/hvakil/ros2_humble/install/ros2doctor:/home/hvakil/ros2_humble/install/ros2action:/home/hvakil/ros2_humble/install/ros2cli:/home/hvakil/ros2_humble/install/quality_of_service_demo_py:/home/hvakil/ros2_humble/install/lifecycle_py:/home/hvakil/ros2_humble/install/launch_testing_ros:/home/hvakil/ros2_humble/install/launch_ros:/home/hvakil/ros2_humble/install/examples_rclpy_pointcloud_publisher:/home/hvakil/ros2_humble/install/examples_rclpy_minimal_subscriber:/home/hvakil/ros2_humble/install/examples_rclpy_minimal_service:/home/hvakil/ros2_humble/install/examples_rclpy_minimal_publisher:/home/hvakil/ros2_humble/install/examples_rclpy_minimal_client:/home/hvakil/ros2_humble/install/examples_rclpy_minimal_action_server:/home/hvakil/ros2_humble/install/examples_rclpy_minimal_action_client:/home/hvakil/ros2_humble/install/examples_rclpy_guard_conditions:/home/hvakil/ros2_humble/install/examples_rclpy_executors:/home/hvakil/ros2_humble/install/demo_nodes_py:/home/hvakil/ros2_humble/install/action_tutorials_py:/home/hvakil/ros2_humble/install/ament_uncrustify:/home/hvakil/ros2_humble/install/tracetools_trace:/home/hvakil/ros2_humble/install/tracetools_read:/home/hvakil/ros2_humble/install/test_tracetools_launch:/home/hvakil/ros2_humble/install/test_launch_ros:/home/hvakil/ros2_humble/install/sensor_msgs_py:/home/hvakil/ros2_humble/install/rpyutils:/home/hvakil/ros2_humble/install/rosidl_runtime_py:/home/hvakil/ros2_humble/install/rosidl_cli:/home/hvakil/ros2_humble/install/launch_pytest:/home/hvakil/ros2_humble/install/launch_testing:/home/hvakil/ros2_humble/install/launch_yaml:/home/hvakil/ros2_humble/install/launch_xml:/home/hvakil/ros2_humble/install/launch:/home/hvakil/ros2_humble/install/osrf_pycommon:/home/hvakil/ros2_humble/install/launch_testing_examples:/home/hvakil/ros2_humble/install/domain_coordinator:/home/hvakil/ros2_humble/install/ament_xmllint:/home/hvakil/ros2_humble/install/ament_pyflakes:/home/hvakil/ros2_humble/install/ament_pycodestyle:/home/hvakil/ros2_humble/install/ament_pep257:/home/hvakil/ros2_humble/install/ament_pclint:/home/hvakil/ros2_humble/install/ament_package:/home/hvakil/ros2_humble/install/ament_mypy:/home/hvakil/ros2_humble/install/ament_lint_cmake:/home/hvakil/ros2_humble/install/ament_flake8:/home/hvakil/ros2_humble/install/ament_copyright:/home/hvakil/ros2_humble/install/ament_lint:/home/hvakil/ros2_humble/install/ament_index_python:/home/hvakil/ros2_humble/install/ament_cpplint:/home/hvakil/ros2_humble/install/ament_cppcheck:/home/hvakil/ros2_humble/install/ament_clang_tidy:/home/hvakil/ros2_humble/install/ament_clang_format /usr/bin/cmake --build /home/hvakil/src/Olin_Robotics_Gator_Research/tractor/ros2_ws/build/urg_node2 -- -j12 -l12
[10.195s] DEBUG:colcon.colcon_core.event_handler.log_command:Invoking command in '/home/hvakil/src/Olin_Robotics_Gator_Research/tractor/ros2_ws/build/urg_node2': CMAKE_PREFIX_PATH=${CMAKE_PREFIX_PATH}:/home/hvakil/src/Olin_Robotics_Gator_Research/tractor/ros2_ws/install/write_to_tractor:/home/hvakil/src/Olin_Robotics_Gator_Research/tractor/ros2_ws/install/my_package:/home/hvakil/src/Olin_Robotics_Gator_Research/tractor/ros2_ws/install/look_for_person:/home/hvakil/ros2_ws/install/write_to_tractor:/home/hvakil/ros2_ws/install/my_package:/home/hvakil/ros2_ws/install/look_for_person:/opt/ros/humble:/home/hvakil/ros2_humble/install/rqt_bag_plugins:/home/hvakil/ros2_humble/install/rqt_bag:/home/hvakil/ros2_humble/install/ros2bag:/home/hvakil/ros2_humble/install/tracetools_test:/home/hvakil/ros2_humble/install/tracetools_launch:/home/hvakil/ros2_humble/install/topic_monitor:/home/hvakil/ros2_humble/install/tf2_tools:/home/hvakil/ros2_humble/install/examples_tf2_py:/home/hvakil/ros2_humble/install/tf2_ros_py:/home/hvakil/ros2_humble/install/sros2:/home/hvakil/ros2_humble/install/rqt_topic:/home/hvakil/ros2_humble/install/rqt_srv:/home/hvakil/ros2_humble/install/rqt_shell:/home/hvakil/ros2_humble/install/rqt_service_caller:/home/hvakil/ros2_humble/install/rqt_reconfigure:/home/hvakil/ros2_humble/install/rqt_py_console:/home/hvakil/ros2_humble/install/rqt_publisher:/home/hvakil/ros2_humble/install/rqt_plot:/home/hvakil/ros2_humble/install/rqt_action:/home/hvakil/ros2_humble/install/rqt_msg:/home/hvakil/ros2_humble/install/rqt_console:/home/hvakil/ros2_humble/install/rqt:/home/hvakil/ros2_humble/install/rqt_graph:/home/hvakil/ros2_humble/install/rqt_gui_py:/home/hvakil/ros2_humble/install/rqt_gui:/home/hvakil/ros2_humble/install/ros2trace:/home/hvakil/ros2_humble/install/ros2topic:/home/hvakil/ros2_humble/install/ros2test:/home/hvakil/ros2_humble/install/ros2component:/home/hvakil/ros2_humble/install/ros2param:/home/hvakil/ros2_humble/install/ros2lifecycle:/home/hvakil/ros2_humble/install/ros2service:/home/hvakil/ros2_humble/install/ros2run:/home/hvakil/ros2_humble/install/ros2launch:/home/hvakil/ros2_humble/install/ros2pkg:/home/hvakil/ros2_humble/install/ros2node:/home/hvakil/ros2_humble/install/ros2multicast:/home/hvakil/ros2_humble/install/ros2interface:/home/hvakil/ros2_humble/install/ros2doctor:/home/hvakil/ros2_humble/install/ros2action:/home/hvakil/ros2_humble/install/ros2cli:/home/hvakil/ros2_humble/install/quality_of_service_demo_py:/home/hvakil/ros2_humble/install/lifecycle_py:/home/hvakil/ros2_humble/install/launch_testing_ros:/home/hvakil/ros2_humble/install/launch_ros:/home/hvakil/ros2_humble/install/examples_rclpy_pointcloud_publisher:/home/hvakil/ros2_humble/install/examples_rclpy_minimal_subscriber:/home/hvakil/ros2_humble/install/examples_rclpy_minimal_service:/home/hvakil/ros2_humble/install/examples_rclpy_minimal_publisher:/home/hvakil/ros2_humble/install/examples_rclpy_minimal_client:/home/hvakil/ros2_humble/install/examples_rclpy_minimal_action_server:/home/hvakil/ros2_humble/install/examples_rclpy_minimal_action_client:/home/hvakil/ros2_humble/install/examples_rclpy_guard_conditions:/home/hvakil/ros2_humble/install/examples_rclpy_executors:/home/hvakil/ros2_humble/install/demo_nodes_py:/home/hvakil/ros2_humble/install/action_tutorials_py:/home/hvakil/ros2_humble/install/ament_uncrustify:/home/hvakil/ros2_humble/install/tracetools_trace:/home/hvakil/ros2_humble/install/tracetools_read:/home/hvakil/ros2_humble/install/test_tracetools_launch:/home/hvakil/ros2_humble/install/test_launch_ros:/home/hvakil/ros2_humble/install/sensor_msgs_py:/home/hvakil/ros2_humble/install/rpyutils:/home/hvakil/ros2_humble/install/rosidl_runtime_py:/home/hvakil/ros2_humble/install/rosidl_cli:/home/hvakil/ros2_humble/install/launch_pytest:/home/hvakil/ros2_humble/install/launch_testing:/home/hvakil/ros2_humble/install/launch_yaml:/home/hvakil/ros2_humble/install/launch_xml:/home/hvakil/ros2_humble/install/launch:/home/hvakil/ros2_humble/install/osrf_pycommon:/home/hvakil/ros2_humble/install/launch_testing_examples:/home/hvakil/ros2_humble/install/domain_coordinator:/home/hvakil/ros2_humble/install/ament_xmllint:/home/hvakil/ros2_humble/install/ament_pyflakes:/home/hvakil/ros2_humble/install/ament_pycodestyle:/home/hvakil/ros2_humble/install/ament_pep257:/home/hvakil/ros2_humble/install/ament_pclint:/home/hvakil/ros2_humble/install/ament_package:/home/hvakil/ros2_humble/install/ament_mypy:/home/hvakil/ros2_humble/install/ament_lint_cmake:/home/hvakil/ros2_humble/install/ament_flake8:/home/hvakil/ros2_humble/install/ament_copyright:/home/hvakil/ros2_humble/install/ament_lint:/home/hvakil/ros2_humble/install/ament_index_python:/home/hvakil/ros2_humble/install/ament_cpplint:/home/hvakil/ros2_humble/install/ament_cppcheck:/home/hvakil/ros2_humble/install/ament_clang_tidy:/home/hvakil/ros2_humble/install/ament_clang_format /usr/bin/cmake --install /home/hvakil/src/Olin_Robotics_Gator_Research/tractor/ros2_ws/build/urg_node2
[10.227s] Level 1:colcon.colcon_core.environment:create_environment_scripts_only(urg_node2)
[10.227s] DEBUG:colcon.colcon_core.event_handler.log_command:Invoked command in '/home/hvakil/src/Olin_Robotics_Gator_Research/tractor/ros2_ws/build/urg_node2' returned '0': CMAKE_PREFIX_PATH=${CMAKE_PREFIX_PATH}:/home/hvakil/src/Olin_Robotics_Gator_Research/tractor/ros2_ws/install/write_to_tractor:/home/hvakil/src/Olin_Robotics_Gator_Research/tractor/ros2_ws/install/my_package:/home/hvakil/src/Olin_Robotics_Gator_Research/tractor/ros2_ws/install/look_for_person:/home/hvakil/ros2_ws/install/write_to_tractor:/home/hvakil/ros2_ws/install/my_package:/home/hvakil/ros2_ws/install/look_for_person:/opt/ros/humble:/home/hvakil/ros2_humble/install/rqt_bag_plugins:/home/hvakil/ros2_humble/install/rqt_bag:/home/hvakil/ros2_humble/install/ros2bag:/home/hvakil/ros2_humble/install/tracetools_test:/home/hvakil/ros2_humble/install/tracetools_launch:/home/hvakil/ros2_humble/install/topic_monitor:/home/hvakil/ros2_humble/install/tf2_tools:/home/hvakil/ros2_humble/install/examples_tf2_py:/home/hvakil/ros2_humble/install/tf2_ros_py:/home/hvakil/ros2_humble/install/sros2:/home/hvakil/ros2_humble/install/rqt_topic:/home/hvakil/ros2_humble/install/rqt_srv:/home/hvakil/ros2_humble/install/rqt_shell:/home/hvakil/ros2_humble/install/rqt_service_caller:/home/hvakil/ros2_humble/install/rqt_reconfigure:/home/hvakil/ros2_humble/install/rqt_py_console:/home/hvakil/ros2_humble/install/rqt_publisher:/home/hvakil/ros2_humble/install/rqt_plot:/home/hvakil/ros2_humble/install/rqt_action:/home/hvakil/ros2_humble/install/rqt_msg:/home/hvakil/ros2_humble/install/rqt_console:/home/hvakil/ros2_humble/install/rqt:/home/hvakil/ros2_humble/install/rqt_graph:/home/hvakil/ros2_humble/install/rqt_gui_py:/home/hvakil/ros2_humble/install/rqt_gui:/home/hvakil/ros2_humble/install/ros2trace:/home/hvakil/ros2_humble/install/ros2topic:/home/hvakil/ros2_humble/install/ros2test:/home/hvakil/ros2_humble/install/ros2component:/home/hvakil/ros2_humble/install/ros2param:/home/hvakil/ros2_humble/install/ros2lifecycle:/home/hvakil/ros2_humble/install/ros2service:/home/hvakil/ros2_humble/install/ros2run:/home/hvakil/ros2_humble/install/ros2launch:/home/hvakil/ros2_humble/install/ros2pkg:/home/hvakil/ros2_humble/install/ros2node:/home/hvakil/ros2_humble/install/ros2multicast:/home/hvakil/ros2_humble/install/ros2interface:/home/hvakil/ros2_humble/install/ros2doctor:/home/hvakil/ros2_humble/install/ros2action:/home/hvakil/ros2_humble/install/ros2cli:/home/hvakil/ros2_humble/install/quality_of_service_demo_py:/home/hvakil/ros2_humble/install/lifecycle_py:/home/hvakil/ros2_humble/install/launch_testing_ros:/home/hvakil/ros2_humble/install/launch_ros:/home/hvakil/ros2_humble/install/examples_rclpy_pointcloud_publisher:/home/hvakil/ros2_humble/install/examples_rclpy_minimal_subscriber:/home/hvakil/ros2_humble/install/examples_rclpy_minimal_service:/home/hvakil/ros2_humble/install/examples_rclpy_minimal_publisher:/home/hvakil/ros2_humble/install/examples_rclpy_minimal_client:/home/hvakil/ros2_humble/install/examples_rclpy_minimal_action_server:/home/hvakil/ros2_humble/install/examples_rclpy_minimal_action_client:/home/hvakil/ros2_humble/install/examples_rclpy_guard_conditions:/home/hvakil/ros2_humble/install/examples_rclpy_executors:/home/hvakil/ros2_humble/install/demo_nodes_py:/home/hvakil/ros2_humble/install/action_tutorials_py:/home/hvakil/ros2_humble/install/ament_uncrustify:/home/hvakil/ros2_humble/install/tracetools_trace:/home/hvakil/ros2_humble/install/tracetools_read:/home/hvakil/ros2_humble/install/test_tracetools_launch:/home/hvakil/ros2_humble/install/test_launch_ros:/home/hvakil/ros2_humble/install/sensor_msgs_py:/home/hvakil/ros2_humble/install/rpyutils:/home/hvakil/ros2_humble/install/rosidl_runtime_py:/home/hvakil/ros2_humble/install/rosidl_cli:/home/hvakil/ros2_humble/install/launch_pytest:/home/hvakil/ros2_humble/install/launch_testing:/home/hvakil/ros2_humble/install/launch_yaml:/home/hvakil/ros2_humble/install/launch_xml:/home/hvakil/ros2_humble/install/launch:/home/hvakil/ros2_humble/install/osrf_pycommon:/home/hvakil/ros2_humble/install/launch_testing_examples:/home/hvakil/ros2_humble/install/domain_coordinator:/home/hvakil/ros2_humble/install/ament_xmllint:/home/hvakil/ros2_humble/install/ament_pyflakes:/home/hvakil/ros2_humble/install/ament_pycodestyle:/home/hvakil/ros2_humble/install/ament_pep257:/home/hvakil/ros2_humble/install/ament_pclint:/home/hvakil/ros2_humble/install/ament_package:/home/hvakil/ros2_humble/install/ament_mypy:/home/hvakil/ros2_humble/install/ament_lint_cmake:/home/hvakil/ros2_humble/install/ament_flake8:/home/hvakil/ros2_humble/install/ament_copyright:/home/hvakil/ros2_humble/install/ament_lint:/home/hvakil/ros2_humble/install/ament_index_python:/home/hvakil/ros2_humble/install/ament_cpplint:/home/hvakil/ros2_humble/install/ament_cppcheck:/home/hvakil/ros2_humble/install/ament_clang_tidy:/home/hvakil/ros2_humble/install/ament_clang_format /usr/bin/cmake --install /home/hvakil/src/Olin_Robotics_Gator_Research/tractor/ros2_ws/build/urg_node2
[10.231s] Level 1:colcon.colcon_core.environment:checking '/home/hvakil/src/Olin_Robotics_Gator_Research/tractor/ros2_ws/install/urg_node2' for CMake module files
[10.231s] Level 1:colcon.colcon_core.environment:checking '/home/hvakil/src/Olin_Robotics_Gator_Research/tractor/ros2_ws/install/urg_node2' for CMake config files
[10.231s] Level 1:colcon.colcon_core.shell:create_environment_hook('urg_node2', 'cmake_prefix_path')
[10.234s] INFO:colcon.colcon_core.shell:Creating environment hook '/home/hvakil/src/Olin_Robotics_Gator_Research/tractor/ros2_ws/install/urg_node2/share/urg_node2/hook/cmake_prefix_path.ps1'
[10.234s] INFO:colcon.colcon_core.shell:Creating environment descriptor '/home/hvakil/src/Olin_Robotics_Gator_Research/tractor/ros2_ws/install/urg_node2/share/urg_node2/hook/cmake_prefix_path.dsv'
[10.234s] INFO:colcon.colcon_core.shell:Creating environment hook '/home/hvakil/src/Olin_Robotics_Gator_Research/tractor/ros2_ws/install/urg_node2/share/urg_node2/hook/cmake_prefix_path.sh'
[10.235s] Level 1:colcon.colcon_core.environment:checking '/home/hvakil/src/Olin_Robotics_Gator_Research/tractor/ros2_ws/install/urg_node2/lib'
[10.235s] Level 1:colcon.colcon_core.shell:create_environment_hook('urg_node2', 'ld_library_path_lib')
[10.237s] INFO:colcon.colcon_core.shell:Creating environment hook '/home/hvakil/src/Olin_Robotics_Gator_Research/tractor/ros2_ws/install/urg_node2/share/urg_node2/hook/ld_library_path_lib.ps1'
[10.237s] INFO:colcon.colcon_core.shell:Creating environment descriptor '/home/hvakil/src/Olin_Robotics_Gator_Research/tractor/ros2_ws/install/urg_node2/share/urg_node2/hook/ld_library_path_lib.dsv'
[10.237s] INFO:colcon.colcon_core.shell:Creating environment hook '/home/hvakil/src/Olin_Robotics_Gator_Research/tractor/ros2_ws/install/urg_node2/share/urg_node2/hook/ld_library_path_lib.sh'
[10.238s] Level 1:colcon.colcon_core.environment:checking '/home/hvakil/src/Olin_Robotics_Gator_Research/tractor/ros2_ws/install/urg_node2/bin'
[10.238s] Level 1:colcon.colcon_core.environment:checking '/home/hvakil/src/Olin_Robotics_Gator_Research/tractor/ros2_ws/install/urg_node2/lib/pkgconfig/urg_node2.pc'
[10.238s] Level 1:colcon.colcon_core.environment:checking '/home/hvakil/src/Olin_Robotics_Gator_Research/tractor/ros2_ws/install/urg_node2/lib/python3.10/site-packages'
[10.238s] Level 1:colcon.colcon_core.environment:checking '/home/hvakil/src/Olin_Robotics_Gator_Research/tractor/ros2_ws/install/urg_node2/bin'
[10.241s] INFO:colcon.colcon_core.shell:Creating package script '/home/hvakil/src/Olin_Robotics_Gator_Research/tractor/ros2_ws/install/urg_node2/share/urg_node2/package.ps1'
[10.241s] INFO:colcon.colcon_core.shell:Creating package descriptor '/home/hvakil/src/Olin_Robotics_Gator_Research/tractor/ros2_ws/install/urg_node2/share/urg_node2/package.dsv'
[10.242s] INFO:colcon.colcon_core.shell:Creating package script '/home/hvakil/src/Olin_Robotics_Gator_Research/tractor/ros2_ws/install/urg_node2/share/urg_node2/package.sh'
[10.242s] INFO:colcon.colcon_core.shell:Creating package script '/home/hvakil/src/Olin_Robotics_Gator_Research/tractor/ros2_ws/install/urg_node2/share/urg_node2/package.bash'
[10.242s] INFO:colcon.colcon_core.shell:Creating package script '/home/hvakil/src/Olin_Robotics_Gator_Research/tractor/ros2_ws/install/urg_node2/share/urg_node2/package.zsh'
[10.243s] Level 1:colcon.colcon_core.environment:create_file_with_runtime_dependencies(/home/hvakil/src/Olin_Robotics_Gator_Research/tractor/ros2_ws/install/urg_node2/share/colcon-core/packages/urg_node2)
[10.476s] Level 1:colcon.colcon_core.environment:create_environment_scripts_only(urg_node2)
[10.482s] Level 1:colcon.colcon_core.environment:checking '/home/hvakil/src/Olin_Robotics_Gator_Research/tractor/ros2_ws/install/urg_node2' for CMake module files
[10.483s] Level 1:colcon.colcon_core.environment:checking '/home/hvakil/src/Olin_Robotics_Gator_Research/tractor/ros2_ws/install/urg_node2' for CMake config files
[10.483s] Level 1:colcon.colcon_core.shell:create_environment_hook('urg_node2', 'cmake_prefix_path')
[10.487s] INFO:colcon.colcon_core.shell:Creating environment hook '/home/hvakil/src/Olin_Robotics_Gator_Research/tractor/ros2_ws/install/urg_node2/share/urg_node2/hook/cmake_prefix_path.ps1'
[10.488s] INFO:colcon.colcon_core.shell:Creating environment descriptor '/home/hvakil/src/Olin_Robotics_Gator_Research/tractor/ros2_ws/install/urg_node2/share/urg_node2/hook/cmake_prefix_path.dsv'
[10.489s] INFO:colcon.colcon_core.shell:Creating environment hook '/home/hvakil/src/Olin_Robotics_Gator_Research/tractor/ros2_ws/install/urg_node2/share/urg_node2/hook/cmake_prefix_path.sh'
[10.489s] Level 1:colcon.colcon_core.environment:checking '/home/hvakil/src/Olin_Robotics_Gator_Research/tractor/ros2_ws/install/urg_node2/lib'
[10.490s] Level 1:colcon.colcon_core.shell:create_environment_hook('urg_node2', 'ld_library_path_lib')
[10.493s] INFO:colcon.colcon_core.shell:Creating environment hook '/home/hvakil/src/Olin_Robotics_Gator_Research/tractor/ros2_ws/install/urg_node2/share/urg_node2/hook/ld_library_path_lib.ps1'
[10.494s] INFO:colcon.colcon_core.shell:Creating environment descriptor '/home/hvakil/src/Olin_Robotics_Gator_Research/tractor/ros2_ws/install/urg_node2/share/urg_node2/hook/ld_library_path_lib.dsv'
[10.494s] INFO:colcon.colcon_core.shell:Creating environment hook '/home/hvakil/src/Olin_Robotics_Gator_Research/tractor/ros2_ws/install/urg_node2/share/urg_node2/hook/ld_library_path_lib.sh'
[10.495s] Level 1:colcon.colcon_core.environment:checking '/home/hvakil/src/Olin_Robotics_Gator_Research/tractor/ros2_ws/install/urg_node2/bin'
[10.495s] Level 1:colcon.colcon_core.environment:checking '/home/hvakil/src/Olin_Robotics_Gator_Research/tractor/ros2_ws/install/urg_node2/lib/pkgconfig/urg_node2.pc'
[10.495s] Level 1:colcon.colcon_core.environment:checking '/home/hvakil/src/Olin_Robotics_Gator_Research/tractor/ros2_ws/install/urg_node2/lib/python3.10/site-packages'
[10.496s] Level 1:colcon.colcon_core.environment:checking '/home/hvakil/src/Olin_Robotics_Gator_Research/tractor/ros2_ws/install/urg_node2/bin'
[10.500s] INFO:colcon.colcon_core.shell:Creating package script '/home/hvakil/src/Olin_Robotics_Gator_Research/tractor/ros2_ws/install/urg_node2/share/urg_node2/package.ps1'
[10.500s] INFO:colcon.colcon_core.shell:Creating package descriptor '/home/hvakil/src/Olin_Robotics_Gator_Research/tractor/ros2_ws/install/urg_node2/share/urg_node2/package.dsv'
[10.501s] INFO:colcon.colcon_core.shell:Creating package script '/home/hvakil/src/Olin_Robotics_Gator_Research/tractor/ros2_ws/install/urg_node2/share/urg_node2/package.sh'
[10.502s] INFO:colcon.colcon_core.shell:Creating package script '/home/hvakil/src/Olin_Robotics_Gator_Research/tractor/ros2_ws/install/urg_node2/share/urg_node2/package.bash'
[10.502s] INFO:colcon.colcon_core.shell:Creating package script '/home/hvakil/src/Olin_Robotics_Gator_Research/tractor/ros2_ws/install/urg_node2/share/urg_node2/package.zsh'
[10.503s] Level 1:colcon.colcon_core.environment:create_file_with_runtime_dependencies(/home/hvakil/src/Olin_Robotics_Gator_Research/tractor/ros2_ws/install/urg_node2/share/colcon-core/packages/urg_node2)
[10.503s] DEBUG:colcon.colcon_parallel_executor.executor.parallel:closing loop
[10.504s] DEBUG:colcon.colcon_parallel_executor.executor.parallel:loop closed
[10.504s] DEBUG:colcon.colcon_parallel_executor.executor.parallel:run_until_complete finished with '0'
[10.504s] DEBUG:colcon.colcon_core.event_reactor:joining thread
[10.524s] INFO:colcon.colcon_core.plugin_system:Skipping extension 'colcon_notification.desktop_notification.terminal_notifier': Not used on non-Darwin systems
[10.525s] INFO:colcon.colcon_core.plugin_system:Skipping extension 'colcon_notification.desktop_notification.win32': Not used on non-Windows systems
[10.525s] INFO:colcon.colcon_notification.desktop_notification:Sending desktop notification using 'notify2'
[10.547s] DEBUG:colcon.colcon_core.event_reactor:joined thread
[10.551s] INFO:colcon.colcon_core.shell:Creating prefix script '/home/hvakil/src/Olin_Robotics_Gator_Research/tractor/ros2_ws/install/local_setup.ps1'
[10.553s] INFO:colcon.colcon_core.shell:Creating prefix util module '/home/hvakil/src/Olin_Robotics_Gator_Research/tractor/ros2_ws/install/_local_setup_util_ps1.py'
[10.555s] INFO:colcon.colcon_core.shell:Creating prefix chain script '/home/hvakil/src/Olin_Robotics_Gator_Research/tractor/ros2_ws/install/setup.ps1'
[10.576s] INFO:colcon.colcon_core.shell:Creating prefix script '/home/hvakil/src/Olin_Robotics_Gator_Research/tractor/ros2_ws/install/local_setup.sh'
[10.577s] INFO:colcon.colcon_core.shell:Creating prefix util module '/home/hvakil/src/Olin_Robotics_Gator_Research/tractor/ros2_ws/install/_local_setup_util_sh.py'
[10.577s] INFO:colcon.colcon_core.shell:Creating prefix chain script '/home/hvakil/src/Olin_Robotics_Gator_Research/tractor/ros2_ws/install/setup.sh'
[10.591s] INFO:colcon.colcon_core.shell:Creating prefix script '/home/hvakil/src/Olin_Robotics_Gator_Research/tractor/ros2_ws/install/local_setup.bash'
[10.592s] INFO:colcon.colcon_core.shell:Creating prefix chain script '/home/hvakil/src/Olin_Robotics_Gator_Research/tractor/ros2_ws/install/setup.bash'
[10.608s] INFO:colcon.colcon_core.shell:Creating prefix script '/home/hvakil/src/Olin_Robotics_Gator_Research/tractor/ros2_ws/install/local_setup.zsh'
[10.608s] INFO:colcon.colcon_core.shell:Creating prefix chain script '/home/hvakil/src/Olin_Robotics_Gator_Research/tractor/ros2_ws/install/setup.zsh'
