[5.197s] Invoking command in '/home/hvakil/ros2_ws/src/build/vel_calculator': PYTHONPATH=/home/hvakil/ros2_ws/src/build/vel_calculator/prefix_override:/home/hvakil/ros2_ws/src/install/vel_calculator/lib/python3.10/site-packages:${PYTHONPATH} /usr/bin/python3 setup.py develop --editable --build-directory /home/hvakil/ros2_ws/src/build/vel_calculator/build --no-deps install_data
[6.550s] /usr/lib/python3/dist-packages/setuptools/dist.py:723: UserWarning: Usage of dash-separated 'script-dir' will not be supported in future versions. Please use the underscore name 'script_dir' instead
[6.551s]   warnings.warn(
[6.626s] running develop
[6.627s] /usr/lib/python3/dist-packages/setuptools/command/easy_install.py:158: EasyInstallDeprecationWarning: easy_install command is deprecated. Use build and pip and other standards-based tools.
[6.627s]   warnings.warn(
[6.629s] /usr/lib/python3/dist-packages/setuptools/command/install.py:34: SetuptoolsDeprecationWarning: setup.py install is deprecated. Use build and pip and other standards-based tools.
[6.629s]   warnings.warn(
[6.771s] /usr/lib/python3/dist-packages/pkg_resources/__init__.py:116: PkgResourcesDeprecationWarning: 1.16.0-unknown is an invalid version and will not be supported in a future release
[6.771s]   warnings.warn(
[6.771s] /usr/lib/python3/dist-packages/pkg_resources/__init__.py:116: PkgResourcesDeprecationWarning: 0.1.43ubuntu1 is an invalid version and will not be supported in a future release
[6.771s]   warnings.warn(
[6.772s] /usr/lib/python3/dist-packages/pkg_resources/__init__.py:116: PkgResourcesDeprecationWarning: 1.1build1 is an invalid version and will not be supported in a future release
[6.772s]   warnings.warn(
[6.995s] running egg_info
[6.996s] creating vel_calculator.egg-info
[6.996s] writing vel_calculator.egg-info/PKG-INFO
[6.996s] writing dependency_links to vel_calculator.egg-info/dependency_links.txt
[6.996s] writing entry points to vel_calculator.egg-info/entry_points.txt
[6.997s] writing requirements to vel_calculator.egg-info/requires.txt
[6.997s] writing top-level names to vel_calculator.egg-info/top_level.txt
[7.004s] writing manifest file 'vel_calculator.egg-info/SOURCES.txt'
[7.006s] reading manifest file 'vel_calculator.egg-info/SOURCES.txt'
[7.007s] writing manifest file 'vel_calculator.egg-info/SOURCES.txt'
[7.014s] running build_ext
[7.014s] Creating /home/hvakil/ros2_ws/src/install/vel_calculator/lib/python3.10/site-packages/vel-calculator.egg-link (link to .)
[7.015s] Installing vel_calculator script to /home/hvakil/ros2_ws/src/install/vel_calculator/lib/vel_calculator
[7.016s] 
[7.016s] Installed /home/hvakil/ros2_ws/src/build/vel_calculator
[7.016s] running install_data
[7.017s] creating /home/hvakil/ros2_ws/src/install/vel_calculator/share/ament_index
[7.017s] creating /home/hvakil/ros2_ws/src/install/vel_calculator/share/ament_index/resource_index
[7.017s] creating /home/hvakil/ros2_ws/src/install/vel_calculator/share/ament_index/resource_index/packages
[7.017s] copying resource/vel_calculator -> /home/hvakil/ros2_ws/src/install/vel_calculator/share/ament_index/resource_index/packages
[7.017s] copying package.xml -> /home/hvakil/ros2_ws/src/install/vel_calculator/share/vel_calculator
[7.018s] copying launch/launch_trakbot.py -> /home/hvakil/ros2_ws/src/install/vel_calculator/share/vel_calculator
[7.055s] Invoked command in '/home/hvakil/ros2_ws/src/build/vel_calculator' returned '0': PYTHONPATH=/home/hvakil/ros2_ws/src/build/vel_calculator/prefix_override:/home/hvakil/ros2_ws/src/install/vel_calculator/lib/python3.10/site-packages:${PYTHONPATH} /usr/bin/python3 setup.py develop --editable --build-directory /home/hvakil/ros2_ws/src/build/vel_calculator/build --no-deps install_data
