[1.155s] Invoking command in '/home/hvakil/ros2_ws/src/build/write_to_tractor': PYTHONPATH=/home/hvakil/ros2_ws/src/build/write_to_tractor/prefix_override:/home/hvakil/ros2_ws/src/install/write_to_tractor/lib/python3.10/site-packages:${PYTHONPATH} /usr/bin/python3 setup.py develop --editable --build-directory /home/hvakil/ros2_ws/src/build/write_to_tractor/build --no-deps install_data
[1.586s] /usr/lib/python3/dist-packages/setuptools/dist.py:723: UserWarning: Usage of dash-separated 'script-dir' will not be supported in future versions. Please use the underscore name 'script_dir' instead
[1.586s]   warnings.warn(
[1.631s] running develop
[1.632s] /usr/lib/python3/dist-packages/setuptools/command/easy_install.py:158: EasyInstallDeprecationWarning: easy_install command is deprecated. Use build and pip and other standards-based tools.
[1.632s]   warnings.warn(
[1.633s] /usr/lib/python3/dist-packages/setuptools/command/install.py:34: SetuptoolsDeprecationWarning: setup.py install is deprecated. Use build and pip and other standards-based tools.
[1.633s]   warnings.warn(
[1.724s] /usr/lib/python3/dist-packages/pkg_resources/__init__.py:116: PkgResourcesDeprecationWarning: 1.16.0-unknown is an invalid version and will not be supported in a future release
[1.725s]   warnings.warn(
[1.725s] /usr/lib/python3/dist-packages/pkg_resources/__init__.py:116: PkgResourcesDeprecationWarning: 0.1.43ubuntu1 is an invalid version and will not be supported in a future release
[1.725s]   warnings.warn(
[1.725s] /usr/lib/python3/dist-packages/pkg_resources/__init__.py:116: PkgResourcesDeprecationWarning: 1.1build1 is an invalid version and will not be supported in a future release
[1.725s]   warnings.warn(
[1.884s] running egg_info
[1.884s] writing write_to_tractor.egg-info/PKG-INFO
[1.884s] writing dependency_links to write_to_tractor.egg-info/dependency_links.txt
[1.884s] writing entry points to write_to_tractor.egg-info/entry_points.txt
[1.885s] writing requirements to write_to_tractor.egg-info/requires.txt
[1.885s] writing top-level names to write_to_tractor.egg-info/top_level.txt
[1.891s] reading manifest file 'write_to_tractor.egg-info/SOURCES.txt'
[1.891s] writing manifest file 'write_to_tractor.egg-info/SOURCES.txt'
[1.896s] running build_ext
[1.896s] Creating /home/hvakil/ros2_ws/src/install/write_to_tractor/lib/python3.10/site-packages/write-to-tractor.egg-link (link to .)
[1.897s] Installing TreadWriter script to /home/hvakil/ros2_ws/src/install/write_to_tractor/lib/write_to_tractor
[1.897s] 
[1.898s] Installed /home/hvakil/ros2_ws/src/build/write_to_tractor
[1.898s] running install_data
[1.933s] Invoked command in '/home/hvakil/ros2_ws/src/build/write_to_tractor' returned '0': PYTHONPATH=/home/hvakil/ros2_ws/src/build/write_to_tractor/prefix_override:/home/hvakil/ros2_ws/src/install/write_to_tractor/lib/python3.10/site-packages:${PYTHONPATH} /usr/bin/python3 setup.py develop --editable --build-directory /home/hvakil/ros2_ws/src/build/write_to_tractor/build --no-deps install_data
