[0mCMake Error: The current CMakeCache.txt directory /home/hvakil/src/Olin_Robotics_Gator_Research/tractor/ros2_ws/build/urg_node2/CMakeCache.txt is different than the directory /home/hvakil/ros2_ws/build/urg_node2 where CMakeCache.txt was created. This may result in binaries being created in the wrong place. If you are not sure, reedit the CMakeCache.txt[0m
-- Found ament_cmake: 1.3.4 (/home/hvakil/ros2_humble/install/ament_cmake/share/ament_cmake/cmake)
-- Override CMake install command with custom implementation using symlinks instead of copying resources
-- Found rclcpp: 16.0.4 (/home/hvakil/ros2_humble/install/rclcpp/share/rclcpp/cmake)
-- Found rosidl_generator_c: 3.1.4 (/home/hvakil/ros2_humble/install/rosidl_generator_c/share/rosidl_generator_c/cmake)
-- Found rosidl_adapter: 3.1.4 (/home/hvakil/ros2_humble/install/rosidl_adapter/share/rosidl_adapter/cmake)
-- Found rosidl_generator_cpp: 3.1.4 (/home/hvakil/ros2_humble/install/rosidl_generator_cpp/share/rosidl_generator_cpp/cmake)
-- Using all available rosidl_typesupport_c: rosidl_typesupport_fastrtps_c;rosidl_typesupport_introspection_c
-- Using all available rosidl_typesupport_cpp: rosidl_typesupport_fastrtps_cpp;rosidl_typesupport_introspection_cpp
-- Found rmw_implementation_cmake: 6.1.1 (/home/hvakil/ros2_humble/install/rmw_implementation_cmake/share/rmw_implementation_cmake/cmake)
-- Found rmw_fastrtps_cpp: 6.2.2 (/home/hvakil/ros2_humble/install/rmw_fastrtps_cpp/share/rmw_fastrtps_cpp/cmake)
-- Using RMW implementation 'rmw_fastrtps_cpp' as default
-- Found rclcpp_components: 16.0.4 (/home/hvakil/ros2_humble/install/rclcpp_components/share/rclcpp_components/cmake)
-- Found rclcpp_lifecycle: 16.0.4 (/home/hvakil/ros2_humble/install/rclcpp_lifecycle/share/rclcpp_lifecycle/cmake)
-- Found sensor_msgs: 4.2.3 (/home/hvakil/ros2_humble/install/sensor_msgs/share/sensor_msgs/cmake)
-- Found diagnostic_updater: 3.1.2 (/opt/ros/humble/share/diagnostic_updater/cmake)
-- Found laser_proc: 1.0.2 (/opt/ros/humble/share/laser_proc/cmake)
-- Found ament_cmake_gtest: 1.3.4 (/home/hvakil/ros2_humble/install/ament_cmake_gtest/share/ament_cmake_gtest/cmake)
-- Found gtest sources under '/home/hvakil/ros2_humble/install/gtest_vendor/src/gtest_vendor': C++ tests using 'Google Test' will be built
-- Configuring done
-- Generating done
-- Build files have been written to: /home/hvakil/ros2_ws/build/urg_node2
[35m[1mConsolidate compiler generated dependencies of target gtest_main[0m
[35m[1mConsolidate compiler generated dependencies of target urg_c[0m
[35m[1mConsolidate compiler generated dependencies of target gtest[0m
[35m[1mConsolidate compiler generated dependencies of target urg_node2_node[0m
[ 35%] Built target gtest
[ 50%] Built target gtest_main
[ 65%] Built target urg_c
[35m[1mConsolidate compiler generated dependencies of target urg_node2[0m
[ 70%] [32mBuilding CXX object CMakeFiles/urg_node2_node.dir/rclcpp_components/node_main_urg_node2_node.cpp.o[0m
[35m[1mConsolidate compiler generated dependencies of target urg_node2_test[0m
[ 80%] Built target urg_node2
[ 95%] Built target urg_node2_test
[100%] [32m[1mLinking CXX executable urg_node2_node[0m
[100%] Built target urg_node2_node
-- Install configuration: ""
-- Execute custom install script
-- Up-to-date symlink: /home/hvakil/ros2_ws/install/urg_node2/lib/urg_node2/urg_node2_node
-- Up-to-date symlink: /home/hvakil/ros2_ws/install/urg_node2/lib/liburg_node2.so
-- Up-to-date symlink: /home/hvakil/ros2_ws/install/urg_node2/lib/liburg_c.so
-- Up-to-date symlink: /home/hvakil/ros2_ws/install/urg_node2/share/urg_node2/launch/urg_node2.launch.py
-- Up-to-date symlink: /home/hvakil/ros2_ws/install/urg_node2/share/urg_node2/launch/urg_node2_2lidar.launch.py
-- Up-to-date symlink: /home/hvakil/ros2_ws/install/urg_node2/share/urg_node2/launch/urg_node2_component.launch.py
-- Up-to-date symlink: /home/hvakil/ros2_ws/install/urg_node2/share/urg_node2/config/params_ether.yaml
-- Up-to-date symlink: /home/hvakil/ros2_ws/install/urg_node2/share/urg_node2/config/params_ether_2nd.yaml
-- Up-to-date symlink: /home/hvakil/ros2_ws/install/urg_node2/share/urg_node2/config/params_serial.yaml
-- Up-to-date symlink: /home/hvakil/ros2_ws/install/urg_node2/share/ament_index/resource_index/package_run_dependencies/urg_node2
-- Up-to-date symlink: /home/hvakil/ros2_ws/install/urg_node2/share/ament_index/resource_index/parent_prefix_path/urg_node2
-- Up-to-date symlink: /home/hvakil/ros2_ws/install/urg_node2/share/urg_node2/environment/ament_prefix_path.sh
-- Up-to-date symlink: /home/hvakil/ros2_ws/install/urg_node2/share/urg_node2/environment/ament_prefix_path.dsv
-- Up-to-date symlink: /home/hvakil/ros2_ws/install/urg_node2/share/urg_node2/environment/path.sh
-- Up-to-date symlink: /home/hvakil/ros2_ws/install/urg_node2/share/urg_node2/environment/path.dsv
-- Up-to-date symlink: /home/hvakil/ros2_ws/install/urg_node2/share/urg_node2/local_setup.bash
-- Up-to-date symlink: /home/hvakil/ros2_ws/install/urg_node2/share/urg_node2/local_setup.sh
-- Up-to-date symlink: /home/hvakil/ros2_ws/install/urg_node2/share/urg_node2/local_setup.zsh
-- Up-to-date symlink: /home/hvakil/ros2_ws/install/urg_node2/share/urg_node2/local_setup.dsv
-- Symlinking: /home/hvakil/ros2_ws/install/urg_node2/share/urg_node2/package.dsv
-- Up-to-date symlink: /home/hvakil/ros2_ws/install/urg_node2/share/ament_index/resource_index/packages/urg_node2
-- Up-to-date symlink: /home/hvakil/ros2_ws/install/urg_node2/share/ament_index/resource_index/rclcpp_components/urg_node2
-- Up-to-date symlink: /home/hvakil/ros2_ws/install/urg_node2/share/urg_node2/cmake/urg_node2Config.cmake
-- Up-to-date symlink: /home/hvakil/ros2_ws/install/urg_node2/share/urg_node2/cmake/urg_node2Config-version.cmake
-- Up-to-date symlink: /home/hvakil/ros2_ws/install/urg_node2/share/urg_node2/package.xml
