[1.664s] Invoking command in '/home/hvakil/ros2_ws/build/my_package': PYTHONPATH=/home/hvakil/ros2_ws/build/my_package/prefix_override:/home/hvakil/ros2_ws/install/my_package/lib/python3.10/site-packages:${PYTHONPATH} /usr/bin/python3 setup.py develop --editable --build-directory /home/hvakil/ros2_ws/build/my_package/build --no-deps install_data
[2.141s] running develop
[2.141s] /usr/lib/python3/dist-packages/setuptools/command/easy_install.py:158: EasyInstallDeprecationWarning: easy_install command is deprecated. Use build and pip and other standards-based tools.
[2.141s]   warnings.warn(
[2.142s] /usr/lib/python3/dist-packages/setuptools/command/install.py:34: SetuptoolsDeprecationWarning: setup.py install is deprecated. Use build and pip and other standards-based tools.
[2.143s]   warnings.warn(
[2.237s] /usr/lib/python3/dist-packages/pkg_resources/__init__.py:116: PkgResourcesDeprecationWarning: 1.16.0-unknown is an invalid version and will not be supported in a future release
[2.237s]   warnings.warn(
[2.238s] /usr/lib/python3/dist-packages/pkg_resources/__init__.py:116: PkgResourcesDeprecationWarning: 0.1.43ubuntu1 is an invalid version and will not be supported in a future release
[2.238s]   warnings.warn(
[2.238s] /usr/lib/python3/dist-packages/pkg_resources/__init__.py:116: PkgResourcesDeprecationWarning: 1.1build1 is an invalid version and will not be supported in a future release
[2.238s]   warnings.warn(
[2.396s] running egg_info
[2.396s] writing my_package.egg-info/PKG-INFO
[2.397s] writing dependency_links to my_package.egg-info/dependency_links.txt
[2.397s] writing entry points to my_package.egg-info/entry_points.txt
[2.397s] writing requirements to my_package.egg-info/requires.txt
[2.397s] writing top-level names to my_package.egg-info/top_level.txt
[2.404s] reading manifest file 'my_package.egg-info/SOURCES.txt'
[2.404s] writing manifest file 'my_package.egg-info/SOURCES.txt'
[2.409s] running build_ext
[2.409s] Creating /home/hvakil/ros2_ws/install/my_package/lib/python3.10/site-packages/my-package.egg-link (link to .)
[2.410s] Installing my_node script to /home/hvakil/ros2_ws/install/my_package/lib/my_package
[2.411s] 
[2.411s] Installed /home/hvakil/ros2_ws/build/my_package
[2.411s] running install_data
[2.464s] Invoked command in '/home/hvakil/ros2_ws/build/my_package' returned '0': PYTHONPATH=/home/hvakil/ros2_ws/build/my_package/prefix_override:/home/hvakil/ros2_ws/install/my_package/lib/python3.10/site-packages:${PYTHONPATH} /usr/bin/python3 setup.py develop --editable --build-directory /home/hvakil/ros2_ws/build/my_package/build --no-deps install_data
