-- Found ament_cmake: 1.3.4 (/home/hvakil/ros2_humble/install/ament_cmake/share/ament_cmake/cmake)
-- Override CMake install command with custom implementation using symlinks instead of copying resources
-- Found rclcpp: 16.0.4 (/home/hvakil/ros2_humble/install/rclcpp/share/rclcpp/cmake)
-- Found rosidl_generator_c: 3.1.4 (/home/hvakil/ros2_humble/install/rosidl_generator_c/share/rosidl_generator_c/cmake)
-- Found rosidl_adapter: 3.1.4 (/home/hvakil/ros2_humble/install/rosidl_adapter/share/rosidl_adapter/cmake)
-- Found rosidl_generator_cpp: 3.1.4 (/home/hvakil/ros2_humble/install/rosidl_generator_cpp/share/rosidl_generator_cpp/cmake)
-- Using all available rosidl_typesupport_c: rosidl_typesupport_fastrtps_c;rosidl_typesupport_introspection_c
-- Using all available rosidl_typesupport_cpp: rosidl_typesupport_fastrtps_cpp;rosidl_typesupport_introspection_cpp
-- Found rmw_implementation_cmake: 6.1.1 (/home/hvakil/ros2_humble/install/rmw_implementation_cmake/share/rmw_implementation_cmake/cmake)
-- Found rmw_fastrtps_cpp: 6.2.2 (/home/hvakil/ros2_humble/install/rmw_fastrtps_cpp/share/rmw_fastrtps_cpp/cmake)
-- Using RMW implementation 'rmw_fastrtps_cpp' as default
-- Found rclcpp_components: 16.0.4 (/home/hvakil/ros2_humble/install/rclcpp_components/share/rclcpp_components/cmake)
-- Found rclcpp_lifecycle: 16.0.4 (/home/hvakil/ros2_humble/install/rclcpp_lifecycle/share/rclcpp_lifecycle/cmake)
-- Found sensor_msgs: 4.2.3 (/home/hvakil/ros2_humble/install/sensor_msgs/share/sensor_msgs/cmake)
-- Found diagnostic_updater: 3.1.2 (/opt/ros/humble/share/diagnostic_updater/cmake)
-- Found laser_proc: 1.0.2 (/opt/ros/humble/share/laser_proc/cmake)
-- Found ament_cmake_gtest: 1.3.4 (/home/hvakil/ros2_humble/install/ament_cmake_gtest/share/ament_cmake_gtest/cmake)
-- Found gtest sources under '/home/hvakil/ros2_humble/install/gtest_vendor/src/gtest_vendor': C++ tests using 'Google Test' will be built
-- Configuring done
-- Generating done
-- Build files have been written to: /home/hvakil/ros2_ws/build/urg_node2
[  5%] [32mBuilding CXX object CMakeFiles/urg_node2_node.dir/rclcpp_components/node_main_urg_node2_node.cpp.o[0m
[ 10%] [32mBuilding CXX object gtest/CMakeFiles/gtest.dir/src/gtest-all.cc.o[0m
[ 15%] [32mBuilding C object CMakeFiles/urg_c.dir/urg_library/current/src/urg_utils.c.o[0m
[ 20%] [32mBuilding C object CMakeFiles/urg_c.dir/urg_library/current/src/urg_tcpclient.c.o[0m
[ 25%] [32mBuilding CXX object gtest/CMakeFiles/gtest_main.dir/src/gtest_main.cc.o[0m
[ 40%] [32mBuilding C object CMakeFiles/urg_c.dir/urg_library/current/src/urg_sensor.c.o[0m
[ 40%] [32mBuilding C object CMakeFiles/urg_c.dir/urg_library/current/src/urg_serial.c.o[0m
[ 45%] [32mBuilding C object CMakeFiles/urg_c.dir/urg_library/current/src/urg_serial_utils.c.o[0m
[ 45%] [32mBuilding C object CMakeFiles/urg_c.dir/urg_library/current/src/urg_debug.c.o[0m
[ 55%] [32mBuilding C object CMakeFiles/urg_c.dir/urg_library/current/src/urg_ring_buffer.c.o[0m
[ 55%] [32mBuilding C object CMakeFiles/urg_c.dir/urg_library/current/src/urg_connection.c.o[0m
[ 60%] [32m[1mLinking C shared library liburg_c.so[0m
[ 60%] Built target urg_c
[ 65%] [32mBuilding CXX object CMakeFiles/urg_node2.dir/src/urg_node2.cpp.o[0m
[ 70%] [32m[1mLinking CXX static library libgtest_main.a[0m
[ 70%] Built target gtest_main
[ 75%] [32m[1mLinking CXX static library libgtest.a[0m
[ 75%] Built target gtest
[ 85%] [32mBuilding CXX object CMakeFiles/urg_node2_test.dir/src/urg_node2.cpp.o[0m
[ 85%] [32mBuilding CXX object CMakeFiles/urg_node2_test.dir/test/urg_node2_test.cpp.o[0m
[ 90%] [32m[1mLinking CXX executable urg_node2_node[0m
[ 90%] Built target urg_node2_node
[ 95%] [32m[1mLinking CXX shared library liburg_node2.so[0m
[ 95%] Built target urg_node2
[100%] [32m[1mLinking CXX executable urg_node2_test[0m
[100%] Built target urg_node2_test
-- Install configuration: ""
-- Execute custom install script
-- Symlinking: /home/hvakil/ros2_ws/install/urg_node2/lib/urg_node2/urg_node2_node
-- Symlinking: /home/hvakil/ros2_ws/install/urg_node2/lib/liburg_node2.so
-- Symlinking: /home/hvakil/ros2_ws/install/urg_node2/lib/liburg_c.so
-- Symlinking: /home/hvakil/ros2_ws/install/urg_node2/share/urg_node2/launch/urg_node2.launch.py
-- Symlinking: /home/hvakil/ros2_ws/install/urg_node2/share/urg_node2/launch/urg_node2_2lidar.launch.py
-- Symlinking: /home/hvakil/ros2_ws/install/urg_node2/share/urg_node2/launch/urg_node2_component.launch.py
-- Symlinking: /home/hvakil/ros2_ws/install/urg_node2/share/urg_node2/config/params_ether.yaml
-- Symlinking: /home/hvakil/ros2_ws/install/urg_node2/share/urg_node2/config/params_ether_2nd.yaml
-- Symlinking: /home/hvakil/ros2_ws/install/urg_node2/share/urg_node2/config/params_serial.yaml
-- Symlinking: /home/hvakil/ros2_ws/install/urg_node2/share/ament_index/resource_index/package_run_dependencies/urg_node2
-- Symlinking: /home/hvakil/ros2_ws/install/urg_node2/share/ament_index/resource_index/parent_prefix_path/urg_node2
-- Symlinking: /home/hvakil/ros2_ws/install/urg_node2/share/urg_node2/environment/ament_prefix_path.sh
-- Symlinking: /home/hvakil/ros2_ws/install/urg_node2/share/urg_node2/environment/ament_prefix_path.dsv
-- Symlinking: /home/hvakil/ros2_ws/install/urg_node2/share/urg_node2/environment/path.sh
-- Symlinking: /home/hvakil/ros2_ws/install/urg_node2/share/urg_node2/environment/path.dsv
-- Symlinking: /home/hvakil/ros2_ws/install/urg_node2/share/urg_node2/local_setup.bash
-- Symlinking: /home/hvakil/ros2_ws/install/urg_node2/share/urg_node2/local_setup.sh
-- Symlinking: /home/hvakil/ros2_ws/install/urg_node2/share/urg_node2/local_setup.zsh
-- Symlinking: /home/hvakil/ros2_ws/install/urg_node2/share/urg_node2/local_setup.dsv
-- Symlinking: /home/hvakil/ros2_ws/install/urg_node2/share/urg_node2/package.dsv
-- Symlinking: /home/hvakil/ros2_ws/install/urg_node2/share/ament_index/resource_index/packages/urg_node2
-- Symlinking: /home/hvakil/ros2_ws/install/urg_node2/share/ament_index/resource_index/rclcpp_components/urg_node2
-- Symlinking: /home/hvakil/ros2_ws/install/urg_node2/share/urg_node2/cmake/urg_node2Config.cmake
-- Symlinking: /home/hvakil/ros2_ws/install/urg_node2/share/urg_node2/cmake/urg_node2Config-version.cmake
-- Symlinking: /home/hvakil/ros2_ws/install/urg_node2/share/urg_node2/package.xml
