[1.674s] Invoking command in '/home/hvakil/ros2_ws/src/my_package': PYTHONPATH=/home/hvakil/ros2_ws/build/my_package/prefix_override:/home/hvakil/ros2_ws/install/my_package/lib/python3.10/site-packages:${PYTHONPATH} /usr/bin/python3 setup.py egg_info --egg-base ../../build/my_package build --build-base /home/hvakil/ros2_ws/build/my_package/build install --record /home/hvakil/ros2_ws/build/my_package/install.log --single-version-externally-managed
[2.123s] running egg_info
[2.124s] creating ../../build/my_package/my_package.egg-info
[2.124s] writing ../../build/my_package/my_package.egg-info/PKG-INFO
[2.124s] writing dependency_links to ../../build/my_package/my_package.egg-info/dependency_links.txt
[2.125s] writing entry points to ../../build/my_package/my_package.egg-info/entry_points.txt
[2.125s] writing requirements to ../../build/my_package/my_package.egg-info/requires.txt
[2.125s] writing top-level names to ../../build/my_package/my_package.egg-info/top_level.txt
[2.129s] writing manifest file '../../build/my_package/my_package.egg-info/SOURCES.txt'
[2.131s] reading manifest file '../../build/my_package/my_package.egg-info/SOURCES.txt'
[2.132s] writing manifest file '../../build/my_package/my_package.egg-info/SOURCES.txt'
[2.132s] running build
[2.132s] running build_py
[2.132s] creating /home/hvakil/ros2_ws/build/my_package/build
[2.132s] creating /home/hvakil/ros2_ws/build/my_package/build/lib
[2.132s] creating /home/hvakil/ros2_ws/build/my_package/build/lib/my_package
[2.133s] copying my_package/my_node.py -> /home/hvakil/ros2_ws/build/my_package/build/lib/my_package
[2.133s] copying my_package/__init__.py -> /home/hvakil/ros2_ws/build/my_package/build/lib/my_package
[2.133s] running install
[2.133s] /usr/lib/python3/dist-packages/setuptools/command/install.py:34: SetuptoolsDeprecationWarning: setup.py install is deprecated. Use build and pip and other standards-based tools.
[2.133s]   warnings.warn(
[2.133s] running install_lib
[2.133s] creating /home/hvakil/ros2_ws/install/my_package/lib/python3.10/site-packages/my_package
[2.134s] copying /home/hvakil/ros2_ws/build/my_package/build/lib/my_package/my_node.py -> /home/hvakil/ros2_ws/install/my_package/lib/python3.10/site-packages/my_package
[2.134s] copying /home/hvakil/ros2_ws/build/my_package/build/lib/my_package/__init__.py -> /home/hvakil/ros2_ws/install/my_package/lib/python3.10/site-packages/my_package
[2.136s] byte-compiling /home/hvakil/ros2_ws/install/my_package/lib/python3.10/site-packages/my_package/my_node.py to my_node.cpython-310.pyc
[2.137s] byte-compiling /home/hvakil/ros2_ws/install/my_package/lib/python3.10/site-packages/my_package/__init__.py to __init__.cpython-310.pyc
[2.137s] running install_data
[2.137s] creating /home/hvakil/ros2_ws/install/my_package/share/ament_index
[2.137s] creating /home/hvakil/ros2_ws/install/my_package/share/ament_index/resource_index
[2.137s] creating /home/hvakil/ros2_ws/install/my_package/share/ament_index/resource_index/packages
[2.137s] copying resource/my_package -> /home/hvakil/ros2_ws/install/my_package/share/ament_index/resource_index/packages
[2.138s] copying package.xml -> /home/hvakil/ros2_ws/install/my_package/share/my_package
[2.138s] running install_egg_info
[2.141s] Copying ../../build/my_package/my_package.egg-info to /home/hvakil/ros2_ws/install/my_package/lib/python3.10/site-packages/my_package-0.0.0-py3.10.egg-info
[2.142s] running install_scripts
[2.182s] Installing my_node script to /home/hvakil/ros2_ws/install/my_package/lib/my_package
[2.182s] writing list of installed files to '/home/hvakil/ros2_ws/build/my_package/install.log'
[2.203s] Invoked command in '/home/hvakil/ros2_ws/src/my_package' returned '0': PYTHONPATH=/home/hvakil/ros2_ws/build/my_package/prefix_override:/home/hvakil/ros2_ws/install/my_package/lib/python3.10/site-packages:${PYTHONPATH} /usr/bin/python3 setup.py egg_info --egg-base ../../build/my_package build --build-base /home/hvakil/ros2_ws/build/my_package/build install --record /home/hvakil/ros2_ws/build/my_package/install.log --single-version-externally-managed
