[2.760s] Invoking command in '/home/hvakil/src/Olin_Robotics_Gator_Research/tractor/ros2_ws/build/write_to_tractor': PYTHONPATH=/home/hvakil/src/Olin_Robotics_Gator_Research/tractor/ros2_ws/build/write_to_tractor/prefix_override:/home/hvakil/src/Olin_Robotics_Gator_Research/tractor/ros2_ws/install/write_to_tractor/lib/python3.10/site-packages:${PYTHONPATH} /usr/bin/python3 setup.py develop --editable --build-directory /home/hvakil/src/Olin_Robotics_Gator_Research/tractor/ros2_ws/build/write_to_tractor/build --no-deps install_data
[3.522s] /usr/lib/python3/dist-packages/setuptools/dist.py:723: UserWarning: Usage of dash-separated 'script-dir' will not be supported in future versions. Please use the underscore name 'script_dir' instead
[3.522s]   warnings.warn(
[3.599s] running develop
[3.600s] /usr/lib/python3/dist-packages/setuptools/command/easy_install.py:158: EasyInstallDeprecationWarning: easy_install command is deprecated. Use build and pip and other standards-based tools.
[3.600s]   warnings.warn(
[3.602s] /usr/lib/python3/dist-packages/setuptools/command/install.py:34: SetuptoolsDeprecationWarning: setup.py install is deprecated. Use build and pip and other standards-based tools.
[3.603s]   warnings.warn(
[3.777s] /usr/lib/python3/dist-packages/pkg_resources/__init__.py:116: PkgResourcesDeprecationWarning: 1.16.0-unknown is an invalid version and will not be supported in a future release
[3.778s]   warnings.warn(
[3.778s] /usr/lib/python3/dist-packages/pkg_resources/__init__.py:116: PkgResourcesDeprecationWarning: 0.1.43ubuntu1 is an invalid version and will not be supported in a future release
[3.778s]   warnings.warn(
[3.778s] /usr/lib/python3/dist-packages/pkg_resources/__init__.py:116: PkgResourcesDeprecationWarning: 1.1build1 is an invalid version and will not be supported in a future release
[3.778s]   warnings.warn(
[4.056s] running egg_info
[4.056s] writing write_to_tractor.egg-info/PKG-INFO
[4.056s] writing dependency_links to write_to_tractor.egg-info/dependency_links.txt
[4.056s] writing entry points to write_to_tractor.egg-info/entry_points.txt
[4.057s] writing requirements to write_to_tractor.egg-info/requires.txt
[4.057s] writing top-level names to write_to_tractor.egg-info/top_level.txt
[4.068s] reading manifest file 'write_to_tractor.egg-info/SOURCES.txt'
[4.069s] writing manifest file 'write_to_tractor.egg-info/SOURCES.txt'
[4.076s] running build_ext
[4.077s] Creating /home/hvakil/src/Olin_Robotics_Gator_Research/tractor/ros2_ws/install/write_to_tractor/lib/python3.10/site-packages/write-to-tractor.egg-link (link to .)
[4.078s] Installing tractor_writer script to /home/hvakil/src/Olin_Robotics_Gator_Research/tractor/ros2_ws/install/write_to_tractor/lib/write_to_tractor
[4.079s] 
[4.079s] Installed /home/hvakil/src/Olin_Robotics_Gator_Research/tractor/ros2_ws/build/write_to_tractor
[4.079s] running install_data
[4.120s] Invoked command in '/home/hvakil/src/Olin_Robotics_Gator_Research/tractor/ros2_ws/build/write_to_tractor' returned '0': PYTHONPATH=/home/hvakil/src/Olin_Robotics_Gator_Research/tractor/ros2_ws/build/write_to_tractor/prefix_override:/home/hvakil/src/Olin_Robotics_Gator_Research/tractor/ros2_ws/install/write_to_tractor/lib/python3.10/site-packages:${PYTHONPATH} /usr/bin/python3 setup.py develop --editable --build-directory /home/hvakil/src/Olin_Robotics_Gator_Research/tractor/ros2_ws/build/write_to_tractor/build --no-deps install_data
