[2.321s] Invoking command in '/home/hvakil/ros2_ws/build/look_for_person': PYTHONPATH=/home/hvakil/ros2_ws/build/look_for_person/prefix_override:/home/hvakil/ros2_ws/install/look_for_person/lib/python3.10/site-packages:${PYTHONPATH} /usr/bin/python3 setup.py develop --editable --build-directory /home/hvakil/ros2_ws/build/look_for_person/build --no-deps install_data
[2.836s] running develop
[2.836s] /usr/lib/python3/dist-packages/setuptools/command/easy_install.py:158: EasyInstallDeprecationWarning: easy_install command is deprecated. Use build and pip and other standards-based tools.
[2.836s]   warnings.warn(
[2.837s] /usr/lib/python3/dist-packages/setuptools/command/install.py:34: SetuptoolsDeprecationWarning: setup.py install is deprecated. Use build and pip and other standards-based tools.
[2.837s]   warnings.warn(
[2.939s] /usr/lib/python3/dist-packages/pkg_resources/__init__.py:116: PkgResourcesDeprecationWarning: 1.16.0-unknown is an invalid version and will not be supported in a future release
[2.939s]   warnings.warn(
[2.939s] /usr/lib/python3/dist-packages/pkg_resources/__init__.py:116: PkgResourcesDeprecationWarning: 0.1.43ubuntu1 is an invalid version and will not be supported in a future release
[2.939s]   warnings.warn(
[2.939s] /usr/lib/python3/dist-packages/pkg_resources/__init__.py:116: PkgResourcesDeprecationWarning: 1.1build1 is an invalid version and will not be supported in a future release
[2.939s]   warnings.warn(
[3.129s] running egg_info
[3.130s] writing look_for_person.egg-info/PKG-INFO
[3.130s] writing dependency_links to look_for_person.egg-info/dependency_links.txt
[3.130s] writing entry points to look_for_person.egg-info/entry_points.txt
[3.131s] writing requirements to look_for_person.egg-info/requires.txt
[3.131s] writing top-level names to look_for_person.egg-info/top_level.txt
[3.138s] reading manifest file 'look_for_person.egg-info/SOURCES.txt'
[3.139s] writing manifest file 'look_for_person.egg-info/SOURCES.txt'
[3.144s] running build_ext
[3.144s] Creating /home/hvakil/ros2_ws/install/look_for_person/lib/python3.10/site-packages/look-for-person.egg-link (link to .)
[3.146s] Installing parse_scan script to /home/hvakil/ros2_ws/install/look_for_person/lib/look_for_person
[3.146s] 
[3.146s] Installed /home/hvakil/ros2_ws/build/look_for_person
[3.146s] running install_data
[3.176s] Invoked command in '/home/hvakil/ros2_ws/build/look_for_person' returned '0': PYTHONPATH=/home/hvakil/ros2_ws/build/look_for_person/prefix_override:/home/hvakil/ros2_ws/install/look_for_person/lib/python3.10/site-packages:${PYTHONPATH} /usr/bin/python3 setup.py develop --editable --build-directory /home/hvakil/ros2_ws/build/look_for_person/build --no-deps install_data
