[2.520s] Invoking command in '/home/hvakil/ros2_ws/build/look_for_person': PYTHONPATH=/home/hvakil/ros2_ws/build/look_for_person/prefix_override:/home/hvakil/ros2_ws/install/look_for_person/lib/python3.10/site-packages:${PYTHONPATH} /usr/bin/python3 setup.py develop --editable --build-directory /home/hvakil/ros2_ws/build/look_for_person/build --no-deps install_data
[3.016s] running develop
[3.016s] /usr/lib/python3/dist-packages/setuptools/command/easy_install.py:158: EasyInstallDeprecationWarning: easy_install command is deprecated. Use build and pip and other standards-based tools.
[3.016s]   warnings.warn(
[3.018s] /usr/lib/python3/dist-packages/setuptools/command/install.py:34: SetuptoolsDeprecationWarning: setup.py install is deprecated. Use build and pip and other standards-based tools.
[3.018s]   warnings.warn(
[3.124s] /usr/lib/python3/dist-packages/pkg_resources/__init__.py:116: PkgResourcesDeprecationWarning: 1.16.0-unknown is an invalid version and will not be supported in a future release
[3.124s]   warnings.warn(
[3.124s] /usr/lib/python3/dist-packages/pkg_resources/__init__.py:116: PkgResourcesDeprecationWarning: 0.1.43ubuntu1 is an invalid version and will not be supported in a future release
[3.124s]   warnings.warn(
[3.125s] /usr/lib/python3/dist-packages/pkg_resources/__init__.py:116: PkgResourcesDeprecationWarning: 1.1build1 is an invalid version and will not be supported in a future release
[3.125s]   warnings.warn(
[3.297s] running egg_info
[3.297s] creating look_for_person.egg-info
[3.298s] writing look_for_person.egg-info/PKG-INFO
[3.298s] writing dependency_links to look_for_person.egg-info/dependency_links.txt
[3.298s] writing entry points to look_for_person.egg-info/entry_points.txt
[3.298s] writing requirements to look_for_person.egg-info/requires.txt
[3.298s] writing top-level names to look_for_person.egg-info/top_level.txt
[3.303s] writing manifest file 'look_for_person.egg-info/SOURCES.txt'
[3.305s] reading manifest file 'look_for_person.egg-info/SOURCES.txt'
[3.306s] writing manifest file 'look_for_person.egg-info/SOURCES.txt'
[3.311s] running build_ext
[3.311s] Creating /home/hvakil/ros2_ws/install/look_for_person/lib/python3.10/site-packages/look-for-person.egg-link (link to .)
[3.312s] Installing parse_scan script to /home/hvakil/ros2_ws/install/look_for_person/lib/look_for_person
[3.313s] 
[3.313s] Installed /home/hvakil/ros2_ws/build/look_for_person
[3.313s] running install_data
[3.313s] creating /home/hvakil/ros2_ws/install/look_for_person/share/ament_index
[3.313s] creating /home/hvakil/ros2_ws/install/look_for_person/share/ament_index/resource_index
[3.313s] creating /home/hvakil/ros2_ws/install/look_for_person/share/ament_index/resource_index/packages
[3.313s] copying resource/look_for_person -> /home/hvakil/ros2_ws/install/look_for_person/share/ament_index/resource_index/packages
[3.313s] copying package.xml -> /home/hvakil/ros2_ws/install/look_for_person/share/look_for_person
[3.346s] Invoked command in '/home/hvakil/ros2_ws/build/look_for_person' returned '0': PYTHONPATH=/home/hvakil/ros2_ws/build/look_for_person/prefix_override:/home/hvakil/ros2_ws/install/look_for_person/lib/python3.10/site-packages:${PYTHONPATH} /usr/bin/python3 setup.py develop --editable --build-directory /home/hvakil/ros2_ws/build/look_for_person/build --no-deps install_data
