[35m[1mConsolidate compiler generated dependencies of target urg_c[0m
[ 25%] Built target gtest_main
[ 25%] [32mBuilding C object CMakeFiles/urg_c.dir/urg_library/current/src/urg_utils.c.o[0m
[ 25%] Built target gtest
[ 35%] Built target urg_node2_node
[01m[K/home/hvakil/ros2_ws/src/urg_node2/urg_library/current/src/urg_utils.c:[m[K In function ‘[01m[Kurg_delay[m[K’:
[01m[K/home/hvakil/ros2_ws/src/urg_node2/urg_library/current/src/urg_utils.c:188:18:[m[K [01;35m[Kwarning: [m[Kpassing argument 1 of ‘[01m[Kurg_sleep[m[K’ makes pointer from integer without a cast [[01;35m[K]8;;https://gcc.gnu.org/onlinedocs/gcc/Warning-Options.html#index-Wint-conversion-Wint-conversion]8;;[m[K]
  188 |   urg_sleep([01;35m[K1000 * delay_msec[m[K);
      |             [01;35m[K~~~~~^~~~~~~~~~~~[m[K
      |                  [01;35m[K|[m[K
      |                  [01;35m[Kint[m[K
In file included from [01m[K/home/hvakil/ros2_ws/src/urg_node2/urg_library/current/include/c/urg_utils.h:22[m[K,
                 from [01m[K/home/hvakil/ros2_ws/src/urg_node2/urg_library/current/src/urg_utils.c:13[m[K:
[01m[K/home/hvakil/ros2_ws/src/urg_node2/urg_library/current/include/c/urg_sensor.h:993:34:[m[K [01;36m[Knote: [m[Kexpected ‘[01m[Kurg_t *[m[K’ but argument is of type ‘[01m[Kint[m[K’
  993 |     extern void urg_sleep([01;36m[Kurg_t *urg[m[K);
      |                           [01;36m[K~~~~~~~^~~[m[K
[ 40%] [32m[1mLinking C shared library liburg_c.so[0m
[ 75%] Built target urg_c
[ 80%] [32m[1mLinking CXX shared library liburg_node2.so[0m
[ 85%] [32m[1mLinking CXX executable urg_node2_test[0m
[ 90%] Built target urg_node2
[100%] Built target urg_node2_test
-- Install configuration: ""
-- Execute custom install script
-- Up-to-date symlink: /home/hvakil/ros2_ws/install/urg_node2/lib/urg_node2/urg_node2_node
-- Up-to-date symlink: /home/hvakil/ros2_ws/install/urg_node2/lib/liburg_node2.so
-- Up-to-date symlink: /home/hvakil/ros2_ws/install/urg_node2/lib/liburg_c.so
-- Up-to-date symlink: /home/hvakil/ros2_ws/install/urg_node2/share/urg_node2/launch/urg_node2.launch.py
-- Up-to-date symlink: /home/hvakil/ros2_ws/install/urg_node2/share/urg_node2/launch/urg_node2_2lidar.launch.py
-- Up-to-date symlink: /home/hvakil/ros2_ws/install/urg_node2/share/urg_node2/launch/urg_node2_component.launch.py
-- Up-to-date symlink: /home/hvakil/ros2_ws/install/urg_node2/share/urg_node2/config/params_ether.yaml
-- Up-to-date symlink: /home/hvakil/ros2_ws/install/urg_node2/share/urg_node2/config/params_ether_2nd.yaml
-- Up-to-date symlink: /home/hvakil/ros2_ws/install/urg_node2/share/urg_node2/config/params_serial.yaml
-- Up-to-date symlink: /home/hvakil/ros2_ws/install/urg_node2/share/ament_index/resource_index/package_run_dependencies/urg_node2
-- Up-to-date symlink: /home/hvakil/ros2_ws/install/urg_node2/share/ament_index/resource_index/parent_prefix_path/urg_node2
-- Up-to-date symlink: /home/hvakil/ros2_ws/install/urg_node2/share/urg_node2/environment/ament_prefix_path.sh
-- Up-to-date symlink: /home/hvakil/ros2_ws/install/urg_node2/share/urg_node2/environment/ament_prefix_path.dsv
-- Up-to-date symlink: /home/hvakil/ros2_ws/install/urg_node2/share/urg_node2/environment/path.sh
-- Up-to-date symlink: /home/hvakil/ros2_ws/install/urg_node2/share/urg_node2/environment/path.dsv
-- Up-to-date symlink: /home/hvakil/ros2_ws/install/urg_node2/share/urg_node2/local_setup.bash
-- Up-to-date symlink: /home/hvakil/ros2_ws/install/urg_node2/share/urg_node2/local_setup.sh
-- Up-to-date symlink: /home/hvakil/ros2_ws/install/urg_node2/share/urg_node2/local_setup.zsh
-- Up-to-date symlink: /home/hvakil/ros2_ws/install/urg_node2/share/urg_node2/local_setup.dsv
-- Symlinking: /home/hvakil/ros2_ws/install/urg_node2/share/urg_node2/package.dsv
-- Up-to-date symlink: /home/hvakil/ros2_ws/install/urg_node2/share/ament_index/resource_index/packages/urg_node2
-- Up-to-date symlink: /home/hvakil/ros2_ws/install/urg_node2/share/ament_index/resource_index/rclcpp_components/urg_node2
-- Up-to-date symlink: /home/hvakil/ros2_ws/install/urg_node2/share/urg_node2/cmake/urg_node2Config.cmake
-- Up-to-date symlink: /home/hvakil/ros2_ws/install/urg_node2/share/urg_node2/cmake/urg_node2Config-version.cmake
-- Up-to-date symlink: /home/hvakil/ros2_ws/install/urg_node2/share/urg_node2/package.xml
