[1.140s] Invoking command in '/home/hvakil/ros2_ws/src/build/gps_interfaces': CMAKE_PREFIX_PATH=${CMAKE_PREFIX_PATH}:/home/hvakil/ros2_ws/install/write_to_tractor:/home/hvakil/ros2_humble/install/rqt_bag_plugins:/home/hvakil/ros2_humble/install/rqt_bag:/home/hvakil/ros2_humble/install/ros2bag:/home/hvakil/ros2_humble/install/tracetools_test:/home/hvakil/ros2_humble/install/tracetools_launch:/home/hvakil/ros2_humble/install/topic_monitor:/home/hvakil/ros2_humble/install/tf2_tools:/home/hvakil/ros2_humble/install/examples_tf2_py:/home/hvakil/ros2_humble/install/tf2_ros_py:/home/hvakil/ros2_humble/install/sros2:/home/hvakil/ros2_humble/install/rqt_topic:/home/hvakil/ros2_humble/install/rqt_srv:/home/hvakil/ros2_humble/install/rqt_shell:/home/hvakil/ros2_humble/install/rqt_service_caller:/home/hvakil/ros2_humble/install/rqt_reconfigure:/home/hvakil/ros2_humble/install/rqt_py_console:/home/hvakil/ros2_humble/install/rqt_publisher:/home/hvakil/ros2_humble/install/rqt_plot:/home/hvakil/ros2_humble/install/rqt_action:/home/hvakil/ros2_humble/install/rqt_msg:/home/hvakil/ros2_humble/install/rqt_console:/home/hvakil/ros2_humble/install/rqt:/home/hvakil/ros2_humble/install/rqt_graph:/home/hvakil/ros2_humble/install/rqt_gui_py:/home/hvakil/ros2_humble/install/rqt_gui:/home/hvakil/ros2_humble/install/ros2trace:/home/hvakil/ros2_humble/install/ros2topic:/home/hvakil/ros2_humble/install/ros2test:/home/hvakil/ros2_humble/install/ros2component:/home/hvakil/ros2_humble/install/ros2param:/home/hvakil/ros2_humble/install/ros2lifecycle:/home/hvakil/ros2_humble/install/ros2service:/home/hvakil/ros2_humble/install/ros2run:/home/hvakil/ros2_humble/install/ros2launch:/home/hvakil/ros2_humble/install/ros2pkg:/home/hvakil/ros2_humble/install/ros2node:/home/hvakil/ros2_humble/install/ros2multicast:/home/hvakil/ros2_humble/install/ros2interface:/home/hvakil/ros2_humble/install/ros2doctor:/home/hvakil/ros2_humble/install/ros2action:/home/hvakil/ros2_humble/install/ros2cli:/home/hvakil/ros2_humble/install/quality_of_service_demo_py:/home/hvakil/ros2_humble/install/lifecycle_py:/home/hvakil/ros2_humble/install/launch_testing_ros:/home/hvakil/ros2_humble/install/launch_ros:/home/hvakil/ros2_humble/install/examples_rclpy_pointcloud_publisher:/home/hvakil/ros2_humble/install/examples_rclpy_minimal_subscriber:/home/hvakil/ros2_humble/install/examples_rclpy_minimal_service:/home/hvakil/ros2_humble/install/examples_rclpy_minimal_publisher:/home/hvakil/ros2_humble/install/examples_rclpy_minimal_client:/home/hvakil/ros2_humble/install/examples_rclpy_minimal_action_server:/home/hvakil/ros2_humble/install/examples_rclpy_minimal_action_client:/home/hvakil/ros2_humble/install/examples_rclpy_guard_conditions:/home/hvakil/ros2_humble/install/examples_rclpy_executors:/home/hvakil/ros2_humble/install/demo_nodes_py:/home/hvakil/ros2_humble/install/action_tutorials_py:/home/hvakil/ros2_humble/install/ament_uncrustify:/home/hvakil/ros2_humble/install/tracetools_trace:/home/hvakil/ros2_humble/install/tracetools_read:/home/hvakil/ros2_humble/install/test_tracetools_launch:/home/hvakil/ros2_humble/install/test_launch_ros:/home/hvakil/ros2_humble/install/sensor_msgs_py:/home/hvakil/ros2_humble/install/rpyutils:/home/hvakil/ros2_humble/install/rosidl_runtime_py:/home/hvakil/ros2_humble/install/rosidl_cli:/home/hvakil/ros2_humble/install/launch_pytest:/home/hvakil/ros2_humble/install/launch_testing:/home/hvakil/ros2_humble/install/launch_yaml:/home/hvakil/ros2_humble/install/launch_xml:/home/hvakil/ros2_humble/install/launch:/home/hvakil/ros2_humble/install/osrf_pycommon:/home/hvakil/ros2_humble/install/launch_testing_examples:/home/hvakil/ros2_humble/install/domain_coordinator:/home/hvakil/ros2_humble/install/ament_xmllint:/home/hvakil/ros2_humble/install/ament_pyflakes:/home/hvakil/ros2_humble/install/ament_pycodestyle:/home/hvakil/ros2_humble/install/ament_pep257:/home/hvakil/ros2_humble/install/ament_pclint:/home/hvakil/ros2_humble/install/ament_package:/home/hvakil/ros2_humble/install/ament_mypy:/home/hvakil/ros2_humble/install/ament_lint_cmake:/home/hvakil/ros2_humble/install/ament_flake8:/home/hvakil/ros2_humble/install/ament_copyright:/home/hvakil/ros2_humble/install/ament_lint:/home/hvakil/ros2_humble/install/ament_index_python:/home/hvakil/ros2_humble/install/ament_cpplint:/home/hvakil/ros2_humble/install/ament_cppcheck:/home/hvakil/ros2_humble/install/ament_clang_tidy:/home/hvakil/ros2_humble/install/ament_clang_format /usr/bin/cmake --build /home/hvakil/ros2_ws/src/build/gps_interfaces -- -j12 -l12
[2.740s] [35m[1mConsolidate compiler generated dependencies of target gps_interfaces__rosidl_generator_c[0m
[2.741s] [  3%] Built target gps_interfaces__cpp
[2.741s] [ 12%] Built target gps_interfaces__rosidl_generator_c
[2.741s] [ 12%] Built target ament_cmake_python_symlink_gps_interfaces
[2.742s] [35m[1mConsolidate compiler generated dependencies of target gps_interfaces__rosidl_typesupport_cpp[0m
[2.742s] [35m[1mConsolidate compiler generated dependencies of target gps_interfaces__rosidl_typesupport_fastrtps_cpp[0m
[2.742s] [35m[1mConsolidate compiler generated dependencies of target gps_interfaces__rosidl_typesupport_introspection_cpp[0m
[2.742s] [35m[1mConsolidate compiler generated dependencies of target gps_interfaces__rosidl_typesupport_introspection_c[0m
[2.742s] [35m[1mConsolidate compiler generated dependencies of target gps_interfaces__rosidl_typesupport_c[0m
[2.743s] [35m[1mConsolidate compiler generated dependencies of target gps_interfaces__rosidl_typesupport_fastrtps_c[0m
[2.743s] [ 22%] Built target gps_interfaces__rosidl_typesupport_cpp
[2.743s] [ 35%] Built target gps_interfaces__rosidl_typesupport_introspection_c
[2.743s] [ 41%] Built target gps_interfaces__rosidl_typesupport_fastrtps_cpp
[2.743s] [ 51%] Built target gps_interfaces__rosidl_typesupport_introspection_cpp
[2.743s] [ 61%] Built target gps_interfaces__rosidl_typesupport_c
[2.744s] [ 70%] Built target gps_interfaces__rosidl_typesupport_fastrtps_c
[2.744s] [ 70%] Built target gps_interfaces
[2.744s] [ 74%] Built target gps_interfaces__py
[2.744s] [35m[1mConsolidate compiler generated dependencies of target gps_interfaces__rosidl_generator_py[0m
[2.744s] [ 80%] Built target gps_interfaces__rosidl_generator_py
[2.744s] [35m[1mConsolidate compiler generated dependencies of target gps_interfaces__rosidl_typesupport_introspection_c__pyext[0m
[2.744s] [35m[1mConsolidate compiler generated dependencies of target gps_interfaces__rosidl_typesupport_fastrtps_c__pyext[0m
[2.744s] [35m[1mConsolidate compiler generated dependencies of target gps_interfaces__rosidl_typesupport_c__pyext[0m
[2.745s] [ 87%] Built target gps_interfaces__rosidl_typesupport_introspection_c__pyext
[2.745s] [ 93%] Built target gps_interfaces__rosidl_typesupport_fastrtps_c__pyext
[2.745s] [100%] Built target gps_interfaces__rosidl_typesupport_c__pyext
[2.745s] running egg_info
[2.745s] writing gps_interfaces.egg-info/PKG-INFO
[2.745s] writing dependency_links to gps_interfaces.egg-info/dependency_links.txt
[2.745s] writing top-level names to gps_interfaces.egg-info/top_level.txt
[2.745s] reading manifest file 'gps_interfaces.egg-info/SOURCES.txt'
[2.745s] writing manifest file 'gps_interfaces.egg-info/SOURCES.txt'
[2.746s] [100%] Built target ament_cmake_python_build_gps_interfaces_egg
[2.746s] Invoked command in '/home/hvakil/ros2_ws/src/build/gps_interfaces' returned '0': CMAKE_PREFIX_PATH=${CMAKE_PREFIX_PATH}:/home/hvakil/ros2_ws/install/write_to_tractor:/home/hvakil/ros2_humble/install/rqt_bag_plugins:/home/hvakil/ros2_humble/install/rqt_bag:/home/hvakil/ros2_humble/install/ros2bag:/home/hvakil/ros2_humble/install/tracetools_test:/home/hvakil/ros2_humble/install/tracetools_launch:/home/hvakil/ros2_humble/install/topic_monitor:/home/hvakil/ros2_humble/install/tf2_tools:/home/hvakil/ros2_humble/install/examples_tf2_py:/home/hvakil/ros2_humble/install/tf2_ros_py:/home/hvakil/ros2_humble/install/sros2:/home/hvakil/ros2_humble/install/rqt_topic:/home/hvakil/ros2_humble/install/rqt_srv:/home/hvakil/ros2_humble/install/rqt_shell:/home/hvakil/ros2_humble/install/rqt_service_caller:/home/hvakil/ros2_humble/install/rqt_reconfigure:/home/hvakil/ros2_humble/install/rqt_py_console:/home/hvakil/ros2_humble/install/rqt_publisher:/home/hvakil/ros2_humble/install/rqt_plot:/home/hvakil/ros2_humble/install/rqt_action:/home/hvakil/ros2_humble/install/rqt_msg:/home/hvakil/ros2_humble/install/rqt_console:/home/hvakil/ros2_humble/install/rqt:/home/hvakil/ros2_humble/install/rqt_graph:/home/hvakil/ros2_humble/install/rqt_gui_py:/home/hvakil/ros2_humble/install/rqt_gui:/home/hvakil/ros2_humble/install/ros2trace:/home/hvakil/ros2_humble/install/ros2topic:/home/hvakil/ros2_humble/install/ros2test:/home/hvakil/ros2_humble/install/ros2component:/home/hvakil/ros2_humble/install/ros2param:/home/hvakil/ros2_humble/install/ros2lifecycle:/home/hvakil/ros2_humble/install/ros2service:/home/hvakil/ros2_humble/install/ros2run:/home/hvakil/ros2_humble/install/ros2launch:/home/hvakil/ros2_humble/install/ros2pkg:/home/hvakil/ros2_humble/install/ros2node:/home/hvakil/ros2_humble/install/ros2multicast:/home/hvakil/ros2_humble/install/ros2interface:/home/hvakil/ros2_humble/install/ros2doctor:/home/hvakil/ros2_humble/install/ros2action:/home/hvakil/ros2_humble/install/ros2cli:/home/hvakil/ros2_humble/install/quality_of_service_demo_py:/home/hvakil/ros2_humble/install/lifecycle_py:/home/hvakil/ros2_humble/install/launch_testing_ros:/home/hvakil/ros2_humble/install/launch_ros:/home/hvakil/ros2_humble/install/examples_rclpy_pointcloud_publisher:/home/hvakil/ros2_humble/install/examples_rclpy_minimal_subscriber:/home/hvakil/ros2_humble/install/examples_rclpy_minimal_service:/home/hvakil/ros2_humble/install/examples_rclpy_minimal_publisher:/home/hvakil/ros2_humble/install/examples_rclpy_minimal_client:/home/hvakil/ros2_humble/install/examples_rclpy_minimal_action_server:/home/hvakil/ros2_humble/install/examples_rclpy_minimal_action_client:/home/hvakil/ros2_humble/install/examples_rclpy_guard_conditions:/home/hvakil/ros2_humble/install/examples_rclpy_executors:/home/hvakil/ros2_humble/install/demo_nodes_py:/home/hvakil/ros2_humble/install/action_tutorials_py:/home/hvakil/ros2_humble/install/ament_uncrustify:/home/hvakil/ros2_humble/install/tracetools_trace:/home/hvakil/ros2_humble/install/tracetools_read:/home/hvakil/ros2_humble/install/test_tracetools_launch:/home/hvakil/ros2_humble/install/test_launch_ros:/home/hvakil/ros2_humble/install/sensor_msgs_py:/home/hvakil/ros2_humble/install/rpyutils:/home/hvakil/ros2_humble/install/rosidl_runtime_py:/home/hvakil/ros2_humble/install/rosidl_cli:/home/hvakil/ros2_humble/install/launch_pytest:/home/hvakil/ros2_humble/install/launch_testing:/home/hvakil/ros2_humble/install/launch_yaml:/home/hvakil/ros2_humble/install/launch_xml:/home/hvakil/ros2_humble/install/launch:/home/hvakil/ros2_humble/install/osrf_pycommon:/home/hvakil/ros2_humble/install/launch_testing_examples:/home/hvakil/ros2_humble/install/domain_coordinator:/home/hvakil/ros2_humble/install/ament_xmllint:/home/hvakil/ros2_humble/install/ament_pyflakes:/home/hvakil/ros2_humble/install/ament_pycodestyle:/home/hvakil/ros2_humble/install/ament_pep257:/home/hvakil/ros2_humble/install/ament_pclint:/home/hvakil/ros2_humble/install/ament_package:/home/hvakil/ros2_humble/install/ament_mypy:/home/hvakil/ros2_humble/install/ament_lint_cmake:/home/hvakil/ros2_humble/install/ament_flake8:/home/hvakil/ros2_humble/install/ament_copyright:/home/hvakil/ros2_humble/install/ament_lint:/home/hvakil/ros2_humble/install/ament_index_python:/home/hvakil/ros2_humble/install/ament_cpplint:/home/hvakil/ros2_humble/install/ament_cppcheck:/home/hvakil/ros2_humble/install/ament_clang_tidy:/home/hvakil/ros2_humble/install/ament_clang_format /usr/bin/cmake --build /home/hvakil/ros2_ws/src/build/gps_interfaces -- -j12 -l12
[3.374s] Invoking command in '/home/hvakil/ros2_ws/src/build/gps_interfaces': CMAKE_PREFIX_PATH=${CMAKE_PREFIX_PATH}:/home/hvakil/ros2_ws/install/write_to_tractor:/home/hvakil/ros2_humble/install/rqt_bag_plugins:/home/hvakil/ros2_humble/install/rqt_bag:/home/hvakil/ros2_humble/install/ros2bag:/home/hvakil/ros2_humble/install/tracetools_test:/home/hvakil/ros2_humble/install/tracetools_launch:/home/hvakil/ros2_humble/install/topic_monitor:/home/hvakil/ros2_humble/install/tf2_tools:/home/hvakil/ros2_humble/install/examples_tf2_py:/home/hvakil/ros2_humble/install/tf2_ros_py:/home/hvakil/ros2_humble/install/sros2:/home/hvakil/ros2_humble/install/rqt_topic:/home/hvakil/ros2_humble/install/rqt_srv:/home/hvakil/ros2_humble/install/rqt_shell:/home/hvakil/ros2_humble/install/rqt_service_caller:/home/hvakil/ros2_humble/install/rqt_reconfigure:/home/hvakil/ros2_humble/install/rqt_py_console:/home/hvakil/ros2_humble/install/rqt_publisher:/home/hvakil/ros2_humble/install/rqt_plot:/home/hvakil/ros2_humble/install/rqt_action:/home/hvakil/ros2_humble/install/rqt_msg:/home/hvakil/ros2_humble/install/rqt_console:/home/hvakil/ros2_humble/install/rqt:/home/hvakil/ros2_humble/install/rqt_graph:/home/hvakil/ros2_humble/install/rqt_gui_py:/home/hvakil/ros2_humble/install/rqt_gui:/home/hvakil/ros2_humble/install/ros2trace:/home/hvakil/ros2_humble/install/ros2topic:/home/hvakil/ros2_humble/install/ros2test:/home/hvakil/ros2_humble/install/ros2component:/home/hvakil/ros2_humble/install/ros2param:/home/hvakil/ros2_humble/install/ros2lifecycle:/home/hvakil/ros2_humble/install/ros2service:/home/hvakil/ros2_humble/install/ros2run:/home/hvakil/ros2_humble/install/ros2launch:/home/hvakil/ros2_humble/install/ros2pkg:/home/hvakil/ros2_humble/install/ros2node:/home/hvakil/ros2_humble/install/ros2multicast:/home/hvakil/ros2_humble/install/ros2interface:/home/hvakil/ros2_humble/install/ros2doctor:/home/hvakil/ros2_humble/install/ros2action:/home/hvakil/ros2_humble/install/ros2cli:/home/hvakil/ros2_humble/install/quality_of_service_demo_py:/home/hvakil/ros2_humble/install/lifecycle_py:/home/hvakil/ros2_humble/install/launch_testing_ros:/home/hvakil/ros2_humble/install/launch_ros:/home/hvakil/ros2_humble/install/examples_rclpy_pointcloud_publisher:/home/hvakil/ros2_humble/install/examples_rclpy_minimal_subscriber:/home/hvakil/ros2_humble/install/examples_rclpy_minimal_service:/home/hvakil/ros2_humble/install/examples_rclpy_minimal_publisher:/home/hvakil/ros2_humble/install/examples_rclpy_minimal_client:/home/hvakil/ros2_humble/install/examples_rclpy_minimal_action_server:/home/hvakil/ros2_humble/install/examples_rclpy_minimal_action_client:/home/hvakil/ros2_humble/install/examples_rclpy_guard_conditions:/home/hvakil/ros2_humble/install/examples_rclpy_executors:/home/hvakil/ros2_humble/install/demo_nodes_py:/home/hvakil/ros2_humble/install/action_tutorials_py:/home/hvakil/ros2_humble/install/ament_uncrustify:/home/hvakil/ros2_humble/install/tracetools_trace:/home/hvakil/ros2_humble/install/tracetools_read:/home/hvakil/ros2_humble/install/test_tracetools_launch:/home/hvakil/ros2_humble/install/test_launch_ros:/home/hvakil/ros2_humble/install/sensor_msgs_py:/home/hvakil/ros2_humble/install/rpyutils:/home/hvakil/ros2_humble/install/rosidl_runtime_py:/home/hvakil/ros2_humble/install/rosidl_cli:/home/hvakil/ros2_humble/install/launch_pytest:/home/hvakil/ros2_humble/install/launch_testing:/home/hvakil/ros2_humble/install/launch_yaml:/home/hvakil/ros2_humble/install/launch_xml:/home/hvakil/ros2_humble/install/launch:/home/hvakil/ros2_humble/install/osrf_pycommon:/home/hvakil/ros2_humble/install/launch_testing_examples:/home/hvakil/ros2_humble/install/domain_coordinator:/home/hvakil/ros2_humble/install/ament_xmllint:/home/hvakil/ros2_humble/install/ament_pyflakes:/home/hvakil/ros2_humble/install/ament_pycodestyle:/home/hvakil/ros2_humble/install/ament_pep257:/home/hvakil/ros2_humble/install/ament_pclint:/home/hvakil/ros2_humble/install/ament_package:/home/hvakil/ros2_humble/install/ament_mypy:/home/hvakil/ros2_humble/install/ament_lint_cmake:/home/hvakil/ros2_humble/install/ament_flake8:/home/hvakil/ros2_humble/install/ament_copyright:/home/hvakil/ros2_humble/install/ament_lint:/home/hvakil/ros2_humble/install/ament_index_python:/home/hvakil/ros2_humble/install/ament_cpplint:/home/hvakil/ros2_humble/install/ament_cppcheck:/home/hvakil/ros2_humble/install/ament_clang_tidy:/home/hvakil/ros2_humble/install/ament_clang_format /usr/bin/cmake --install /home/hvakil/ros2_ws/src/build/gps_interfaces
[3.405s] -- Install configuration: ""
[3.406s] -- Execute custom install script
[3.407s] -- Up-to-date symlink: /home/hvakil/ros2_ws/src/install/gps_interfaces/share/ament_index/resource_index/rosidl_interfaces/gps_interfaces
[3.409s] -- Up-to-date symlink: /home/hvakil/ros2_ws/src/install/gps_interfaces/include/gps_interfaces/gps_interfaces/msg/coordinate_stamped.h
[3.410s] -- Up-to-date symlink: /home/hvakil/ros2_ws/src/install/gps_interfaces/include/gps_interfaces/gps_interfaces/msg/detail/coordinate_stamped__functions.h
[3.410s] -- Up-to-date symlink: /home/hvakil/ros2_ws/src/install/gps_interfaces/include/gps_interfaces/gps_interfaces/msg/detail/coordinate_stamped__struct.h
[3.411s] -- Up-to-date symlink: /home/hvakil/ros2_ws/src/install/gps_interfaces/include/gps_interfaces/gps_interfaces/msg/detail/coordinate_stamped__type_support.h
[3.412s] -- Up-to-date symlink: /home/hvakil/ros2_ws/src/install/gps_interfaces/include/gps_interfaces/gps_interfaces/msg/rosidl_generator_c__visibility_control.h
[3.413s] -- Up-to-date symlink: /home/hvakil/ros2_ws/src/install/gps_interfaces/share/gps_interfaces/environment/library_path.sh
[3.414s] -- Up-to-date symlink: /home/hvakil/ros2_ws/src/install/gps_interfaces/share/gps_interfaces/environment/library_path.dsv
[3.415s] -- Up-to-date symlink: /home/hvakil/ros2_ws/src/install/gps_interfaces/include/gps_interfaces/gps_interfaces/msg/detail/coordinate_stamped__rosidl_typesupport_introspection_c.h
[3.417s] -- Up-to-date symlink: /home/hvakil/ros2_ws/src/install/gps_interfaces/include/gps_interfaces/gps_interfaces/msg/rosidl_typesupport_introspection_c__visibility_control.h
[3.418s] -- Up-to-date symlink: /home/hvakil/ros2_ws/src/install/gps_interfaces/include/gps_interfaces/gps_interfaces/msg/detail/coordinate_stamped__rosidl_typesupport_fastrtps_c.h
[3.418s] -- Up-to-date symlink: /home/hvakil/ros2_ws/src/install/gps_interfaces/include/gps_interfaces/gps_interfaces/msg/rosidl_typesupport_fastrtps_c__visibility_control.h
[3.419s] -- Up-to-date symlink: /home/hvakil/ros2_ws/src/install/gps_interfaces/include/gps_interfaces/gps_interfaces/msg/coordinate_stamped.hpp
[3.420s] -- Up-to-date symlink: /home/hvakil/ros2_ws/src/install/gps_interfaces/include/gps_interfaces/gps_interfaces/msg/detail/coordinate_stamped__builder.hpp
[3.421s] -- Up-to-date symlink: /home/hvakil/ros2_ws/src/install/gps_interfaces/include/gps_interfaces/gps_interfaces/msg/detail/coordinate_stamped__struct.hpp
[3.421s] -- Up-to-date symlink: /home/hvakil/ros2_ws/src/install/gps_interfaces/include/gps_interfaces/gps_interfaces/msg/detail/coordinate_stamped__traits.hpp
[3.423s] -- Up-to-date symlink: /home/hvakil/ros2_ws/src/install/gps_interfaces/include/gps_interfaces/gps_interfaces/msg/detail/coordinate_stamped__rosidl_typesupport_introspection_cpp.hpp
[3.424s] -- Up-to-date symlink: /home/hvakil/ros2_ws/src/install/gps_interfaces/include/gps_interfaces/gps_interfaces/msg/detail/coordinate_stamped__rosidl_typesupport_fastrtps_cpp.hpp
[3.425s] -- Up-to-date symlink: /home/hvakil/ros2_ws/src/install/gps_interfaces/include/gps_interfaces/gps_interfaces/msg/rosidl_typesupport_fastrtps_cpp__visibility_control.h
[3.425s] -- Up-to-date symlink: /home/hvakil/ros2_ws/src/install/gps_interfaces/share/gps_interfaces/environment/pythonpath.sh
[3.425s] -- Up-to-date symlink: /home/hvakil/ros2_ws/src/install/gps_interfaces/share/gps_interfaces/environment/pythonpath.dsv
[3.426s] -- Up-to-date symlink: /home/hvakil/ros2_ws/src/install/gps_interfaces/local/lib/python3.10/dist-packages/gps_interfaces-0.0.0-py3.10.egg-info/PKG-INFO
[3.426s] -- Up-to-date symlink: /home/hvakil/ros2_ws/src/install/gps_interfaces/local/lib/python3.10/dist-packages/gps_interfaces-0.0.0-py3.10.egg-info/SOURCES.txt
[3.426s] -- Up-to-date symlink: /home/hvakil/ros2_ws/src/install/gps_interfaces/local/lib/python3.10/dist-packages/gps_interfaces-0.0.0-py3.10.egg-info/dependency_links.txt
[3.426s] -- Up-to-date symlink: /home/hvakil/ros2_ws/src/install/gps_interfaces/local/lib/python3.10/dist-packages/gps_interfaces-0.0.0-py3.10.egg-info/top_level.txt
[3.427s] -- Up-to-date symlink: /home/hvakil/ros2_ws/src/install/gps_interfaces/local/lib/python3.10/dist-packages/gps_interfaces/__init__.py
[3.427s] -- Up-to-date symlink: /home/hvakil/ros2_ws/src/install/gps_interfaces/local/lib/python3.10/dist-packages/gps_interfaces/_gps_interfaces_s.ep.rosidl_typesupport_c.c
[3.427s] -- Up-to-date symlink: /home/hvakil/ros2_ws/src/install/gps_interfaces/local/lib/python3.10/dist-packages/gps_interfaces/_gps_interfaces_s.ep.rosidl_typesupport_fastrtps_c.c
[3.428s] -- Up-to-date symlink: /home/hvakil/ros2_ws/src/install/gps_interfaces/local/lib/python3.10/dist-packages/gps_interfaces/_gps_interfaces_s.ep.rosidl_typesupport_introspection_c.c
[3.428s] -- Up-to-date symlink: /home/hvakil/ros2_ws/src/install/gps_interfaces/local/lib/python3.10/dist-packages/gps_interfaces/gps_interfaces_s__rosidl_typesupport_c.cpython-310-x86_64-linux-gnu.so
[3.428s] -- Up-to-date symlink: /home/hvakil/ros2_ws/src/install/gps_interfaces/local/lib/python3.10/dist-packages/gps_interfaces/gps_interfaces_s__rosidl_typesupport_fastrtps_c.cpython-310-x86_64-linux-gnu.so
[3.428s] -- Up-to-date symlink: /home/hvakil/ros2_ws/src/install/gps_interfaces/local/lib/python3.10/dist-packages/gps_interfaces/gps_interfaces_s__rosidl_typesupport_introspection_c.cpython-310-x86_64-linux-gnu.so
[3.429s] -- Up-to-date symlink: /home/hvakil/ros2_ws/src/install/gps_interfaces/local/lib/python3.10/dist-packages/gps_interfaces/libgps_interfaces__rosidl_generator_py.so
[3.429s] -- Up-to-date symlink: /home/hvakil/ros2_ws/src/install/gps_interfaces/local/lib/python3.10/dist-packages/gps_interfaces/msg/__init__.py
[3.429s] -- Up-to-date symlink: /home/hvakil/ros2_ws/src/install/gps_interfaces/local/lib/python3.10/dist-packages/gps_interfaces/msg/_coordinate_stamped.py
[3.430s] -- Up-to-date symlink: /home/hvakil/ros2_ws/src/install/gps_interfaces/local/lib/python3.10/dist-packages/gps_interfaces/msg/_coordinate_stamped_s.c
[3.430s] -- Up-to-date symlink: /home/hvakil/ros2_ws/src/install/gps_interfaces/local/lib/python3.10/dist-packages/gps_interfaces/gps_interfaces_s__rosidl_typesupport_introspection_c.cpython-310-x86_64-linux-gnu.so
[3.430s] -- Up-to-date symlink: /home/hvakil/ros2_ws/src/install/gps_interfaces/local/lib/python3.10/dist-packages/gps_interfaces/gps_interfaces_s__rosidl_typesupport_fastrtps_c.cpython-310-x86_64-linux-gnu.so
[3.431s] -- Up-to-date symlink: /home/hvakil/ros2_ws/src/install/gps_interfaces/local/lib/python3.10/dist-packages/gps_interfaces/gps_interfaces_s__rosidl_typesupport_c.cpython-310-x86_64-linux-gnu.so
[3.431s] -- Up-to-date symlink: /home/hvakil/ros2_ws/src/install/gps_interfaces/share/gps_interfaces/msg/CoordinateStamped.idl
[3.432s] -- Up-to-date symlink: /home/hvakil/ros2_ws/src/install/gps_interfaces/share/gps_interfaces/msg/CoordinateStamped.msg
[3.433s] -- Up-to-date symlink: /home/hvakil/ros2_ws/src/install/gps_interfaces/share/ament_index/resource_index/package_run_dependencies/gps_interfaces
[3.434s] -- Up-to-date symlink: /home/hvakil/ros2_ws/src/install/gps_interfaces/share/ament_index/resource_index/parent_prefix_path/gps_interfaces
[3.434s] -- Up-to-date symlink: /home/hvakil/ros2_ws/src/install/gps_interfaces/share/gps_interfaces/environment/ament_prefix_path.sh
[3.435s] -- Up-to-date symlink: /home/hvakil/ros2_ws/src/install/gps_interfaces/share/gps_interfaces/environment/ament_prefix_path.dsv
[3.435s] -- Up-to-date symlink: /home/hvakil/ros2_ws/src/install/gps_interfaces/share/gps_interfaces/environment/path.sh
[3.435s] -- Up-to-date symlink: /home/hvakil/ros2_ws/src/install/gps_interfaces/share/gps_interfaces/environment/path.dsv
[3.436s] -- Up-to-date symlink: /home/hvakil/ros2_ws/src/install/gps_interfaces/share/gps_interfaces/local_setup.bash
[3.436s] -- Up-to-date symlink: /home/hvakil/ros2_ws/src/install/gps_interfaces/share/gps_interfaces/local_setup.sh
[3.436s] -- Up-to-date symlink: /home/hvakil/ros2_ws/src/install/gps_interfaces/share/gps_interfaces/local_setup.zsh
[3.437s] -- Up-to-date symlink: /home/hvakil/ros2_ws/src/install/gps_interfaces/share/gps_interfaces/local_setup.dsv
[3.437s] -- Symlinking: /home/hvakil/ros2_ws/src/install/gps_interfaces/share/gps_interfaces/package.dsv
[3.468s] -- Up-to-date symlink: /home/hvakil/ros2_ws/src/install/gps_interfaces/share/ament_index/resource_index/packages/gps_interfaces
[3.468s] -- Up-to-date symlink: /home/hvakil/ros2_ws/src/install/gps_interfaces/share/gps_interfaces/cmake/rosidl_cmake-extras.cmake
[3.469s] -- Up-to-date symlink: /home/hvakil/ros2_ws/src/install/gps_interfaces/share/gps_interfaces/cmake/ament_cmake_export_include_directories-extras.cmake
[3.469s] -- Up-to-date symlink: /home/hvakil/ros2_ws/src/install/gps_interfaces/share/gps_interfaces/cmake/ament_cmake_export_libraries-extras.cmake
[3.469s] -- Up-to-date symlink: /home/hvakil/ros2_ws/src/install/gps_interfaces/share/gps_interfaces/cmake/ament_cmake_export_targets-extras.cmake
[3.470s] -- Up-to-date symlink: /home/hvakil/ros2_ws/src/install/gps_interfaces/share/gps_interfaces/cmake/rosidl_cmake_export_typesupport_targets-extras.cmake
[3.470s] -- Up-to-date symlink: /home/hvakil/ros2_ws/src/install/gps_interfaces/share/gps_interfaces/cmake/ament_cmake_export_dependencies-extras.cmake
[3.470s] -- Up-to-date symlink: /home/hvakil/ros2_ws/src/install/gps_interfaces/share/gps_interfaces/cmake/rosidl_cmake_export_typesupport_libraries-extras.cmake
[3.471s] -- Up-to-date symlink: /home/hvakil/ros2_ws/src/install/gps_interfaces/share/gps_interfaces/cmake/gps_interfacesConfig.cmake
[3.471s] -- Up-to-date symlink: /home/hvakil/ros2_ws/src/install/gps_interfaces/share/gps_interfaces/cmake/gps_interfacesConfig-version.cmake
[3.471s] -- Up-to-date symlink: /home/hvakil/ros2_ws/src/install/gps_interfaces/share/gps_interfaces/package.xml
[3.472s] -- Up-to-date: /home/hvakil/ros2_ws/src/install/gps_interfaces/lib/libgps_interfaces__rosidl_generator_c.so
[3.472s] -- Up-to-date: /home/hvakil/ros2_ws/src/install/gps_interfaces/lib/libgps_interfaces__rosidl_typesupport_introspection_c.so
[3.472s] -- Up-to-date: /home/hvakil/ros2_ws/src/install/gps_interfaces/lib/libgps_interfaces__rosidl_typesupport_fastrtps_c.so
[3.473s] -- Up-to-date: /home/hvakil/ros2_ws/src/install/gps_interfaces/lib/libgps_interfaces__rosidl_typesupport_c.so
[3.473s] -- Up-to-date: /home/hvakil/ros2_ws/src/install/gps_interfaces/lib/libgps_interfaces__rosidl_typesupport_introspection_cpp.so
[3.473s] -- Up-to-date: /home/hvakil/ros2_ws/src/install/gps_interfaces/lib/libgps_interfaces__rosidl_typesupport_fastrtps_cpp.so
[3.474s] -- Up-to-date: /home/hvakil/ros2_ws/src/install/gps_interfaces/lib/libgps_interfaces__rosidl_typesupport_cpp.so
[3.771s] Listing '/home/hvakil/ros2_ws/src/install/gps_interfaces/local/lib/python3.10/dist-packages/gps_interfaces'...
[3.771s] Listing '/home/hvakil/ros2_ws/src/install/gps_interfaces/local/lib/python3.10/dist-packages/gps_interfaces/msg'...
[3.779s] -- Up-to-date: /home/hvakil/ros2_ws/src/install/gps_interfaces/lib/libgps_interfaces__rosidl_generator_py.so
[3.779s] -- Up-to-date: /home/hvakil/ros2_ws/src/install/gps_interfaces/share/gps_interfaces/cmake/export_gps_interfaces__rosidl_generator_cExport.cmake
[3.780s] -- Up-to-date: /home/hvakil/ros2_ws/src/install/gps_interfaces/share/gps_interfaces/cmake/export_gps_interfaces__rosidl_generator_cExport-noconfig.cmake
[3.780s] -- Up-to-date: /home/hvakil/ros2_ws/src/install/gps_interfaces/share/gps_interfaces/cmake/gps_interfaces__rosidl_typesupport_introspection_cExport.cmake
[3.780s] -- Up-to-date: /home/hvakil/ros2_ws/src/install/gps_interfaces/share/gps_interfaces/cmake/gps_interfaces__rosidl_typesupport_introspection_cExport-noconfig.cmake
[3.781s] -- Up-to-date: /home/hvakil/ros2_ws/src/install/gps_interfaces/share/gps_interfaces/cmake/export_gps_interfaces__rosidl_typesupport_fastrtps_cExport.cmake
[3.781s] -- Up-to-date: /home/hvakil/ros2_ws/src/install/gps_interfaces/share/gps_interfaces/cmake/export_gps_interfaces__rosidl_typesupport_fastrtps_cExport-noconfig.cmake
[3.781s] -- Up-to-date: /home/hvakil/ros2_ws/src/install/gps_interfaces/share/gps_interfaces/cmake/gps_interfaces__rosidl_typesupport_cExport.cmake
[3.781s] -- Up-to-date: /home/hvakil/ros2_ws/src/install/gps_interfaces/share/gps_interfaces/cmake/gps_interfaces__rosidl_typesupport_cExport-noconfig.cmake
[3.781s] -- Up-to-date: /home/hvakil/ros2_ws/src/install/gps_interfaces/share/gps_interfaces/cmake/export_gps_interfaces__rosidl_generator_cppExport.cmake
[3.782s] -- Up-to-date: /home/hvakil/ros2_ws/src/install/gps_interfaces/share/gps_interfaces/cmake/gps_interfaces__rosidl_typesupport_introspection_cppExport.cmake
[3.782s] -- Up-to-date: /home/hvakil/ros2_ws/src/install/gps_interfaces/share/gps_interfaces/cmake/gps_interfaces__rosidl_typesupport_introspection_cppExport-noconfig.cmake
[3.782s] -- Up-to-date: /home/hvakil/ros2_ws/src/install/gps_interfaces/share/gps_interfaces/cmake/export_gps_interfaces__rosidl_typesupport_fastrtps_cppExport.cmake
[3.782s] -- Up-to-date: /home/hvakil/ros2_ws/src/install/gps_interfaces/share/gps_interfaces/cmake/export_gps_interfaces__rosidl_typesupport_fastrtps_cppExport-noconfig.cmake
[3.783s] -- Up-to-date: /home/hvakil/ros2_ws/src/install/gps_interfaces/share/gps_interfaces/cmake/gps_interfaces__rosidl_typesupport_cppExport.cmake
[3.783s] -- Up-to-date: /home/hvakil/ros2_ws/src/install/gps_interfaces/share/gps_interfaces/cmake/gps_interfaces__rosidl_typesupport_cppExport-noconfig.cmake
[3.783s] -- Up-to-date: /home/hvakil/ros2_ws/src/install/gps_interfaces/share/gps_interfaces/cmake/export_gps_interfaces__rosidl_generator_pyExport.cmake
[3.784s] -- Up-to-date: /home/hvakil/ros2_ws/src/install/gps_interfaces/share/gps_interfaces/cmake/export_gps_interfaces__rosidl_generator_pyExport-noconfig.cmake
[3.788s] Invoked command in '/home/hvakil/ros2_ws/src/build/gps_interfaces' returned '0': CMAKE_PREFIX_PATH=${CMAKE_PREFIX_PATH}:/home/hvakil/ros2_ws/install/write_to_tractor:/home/hvakil/ros2_humble/install/rqt_bag_plugins:/home/hvakil/ros2_humble/install/rqt_bag:/home/hvakil/ros2_humble/install/ros2bag:/home/hvakil/ros2_humble/install/tracetools_test:/home/hvakil/ros2_humble/install/tracetools_launch:/home/hvakil/ros2_humble/install/topic_monitor:/home/hvakil/ros2_humble/install/tf2_tools:/home/hvakil/ros2_humble/install/examples_tf2_py:/home/hvakil/ros2_humble/install/tf2_ros_py:/home/hvakil/ros2_humble/install/sros2:/home/hvakil/ros2_humble/install/rqt_topic:/home/hvakil/ros2_humble/install/rqt_srv:/home/hvakil/ros2_humble/install/rqt_shell:/home/hvakil/ros2_humble/install/rqt_service_caller:/home/hvakil/ros2_humble/install/rqt_reconfigure:/home/hvakil/ros2_humble/install/rqt_py_console:/home/hvakil/ros2_humble/install/rqt_publisher:/home/hvakil/ros2_humble/install/rqt_plot:/home/hvakil/ros2_humble/install/rqt_action:/home/hvakil/ros2_humble/install/rqt_msg:/home/hvakil/ros2_humble/install/rqt_console:/home/hvakil/ros2_humble/install/rqt:/home/hvakil/ros2_humble/install/rqt_graph:/home/hvakil/ros2_humble/install/rqt_gui_py:/home/hvakil/ros2_humble/install/rqt_gui:/home/hvakil/ros2_humble/install/ros2trace:/home/hvakil/ros2_humble/install/ros2topic:/home/hvakil/ros2_humble/install/ros2test:/home/hvakil/ros2_humble/install/ros2component:/home/hvakil/ros2_humble/install/ros2param:/home/hvakil/ros2_humble/install/ros2lifecycle:/home/hvakil/ros2_humble/install/ros2service:/home/hvakil/ros2_humble/install/ros2run:/home/hvakil/ros2_humble/install/ros2launch:/home/hvakil/ros2_humble/install/ros2pkg:/home/hvakil/ros2_humble/install/ros2node:/home/hvakil/ros2_humble/install/ros2multicast:/home/hvakil/ros2_humble/install/ros2interface:/home/hvakil/ros2_humble/install/ros2doctor:/home/hvakil/ros2_humble/install/ros2action:/home/hvakil/ros2_humble/install/ros2cli:/home/hvakil/ros2_humble/install/quality_of_service_demo_py:/home/hvakil/ros2_humble/install/lifecycle_py:/home/hvakil/ros2_humble/install/launch_testing_ros:/home/hvakil/ros2_humble/install/launch_ros:/home/hvakil/ros2_humble/install/examples_rclpy_pointcloud_publisher:/home/hvakil/ros2_humble/install/examples_rclpy_minimal_subscriber:/home/hvakil/ros2_humble/install/examples_rclpy_minimal_service:/home/hvakil/ros2_humble/install/examples_rclpy_minimal_publisher:/home/hvakil/ros2_humble/install/examples_rclpy_minimal_client:/home/hvakil/ros2_humble/install/examples_rclpy_minimal_action_server:/home/hvakil/ros2_humble/install/examples_rclpy_minimal_action_client:/home/hvakil/ros2_humble/install/examples_rclpy_guard_conditions:/home/hvakil/ros2_humble/install/examples_rclpy_executors:/home/hvakil/ros2_humble/install/demo_nodes_py:/home/hvakil/ros2_humble/install/action_tutorials_py:/home/hvakil/ros2_humble/install/ament_uncrustify:/home/hvakil/ros2_humble/install/tracetools_trace:/home/hvakil/ros2_humble/install/tracetools_read:/home/hvakil/ros2_humble/install/test_tracetools_launch:/home/hvakil/ros2_humble/install/test_launch_ros:/home/hvakil/ros2_humble/install/sensor_msgs_py:/home/hvakil/ros2_humble/install/rpyutils:/home/hvakil/ros2_humble/install/rosidl_runtime_py:/home/hvakil/ros2_humble/install/rosidl_cli:/home/hvakil/ros2_humble/install/launch_pytest:/home/hvakil/ros2_humble/install/launch_testing:/home/hvakil/ros2_humble/install/launch_yaml:/home/hvakil/ros2_humble/install/launch_xml:/home/hvakil/ros2_humble/install/launch:/home/hvakil/ros2_humble/install/osrf_pycommon:/home/hvakil/ros2_humble/install/launch_testing_examples:/home/hvakil/ros2_humble/install/domain_coordinator:/home/hvakil/ros2_humble/install/ament_xmllint:/home/hvakil/ros2_humble/install/ament_pyflakes:/home/hvakil/ros2_humble/install/ament_pycodestyle:/home/hvakil/ros2_humble/install/ament_pep257:/home/hvakil/ros2_humble/install/ament_pclint:/home/hvakil/ros2_humble/install/ament_package:/home/hvakil/ros2_humble/install/ament_mypy:/home/hvakil/ros2_humble/install/ament_lint_cmake:/home/hvakil/ros2_humble/install/ament_flake8:/home/hvakil/ros2_humble/install/ament_copyright:/home/hvakil/ros2_humble/install/ament_lint:/home/hvakil/ros2_humble/install/ament_index_python:/home/hvakil/ros2_humble/install/ament_cpplint:/home/hvakil/ros2_humble/install/ament_cppcheck:/home/hvakil/ros2_humble/install/ament_clang_tidy:/home/hvakil/ros2_humble/install/ament_clang_format /usr/bin/cmake --install /home/hvakil/ros2_ws/src/build/gps_interfaces
