[2.396s] Invoking command in '/home/hvakil/ros2_ws/build/write_to_tractor': PYTHONPATH=/home/hvakil/ros2_ws/build/write_to_tractor/prefix_override:/home/hvakil/ros2_ws/install/write_to_tractor/lib/python3.10/site-packages:${PYTHONPATH} /usr/bin/python3 setup.py develop --editable --build-directory /home/hvakil/ros2_ws/build/write_to_tractor/build --no-deps install_data
[2.850s] /usr/lib/python3/dist-packages/setuptools/dist.py:723: UserWarning: Usage of dash-separated 'script-dir' will not be supported in future versions. Please use the underscore name 'script_dir' instead
[2.850s]   warnings.warn(
[2.899s] running develop
[2.899s] /usr/lib/python3/dist-packages/setuptools/command/easy_install.py:158: EasyInstallDeprecationWarning: easy_install command is deprecated. Use build and pip and other standards-based tools.
[2.899s]   warnings.warn(
[2.900s] /usr/lib/python3/dist-packages/setuptools/command/install.py:34: SetuptoolsDeprecationWarning: setup.py install is deprecated. Use build and pip and other standards-based tools.
[2.900s]   warnings.warn(
[3.007s] /usr/lib/python3/dist-packages/pkg_resources/__init__.py:116: PkgResourcesDeprecationWarning: 1.16.0-unknown is an invalid version and will not be supported in a future release
[3.007s]   warnings.warn(
[3.008s] /usr/lib/python3/dist-packages/pkg_resources/__init__.py:116: PkgResourcesDeprecationWarning: 0.1.43ubuntu1 is an invalid version and will not be supported in a future release
[3.008s]   warnings.warn(
[3.008s] /usr/lib/python3/dist-packages/pkg_resources/__init__.py:116: PkgResourcesDeprecationWarning: 1.1build1 is an invalid version and will not be supported in a future release
[3.008s]   warnings.warn(
[3.180s] running egg_info
[3.181s] writing write_to_tractor.egg-info/PKG-INFO
[3.182s] writing dependency_links to write_to_tractor.egg-info/dependency_links.txt
[3.182s] writing entry points to write_to_tractor.egg-info/entry_points.txt
[3.182s] writing requirements to write_to_tractor.egg-info/requires.txt
[3.182s] writing top-level names to write_to_tractor.egg-info/top_level.txt
[3.188s] reading manifest file 'write_to_tractor.egg-info/SOURCES.txt'
[3.189s] writing manifest file 'write_to_tractor.egg-info/SOURCES.txt'
[3.195s] running build_ext
[3.195s] Creating /home/hvakil/ros2_ws/install/write_to_tractor/lib/python3.10/site-packages/write-to-tractor.egg-link (link to .)
[3.196s] Installing tractor_writer script to /home/hvakil/ros2_ws/install/write_to_tractor/lib/write_to_tractor
[3.196s] 
[3.197s] Installed /home/hvakil/ros2_ws/build/write_to_tractor
[3.197s] running install_data
[3.268s] Invoked command in '/home/hvakil/ros2_ws/build/write_to_tractor' returned '0': PYTHONPATH=/home/hvakil/ros2_ws/build/write_to_tractor/prefix_override:/home/hvakil/ros2_ws/install/write_to_tractor/lib/python3.10/site-packages:${PYTHONPATH} /usr/bin/python3 setup.py develop --editable --build-directory /home/hvakil/ros2_ws/build/write_to_tractor/build --no-deps install_data
