[0.018s] Invoking command in '/home/hvakil/ros2_ws/build/fix_scan': /usr/bin/cmake /home/hvakil/ros2_ws/src/neato_packages/fix_scan -DAMENT_CMAKE_SYMLINK_INSTALL=1 -DCMAKE_INSTALL_PREFIX=/home/hvakil/ros2_ws/install/fix_scan
[0.036s] -- Found ament_cmake: 1.3.3 (/opt/ros/humble/share/ament_cmake/cmake)
[0.259s] Traceback (most recent call last):
[0.260s]   File "/opt/ros/humble/share/ament_cmake_core/cmake/package_templates/templates_2_cmake.py", line 21, in <module>
[0.260s]     from ament_package.templates import get_environment_hook_template_path
[0.260s] ModuleNotFoundError: No module named 'ament_package'
[0.280s] [31mCMake Error at /opt/ros/humble/share/ament_cmake_core/cmake/ament_cmake_package_templates-extras.cmake:41 (message):
[0.280s]   execute_process(/usr/bin/python3.10
[0.280s]   /opt/ros/humble/share/ament_cmake_core/cmake/package_templates/templates_2_cmake.py
[0.281s]   /home/hvakil/ros2_ws/build/fix_scan/ament_cmake_package_templates/templates.cmake)
[0.281s]   returned error code 1
[0.281s] Call Stack (most recent call first):
[0.281s]   /opt/ros/humble/share/ament_cmake_core/cmake/ament_cmake_coreConfig.cmake:41 (include)
[0.281s]   /opt/ros/humble/share/ament_cmake/cmake/ament_cmake_export_dependencies-extras.cmake:15 (find_package)
[0.281s]   /opt/ros/humble/share/ament_cmake/cmake/ament_cmakeConfig.cmake:41 (include)
[0.281s]   CMakeLists.txt:19 (find_package)
[0.281s] 
[0.281s] [0m
[0.281s] -- Configuring incomplete, errors occurred!
[0.282s] See also "/home/hvakil/ros2_ws/build/fix_scan/CMakeFiles/CMakeOutput.log".
[0.345s] Invoked command in '/home/hvakil/ros2_ws/build/fix_scan' returned '1': /usr/bin/cmake /home/hvakil/ros2_ws/src/neato_packages/fix_scan -DAMENT_CMAKE_SYMLINK_INSTALL=1 -DCMAKE_INSTALL_PREFIX=/home/hvakil/ros2_ws/install/fix_scan
