[0.445s] Invoking command in '/home/hvakil/ros2_ws/build/write_to_tractor': PYTHONPATH=/home/hvakil/ros2_ws/build/write_to_tractor/prefix_override:/home/hvakil/ros2_ws/install/write_to_tractor/lib/python3.10/site-packages:${PYTHONPATH} /usr/bin/python3 setup.py develop --editable --build-directory /home/hvakil/ros2_ws/build/write_to_tractor/build --no-deps install_data
[0.619s] /usr/lib/python3/dist-packages/setuptools/dist.py:723: UserWarning: Usage of dash-separated 'script-dir' will not be supported in future versions. Please use the underscore name 'script_dir' instead
[0.619s]   warnings.warn(
[0.641s] running develop
[0.641s] /usr/lib/python3/dist-packages/setuptools/command/easy_install.py:158: EasyInstallDeprecationWarning: easy_install command is deprecated. Use build and pip and other standards-based tools.
[0.642s]   warnings.warn(
[0.643s] /usr/lib/python3/dist-packages/setuptools/command/install.py:34: SetuptoolsDeprecationWarning: setup.py install is deprecated. Use build and pip and other standards-based tools.
[0.643s]   warnings.warn(
[0.683s] /usr/lib/python3/dist-packages/pkg_resources/__init__.py:116: PkgResourcesDeprecationWarning: 1.16.0-unknown is an invalid version and will not be supported in a future release
[0.683s]   warnings.warn(
[0.683s] /usr/lib/python3/dist-packages/pkg_resources/__init__.py:116: PkgResourcesDeprecationWarning: 0.1.43ubuntu1 is an invalid version and will not be supported in a future release
[0.683s]   warnings.warn(
[0.683s] /usr/lib/python3/dist-packages/pkg_resources/__init__.py:116: PkgResourcesDeprecationWarning: 1.1build1 is an invalid version and will not be supported in a future release
[0.683s]   warnings.warn(
[0.755s] running egg_info
[0.756s] writing write_to_tractor.egg-info/PKG-INFO
[0.756s] writing dependency_links to write_to_tractor.egg-info/dependency_links.txt
[0.756s] writing entry points to write_to_tractor.egg-info/entry_points.txt
[0.756s] writing requirements to write_to_tractor.egg-info/requires.txt
[0.756s] writing top-level names to write_to_tractor.egg-info/top_level.txt
[0.759s] reading manifest file 'write_to_tractor.egg-info/SOURCES.txt'
[0.759s] writing manifest file 'write_to_tractor.egg-info/SOURCES.txt'
[0.760s] running build_ext
[0.761s] Creating /home/hvakil/ros2_ws/install/write_to_tractor/lib/python3.10/site-packages/write-to-tractor.egg-link (link to .)
[0.761s] Installing TreadWriter script to /home/hvakil/ros2_ws/install/write_to_tractor/lib/write_to_tractor
[0.762s] 
[0.762s] Installed /home/hvakil/ros2_ws/build/write_to_tractor
[0.762s] running install_data
[0.762s] error: can't copy 'resource/write_to_tractor': doesn't exist or not a regular file
[0.780s] Invoked command in '/home/hvakil/ros2_ws/build/write_to_tractor' returned '1': PYTHONPATH=/home/hvakil/ros2_ws/build/write_to_tractor/prefix_override:/home/hvakil/ros2_ws/install/write_to_tractor/lib/python3.10/site-packages:${PYTHONPATH} /usr/bin/python3 setup.py develop --editable --build-directory /home/hvakil/ros2_ws/build/write_to_tractor/build --no-deps install_data
