[0.495s] DEBUG:colcon:Command line arguments: ['/usr/bin/colcon', 'build', '--symlink-install']
[0.495s] DEBUG:colcon:Parsed command line arguments: Namespace(log_base=None, log_level=None, verb_name='build', build_base='build', install_base='install', merge_install=False, symlink_install=True, test_result_base=None, continue_on_error=False, executor='parallel', parallel_workers=12, event_handlers=None, ignore_user_meta=False, metas=['./colcon.meta'], base_paths=['.'], packages_ignore=None, packages_ignore_regex=None, paths=None, packages_up_to=None, packages_up_to_regex=None, packages_above=None, packages_above_and_dependencies=None, packages_above_depth=None, packages_select_by_dep=None, packages_skip_by_dep=None, packages_skip_up_to=None, packages_select_build_failed=False, packages_skip_build_finished=False, packages_select_test_failures=False, packages_skip_test_passed=False, packages_select=None, packages_skip=None, packages_select_regex=None, packages_skip_regex=None, packages_start=None, packages_end=None, allow_overriding=[], cmake_args=None, cmake_target=None, cmake_target_skip_unavailable=False, cmake_clean_cache=False, cmake_clean_first=False, cmake_force_configure=False, ament_cmake_args=None, catkin_cmake_args=None, catkin_skip_building_tests=False, verb_parser=<colcon_defaults.argument_parser.defaults.DefaultArgumentsDecorator object at 0x7fe3acbb9150>, verb_extension=<colcon_core.verb.build.BuildVerb object at 0x7fe3acb37520>, main=<bound method BuildVerb.main of <colcon_core.verb.build.BuildVerb object at 0x7fe3acb37520>>)
[0.536s] Level 1:colcon.colcon_core.package_discovery:discover_packages(colcon_meta) check parameters
[0.536s] Level 1:colcon.colcon_core.package_discovery:discover_packages(recursive) check parameters
[0.536s] Level 1:colcon.colcon_core.package_discovery:discover_packages(ignore) check parameters
[0.536s] Level 1:colcon.colcon_core.package_discovery:discover_packages(path) check parameters
[0.536s] Level 1:colcon.colcon_core.package_discovery:discover_packages(colcon_meta) discover
[0.536s] Level 1:colcon.colcon_core.package_discovery:discover_packages(recursive) discover
[0.536s] INFO:colcon.colcon_core.package_discovery:Crawling recursively for packages in '/home/hvakil/ros2_ws'
[0.536s] Level 1:colcon.colcon_core.package_identification:_identify(.) by extensions ['ignore', 'ignore_ament_install']
[0.537s] Level 1:colcon.colcon_core.package_identification:_identify(.) by extension 'ignore'
[0.537s] Level 1:colcon.colcon_core.package_identification:_identify(.) by extension 'ignore_ament_install'
[0.537s] Level 1:colcon.colcon_core.package_identification:_identify(.) by extensions ['colcon_pkg']
[0.537s] Level 1:colcon.colcon_core.package_identification:_identify(.) by extension 'colcon_pkg'
[0.537s] Level 1:colcon.colcon_core.package_identification:_identify(.) by extensions ['colcon_meta']
[0.537s] Level 1:colcon.colcon_core.package_identification:_identify(.) by extension 'colcon_meta'
[0.537s] Level 1:colcon.colcon_core.package_identification:_identify(.) by extensions ['ros']
[0.537s] Level 1:colcon.colcon_core.package_identification:_identify(.) by extension 'ros'
[0.550s] Level 1:colcon.colcon_core.package_identification:_identify(.) by extensions ['cmake', 'python']
[0.550s] Level 1:colcon.colcon_core.package_identification:_identify(.) by extension 'cmake'
[0.550s] Level 1:colcon.colcon_core.package_identification:_identify(.) by extension 'python'
[0.550s] Level 1:colcon.colcon_core.package_identification:_identify(.) by extensions ['python_setup_py']
[0.550s] Level 1:colcon.colcon_core.package_identification:_identify(.) by extension 'python_setup_py'
[0.550s] Level 1:colcon.colcon_core.package_identification:_identify(build) by extensions ['ignore', 'ignore_ament_install']
[0.550s] Level 1:colcon.colcon_core.package_identification:_identify(build) by extension 'ignore'
[0.550s] Level 1:colcon.colcon_core.package_identification:_identify(build) ignored
[0.550s] Level 1:colcon.colcon_core.package_identification:_identify(install) by extensions ['ignore', 'ignore_ament_install']
[0.550s] Level 1:colcon.colcon_core.package_identification:_identify(install) by extension 'ignore'
[0.550s] Level 1:colcon.colcon_core.package_identification:_identify(install) ignored
[0.551s] Level 1:colcon.colcon_core.package_identification:_identify(log) by extensions ['ignore', 'ignore_ament_install']
[0.551s] Level 1:colcon.colcon_core.package_identification:_identify(log) by extension 'ignore'
[0.551s] Level 1:colcon.colcon_core.package_identification:_identify(log) ignored
[0.551s] Level 1:colcon.colcon_core.package_identification:_identify(src) by extensions ['ignore', 'ignore_ament_install']
[0.551s] Level 1:colcon.colcon_core.package_identification:_identify(src) by extension 'ignore'
[0.551s] Level 1:colcon.colcon_core.package_identification:_identify(src) by extension 'ignore_ament_install'
[0.551s] Level 1:colcon.colcon_core.package_identification:_identify(src) by extensions ['colcon_pkg']
[0.551s] Level 1:colcon.colcon_core.package_identification:_identify(src) by extension 'colcon_pkg'
[0.551s] Level 1:colcon.colcon_core.package_identification:_identify(src) by extensions ['colcon_meta']
[0.551s] Level 1:colcon.colcon_core.package_identification:_identify(src) by extension 'colcon_meta'
[0.551s] Level 1:colcon.colcon_core.package_identification:_identify(src) by extensions ['ros']
[0.551s] Level 1:colcon.colcon_core.package_identification:_identify(src) by extension 'ros'
[0.551s] Level 1:colcon.colcon_core.package_identification:_identify(src) by extensions ['cmake', 'python']
[0.551s] Level 1:colcon.colcon_core.package_identification:_identify(src) by extension 'cmake'
[0.551s] Level 1:colcon.colcon_core.package_identification:_identify(src) by extension 'python'
[0.551s] Level 1:colcon.colcon_core.package_identification:_identify(src) by extensions ['python_setup_py']
[0.551s] Level 1:colcon.colcon_core.package_identification:_identify(src) by extension 'python_setup_py'
[0.551s] Level 1:colcon.colcon_core.package_identification:_identify(src/build) by extensions ['ignore', 'ignore_ament_install']
[0.552s] Level 1:colcon.colcon_core.package_identification:_identify(src/build) by extension 'ignore'
[0.552s] Level 1:colcon.colcon_core.package_identification:_identify(src/build) ignored
[0.552s] Level 1:colcon.colcon_core.package_identification:_identify(src/install) by extensions ['ignore', 'ignore_ament_install']
[0.552s] Level 1:colcon.colcon_core.package_identification:_identify(src/install) by extension 'ignore'
[0.552s] Level 1:colcon.colcon_core.package_identification:_identify(src/install) ignored
[0.552s] Level 1:colcon.colcon_core.package_identification:_identify(src/log) by extensions ['ignore', 'ignore_ament_install']
[0.552s] Level 1:colcon.colcon_core.package_identification:_identify(src/log) by extension 'ignore'
[0.552s] Level 1:colcon.colcon_core.package_identification:_identify(src/log) ignored
[0.552s] Level 1:colcon.colcon_core.package_identification:_identify(src/look_for_person) by extensions ['ignore', 'ignore_ament_install']
[0.552s] Level 1:colcon.colcon_core.package_identification:_identify(src/look_for_person) by extension 'ignore'
[0.552s] Level 1:colcon.colcon_core.package_identification:_identify(src/look_for_person) by extension 'ignore_ament_install'
[0.552s] Level 1:colcon.colcon_core.package_identification:_identify(src/look_for_person) by extensions ['colcon_pkg']
[0.552s] Level 1:colcon.colcon_core.package_identification:_identify(src/look_for_person) by extension 'colcon_pkg'
[0.552s] Level 1:colcon.colcon_core.package_identification:_identify(src/look_for_person) by extensions ['colcon_meta']
[0.552s] Level 1:colcon.colcon_core.package_identification:_identify(src/look_for_person) by extension 'colcon_meta'
[0.552s] Level 1:colcon.colcon_core.package_identification:_identify(src/look_for_person) by extensions ['ros']
[0.552s] Level 1:colcon.colcon_core.package_identification:_identify(src/look_for_person) by extension 'ros'
[0.555s] DEBUG:colcon.colcon_core.package_identification:Package 'src/look_for_person' with type 'ros.ament_python' and name 'look_for_person'
[0.555s] Level 1:colcon.colcon_core.package_identification:_identify(src/my_package) by extensions ['ignore', 'ignore_ament_install']
[0.555s] Level 1:colcon.colcon_core.package_identification:_identify(src/my_package) by extension 'ignore'
[0.555s] Level 1:colcon.colcon_core.package_identification:_identify(src/my_package) by extension 'ignore_ament_install'
[0.555s] Level 1:colcon.colcon_core.package_identification:_identify(src/my_package) by extensions ['colcon_pkg']
[0.555s] Level 1:colcon.colcon_core.package_identification:_identify(src/my_package) by extension 'colcon_pkg'
[0.555s] Level 1:colcon.colcon_core.package_identification:_identify(src/my_package) by extensions ['colcon_meta']
[0.555s] Level 1:colcon.colcon_core.package_identification:_identify(src/my_package) by extension 'colcon_meta'
[0.555s] Level 1:colcon.colcon_core.package_identification:_identify(src/my_package) by extensions ['ros']
[0.555s] Level 1:colcon.colcon_core.package_identification:_identify(src/my_package) by extension 'ros'
[0.555s] DEBUG:colcon.colcon_core.package_identification:Package 'src/my_package' with type 'ros.ament_python' and name 'my_package'
[0.556s] Level 1:colcon.colcon_core.package_identification:_identify(src/urg_node2) by extensions ['ignore', 'ignore_ament_install']
[0.556s] Level 1:colcon.colcon_core.package_identification:_identify(src/urg_node2) by extension 'ignore'
[0.556s] Level 1:colcon.colcon_core.package_identification:_identify(src/urg_node2) by extension 'ignore_ament_install'
[0.556s] Level 1:colcon.colcon_core.package_identification:_identify(src/urg_node2) by extensions ['colcon_pkg']
[0.556s] Level 1:colcon.colcon_core.package_identification:_identify(src/urg_node2) by extension 'colcon_pkg'
[0.556s] Level 1:colcon.colcon_core.package_identification:_identify(src/urg_node2) by extensions ['colcon_meta']
[0.556s] Level 1:colcon.colcon_core.package_identification:_identify(src/urg_node2) by extension 'colcon_meta'
[0.556s] Level 1:colcon.colcon_core.package_identification:_identify(src/urg_node2) by extensions ['ros']
[0.556s] Level 1:colcon.colcon_core.package_identification:_identify(src/urg_node2) by extension 'ros'
[0.557s] DEBUG:colcon.colcon_core.package_identification:Package 'src/urg_node2' with type 'ros.ament_cmake' and name 'urg_node2'
[0.557s] Level 1:colcon.colcon_core.package_identification:_identify(src/write_to_tractor) by extensions ['ignore', 'ignore_ament_install']
[0.557s] Level 1:colcon.colcon_core.package_identification:_identify(src/write_to_tractor) by extension 'ignore'
[0.557s] Level 1:colcon.colcon_core.package_identification:_identify(src/write_to_tractor) by extension 'ignore_ament_install'
[0.557s] Level 1:colcon.colcon_core.package_identification:_identify(src/write_to_tractor) by extensions ['colcon_pkg']
[0.557s] Level 1:colcon.colcon_core.package_identification:_identify(src/write_to_tractor) by extension 'colcon_pkg'
[0.557s] Level 1:colcon.colcon_core.package_identification:_identify(src/write_to_tractor) by extensions ['colcon_meta']
[0.557s] Level 1:colcon.colcon_core.package_identification:_identify(src/write_to_tractor) by extension 'colcon_meta'
[0.557s] Level 1:colcon.colcon_core.package_identification:_identify(src/write_to_tractor) by extensions ['ros']
[0.557s] Level 1:colcon.colcon_core.package_identification:_identify(src/write_to_tractor) by extension 'ros'
[0.558s] DEBUG:colcon.colcon_core.package_identification:Package 'src/write_to_tractor' with type 'ros.ament_python' and name 'write_to_tractor'
[0.558s] Level 1:colcon.colcon_core.package_discovery:discover_packages(recursive) using defaults
[0.558s] Level 1:colcon.colcon_core.package_discovery:discover_packages(ignore) discover
[0.558s] Level 1:colcon.colcon_core.package_discovery:discover_packages(ignore) using defaults
[0.558s] Level 1:colcon.colcon_core.package_discovery:discover_packages(path) discover
[0.558s] Level 1:colcon.colcon_core.package_discovery:discover_packages(path) using defaults
[0.605s] Level 1:colcon.colcon_core.package_discovery:discover_packages(prefix_path) check parameters
[0.605s] Level 1:colcon.colcon_core.package_discovery:discover_packages(prefix_path) discover
[0.619s] DEBUG:colcon.colcon_installed_package_information.package_discovery:Found 7 installed packages in /home/hvakil/ros2_ws/install
[0.627s] DEBUG:colcon.colcon_installed_package_information.package_discovery:Found 343 installed packages in /home/hvakil/ros2_humble/install
[0.638s] DEBUG:colcon.colcon_installed_package_information.package_discovery:Found 343 installed packages in /home/hvakil/ros2_humble/install/
[0.641s] DEBUG:colcon.colcon_installed_package_information.package_discovery:Found 82 installed packages in /opt/ros/humble
[0.645s] Level 1:colcon.colcon_core.package_discovery:discover_packages(prefix_path) using defaults
[0.682s] Level 5:colcon.colcon_core.verb:set package 'look_for_person' build argument 'cmake_args' from command line to 'None'
[0.682s] Level 5:colcon.colcon_core.verb:set package 'look_for_person' build argument 'cmake_target' from command line to 'None'
[0.682s] Level 5:colcon.colcon_core.verb:set package 'look_for_person' build argument 'cmake_target_skip_unavailable' from command line to 'False'
[0.682s] Level 5:colcon.colcon_core.verb:set package 'look_for_person' build argument 'cmake_clean_cache' from command line to 'False'
[0.682s] Level 5:colcon.colcon_core.verb:set package 'look_for_person' build argument 'cmake_clean_first' from command line to 'False'
[0.682s] Level 5:colcon.colcon_core.verb:set package 'look_for_person' build argument 'cmake_force_configure' from command line to 'False'
[0.682s] Level 5:colcon.colcon_core.verb:set package 'look_for_person' build argument 'ament_cmake_args' from command line to 'None'
[0.682s] Level 5:colcon.colcon_core.verb:set package 'look_for_person' build argument 'catkin_cmake_args' from command line to 'None'
[0.682s] Level 5:colcon.colcon_core.verb:set package 'look_for_person' build argument 'catkin_skip_building_tests' from command line to 'False'
[0.682s] DEBUG:colcon.colcon_core.verb:Building package 'look_for_person' with the following arguments: {'ament_cmake_args': None, 'build_base': '/home/hvakil/ros2_ws/build/look_for_person', 'catkin_cmake_args': None, 'catkin_skip_building_tests': False, 'cmake_args': None, 'cmake_clean_cache': False, 'cmake_clean_first': False, 'cmake_force_configure': False, 'cmake_target': None, 'cmake_target_skip_unavailable': False, 'install_base': '/home/hvakil/ros2_ws/install/look_for_person', 'merge_install': False, 'path': '/home/hvakil/ros2_ws/src/look_for_person', 'symlink_install': True, 'test_result_base': None}
[0.684s] Level 5:colcon.colcon_core.verb:set package 'my_package' build argument 'cmake_args' from command line to 'None'
[0.684s] Level 5:colcon.colcon_core.verb:set package 'my_package' build argument 'cmake_target' from command line to 'None'
[0.684s] Level 5:colcon.colcon_core.verb:set package 'my_package' build argument 'cmake_target_skip_unavailable' from command line to 'False'
[0.684s] Level 5:colcon.colcon_core.verb:set package 'my_package' build argument 'cmake_clean_cache' from command line to 'False'
[0.684s] Level 5:colcon.colcon_core.verb:set package 'my_package' build argument 'cmake_clean_first' from command line to 'False'
[0.684s] Level 5:colcon.colcon_core.verb:set package 'my_package' build argument 'cmake_force_configure' from command line to 'False'
[0.684s] Level 5:colcon.colcon_core.verb:set package 'my_package' build argument 'ament_cmake_args' from command line to 'None'
[0.684s] Level 5:colcon.colcon_core.verb:set package 'my_package' build argument 'catkin_cmake_args' from command line to 'None'
[0.684s] Level 5:colcon.colcon_core.verb:set package 'my_package' build argument 'catkin_skip_building_tests' from command line to 'False'
[0.684s] DEBUG:colcon.colcon_core.verb:Building package 'my_package' with the following arguments: {'ament_cmake_args': None, 'build_base': '/home/hvakil/ros2_ws/build/my_package', 'catkin_cmake_args': None, 'catkin_skip_building_tests': False, 'cmake_args': None, 'cmake_clean_cache': False, 'cmake_clean_first': False, 'cmake_force_configure': False, 'cmake_target': None, 'cmake_target_skip_unavailable': False, 'install_base': '/home/hvakil/ros2_ws/install/my_package', 'merge_install': False, 'path': '/home/hvakil/ros2_ws/src/my_package', 'symlink_install': True, 'test_result_base': None}
[0.685s] Level 5:colcon.colcon_core.verb:set package 'urg_node2' build argument 'cmake_args' from command line to 'None'
[0.685s] Level 5:colcon.colcon_core.verb:set package 'urg_node2' build argument 'cmake_target' from command line to 'None'
[0.685s] Level 5:colcon.colcon_core.verb:set package 'urg_node2' build argument 'cmake_target_skip_unavailable' from command line to 'False'
[0.685s] Level 5:colcon.colcon_core.verb:set package 'urg_node2' build argument 'cmake_clean_cache' from command line to 'False'
[0.685s] Level 5:colcon.colcon_core.verb:set package 'urg_node2' build argument 'cmake_clean_first' from command line to 'False'
[0.685s] Level 5:colcon.colcon_core.verb:set package 'urg_node2' build argument 'cmake_force_configure' from command line to 'False'
[0.685s] Level 5:colcon.colcon_core.verb:set package 'urg_node2' build argument 'ament_cmake_args' from command line to 'None'
[0.685s] Level 5:colcon.colcon_core.verb:set package 'urg_node2' build argument 'catkin_cmake_args' from command line to 'None'
[0.686s] Level 5:colcon.colcon_core.verb:set package 'urg_node2' build argument 'catkin_skip_building_tests' from command line to 'False'
[0.686s] DEBUG:colcon.colcon_core.verb:Building package 'urg_node2' with the following arguments: {'ament_cmake_args': None, 'build_base': '/home/hvakil/ros2_ws/build/urg_node2', 'catkin_cmake_args': None, 'catkin_skip_building_tests': False, 'cmake_args': None, 'cmake_clean_cache': False, 'cmake_clean_first': False, 'cmake_force_configure': False, 'cmake_target': None, 'cmake_target_skip_unavailable': False, 'install_base': '/home/hvakil/ros2_ws/install/urg_node2', 'merge_install': False, 'path': '/home/hvakil/ros2_ws/src/urg_node2', 'symlink_install': True, 'test_result_base': None}
[0.687s] Level 5:colcon.colcon_core.verb:set package 'write_to_tractor' build argument 'cmake_args' from command line to 'None'
[0.687s] Level 5:colcon.colcon_core.verb:set package 'write_to_tractor' build argument 'cmake_target' from command line to 'None'
[0.687s] Level 5:colcon.colcon_core.verb:set package 'write_to_tractor' build argument 'cmake_target_skip_unavailable' from command line to 'False'
[0.687s] Level 5:colcon.colcon_core.verb:set package 'write_to_tractor' build argument 'cmake_clean_cache' from command line to 'False'
[0.687s] Level 5:colcon.colcon_core.verb:set package 'write_to_tractor' build argument 'cmake_clean_first' from command line to 'False'
[0.687s] Level 5:colcon.colcon_core.verb:set package 'write_to_tractor' build argument 'cmake_force_configure' from command line to 'False'
[0.687s] Level 5:colcon.colcon_core.verb:set package 'write_to_tractor' build argument 'ament_cmake_args' from command line to 'None'
[0.687s] Level 5:colcon.colcon_core.verb:set package 'write_to_tractor' build argument 'catkin_cmake_args' from command line to 'None'
[0.687s] Level 5:colcon.colcon_core.verb:set package 'write_to_tractor' build argument 'catkin_skip_building_tests' from command line to 'False'
[0.687s] DEBUG:colcon.colcon_core.verb:Building package 'write_to_tractor' with the following arguments: {'ament_cmake_args': None, 'build_base': '/home/hvakil/ros2_ws/build/write_to_tractor', 'catkin_cmake_args': None, 'catkin_skip_building_tests': False, 'cmake_args': None, 'cmake_clean_cache': False, 'cmake_clean_first': False, 'cmake_force_configure': False, 'cmake_target': None, 'cmake_target_skip_unavailable': False, 'install_base': '/home/hvakil/ros2_ws/install/write_to_tractor', 'merge_install': False, 'path': '/home/hvakil/ros2_ws/src/write_to_tractor', 'symlink_install': True, 'test_result_base': None}
[0.688s] INFO:colcon.colcon_core.executor:Executing jobs using 'parallel' executor
[0.693s] DEBUG:colcon.colcon_parallel_executor.executor.parallel:run_until_complete
[0.694s] INFO:colcon.colcon_ros.task.ament_python.build:Building ROS package in '/home/hvakil/ros2_ws/src/look_for_person' with build type 'ament_python'
[0.694s] Level 1:colcon.colcon_core.shell:create_environment_hook('look_for_person', 'ament_prefix_path')
[0.702s] INFO:colcon.colcon_core.plugin_system:Skipping extension 'colcon_core.shell.bat': Not used on non-Windows systems
[0.702s] INFO:colcon.colcon_core.shell:Creating environment hook '/home/hvakil/ros2_ws/install/look_for_person/share/look_for_person/hook/ament_prefix_path.ps1'
[0.703s] INFO:colcon.colcon_core.shell:Creating environment descriptor '/home/hvakil/ros2_ws/install/look_for_person/share/look_for_person/hook/ament_prefix_path.dsv'
[0.704s] INFO:colcon.colcon_core.shell:Creating environment hook '/home/hvakil/ros2_ws/install/look_for_person/share/look_for_person/hook/ament_prefix_path.sh'
[0.706s] INFO:colcon.colcon_core.shell:Skip shell extension 'powershell' for command environment: Not usable outside of PowerShell
[0.706s] DEBUG:colcon.colcon_core.shell:Skip shell extension 'dsv' for command environment
[0.738s] INFO:colcon.colcon_ros.task.ament_python.build:Building ROS package in '/home/hvakil/ros2_ws/src/my_package' with build type 'ament_python'
[0.738s] Level 1:colcon.colcon_core.shell:create_environment_hook('my_package', 'ament_prefix_path')
[0.740s] INFO:colcon.colcon_core.shell:Creating environment hook '/home/hvakil/ros2_ws/install/my_package/share/my_package/hook/ament_prefix_path.ps1'
[0.740s] INFO:colcon.colcon_core.shell:Creating environment descriptor '/home/hvakil/ros2_ws/install/my_package/share/my_package/hook/ament_prefix_path.dsv'
[0.741s] INFO:colcon.colcon_core.shell:Creating environment hook '/home/hvakil/ros2_ws/install/my_package/share/my_package/hook/ament_prefix_path.sh'
[0.743s] INFO:colcon.colcon_core.shell:Skip shell extension 'powershell' for command environment: Not usable outside of PowerShell
[0.743s] DEBUG:colcon.colcon_core.shell:Skip shell extension 'dsv' for command environment
[0.775s] INFO:colcon.colcon_ros.task.ament_cmake.build:Building ROS package in '/home/hvakil/ros2_ws/src/urg_node2' with build type 'ament_cmake'
[0.775s] INFO:colcon.colcon_cmake.task.cmake.build:Building CMake package in '/home/hvakil/ros2_ws/src/urg_node2'
[0.777s] INFO:colcon.colcon_core.shell:Skip shell extension 'powershell' for command environment: Not usable outside of PowerShell
[0.777s] DEBUG:colcon.colcon_core.shell:Skip shell extension 'dsv' for command environment
[0.811s] INFO:colcon.colcon_ros.task.ament_python.build:Building ROS package in '/home/hvakil/ros2_ws/src/write_to_tractor' with build type 'ament_python'
[0.811s] Level 1:colcon.colcon_core.shell:create_environment_hook('write_to_tractor', 'ament_prefix_path')
[0.813s] INFO:colcon.colcon_core.shell:Creating environment hook '/home/hvakil/ros2_ws/install/write_to_tractor/share/write_to_tractor/hook/ament_prefix_path.ps1'
[0.814s] INFO:colcon.colcon_core.shell:Creating environment descriptor '/home/hvakil/ros2_ws/install/write_to_tractor/share/write_to_tractor/hook/ament_prefix_path.dsv'
[0.814s] INFO:colcon.colcon_core.shell:Creating environment hook '/home/hvakil/ros2_ws/install/write_to_tractor/share/write_to_tractor/hook/ament_prefix_path.sh'
[0.817s] INFO:colcon.colcon_core.shell:Skip shell extension 'powershell' for command environment: Not usable outside of PowerShell
[0.817s] DEBUG:colcon.colcon_core.shell:Skip shell extension 'dsv' for command environment
[1.323s] INFO:colcon.colcon_core.task.python.build:Building Python package in '/home/hvakil/ros2_ws/src/look_for_person'
[1.325s] INFO:colcon.colcon_core.shell:Skip shell extension 'powershell' for command environment: Not usable outside of PowerShell
[1.325s] DEBUG:colcon.colcon_core.shell:Skip shell extension 'dsv' for command environment
[1.850s] INFO:colcon.colcon_core.task.python.build:Building Python package in '/home/hvakil/ros2_ws/src/my_package'
[1.852s] INFO:colcon.colcon_core.shell:Skip shell extension 'powershell' for command environment: Not usable outside of PowerShell
[1.852s] DEBUG:colcon.colcon_core.shell:Skip shell extension 'dsv' for command environment
[1.891s] DEBUG:colcon.colcon_core.event_handler.log_command:Invoking command in '/home/hvakil/ros2_ws/build/urg_node2': CMAKE_PREFIX_PATH=${CMAKE_PREFIX_PATH}:/home/hvakil/ros2_ws/install/write_to_tractor:/home/hvakil/ros2_ws/install/my_package:/opt/ros/humble:/home/hvakil/ros2_humble/install/rqt_bag_plugins:/home/hvakil/ros2_humble/install/rqt_bag:/home/hvakil/ros2_humble/install/ros2bag:/home/hvakil/ros2_humble/install/tracetools_test:/home/hvakil/ros2_humble/install/tracetools_launch:/home/hvakil/ros2_humble/install/topic_monitor:/home/hvakil/ros2_humble/install/tf2_tools:/home/hvakil/ros2_humble/install/examples_tf2_py:/home/hvakil/ros2_humble/install/tf2_ros_py:/home/hvakil/ros2_humble/install/sros2:/home/hvakil/ros2_humble/install/rqt_topic:/home/hvakil/ros2_humble/install/rqt_srv:/home/hvakil/ros2_humble/install/rqt_shell:/home/hvakil/ros2_humble/install/rqt_service_caller:/home/hvakil/ros2_humble/install/rqt_reconfigure:/home/hvakil/ros2_humble/install/rqt_py_console:/home/hvakil/ros2_humble/install/rqt_publisher:/home/hvakil/ros2_humble/install/rqt_plot:/home/hvakil/ros2_humble/install/rqt_action:/home/hvakil/ros2_humble/install/rqt_msg:/home/hvakil/ros2_humble/install/rqt_console:/home/hvakil/ros2_humble/install/rqt:/home/hvakil/ros2_humble/install/rqt_graph:/home/hvakil/ros2_humble/install/rqt_gui_py:/home/hvakil/ros2_humble/install/rqt_gui:/home/hvakil/ros2_humble/install/ros2trace:/home/hvakil/ros2_humble/install/ros2topic:/home/hvakil/ros2_humble/install/ros2test:/home/hvakil/ros2_humble/install/ros2component:/home/hvakil/ros2_humble/install/ros2param:/home/hvakil/ros2_humble/install/ros2lifecycle:/home/hvakil/ros2_humble/install/ros2service:/home/hvakil/ros2_humble/install/ros2run:/home/hvakil/ros2_humble/install/ros2launch:/home/hvakil/ros2_humble/install/ros2pkg:/home/hvakil/ros2_humble/install/ros2node:/home/hvakil/ros2_humble/install/ros2multicast:/home/hvakil/ros2_humble/install/ros2interface:/home/hvakil/ros2_humble/install/ros2doctor:/home/hvakil/ros2_humble/install/ros2action:/home/hvakil/ros2_humble/install/ros2cli:/home/hvakil/ros2_humble/install/quality_of_service_demo_py:/home/hvakil/ros2_humble/install/lifecycle_py:/home/hvakil/ros2_humble/install/launch_testing_ros:/home/hvakil/ros2_humble/install/launch_ros:/home/hvakil/ros2_humble/install/examples_rclpy_pointcloud_publisher:/home/hvakil/ros2_humble/install/examples_rclpy_minimal_subscriber:/home/hvakil/ros2_humble/install/examples_rclpy_minimal_service:/home/hvakil/ros2_humble/install/examples_rclpy_minimal_publisher:/home/hvakil/ros2_humble/install/examples_rclpy_minimal_client:/home/hvakil/ros2_humble/install/examples_rclpy_minimal_action_server:/home/hvakil/ros2_humble/install/examples_rclpy_minimal_action_client:/home/hvakil/ros2_humble/install/examples_rclpy_guard_conditions:/home/hvakil/ros2_humble/install/examples_rclpy_executors:/home/hvakil/ros2_humble/install/demo_nodes_py:/home/hvakil/ros2_humble/install/action_tutorials_py:/home/hvakil/ros2_humble/install/ament_uncrustify:/home/hvakil/ros2_humble/install/tracetools_trace:/home/hvakil/ros2_humble/install/tracetools_read:/home/hvakil/ros2_humble/install/test_tracetools_launch:/home/hvakil/ros2_humble/install/test_launch_ros:/home/hvakil/ros2_humble/install/sensor_msgs_py:/home/hvakil/ros2_humble/install/rpyutils:/home/hvakil/ros2_humble/install/rosidl_runtime_py:/home/hvakil/ros2_humble/install/rosidl_cli:/home/hvakil/ros2_humble/install/launch_pytest:/home/hvakil/ros2_humble/install/launch_testing:/home/hvakil/ros2_humble/install/launch_yaml:/home/hvakil/ros2_humble/install/launch_xml:/home/hvakil/ros2_humble/install/launch:/home/hvakil/ros2_humble/install/osrf_pycommon:/home/hvakil/ros2_humble/install/launch_testing_examples:/home/hvakil/ros2_humble/install/domain_coordinator:/home/hvakil/ros2_humble/install/ament_xmllint:/home/hvakil/ros2_humble/install/ament_pyflakes:/home/hvakil/ros2_humble/install/ament_pycodestyle:/home/hvakil/ros2_humble/install/ament_pep257:/home/hvakil/ros2_humble/install/ament_pclint:/home/hvakil/ros2_humble/install/ament_package:/home/hvakil/ros2_humble/install/ament_mypy:/home/hvakil/ros2_humble/install/ament_lint_cmake:/home/hvakil/ros2_humble/install/ament_flake8:/home/hvakil/ros2_humble/install/ament_copyright:/home/hvakil/ros2_humble/install/ament_lint:/home/hvakil/ros2_humble/install/ament_index_python:/home/hvakil/ros2_humble/install/ament_cpplint:/home/hvakil/ros2_humble/install/ament_cppcheck:/home/hvakil/ros2_humble/install/ament_clang_tidy:/home/hvakil/ros2_humble/install/ament_clang_format /usr/bin/cmake --build /home/hvakil/ros2_ws/build/urg_node2 -- -j12 -l12
[2.436s] INFO:colcon.colcon_core.task.python.build:Building Python package in '/home/hvakil/ros2_ws/src/write_to_tractor'
[2.438s] INFO:colcon.colcon_core.shell:Skip shell extension 'powershell' for command environment: Not usable outside of PowerShell
[2.438s] DEBUG:colcon.colcon_core.shell:Skip shell extension 'dsv' for command environment
[2.478s] DEBUG:colcon.colcon_core.event_handler.log_command:Invoked command in '/home/hvakil/ros2_ws/build/urg_node2' returned '0': CMAKE_PREFIX_PATH=${CMAKE_PREFIX_PATH}:/home/hvakil/ros2_ws/install/write_to_tractor:/home/hvakil/ros2_ws/install/my_package:/opt/ros/humble:/home/hvakil/ros2_humble/install/rqt_bag_plugins:/home/hvakil/ros2_humble/install/rqt_bag:/home/hvakil/ros2_humble/install/ros2bag:/home/hvakil/ros2_humble/install/tracetools_test:/home/hvakil/ros2_humble/install/tracetools_launch:/home/hvakil/ros2_humble/install/topic_monitor:/home/hvakil/ros2_humble/install/tf2_tools:/home/hvakil/ros2_humble/install/examples_tf2_py:/home/hvakil/ros2_humble/install/tf2_ros_py:/home/hvakil/ros2_humble/install/sros2:/home/hvakil/ros2_humble/install/rqt_topic:/home/hvakil/ros2_humble/install/rqt_srv:/home/hvakil/ros2_humble/install/rqt_shell:/home/hvakil/ros2_humble/install/rqt_service_caller:/home/hvakil/ros2_humble/install/rqt_reconfigure:/home/hvakil/ros2_humble/install/rqt_py_console:/home/hvakil/ros2_humble/install/rqt_publisher:/home/hvakil/ros2_humble/install/rqt_plot:/home/hvakil/ros2_humble/install/rqt_action:/home/hvakil/ros2_humble/install/rqt_msg:/home/hvakil/ros2_humble/install/rqt_console:/home/hvakil/ros2_humble/install/rqt:/home/hvakil/ros2_humble/install/rqt_graph:/home/hvakil/ros2_humble/install/rqt_gui_py:/home/hvakil/ros2_humble/install/rqt_gui:/home/hvakil/ros2_humble/install/ros2trace:/home/hvakil/ros2_humble/install/ros2topic:/home/hvakil/ros2_humble/install/ros2test:/home/hvakil/ros2_humble/install/ros2component:/home/hvakil/ros2_humble/install/ros2param:/home/hvakil/ros2_humble/install/ros2lifecycle:/home/hvakil/ros2_humble/install/ros2service:/home/hvakil/ros2_humble/install/ros2run:/home/hvakil/ros2_humble/install/ros2launch:/home/hvakil/ros2_humble/install/ros2pkg:/home/hvakil/ros2_humble/install/ros2node:/home/hvakil/ros2_humble/install/ros2multicast:/home/hvakil/ros2_humble/install/ros2interface:/home/hvakil/ros2_humble/install/ros2doctor:/home/hvakil/ros2_humble/install/ros2action:/home/hvakil/ros2_humble/install/ros2cli:/home/hvakil/ros2_humble/install/quality_of_service_demo_py:/home/hvakil/ros2_humble/install/lifecycle_py:/home/hvakil/ros2_humble/install/launch_testing_ros:/home/hvakil/ros2_humble/install/launch_ros:/home/hvakil/ros2_humble/install/examples_rclpy_pointcloud_publisher:/home/hvakil/ros2_humble/install/examples_rclpy_minimal_subscriber:/home/hvakil/ros2_humble/install/examples_rclpy_minimal_service:/home/hvakil/ros2_humble/install/examples_rclpy_minimal_publisher:/home/hvakil/ros2_humble/install/examples_rclpy_minimal_client:/home/hvakil/ros2_humble/install/examples_rclpy_minimal_action_server:/home/hvakil/ros2_humble/install/examples_rclpy_minimal_action_client:/home/hvakil/ros2_humble/install/examples_rclpy_guard_conditions:/home/hvakil/ros2_humble/install/examples_rclpy_executors:/home/hvakil/ros2_humble/install/demo_nodes_py:/home/hvakil/ros2_humble/install/action_tutorials_py:/home/hvakil/ros2_humble/install/ament_uncrustify:/home/hvakil/ros2_humble/install/tracetools_trace:/home/hvakil/ros2_humble/install/tracetools_read:/home/hvakil/ros2_humble/install/test_tracetools_launch:/home/hvakil/ros2_humble/install/test_launch_ros:/home/hvakil/ros2_humble/install/sensor_msgs_py:/home/hvakil/ros2_humble/install/rpyutils:/home/hvakil/ros2_humble/install/rosidl_runtime_py:/home/hvakil/ros2_humble/install/rosidl_cli:/home/hvakil/ros2_humble/install/launch_pytest:/home/hvakil/ros2_humble/install/launch_testing:/home/hvakil/ros2_humble/install/launch_yaml:/home/hvakil/ros2_humble/install/launch_xml:/home/hvakil/ros2_humble/install/launch:/home/hvakil/ros2_humble/install/osrf_pycommon:/home/hvakil/ros2_humble/install/launch_testing_examples:/home/hvakil/ros2_humble/install/domain_coordinator:/home/hvakil/ros2_humble/install/ament_xmllint:/home/hvakil/ros2_humble/install/ament_pyflakes:/home/hvakil/ros2_humble/install/ament_pycodestyle:/home/hvakil/ros2_humble/install/ament_pep257:/home/hvakil/ros2_humble/install/ament_pclint:/home/hvakil/ros2_humble/install/ament_package:/home/hvakil/ros2_humble/install/ament_mypy:/home/hvakil/ros2_humble/install/ament_lint_cmake:/home/hvakil/ros2_humble/install/ament_flake8:/home/hvakil/ros2_humble/install/ament_copyright:/home/hvakil/ros2_humble/install/ament_lint:/home/hvakil/ros2_humble/install/ament_index_python:/home/hvakil/ros2_humble/install/ament_cpplint:/home/hvakil/ros2_humble/install/ament_cppcheck:/home/hvakil/ros2_humble/install/ament_clang_tidy:/home/hvakil/ros2_humble/install/ament_clang_format /usr/bin/cmake --build /home/hvakil/ros2_ws/build/urg_node2 -- -j12 -l12
[2.663s] DEBUG:colcon.colcon_core.event_handler.log_command:Invoking command in '/home/hvakil/ros2_ws/build/urg_node2': CMAKE_PREFIX_PATH=${CMAKE_PREFIX_PATH}:/home/hvakil/ros2_ws/install/write_to_tractor:/home/hvakil/ros2_ws/install/my_package:/opt/ros/humble:/home/hvakil/ros2_humble/install/rqt_bag_plugins:/home/hvakil/ros2_humble/install/rqt_bag:/home/hvakil/ros2_humble/install/ros2bag:/home/hvakil/ros2_humble/install/tracetools_test:/home/hvakil/ros2_humble/install/tracetools_launch:/home/hvakil/ros2_humble/install/topic_monitor:/home/hvakil/ros2_humble/install/tf2_tools:/home/hvakil/ros2_humble/install/examples_tf2_py:/home/hvakil/ros2_humble/install/tf2_ros_py:/home/hvakil/ros2_humble/install/sros2:/home/hvakil/ros2_humble/install/rqt_topic:/home/hvakil/ros2_humble/install/rqt_srv:/home/hvakil/ros2_humble/install/rqt_shell:/home/hvakil/ros2_humble/install/rqt_service_caller:/home/hvakil/ros2_humble/install/rqt_reconfigure:/home/hvakil/ros2_humble/install/rqt_py_console:/home/hvakil/ros2_humble/install/rqt_publisher:/home/hvakil/ros2_humble/install/rqt_plot:/home/hvakil/ros2_humble/install/rqt_action:/home/hvakil/ros2_humble/install/rqt_msg:/home/hvakil/ros2_humble/install/rqt_console:/home/hvakil/ros2_humble/install/rqt:/home/hvakil/ros2_humble/install/rqt_graph:/home/hvakil/ros2_humble/install/rqt_gui_py:/home/hvakil/ros2_humble/install/rqt_gui:/home/hvakil/ros2_humble/install/ros2trace:/home/hvakil/ros2_humble/install/ros2topic:/home/hvakil/ros2_humble/install/ros2test:/home/hvakil/ros2_humble/install/ros2component:/home/hvakil/ros2_humble/install/ros2param:/home/hvakil/ros2_humble/install/ros2lifecycle:/home/hvakil/ros2_humble/install/ros2service:/home/hvakil/ros2_humble/install/ros2run:/home/hvakil/ros2_humble/install/ros2launch:/home/hvakil/ros2_humble/install/ros2pkg:/home/hvakil/ros2_humble/install/ros2node:/home/hvakil/ros2_humble/install/ros2multicast:/home/hvakil/ros2_humble/install/ros2interface:/home/hvakil/ros2_humble/install/ros2doctor:/home/hvakil/ros2_humble/install/ros2action:/home/hvakil/ros2_humble/install/ros2cli:/home/hvakil/ros2_humble/install/quality_of_service_demo_py:/home/hvakil/ros2_humble/install/lifecycle_py:/home/hvakil/ros2_humble/install/launch_testing_ros:/home/hvakil/ros2_humble/install/launch_ros:/home/hvakil/ros2_humble/install/examples_rclpy_pointcloud_publisher:/home/hvakil/ros2_humble/install/examples_rclpy_minimal_subscriber:/home/hvakil/ros2_humble/install/examples_rclpy_minimal_service:/home/hvakil/ros2_humble/install/examples_rclpy_minimal_publisher:/home/hvakil/ros2_humble/install/examples_rclpy_minimal_client:/home/hvakil/ros2_humble/install/examples_rclpy_minimal_action_server:/home/hvakil/ros2_humble/install/examples_rclpy_minimal_action_client:/home/hvakil/ros2_humble/install/examples_rclpy_guard_conditions:/home/hvakil/ros2_humble/install/examples_rclpy_executors:/home/hvakil/ros2_humble/install/demo_nodes_py:/home/hvakil/ros2_humble/install/action_tutorials_py:/home/hvakil/ros2_humble/install/ament_uncrustify:/home/hvakil/ros2_humble/install/tracetools_trace:/home/hvakil/ros2_humble/install/tracetools_read:/home/hvakil/ros2_humble/install/test_tracetools_launch:/home/hvakil/ros2_humble/install/test_launch_ros:/home/hvakil/ros2_humble/install/sensor_msgs_py:/home/hvakil/ros2_humble/install/rpyutils:/home/hvakil/ros2_humble/install/rosidl_runtime_py:/home/hvakil/ros2_humble/install/rosidl_cli:/home/hvakil/ros2_humble/install/launch_pytest:/home/hvakil/ros2_humble/install/launch_testing:/home/hvakil/ros2_humble/install/launch_yaml:/home/hvakil/ros2_humble/install/launch_xml:/home/hvakil/ros2_humble/install/launch:/home/hvakil/ros2_humble/install/osrf_pycommon:/home/hvakil/ros2_humble/install/launch_testing_examples:/home/hvakil/ros2_humble/install/domain_coordinator:/home/hvakil/ros2_humble/install/ament_xmllint:/home/hvakil/ros2_humble/install/ament_pyflakes:/home/hvakil/ros2_humble/install/ament_pycodestyle:/home/hvakil/ros2_humble/install/ament_pep257:/home/hvakil/ros2_humble/install/ament_pclint:/home/hvakil/ros2_humble/install/ament_package:/home/hvakil/ros2_humble/install/ament_mypy:/home/hvakil/ros2_humble/install/ament_lint_cmake:/home/hvakil/ros2_humble/install/ament_flake8:/home/hvakil/ros2_humble/install/ament_copyright:/home/hvakil/ros2_humble/install/ament_lint:/home/hvakil/ros2_humble/install/ament_index_python:/home/hvakil/ros2_humble/install/ament_cpplint:/home/hvakil/ros2_humble/install/ament_cppcheck:/home/hvakil/ros2_humble/install/ament_clang_tidy:/home/hvakil/ros2_humble/install/ament_clang_format /usr/bin/cmake --install /home/hvakil/ros2_ws/build/urg_node2
[2.697s] Level 1:colcon.colcon_core.environment:create_environment_scripts_only(urg_node2)
[2.699s] DEBUG:colcon.colcon_core.event_handler.log_command:Invoked command in '/home/hvakil/ros2_ws/build/urg_node2' returned '0': CMAKE_PREFIX_PATH=${CMAKE_PREFIX_PATH}:/home/hvakil/ros2_ws/install/write_to_tractor:/home/hvakil/ros2_ws/install/my_package:/opt/ros/humble:/home/hvakil/ros2_humble/install/rqt_bag_plugins:/home/hvakil/ros2_humble/install/rqt_bag:/home/hvakil/ros2_humble/install/ros2bag:/home/hvakil/ros2_humble/install/tracetools_test:/home/hvakil/ros2_humble/install/tracetools_launch:/home/hvakil/ros2_humble/install/topic_monitor:/home/hvakil/ros2_humble/install/tf2_tools:/home/hvakil/ros2_humble/install/examples_tf2_py:/home/hvakil/ros2_humble/install/tf2_ros_py:/home/hvakil/ros2_humble/install/sros2:/home/hvakil/ros2_humble/install/rqt_topic:/home/hvakil/ros2_humble/install/rqt_srv:/home/hvakil/ros2_humble/install/rqt_shell:/home/hvakil/ros2_humble/install/rqt_service_caller:/home/hvakil/ros2_humble/install/rqt_reconfigure:/home/hvakil/ros2_humble/install/rqt_py_console:/home/hvakil/ros2_humble/install/rqt_publisher:/home/hvakil/ros2_humble/install/rqt_plot:/home/hvakil/ros2_humble/install/rqt_action:/home/hvakil/ros2_humble/install/rqt_msg:/home/hvakil/ros2_humble/install/rqt_console:/home/hvakil/ros2_humble/install/rqt:/home/hvakil/ros2_humble/install/rqt_graph:/home/hvakil/ros2_humble/install/rqt_gui_py:/home/hvakil/ros2_humble/install/rqt_gui:/home/hvakil/ros2_humble/install/ros2trace:/home/hvakil/ros2_humble/install/ros2topic:/home/hvakil/ros2_humble/install/ros2test:/home/hvakil/ros2_humble/install/ros2component:/home/hvakil/ros2_humble/install/ros2param:/home/hvakil/ros2_humble/install/ros2lifecycle:/home/hvakil/ros2_humble/install/ros2service:/home/hvakil/ros2_humble/install/ros2run:/home/hvakil/ros2_humble/install/ros2launch:/home/hvakil/ros2_humble/install/ros2pkg:/home/hvakil/ros2_humble/install/ros2node:/home/hvakil/ros2_humble/install/ros2multicast:/home/hvakil/ros2_humble/install/ros2interface:/home/hvakil/ros2_humble/install/ros2doctor:/home/hvakil/ros2_humble/install/ros2action:/home/hvakil/ros2_humble/install/ros2cli:/home/hvakil/ros2_humble/install/quality_of_service_demo_py:/home/hvakil/ros2_humble/install/lifecycle_py:/home/hvakil/ros2_humble/install/launch_testing_ros:/home/hvakil/ros2_humble/install/launch_ros:/home/hvakil/ros2_humble/install/examples_rclpy_pointcloud_publisher:/home/hvakil/ros2_humble/install/examples_rclpy_minimal_subscriber:/home/hvakil/ros2_humble/install/examples_rclpy_minimal_service:/home/hvakil/ros2_humble/install/examples_rclpy_minimal_publisher:/home/hvakil/ros2_humble/install/examples_rclpy_minimal_client:/home/hvakil/ros2_humble/install/examples_rclpy_minimal_action_server:/home/hvakil/ros2_humble/install/examples_rclpy_minimal_action_client:/home/hvakil/ros2_humble/install/examples_rclpy_guard_conditions:/home/hvakil/ros2_humble/install/examples_rclpy_executors:/home/hvakil/ros2_humble/install/demo_nodes_py:/home/hvakil/ros2_humble/install/action_tutorials_py:/home/hvakil/ros2_humble/install/ament_uncrustify:/home/hvakil/ros2_humble/install/tracetools_trace:/home/hvakil/ros2_humble/install/tracetools_read:/home/hvakil/ros2_humble/install/test_tracetools_launch:/home/hvakil/ros2_humble/install/test_launch_ros:/home/hvakil/ros2_humble/install/sensor_msgs_py:/home/hvakil/ros2_humble/install/rpyutils:/home/hvakil/ros2_humble/install/rosidl_runtime_py:/home/hvakil/ros2_humble/install/rosidl_cli:/home/hvakil/ros2_humble/install/launch_pytest:/home/hvakil/ros2_humble/install/launch_testing:/home/hvakil/ros2_humble/install/launch_yaml:/home/hvakil/ros2_humble/install/launch_xml:/home/hvakil/ros2_humble/install/launch:/home/hvakil/ros2_humble/install/osrf_pycommon:/home/hvakil/ros2_humble/install/launch_testing_examples:/home/hvakil/ros2_humble/install/domain_coordinator:/home/hvakil/ros2_humble/install/ament_xmllint:/home/hvakil/ros2_humble/install/ament_pyflakes:/home/hvakil/ros2_humble/install/ament_pycodestyle:/home/hvakil/ros2_humble/install/ament_pep257:/home/hvakil/ros2_humble/install/ament_pclint:/home/hvakil/ros2_humble/install/ament_package:/home/hvakil/ros2_humble/install/ament_mypy:/home/hvakil/ros2_humble/install/ament_lint_cmake:/home/hvakil/ros2_humble/install/ament_flake8:/home/hvakil/ros2_humble/install/ament_copyright:/home/hvakil/ros2_humble/install/ament_lint:/home/hvakil/ros2_humble/install/ament_index_python:/home/hvakil/ros2_humble/install/ament_cpplint:/home/hvakil/ros2_humble/install/ament_cppcheck:/home/hvakil/ros2_humble/install/ament_clang_tidy:/home/hvakil/ros2_humble/install/ament_clang_format /usr/bin/cmake --install /home/hvakil/ros2_ws/build/urg_node2
[2.708s] Level 1:colcon.colcon_core.environment:checking '/home/hvakil/ros2_ws/install/urg_node2' for CMake module files
[2.708s] Level 1:colcon.colcon_core.environment:checking '/home/hvakil/ros2_ws/install/urg_node2' for CMake config files
[2.708s] Level 1:colcon.colcon_core.shell:create_environment_hook('urg_node2', 'cmake_prefix_path')
[2.710s] INFO:colcon.colcon_core.shell:Creating environment hook '/home/hvakil/ros2_ws/install/urg_node2/share/urg_node2/hook/cmake_prefix_path.ps1'
[2.711s] INFO:colcon.colcon_core.shell:Creating environment descriptor '/home/hvakil/ros2_ws/install/urg_node2/share/urg_node2/hook/cmake_prefix_path.dsv'
[2.711s] INFO:colcon.colcon_core.shell:Creating environment hook '/home/hvakil/ros2_ws/install/urg_node2/share/urg_node2/hook/cmake_prefix_path.sh'
[2.712s] Level 1:colcon.colcon_core.environment:checking '/home/hvakil/ros2_ws/install/urg_node2/lib'
[2.712s] Level 1:colcon.colcon_core.shell:create_environment_hook('urg_node2', 'ld_library_path_lib')
[2.714s] INFO:colcon.colcon_core.shell:Creating environment hook '/home/hvakil/ros2_ws/install/urg_node2/share/urg_node2/hook/ld_library_path_lib.ps1'
[2.715s] INFO:colcon.colcon_core.shell:Creating environment descriptor '/home/hvakil/ros2_ws/install/urg_node2/share/urg_node2/hook/ld_library_path_lib.dsv'
[2.715s] INFO:colcon.colcon_core.shell:Creating environment hook '/home/hvakil/ros2_ws/install/urg_node2/share/urg_node2/hook/ld_library_path_lib.sh'
[2.715s] Level 1:colcon.colcon_core.environment:checking '/home/hvakil/ros2_ws/install/urg_node2/bin'
[2.715s] Level 1:colcon.colcon_core.environment:checking '/home/hvakil/ros2_ws/install/urg_node2/lib/pkgconfig/urg_node2.pc'
[2.715s] Level 1:colcon.colcon_core.environment:checking '/home/hvakil/ros2_ws/install/urg_node2/lib/python3.10/site-packages'
[2.716s] Level 1:colcon.colcon_core.environment:checking '/home/hvakil/ros2_ws/install/urg_node2/bin'
[2.718s] INFO:colcon.colcon_core.shell:Creating package script '/home/hvakil/ros2_ws/install/urg_node2/share/urg_node2/package.ps1'
[2.719s] INFO:colcon.colcon_core.shell:Creating package descriptor '/home/hvakil/ros2_ws/install/urg_node2/share/urg_node2/package.dsv'
[2.719s] INFO:colcon.colcon_core.shell:Creating package script '/home/hvakil/ros2_ws/install/urg_node2/share/urg_node2/package.sh'
[2.720s] INFO:colcon.colcon_core.shell:Creating package script '/home/hvakil/ros2_ws/install/urg_node2/share/urg_node2/package.bash'
[2.720s] INFO:colcon.colcon_core.shell:Creating package script '/home/hvakil/ros2_ws/install/urg_node2/share/urg_node2/package.zsh'
[2.721s] Level 1:colcon.colcon_core.environment:create_file_with_runtime_dependencies(/home/hvakil/ros2_ws/install/urg_node2/share/colcon-core/packages/urg_node2)
[2.906s] Level 1:colcon.colcon_core.environment:create_environment_scripts_only(urg_node2)
[2.913s] Level 1:colcon.colcon_core.environment:checking '/home/hvakil/ros2_ws/install/urg_node2' for CMake module files
[2.914s] Level 1:colcon.colcon_core.environment:checking '/home/hvakil/ros2_ws/install/urg_node2' for CMake config files
[2.914s] Level 1:colcon.colcon_core.shell:create_environment_hook('urg_node2', 'cmake_prefix_path')
[2.919s] INFO:colcon.colcon_core.shell:Creating environment hook '/home/hvakil/ros2_ws/install/urg_node2/share/urg_node2/hook/cmake_prefix_path.ps1'
[2.920s] INFO:colcon.colcon_core.shell:Creating environment descriptor '/home/hvakil/ros2_ws/install/urg_node2/share/urg_node2/hook/cmake_prefix_path.dsv'
[2.920s] INFO:colcon.colcon_core.shell:Creating environment hook '/home/hvakil/ros2_ws/install/urg_node2/share/urg_node2/hook/cmake_prefix_path.sh'
[2.921s] Level 1:colcon.colcon_core.environment:checking '/home/hvakil/ros2_ws/install/urg_node2/lib'
[2.921s] Level 1:colcon.colcon_core.shell:create_environment_hook('urg_node2', 'ld_library_path_lib')
[2.925s] INFO:colcon.colcon_core.shell:Creating environment hook '/home/hvakil/ros2_ws/install/urg_node2/share/urg_node2/hook/ld_library_path_lib.ps1'
[2.925s] INFO:colcon.colcon_core.shell:Creating environment descriptor '/home/hvakil/ros2_ws/install/urg_node2/share/urg_node2/hook/ld_library_path_lib.dsv'
[2.926s] INFO:colcon.colcon_core.shell:Creating environment hook '/home/hvakil/ros2_ws/install/urg_node2/share/urg_node2/hook/ld_library_path_lib.sh'
[2.926s] Level 1:colcon.colcon_core.environment:checking '/home/hvakil/ros2_ws/install/urg_node2/bin'
[2.926s] Level 1:colcon.colcon_core.environment:checking '/home/hvakil/ros2_ws/install/urg_node2/lib/pkgconfig/urg_node2.pc'
[2.927s] Level 1:colcon.colcon_core.environment:checking '/home/hvakil/ros2_ws/install/urg_node2/lib/python3.10/site-packages'
[2.927s] Level 1:colcon.colcon_core.environment:checking '/home/hvakil/ros2_ws/install/urg_node2/bin'
[2.931s] INFO:colcon.colcon_core.shell:Creating package script '/home/hvakil/ros2_ws/install/urg_node2/share/urg_node2/package.ps1'
[2.932s] INFO:colcon.colcon_core.shell:Creating package descriptor '/home/hvakil/ros2_ws/install/urg_node2/share/urg_node2/package.dsv'
[2.933s] INFO:colcon.colcon_core.shell:Creating package script '/home/hvakil/ros2_ws/install/urg_node2/share/urg_node2/package.sh'
[2.933s] INFO:colcon.colcon_core.shell:Creating package script '/home/hvakil/ros2_ws/install/urg_node2/share/urg_node2/package.bash'
[2.934s] INFO:colcon.colcon_core.shell:Creating package script '/home/hvakil/ros2_ws/install/urg_node2/share/urg_node2/package.zsh'
[2.934s] Level 1:colcon.colcon_core.environment:create_file_with_runtime_dependencies(/home/hvakil/ros2_ws/install/urg_node2/share/colcon-core/packages/urg_node2)
[3.207s] DEBUG:colcon.colcon_core.event_handler.log_command:Invoking command in '/home/hvakil/ros2_ws/build/write_to_tractor': PYTHONPATH=/home/hvakil/ros2_ws/build/write_to_tractor/prefix_override:/home/hvakil/ros2_ws/install/write_to_tractor/lib/python3.10/site-packages:${PYTHONPATH} /usr/bin/python3 setup.py develop --editable --build-directory /home/hvakil/ros2_ws/build/write_to_tractor/build --no-deps install_data
[3.210s] DEBUG:colcon.colcon_core.event_handler.log_command:Invoking command in '/home/hvakil/ros2_ws/build/my_package': PYTHONPATH=/home/hvakil/ros2_ws/build/my_package/prefix_override:/home/hvakil/ros2_ws/install/my_package/lib/python3.10/site-packages:${PYTHONPATH} /usr/bin/python3 setup.py develop --editable --build-directory /home/hvakil/ros2_ws/build/my_package/build --no-deps install_data
[3.215s] DEBUG:colcon.colcon_core.event_handler.log_command:Invoking command in '/home/hvakil/ros2_ws/build/look_for_person': PYTHONPATH=/home/hvakil/ros2_ws/build/look_for_person/prefix_override:/home/hvakil/ros2_ws/install/look_for_person/lib/python3.10/site-packages:${PYTHONPATH} /usr/bin/python3 setup.py develop --editable --build-directory /home/hvakil/ros2_ws/build/look_for_person/build --no-deps install_data
[4.040s] Level 1:colcon.colcon_core.shell:create_environment_hook('look_for_person', 'pythonpath_develop')
[4.041s] DEBUG:colcon.colcon_core.event_handler.log_command:Invoked command in '/home/hvakil/ros2_ws/build/look_for_person' returned '0': PYTHONPATH=/home/hvakil/ros2_ws/build/look_for_person/prefix_override:/home/hvakil/ros2_ws/install/look_for_person/lib/python3.10/site-packages:${PYTHONPATH} /usr/bin/python3 setup.py develop --editable --build-directory /home/hvakil/ros2_ws/build/look_for_person/build --no-deps install_data
[4.043s] INFO:colcon.colcon_core.shell:Creating environment hook '/home/hvakil/ros2_ws/build/look_for_person/share/look_for_person/hook/pythonpath_develop.ps1'
[4.044s] INFO:colcon.colcon_core.shell:Creating environment descriptor '/home/hvakil/ros2_ws/build/look_for_person/share/look_for_person/hook/pythonpath_develop.dsv'
[4.044s] INFO:colcon.colcon_core.shell:Creating environment hook '/home/hvakil/ros2_ws/build/look_for_person/share/look_for_person/hook/pythonpath_develop.sh'
[4.048s] Level 1:colcon.colcon_core.environment:checking '/home/hvakil/ros2_ws/install/look_for_person' for CMake module files
[4.049s] Level 1:colcon.colcon_core.environment:checking '/home/hvakil/ros2_ws/install/look_for_person' for CMake config files
[4.049s] Level 1:colcon.colcon_core.environment:checking '/home/hvakil/ros2_ws/install/look_for_person/lib'
[4.049s] Level 1:colcon.colcon_core.environment:checking '/home/hvakil/ros2_ws/install/look_for_person/bin'
[4.049s] Level 1:colcon.colcon_core.environment:checking '/home/hvakil/ros2_ws/install/look_for_person/lib/pkgconfig/look_for_person.pc'
[4.049s] Level 1:colcon.colcon_core.environment:checking '/home/hvakil/ros2_ws/install/look_for_person/lib/python3.10/site-packages'
[4.050s] Level 1:colcon.colcon_core.shell:create_environment_hook('look_for_person', 'pythonpath')
[4.052s] INFO:colcon.colcon_core.shell:Creating environment hook '/home/hvakil/ros2_ws/install/look_for_person/share/look_for_person/hook/pythonpath.ps1'
[4.052s] INFO:colcon.colcon_core.shell:Creating environment descriptor '/home/hvakil/ros2_ws/install/look_for_person/share/look_for_person/hook/pythonpath.dsv'
[4.053s] INFO:colcon.colcon_core.shell:Creating environment hook '/home/hvakil/ros2_ws/install/look_for_person/share/look_for_person/hook/pythonpath.sh'
[4.053s] Level 1:colcon.colcon_core.environment:checking '/home/hvakil/ros2_ws/install/look_for_person/bin'
[4.053s] Level 1:colcon.colcon_core.environment:create_environment_scripts_only(look_for_person)
[4.056s] INFO:colcon.colcon_core.shell:Creating package script '/home/hvakil/ros2_ws/install/look_for_person/share/look_for_person/package.ps1'
[4.056s] INFO:colcon.colcon_core.shell:Creating package descriptor '/home/hvakil/ros2_ws/install/look_for_person/share/look_for_person/package.dsv'
[4.057s] INFO:colcon.colcon_core.shell:Creating package script '/home/hvakil/ros2_ws/install/look_for_person/share/look_for_person/package.sh'
[4.057s] INFO:colcon.colcon_core.shell:Creating package script '/home/hvakil/ros2_ws/install/look_for_person/share/look_for_person/package.bash'
[4.057s] INFO:colcon.colcon_core.shell:Creating package script '/home/hvakil/ros2_ws/install/look_for_person/share/look_for_person/package.zsh'
[4.058s] Level 1:colcon.colcon_core.environment:create_file_with_runtime_dependencies(/home/hvakil/ros2_ws/install/look_for_person/share/colcon-core/packages/look_for_person)
[4.059s] Level 1:colcon.colcon_core.shell:create_environment_hook('my_package', 'pythonpath_develop')
[4.061s] INFO:colcon.colcon_core.shell:Creating environment hook '/home/hvakil/ros2_ws/build/my_package/share/my_package/hook/pythonpath_develop.ps1'
[4.062s] DEBUG:colcon.colcon_core.event_handler.log_command:Invoked command in '/home/hvakil/ros2_ws/build/my_package' returned '0': PYTHONPATH=/home/hvakil/ros2_ws/build/my_package/prefix_override:/home/hvakil/ros2_ws/install/my_package/lib/python3.10/site-packages:${PYTHONPATH} /usr/bin/python3 setup.py develop --editable --build-directory /home/hvakil/ros2_ws/build/my_package/build --no-deps install_data
[4.062s] INFO:colcon.colcon_core.shell:Creating environment descriptor '/home/hvakil/ros2_ws/build/my_package/share/my_package/hook/pythonpath_develop.dsv'
[4.062s] INFO:colcon.colcon_core.shell:Creating environment hook '/home/hvakil/ros2_ws/build/my_package/share/my_package/hook/pythonpath_develop.sh'
[4.066s] Level 1:colcon.colcon_core.environment:checking '/home/hvakil/ros2_ws/install/my_package' for CMake module files
[4.066s] Level 1:colcon.colcon_core.environment:checking '/home/hvakil/ros2_ws/install/my_package' for CMake config files
[4.067s] Level 1:colcon.colcon_core.environment:checking '/home/hvakil/ros2_ws/install/my_package/lib'
[4.067s] Level 1:colcon.colcon_core.environment:checking '/home/hvakil/ros2_ws/install/my_package/bin'
[4.067s] Level 1:colcon.colcon_core.environment:checking '/home/hvakil/ros2_ws/install/my_package/lib/pkgconfig/my_package.pc'
[4.067s] Level 1:colcon.colcon_core.environment:checking '/home/hvakil/ros2_ws/install/my_package/lib/python3.10/site-packages'
[4.067s] Level 1:colcon.colcon_core.shell:create_environment_hook('my_package', 'pythonpath')
[4.070s] INFO:colcon.colcon_core.shell:Creating environment hook '/home/hvakil/ros2_ws/install/my_package/share/my_package/hook/pythonpath.ps1'
[4.070s] INFO:colcon.colcon_core.shell:Creating environment descriptor '/home/hvakil/ros2_ws/install/my_package/share/my_package/hook/pythonpath.dsv'
[4.070s] INFO:colcon.colcon_core.shell:Creating environment hook '/home/hvakil/ros2_ws/install/my_package/share/my_package/hook/pythonpath.sh'
[4.071s] Level 1:colcon.colcon_core.environment:checking '/home/hvakil/ros2_ws/install/my_package/bin'
[4.071s] Level 1:colcon.colcon_core.environment:create_environment_scripts_only(my_package)
[4.073s] INFO:colcon.colcon_core.shell:Creating package script '/home/hvakil/ros2_ws/install/my_package/share/my_package/package.ps1'
[4.073s] INFO:colcon.colcon_core.shell:Creating package descriptor '/home/hvakil/ros2_ws/install/my_package/share/my_package/package.dsv'
[4.074s] INFO:colcon.colcon_core.shell:Creating package script '/home/hvakil/ros2_ws/install/my_package/share/my_package/package.sh'
[4.074s] INFO:colcon.colcon_core.shell:Creating package script '/home/hvakil/ros2_ws/install/my_package/share/my_package/package.bash'
[4.075s] INFO:colcon.colcon_core.shell:Creating package script '/home/hvakil/ros2_ws/install/my_package/share/my_package/package.zsh'
[4.075s] Level 1:colcon.colcon_core.environment:create_file_with_runtime_dependencies(/home/hvakil/ros2_ws/install/my_package/share/colcon-core/packages/my_package)
[4.075s] Level 1:colcon.colcon_core.shell:create_environment_hook('write_to_tractor', 'pythonpath_develop')
[4.077s] INFO:colcon.colcon_core.shell:Creating environment hook '/home/hvakil/ros2_ws/build/write_to_tractor/share/write_to_tractor/hook/pythonpath_develop.ps1'
[4.078s] INFO:colcon.colcon_core.shell:Creating environment descriptor '/home/hvakil/ros2_ws/build/write_to_tractor/share/write_to_tractor/hook/pythonpath_develop.dsv'
[4.078s] DEBUG:colcon.colcon_core.event_handler.log_command:Invoked command in '/home/hvakil/ros2_ws/build/write_to_tractor' returned '0': PYTHONPATH=/home/hvakil/ros2_ws/build/write_to_tractor/prefix_override:/home/hvakil/ros2_ws/install/write_to_tractor/lib/python3.10/site-packages:${PYTHONPATH} /usr/bin/python3 setup.py develop --editable --build-directory /home/hvakil/ros2_ws/build/write_to_tractor/build --no-deps install_data
[4.079s] INFO:colcon.colcon_core.shell:Creating environment hook '/home/hvakil/ros2_ws/build/write_to_tractor/share/write_to_tractor/hook/pythonpath_develop.sh'
[4.083s] Level 1:colcon.colcon_core.environment:checking '/home/hvakil/ros2_ws/install/write_to_tractor' for CMake module files
[4.083s] Level 1:colcon.colcon_core.environment:checking '/home/hvakil/ros2_ws/install/write_to_tractor' for CMake config files
[4.083s] Level 1:colcon.colcon_core.environment:checking '/home/hvakil/ros2_ws/install/write_to_tractor/lib'
[4.083s] Level 1:colcon.colcon_core.environment:checking '/home/hvakil/ros2_ws/install/write_to_tractor/bin'
[4.083s] Level 1:colcon.colcon_core.environment:checking '/home/hvakil/ros2_ws/install/write_to_tractor/lib/pkgconfig/write_to_tractor.pc'
[4.084s] Level 1:colcon.colcon_core.environment:checking '/home/hvakil/ros2_ws/install/write_to_tractor/lib/python3.10/site-packages'
[4.084s] Level 1:colcon.colcon_core.shell:create_environment_hook('write_to_tractor', 'pythonpath')
[4.086s] INFO:colcon.colcon_core.shell:Creating environment hook '/home/hvakil/ros2_ws/install/write_to_tractor/share/write_to_tractor/hook/pythonpath.ps1'
[4.086s] INFO:colcon.colcon_core.shell:Creating environment descriptor '/home/hvakil/ros2_ws/install/write_to_tractor/share/write_to_tractor/hook/pythonpath.dsv'
[4.086s] INFO:colcon.colcon_core.shell:Creating environment hook '/home/hvakil/ros2_ws/install/write_to_tractor/share/write_to_tractor/hook/pythonpath.sh'
[4.087s] Level 1:colcon.colcon_core.environment:checking '/home/hvakil/ros2_ws/install/write_to_tractor/bin'
[4.087s] Level 1:colcon.colcon_core.environment:create_environment_scripts_only(write_to_tractor)
[4.089s] INFO:colcon.colcon_core.shell:Creating package script '/home/hvakil/ros2_ws/install/write_to_tractor/share/write_to_tractor/package.ps1'
[4.089s] INFO:colcon.colcon_core.shell:Creating package descriptor '/home/hvakil/ros2_ws/install/write_to_tractor/share/write_to_tractor/package.dsv'
[4.090s] INFO:colcon.colcon_core.shell:Creating package script '/home/hvakil/ros2_ws/install/write_to_tractor/share/write_to_tractor/package.sh'
[4.090s] INFO:colcon.colcon_core.shell:Creating package script '/home/hvakil/ros2_ws/install/write_to_tractor/share/write_to_tractor/package.bash'
[4.090s] INFO:colcon.colcon_core.shell:Creating package script '/home/hvakil/ros2_ws/install/write_to_tractor/share/write_to_tractor/package.zsh'
[4.091s] Level 1:colcon.colcon_core.environment:create_file_with_runtime_dependencies(/home/hvakil/ros2_ws/install/write_to_tractor/share/colcon-core/packages/write_to_tractor)
[4.091s] DEBUG:colcon.colcon_parallel_executor.executor.parallel:closing loop
[4.091s] DEBUG:colcon.colcon_parallel_executor.executor.parallel:loop closed
[4.091s] DEBUG:colcon.colcon_parallel_executor.executor.parallel:run_until_complete finished with '0'
[4.091s] DEBUG:colcon.colcon_core.event_reactor:joining thread
[4.103s] INFO:colcon.colcon_core.plugin_system:Skipping extension 'colcon_notification.desktop_notification.terminal_notifier': Not used on non-Darwin systems
[4.103s] INFO:colcon.colcon_core.plugin_system:Skipping extension 'colcon_notification.desktop_notification.win32': Not used on non-Windows systems
[4.103s] INFO:colcon.colcon_notification.desktop_notification:Sending desktop notification using 'notify2'
[4.113s] DEBUG:colcon.colcon_core.event_reactor:joined thread
[4.115s] INFO:colcon.colcon_core.shell:Creating prefix script '/home/hvakil/ros2_ws/install/local_setup.ps1'
[4.116s] INFO:colcon.colcon_core.shell:Creating prefix util module '/home/hvakil/ros2_ws/install/_local_setup_util_ps1.py'
[4.117s] INFO:colcon.colcon_core.shell:Creating prefix chain script '/home/hvakil/ros2_ws/install/setup.ps1'
[4.129s] INFO:colcon.colcon_core.shell:Creating prefix script '/home/hvakil/ros2_ws/install/local_setup.sh'
[4.129s] INFO:colcon.colcon_core.shell:Creating prefix util module '/home/hvakil/ros2_ws/install/_local_setup_util_sh.py'
[4.130s] INFO:colcon.colcon_core.shell:Creating prefix chain script '/home/hvakil/ros2_ws/install/setup.sh'
[4.141s] INFO:colcon.colcon_core.shell:Creating prefix script '/home/hvakil/ros2_ws/install/local_setup.bash'
[4.142s] INFO:colcon.colcon_core.shell:Creating prefix chain script '/home/hvakil/ros2_ws/install/setup.bash'
[4.153s] INFO:colcon.colcon_core.shell:Creating prefix script '/home/hvakil/ros2_ws/install/local_setup.zsh'
[4.154s] INFO:colcon.colcon_core.shell:Creating prefix chain script '/home/hvakil/ros2_ws/install/setup.zsh'
