[1.663s] Invoking command in '/home/hvakil/ros2_ws/build/write_to_tractor': PYTHONPATH=/home/hvakil/ros2_ws/build/write_to_tractor/prefix_override:/home/hvakil/ros2_ws/install/write_to_tractor/lib/python3.10/site-packages:${PYTHONPATH} /usr/bin/python3 setup.py develop --editable --build-directory /home/hvakil/ros2_ws/build/write_to_tractor/build --no-deps install_data
[2.102s] /usr/lib/python3/dist-packages/setuptools/dist.py:723: UserWarning: Usage of dash-separated 'script-dir' will not be supported in future versions. Please use the underscore name 'script_dir' instead
[2.102s]   warnings.warn(
[2.149s] running develop
[2.149s] /usr/lib/python3/dist-packages/setuptools/command/easy_install.py:158: EasyInstallDeprecationWarning: easy_install command is deprecated. Use build and pip and other standards-based tools.
[2.149s]   warnings.warn(
[2.151s] /usr/lib/python3/dist-packages/setuptools/command/install.py:34: SetuptoolsDeprecationWarning: setup.py install is deprecated. Use build and pip and other standards-based tools.
[2.151s]   warnings.warn(
[2.243s] /usr/lib/python3/dist-packages/pkg_resources/__init__.py:116: PkgResourcesDeprecationWarning: 1.16.0-unknown is an invalid version and will not be supported in a future release
[2.243s]   warnings.warn(
[2.244s] /usr/lib/python3/dist-packages/pkg_resources/__init__.py:116: PkgResourcesDeprecationWarning: 0.1.43ubuntu1 is an invalid version and will not be supported in a future release
[2.244s]   warnings.warn(
[2.244s] /usr/lib/python3/dist-packages/pkg_resources/__init__.py:116: PkgResourcesDeprecationWarning: 1.1build1 is an invalid version and will not be supported in a future release
[2.244s]   warnings.warn(
[2.405s] running egg_info
[2.405s] writing write_to_tractor.egg-info/PKG-INFO
[2.405s] writing dependency_links to write_to_tractor.egg-info/dependency_links.txt
[2.406s] writing entry points to write_to_tractor.egg-info/entry_points.txt
[2.406s] writing requirements to write_to_tractor.egg-info/requires.txt
[2.406s] writing top-level names to write_to_tractor.egg-info/top_level.txt
[2.412s] reading manifest file 'write_to_tractor.egg-info/SOURCES.txt'
[2.413s] writing manifest file 'write_to_tractor.egg-info/SOURCES.txt'
[2.418s] running build_ext
[2.418s] Creating /home/hvakil/ros2_ws/install/write_to_tractor/lib/python3.10/site-packages/write-to-tractor.egg-link (link to .)
[2.419s] Installing tractor_writer script to /home/hvakil/ros2_ws/install/write_to_tractor/lib/write_to_tractor
[2.419s] 
[2.419s] Installed /home/hvakil/ros2_ws/build/write_to_tractor
[2.419s] running install_data
