[0.429s] Invoking command in '/home/hvakil/ros2_ws/build/write_to_tractor': PYTHONPATH=/home/hvakil/ros2_ws/build/write_to_tractor/prefix_override:/home/hvakil/ros2_ws/install/write_to_tractor/lib/python3.10/site-packages:${PYTHONPATH} /usr/bin/python3 setup.py develop --editable --build-directory /home/hvakil/ros2_ws/build/write_to_tractor/build --no-deps install_data
[0.591s] /usr/lib/python3/dist-packages/setuptools/dist.py:723: UserWarning: Usage of dash-separated 'script-dir' will not be supported in future versions. Please use the underscore name 'script_dir' instead
[0.591s]   warnings.warn(
[0.611s] running develop
[0.611s] /usr/lib/python3/dist-packages/setuptools/command/easy_install.py:158: EasyInstallDeprecationWarning: easy_install command is deprecated. Use build and pip and other standards-based tools.
[0.611s]   warnings.warn(
[0.612s] /usr/lib/python3/dist-packages/setuptools/command/install.py:34: SetuptoolsDeprecationWarning: setup.py install is deprecated. Use build and pip and other standards-based tools.
[0.612s]   warnings.warn(
[0.650s] /usr/lib/python3/dist-packages/pkg_resources/__init__.py:116: PkgResourcesDeprecationWarning: 1.16.0-unknown is an invalid version and will not be supported in a future release
[0.650s]   warnings.warn(
[0.650s] /usr/lib/python3/dist-packages/pkg_resources/__init__.py:116: PkgResourcesDeprecationWarning: 0.1.43ubuntu1 is an invalid version and will not be supported in a future release
[0.651s]   warnings.warn(
[0.651s] /usr/lib/python3/dist-packages/pkg_resources/__init__.py:116: PkgResourcesDeprecationWarning: 1.1build1 is an invalid version and will not be supported in a future release
[0.651s]   warnings.warn(
[0.720s] running egg_info
[0.720s] writing write_to_tractor.egg-info/PKG-INFO
[0.720s] writing dependency_links to write_to_tractor.egg-info/dependency_links.txt
[0.721s] writing entry points to write_to_tractor.egg-info/entry_points.txt
[0.721s] writing requirements to write_to_tractor.egg-info/requires.txt
[0.721s] writing top-level names to write_to_tractor.egg-info/top_level.txt
[0.723s] reading manifest file 'write_to_tractor.egg-info/SOURCES.txt'
[0.724s] writing manifest file 'write_to_tractor.egg-info/SOURCES.txt'
[0.725s] running build_ext
[0.725s] Creating /home/hvakil/ros2_ws/install/write_to_tractor/lib/python3.10/site-packages/write-to-tractor.egg-link (link to .)
[0.726s] Installing TreadWriter script to /home/hvakil/ros2_ws/install/write_to_tractor/lib/write_to_tractor
[0.727s] 
[0.727s] Installed /home/hvakil/ros2_ws/build/write_to_tractor
[0.727s] running install_data
[0.727s] copying resource/write_to_tractor -> /home/hvakil/ros2_ws/install/write_to_tractor/share/ament_index/resource_index/packages
[0.727s] copying package.xml -> /home/hvakil/ros2_ws/install/write_to_tractor/share/write_to_tractor
[0.747s] Invoked command in '/home/hvakil/ros2_ws/build/write_to_tractor' returned '0': PYTHONPATH=/home/hvakil/ros2_ws/build/write_to_tractor/prefix_override:/home/hvakil/ros2_ws/install/write_to_tractor/lib/python3.10/site-packages:${PYTHONPATH} /usr/bin/python3 setup.py develop --editable --build-directory /home/hvakil/ros2_ws/build/write_to_tractor/build --no-deps install_data
