-- The C compiler identification is GNU 11.3.0
-- The CXX compiler identification is GNU 11.3.0
-- Detecting C compiler ABI info
-- Detecting C compiler ABI info - done
-- Check for working C compiler: /usr/bin/cc - skipped
-- Detecting C compile features
-- Detecting C compile features - done
-- Detecting CXX compiler ABI info
-- Detecting CXX compiler ABI info - done
-- Check for working CXX compiler: /usr/bin/c++ - skipped
-- Detecting CXX compile features
-- Detecting CXX compile features - done
-- Found ament_cmake: 1.3.4 (/home/hvakil/ros2_humble/install/ament_cmake/share/ament_cmake/cmake)
-- Found Python3: /usr/bin/python3.10 (found version "3.10.6") found components: Interpreter 
-- Override CMake install command with custom implementation using symlinks instead of copying resources
-- Found ament_lint_auto: 0.12.6 (/home/hvakil/ros2_humble/install/ament_lint_auto/share/ament_lint_auto/cmake)
-- Added test 'lint_cmake' to check CMake code style
-- Added test 'xmllint' to check XML markup files
-- Configuring done
-- Generating done
-- Build files have been written to: /home/hvakil/ros2_ws/src/build/tractor_writer
-- Install configuration: ""
-- Execute custom install script
-- Symlinking: /home/hvakil/ros2_ws/src/install/tractor_writer/share/ament_index/resource_index/package_run_dependencies/tractor_writer
-- Symlinking: /home/hvakil/ros2_ws/src/install/tractor_writer/share/ament_index/resource_index/parent_prefix_path/tractor_writer
-- Symlinking: /home/hvakil/ros2_ws/src/install/tractor_writer/share/tractor_writer/environment/ament_prefix_path.sh
-- Symlinking: /home/hvakil/ros2_ws/src/install/tractor_writer/share/tractor_writer/environment/ament_prefix_path.dsv
-- Symlinking: /home/hvakil/ros2_ws/src/install/tractor_writer/share/tractor_writer/environment/path.sh
-- Symlinking: /home/hvakil/ros2_ws/src/install/tractor_writer/share/tractor_writer/environment/path.dsv
-- Symlinking: /home/hvakil/ros2_ws/src/install/tractor_writer/share/tractor_writer/local_setup.bash
-- Symlinking: /home/hvakil/ros2_ws/src/install/tractor_writer/share/tractor_writer/local_setup.sh
-- Symlinking: /home/hvakil/ros2_ws/src/install/tractor_writer/share/tractor_writer/local_setup.zsh
-- Symlinking: /home/hvakil/ros2_ws/src/install/tractor_writer/share/tractor_writer/local_setup.dsv
-- Symlinking: /home/hvakil/ros2_ws/src/install/tractor_writer/share/tractor_writer/package.dsv
-- Symlinking: /home/hvakil/ros2_ws/src/install/tractor_writer/share/ament_index/resource_index/packages/tractor_writer
-- Symlinking: /home/hvakil/ros2_ws/src/install/tractor_writer/share/tractor_writer/cmake/tractor_writerConfig.cmake
-- Symlinking: /home/hvakil/ros2_ws/src/install/tractor_writer/share/tractor_writer/cmake/tractor_writerConfig-version.cmake
-- Symlinking: /home/hvakil/ros2_ws/src/install/tractor_writer/share/tractor_writer/package.xml
