[0.470s] DEBUG:colcon:Command line arguments: ['/usr/bin/colcon', 'build', '--symlink-install']
[0.470s] DEBUG:colcon:Parsed command line arguments: Namespace(log_base=None, log_level=None, verb_name='build', build_base='build', install_base='install', merge_install=False, symlink_install=True, test_result_base=None, continue_on_error=False, executor='parallel', parallel_workers=12, event_handlers=None, ignore_user_meta=False, metas=['./colcon.meta'], base_paths=['.'], packages_ignore=None, packages_ignore_regex=None, paths=None, packages_up_to=None, packages_up_to_regex=None, packages_above=None, packages_above_and_dependencies=None, packages_above_depth=None, packages_select_by_dep=None, packages_skip_by_dep=None, packages_skip_up_to=None, packages_select_build_failed=False, packages_skip_build_finished=False, packages_select_test_failures=False, packages_skip_test_passed=False, packages_select=None, packages_skip=None, packages_select_regex=None, packages_skip_regex=None, packages_start=None, packages_end=None, allow_overriding=[], cmake_args=None, cmake_target=None, cmake_target_skip_unavailable=False, cmake_clean_cache=False, cmake_clean_first=False, cmake_force_configure=False, ament_cmake_args=None, catkin_cmake_args=None, catkin_skip_building_tests=False, verb_parser=<colcon_defaults.argument_parser.defaults.DefaultArgumentsDecorator object at 0x7f23fd291420>, verb_extension=<colcon_core.verb.build.BuildVerb object at 0x7f23fda6f4c0>, main=<bound method BuildVerb.main of <colcon_core.verb.build.BuildVerb object at 0x7f23fda6f4c0>>)
[0.509s] Level 1:colcon.colcon_core.package_discovery:discover_packages(colcon_meta) check parameters
[0.510s] Level 1:colcon.colcon_core.package_discovery:discover_packages(recursive) check parameters
[0.510s] Level 1:colcon.colcon_core.package_discovery:discover_packages(ignore) check parameters
[0.510s] Level 1:colcon.colcon_core.package_discovery:discover_packages(path) check parameters
[0.510s] Level 1:colcon.colcon_core.package_discovery:discover_packages(colcon_meta) discover
[0.510s] Level 1:colcon.colcon_core.package_discovery:discover_packages(recursive) discover
[0.510s] INFO:colcon.colcon_core.package_discovery:Crawling recursively for packages in '/home/hvakil/ros2_ws/src'
[0.510s] Level 1:colcon.colcon_core.package_identification:_identify(.) by extensions ['ignore', 'ignore_ament_install']
[0.510s] Level 1:colcon.colcon_core.package_identification:_identify(.) by extension 'ignore'
[0.510s] Level 1:colcon.colcon_core.package_identification:_identify(.) by extension 'ignore_ament_install'
[0.510s] Level 1:colcon.colcon_core.package_identification:_identify(.) by extensions ['colcon_pkg']
[0.510s] Level 1:colcon.colcon_core.package_identification:_identify(.) by extension 'colcon_pkg'
[0.510s] Level 1:colcon.colcon_core.package_identification:_identify(.) by extensions ['colcon_meta']
[0.510s] Level 1:colcon.colcon_core.package_identification:_identify(.) by extension 'colcon_meta'
[0.510s] Level 1:colcon.colcon_core.package_identification:_identify(.) by extensions ['ros']
[0.510s] Level 1:colcon.colcon_core.package_identification:_identify(.) by extension 'ros'
[0.522s] Level 1:colcon.colcon_core.package_identification:_identify(.) by extensions ['cmake', 'python']
[0.522s] Level 1:colcon.colcon_core.package_identification:_identify(.) by extension 'cmake'
[0.522s] Level 1:colcon.colcon_core.package_identification:_identify(.) by extension 'python'
[0.522s] Level 1:colcon.colcon_core.package_identification:_identify(.) by extensions ['python_setup_py']
[0.522s] Level 1:colcon.colcon_core.package_identification:_identify(.) by extension 'python_setup_py'
[0.523s] Level 1:colcon.colcon_core.package_identification:_identify(build) by extensions ['ignore', 'ignore_ament_install']
[0.523s] Level 1:colcon.colcon_core.package_identification:_identify(build) by extension 'ignore'
[0.523s] Level 1:colcon.colcon_core.package_identification:_identify(build) ignored
[0.523s] Level 1:colcon.colcon_core.package_identification:_identify(install) by extensions ['ignore', 'ignore_ament_install']
[0.523s] Level 1:colcon.colcon_core.package_identification:_identify(install) by extension 'ignore'
[0.523s] Level 1:colcon.colcon_core.package_identification:_identify(install) ignored
[0.523s] Level 1:colcon.colcon_core.package_identification:_identify(log) by extensions ['ignore', 'ignore_ament_install']
[0.523s] Level 1:colcon.colcon_core.package_identification:_identify(log) by extension 'ignore'
[0.523s] Level 1:colcon.colcon_core.package_identification:_identify(log) ignored
[0.523s] Level 1:colcon.colcon_core.package_identification:_identify(tractor) by extensions ['ignore', 'ignore_ament_install']
[0.523s] Level 1:colcon.colcon_core.package_identification:_identify(tractor) by extension 'ignore'
[0.523s] Level 1:colcon.colcon_core.package_identification:_identify(tractor) by extension 'ignore_ament_install'
[0.523s] Level 1:colcon.colcon_core.package_identification:_identify(tractor) by extensions ['colcon_pkg']
[0.523s] Level 1:colcon.colcon_core.package_identification:_identify(tractor) by extension 'colcon_pkg'
[0.523s] Level 1:colcon.colcon_core.package_identification:_identify(tractor) by extensions ['colcon_meta']
[0.524s] Level 1:colcon.colcon_core.package_identification:_identify(tractor) by extension 'colcon_meta'
[0.524s] Level 1:colcon.colcon_core.package_identification:_identify(tractor) by extensions ['ros']
[0.524s] Level 1:colcon.colcon_core.package_identification:_identify(tractor) by extension 'ros'
[0.524s] Level 1:colcon.colcon_core.package_identification:_identify(tractor) by extensions ['cmake', 'python']
[0.524s] Level 1:colcon.colcon_core.package_identification:_identify(tractor) by extension 'cmake'
[0.524s] Level 1:colcon.colcon_core.package_identification:_identify(tractor) by extension 'python'
[0.524s] Level 1:colcon.colcon_core.package_identification:_identify(tractor) by extensions ['python_setup_py']
[0.524s] Level 1:colcon.colcon_core.package_identification:_identify(tractor) by extension 'python_setup_py'
[0.524s] Level 1:colcon.colcon_core.package_identification:_identify(tractor/write_to_tractor) by extensions ['ignore', 'ignore_ament_install']
[0.524s] Level 1:colcon.colcon_core.package_identification:_identify(tractor/write_to_tractor) by extension 'ignore'
[0.524s] Level 1:colcon.colcon_core.package_identification:_identify(tractor/write_to_tractor) by extension 'ignore_ament_install'
[0.524s] Level 1:colcon.colcon_core.package_identification:_identify(tractor/write_to_tractor) by extensions ['colcon_pkg']
[0.524s] Level 1:colcon.colcon_core.package_identification:_identify(tractor/write_to_tractor) by extension 'colcon_pkg'
[0.524s] Level 1:colcon.colcon_core.package_identification:_identify(tractor/write_to_tractor) by extensions ['colcon_meta']
[0.524s] Level 1:colcon.colcon_core.package_identification:_identify(tractor/write_to_tractor) by extension 'colcon_meta'
[0.524s] Level 1:colcon.colcon_core.package_identification:_identify(tractor/write_to_tractor) by extensions ['ros']
[0.524s] Level 1:colcon.colcon_core.package_identification:_identify(tractor/write_to_tractor) by extension 'ros'
[0.526s] DEBUG:colcon.colcon_core.package_identification:Package 'tractor/write_to_tractor' with type 'ros.ament_python' and name 'write_to_tractor'
[0.526s] Level 1:colcon.colcon_core.package_discovery:discover_packages(recursive) using defaults
[0.526s] Level 1:colcon.colcon_core.package_discovery:discover_packages(ignore) discover
[0.527s] Level 1:colcon.colcon_core.package_discovery:discover_packages(ignore) using defaults
[0.527s] Level 1:colcon.colcon_core.package_discovery:discover_packages(path) discover
[0.527s] Level 1:colcon.colcon_core.package_discovery:discover_packages(path) using defaults
[0.571s] Level 1:colcon.colcon_core.package_discovery:discover_packages(prefix_path) check parameters
[0.571s] Level 1:colcon.colcon_core.package_discovery:discover_packages(prefix_path) discover
[0.591s] DEBUG:colcon.colcon_installed_package_information.package_discovery:Found 343 installed packages in /home/hvakil/ros2_humble/install
[0.601s] DEBUG:colcon.colcon_installed_package_information.package_discovery:Found 343 installed packages in /home/hvakil/ros2_humble/install/
[0.603s] Level 1:colcon.colcon_core.package_discovery:discover_packages(prefix_path) using defaults
[0.624s] Level 5:colcon.colcon_core.verb:set package 'write_to_tractor' build argument 'cmake_args' from command line to 'None'
[0.625s] Level 5:colcon.colcon_core.verb:set package 'write_to_tractor' build argument 'cmake_target' from command line to 'None'
[0.625s] Level 5:colcon.colcon_core.verb:set package 'write_to_tractor' build argument 'cmake_target_skip_unavailable' from command line to 'False'
[0.625s] Level 5:colcon.colcon_core.verb:set package 'write_to_tractor' build argument 'cmake_clean_cache' from command line to 'False'
[0.625s] Level 5:colcon.colcon_core.verb:set package 'write_to_tractor' build argument 'cmake_clean_first' from command line to 'False'
[0.625s] Level 5:colcon.colcon_core.verb:set package 'write_to_tractor' build argument 'cmake_force_configure' from command line to 'False'
[0.625s] Level 5:colcon.colcon_core.verb:set package 'write_to_tractor' build argument 'ament_cmake_args' from command line to 'None'
[0.625s] Level 5:colcon.colcon_core.verb:set package 'write_to_tractor' build argument 'catkin_cmake_args' from command line to 'None'
[0.625s] Level 5:colcon.colcon_core.verb:set package 'write_to_tractor' build argument 'catkin_skip_building_tests' from command line to 'False'
[0.625s] DEBUG:colcon.colcon_core.verb:Building package 'write_to_tractor' with the following arguments: {'ament_cmake_args': None, 'build_base': '/home/hvakil/ros2_ws/src/build/write_to_tractor', 'catkin_cmake_args': None, 'catkin_skip_building_tests': False, 'cmake_args': None, 'cmake_clean_cache': False, 'cmake_clean_first': False, 'cmake_force_configure': False, 'cmake_target': None, 'cmake_target_skip_unavailable': False, 'install_base': '/home/hvakil/ros2_ws/src/install/write_to_tractor', 'merge_install': False, 'path': '/home/hvakil/ros2_ws/src/tractor/write_to_tractor', 'symlink_install': True, 'test_result_base': None}
[0.626s] INFO:colcon.colcon_core.executor:Executing jobs using 'parallel' executor
[0.630s] DEBUG:colcon.colcon_parallel_executor.executor.parallel:run_until_complete
[0.631s] INFO:colcon.colcon_ros.task.ament_python.build:Building ROS package in '/home/hvakil/ros2_ws/src/tractor/write_to_tractor' with build type 'ament_python'
[0.631s] Level 1:colcon.colcon_core.shell:create_environment_hook('write_to_tractor', 'ament_prefix_path')
[0.639s] INFO:colcon.colcon_core.plugin_system:Skipping extension 'colcon_core.shell.bat': Not used on non-Windows systems
[0.639s] INFO:colcon.colcon_core.shell:Creating environment hook '/home/hvakil/ros2_ws/src/install/write_to_tractor/share/write_to_tractor/hook/ament_prefix_path.ps1'
[0.640s] INFO:colcon.colcon_core.shell:Creating environment descriptor '/home/hvakil/ros2_ws/src/install/write_to_tractor/share/write_to_tractor/hook/ament_prefix_path.dsv'
[0.640s] INFO:colcon.colcon_core.shell:Creating environment hook '/home/hvakil/ros2_ws/src/install/write_to_tractor/share/write_to_tractor/hook/ament_prefix_path.sh'
[0.643s] INFO:colcon.colcon_core.shell:Skip shell extension 'powershell' for command environment: Not usable outside of PowerShell
[0.643s] DEBUG:colcon.colcon_core.shell:Skip shell extension 'dsv' for command environment
[1.163s] INFO:colcon.colcon_core.task.python.build:Building Python package in '/home/hvakil/ros2_ws/src/tractor/write_to_tractor'
[1.166s] INFO:colcon.colcon_core.shell:Skip shell extension 'powershell' for command environment: Not usable outside of PowerShell
[1.166s] DEBUG:colcon.colcon_core.shell:Skip shell extension 'dsv' for command environment
[1.858s] DEBUG:colcon.colcon_core.event_handler.log_command:Invoking command in '/home/hvakil/ros2_ws/src/build/write_to_tractor': PYTHONPATH=/home/hvakil/ros2_ws/src/build/write_to_tractor/prefix_override:/home/hvakil/ros2_ws/src/install/write_to_tractor/lib/python3.10/site-packages:${PYTHONPATH} /usr/bin/python3 setup.py develop --editable --build-directory /home/hvakil/ros2_ws/src/build/write_to_tractor/build --no-deps install_data
[2.650s] Level 1:colcon.colcon_core.shell:create_environment_hook('write_to_tractor', 'pythonpath_develop')
[2.652s] INFO:colcon.colcon_core.shell:Creating environment hook '/home/hvakil/ros2_ws/src/build/write_to_tractor/share/write_to_tractor/hook/pythonpath_develop.ps1'
[2.653s] DEBUG:colcon.colcon_core.event_handler.log_command:Invoked command in '/home/hvakil/ros2_ws/src/build/write_to_tractor' returned '0': PYTHONPATH=/home/hvakil/ros2_ws/src/build/write_to_tractor/prefix_override:/home/hvakil/ros2_ws/src/install/write_to_tractor/lib/python3.10/site-packages:${PYTHONPATH} /usr/bin/python3 setup.py develop --editable --build-directory /home/hvakil/ros2_ws/src/build/write_to_tractor/build --no-deps install_data
[2.653s] INFO:colcon.colcon_core.shell:Creating environment descriptor '/home/hvakil/ros2_ws/src/build/write_to_tractor/share/write_to_tractor/hook/pythonpath_develop.dsv'
[2.654s] INFO:colcon.colcon_core.shell:Creating environment hook '/home/hvakil/ros2_ws/src/build/write_to_tractor/share/write_to_tractor/hook/pythonpath_develop.sh'
[2.666s] Level 1:colcon.colcon_core.environment:checking '/home/hvakil/ros2_ws/src/install/write_to_tractor' for CMake module files
[2.666s] Level 1:colcon.colcon_core.environment:checking '/home/hvakil/ros2_ws/src/install/write_to_tractor' for CMake config files
[2.667s] Level 1:colcon.colcon_core.environment:checking '/home/hvakil/ros2_ws/src/install/write_to_tractor/lib'
[2.667s] Level 1:colcon.colcon_core.environment:checking '/home/hvakil/ros2_ws/src/install/write_to_tractor/bin'
[2.667s] Level 1:colcon.colcon_core.environment:checking '/home/hvakil/ros2_ws/src/install/write_to_tractor/lib/pkgconfig/write_to_tractor.pc'
[2.668s] Level 1:colcon.colcon_core.environment:checking '/home/hvakil/ros2_ws/src/install/write_to_tractor/lib/python3.10/site-packages'
[2.668s] Level 1:colcon.colcon_core.shell:create_environment_hook('write_to_tractor', 'pythonpath')
[2.671s] INFO:colcon.colcon_core.shell:Creating environment hook '/home/hvakil/ros2_ws/src/install/write_to_tractor/share/write_to_tractor/hook/pythonpath.ps1'
[2.671s] INFO:colcon.colcon_core.shell:Creating environment descriptor '/home/hvakil/ros2_ws/src/install/write_to_tractor/share/write_to_tractor/hook/pythonpath.dsv'
[2.671s] INFO:colcon.colcon_core.shell:Creating environment hook '/home/hvakil/ros2_ws/src/install/write_to_tractor/share/write_to_tractor/hook/pythonpath.sh'
[2.672s] Level 1:colcon.colcon_core.environment:checking '/home/hvakil/ros2_ws/src/install/write_to_tractor/bin'
[2.672s] Level 1:colcon.colcon_core.environment:create_environment_scripts_only(write_to_tractor)
[2.675s] INFO:colcon.colcon_core.shell:Creating package script '/home/hvakil/ros2_ws/src/install/write_to_tractor/share/write_to_tractor/package.ps1'
[2.675s] INFO:colcon.colcon_core.shell:Creating package descriptor '/home/hvakil/ros2_ws/src/install/write_to_tractor/share/write_to_tractor/package.dsv'
[2.676s] INFO:colcon.colcon_core.shell:Creating package script '/home/hvakil/ros2_ws/src/install/write_to_tractor/share/write_to_tractor/package.sh'
[2.677s] INFO:colcon.colcon_core.shell:Creating package script '/home/hvakil/ros2_ws/src/install/write_to_tractor/share/write_to_tractor/package.bash'
[2.678s] INFO:colcon.colcon_core.shell:Creating package script '/home/hvakil/ros2_ws/src/install/write_to_tractor/share/write_to_tractor/package.zsh'
[2.678s] Level 1:colcon.colcon_core.environment:create_file_with_runtime_dependencies(/home/hvakil/ros2_ws/src/install/write_to_tractor/share/colcon-core/packages/write_to_tractor)
[2.679s] DEBUG:colcon.colcon_parallel_executor.executor.parallel:closing loop
[2.679s] DEBUG:colcon.colcon_parallel_executor.executor.parallel:loop closed
[2.679s] DEBUG:colcon.colcon_parallel_executor.executor.parallel:run_until_complete finished with '0'
[2.679s] DEBUG:colcon.colcon_core.event_reactor:joining thread
[2.693s] INFO:colcon.colcon_core.plugin_system:Skipping extension 'colcon_notification.desktop_notification.terminal_notifier': Not used on non-Darwin systems
[2.693s] INFO:colcon.colcon_core.plugin_system:Skipping extension 'colcon_notification.desktop_notification.win32': Not used on non-Windows systems
[2.693s] INFO:colcon.colcon_notification.desktop_notification:Sending desktop notification using 'notify2'
[2.708s] DEBUG:colcon.colcon_core.event_reactor:joined thread
[2.711s] INFO:colcon.colcon_core.shell:Creating prefix script '/home/hvakil/ros2_ws/src/install/local_setup.ps1'
[2.712s] INFO:colcon.colcon_core.shell:Creating prefix util module '/home/hvakil/ros2_ws/src/install/_local_setup_util_ps1.py'
[2.713s] INFO:colcon.colcon_core.shell:Creating prefix chain script '/home/hvakil/ros2_ws/src/install/setup.ps1'
[2.731s] INFO:colcon.colcon_core.shell:Creating prefix script '/home/hvakil/ros2_ws/src/install/local_setup.sh'
[2.732s] INFO:colcon.colcon_core.shell:Creating prefix util module '/home/hvakil/ros2_ws/src/install/_local_setup_util_sh.py'
[2.732s] INFO:colcon.colcon_core.shell:Creating prefix chain script '/home/hvakil/ros2_ws/src/install/setup.sh'
[2.747s] INFO:colcon.colcon_core.shell:Creating prefix script '/home/hvakil/ros2_ws/src/install/local_setup.bash'
[2.747s] INFO:colcon.colcon_core.shell:Creating prefix chain script '/home/hvakil/ros2_ws/src/install/setup.bash'
[2.762s] INFO:colcon.colcon_core.shell:Creating prefix script '/home/hvakil/ros2_ws/src/install/local_setup.zsh'
[2.763s] INFO:colcon.colcon_core.shell:Creating prefix chain script '/home/hvakil/ros2_ws/src/install/setup.zsh'
