[4.289s] Invoking command in '/home/hvakil/ros2_ws/src/build/write_to_tractor': PYTHONPATH=/home/hvakil/ros2_ws/src/build/write_to_tractor/prefix_override:/home/hvakil/ros2_ws/src/install/write_to_tractor/lib/python3.10/site-packages:${PYTHONPATH} /usr/bin/python3 setup.py develop --editable --build-directory /home/hvakil/ros2_ws/src/build/write_to_tractor/build --no-deps install_data
[5.012s] /usr/lib/python3/dist-packages/setuptools/dist.py:723: UserWarning: Usage of dash-separated 'script-dir' will not be supported in future versions. Please use the underscore name 'script_dir' instead
[5.012s]   warnings.warn(
[5.087s] running develop
[5.087s] /usr/lib/python3/dist-packages/setuptools/command/easy_install.py:158: EasyInstallDeprecationWarning: easy_install command is deprecated. Use build and pip and other standards-based tools.
[5.088s]   warnings.warn(
[5.089s] /usr/lib/python3/dist-packages/setuptools/command/install.py:34: SetuptoolsDeprecationWarning: setup.py install is deprecated. Use build and pip and other standards-based tools.
[5.089s]   warnings.warn(
[5.234s] /usr/lib/python3/dist-packages/pkg_resources/__init__.py:116: PkgResourcesDeprecationWarning: 1.16.0-unknown is an invalid version and will not be supported in a future release
[5.234s]   warnings.warn(
[5.235s] /usr/lib/python3/dist-packages/pkg_resources/__init__.py:116: PkgResourcesDeprecationWarning: 0.1.43ubuntu1 is an invalid version and will not be supported in a future release
[5.235s]   warnings.warn(
[5.235s] /usr/lib/python3/dist-packages/pkg_resources/__init__.py:116: PkgResourcesDeprecationWarning: 1.1build1 is an invalid version and will not be supported in a future release
[5.235s]   warnings.warn(
[5.528s] running egg_info
[5.528s] writing write_to_tractor.egg-info/PKG-INFO
[5.528s] writing dependency_links to write_to_tractor.egg-info/dependency_links.txt
[5.528s] writing entry points to write_to_tractor.egg-info/entry_points.txt
[5.528s] writing requirements to write_to_tractor.egg-info/requires.txt
[5.528s] writing top-level names to write_to_tractor.egg-info/top_level.txt
[5.534s] reading manifest file 'write_to_tractor.egg-info/SOURCES.txt'
[5.534s] writing manifest file 'write_to_tractor.egg-info/SOURCES.txt'
[5.542s] running build_ext
[5.542s] Creating /home/hvakil/ros2_ws/src/install/write_to_tractor/lib/python3.10/site-packages/write-to-tractor.egg-link (link to .)
[5.542s] Installing tractor_writer script to /home/hvakil/ros2_ws/src/install/write_to_tractor/lib/write_to_tractor
[5.543s] 
[5.543s] Installed /home/hvakil/ros2_ws/src/build/write_to_tractor
[5.543s] running install_data
[5.585s] Invoked command in '/home/hvakil/ros2_ws/src/build/write_to_tractor' returned '0': PYTHONPATH=/home/hvakil/ros2_ws/src/build/write_to_tractor/prefix_override:/home/hvakil/ros2_ws/src/install/write_to_tractor/lib/python3.10/site-packages:${PYTHONPATH} /usr/bin/python3 setup.py develop --editable --build-directory /home/hvakil/ros2_ws/src/build/write_to_tractor/build --no-deps install_data
