[0.233s] DEBUG:colcon:Command line arguments: ['/usr/bin/colcon', 'build']
[0.233s] DEBUG:colcon:Parsed command line arguments: Namespace(log_base=None, log_level=None, verb_name='build', build_base='build', install_base='install', merge_install=False, symlink_install=False, test_result_base=None, continue_on_error=False, executor='parallel', parallel_workers=12, event_handlers=None, ignore_user_meta=False, metas=['./colcon.meta'], base_paths=['.'], packages_ignore=None, packages_ignore_regex=None, paths=None, packages_up_to=None, packages_up_to_regex=None, packages_above=None, packages_above_and_dependencies=None, packages_above_depth=None, packages_select_by_dep=None, packages_skip_by_dep=None, packages_skip_up_to=None, packages_select_build_failed=False, packages_skip_build_finished=False, packages_select_test_failures=False, packages_skip_test_passed=False, packages_select=None, packages_skip=None, packages_select_regex=None, packages_skip_regex=None, packages_start=None, packages_end=None, allow_overriding=[], cmake_args=None, cmake_target=None, cmake_target_skip_unavailable=False, cmake_clean_cache=False, cmake_clean_first=False, cmake_force_configure=False, ament_cmake_args=None, catkin_cmake_args=None, catkin_skip_building_tests=False, verb_parser=<colcon_defaults.argument_parser.defaults.DefaultArgumentsDecorator object at 0x7fc617ad8d90>, verb_extension=<colcon_core.verb.build.BuildVerb object at 0x7fc617a02b30>, main=<bound method BuildVerb.main of <colcon_core.verb.build.BuildVerb object at 0x7fc617a02b30>>)
[0.254s] Level 1:colcon.colcon_core.package_discovery:discover_packages(colcon_meta) check parameters
[0.254s] Level 1:colcon.colcon_core.package_discovery:discover_packages(recursive) check parameters
[0.254s] Level 1:colcon.colcon_core.package_discovery:discover_packages(ignore) check parameters
[0.254s] Level 1:colcon.colcon_core.package_discovery:discover_packages(path) check parameters
[0.254s] Level 1:colcon.colcon_core.package_discovery:discover_packages(colcon_meta) discover
[0.254s] Level 1:colcon.colcon_core.package_discovery:discover_packages(recursive) discover
[0.254s] INFO:colcon.colcon_core.package_discovery:Crawling recursively for packages in '/home/hvakil/ros2_ws'
[0.254s] Level 1:colcon.colcon_core.package_identification:_identify(.) by extensions ['ignore', 'ignore_ament_install']
[0.254s] Level 1:colcon.colcon_core.package_identification:_identify(.) by extension 'ignore'
[0.254s] Level 1:colcon.colcon_core.package_identification:_identify(.) by extension 'ignore_ament_install'
[0.254s] Level 1:colcon.colcon_core.package_identification:_identify(.) by extensions ['colcon_pkg']
[0.254s] Level 1:colcon.colcon_core.package_identification:_identify(.) by extension 'colcon_pkg'
[0.254s] Level 1:colcon.colcon_core.package_identification:_identify(.) by extensions ['colcon_meta']
[0.254s] Level 1:colcon.colcon_core.package_identification:_identify(.) by extension 'colcon_meta'
[0.254s] Level 1:colcon.colcon_core.package_identification:_identify(.) by extensions ['ros']
[0.254s] Level 1:colcon.colcon_core.package_identification:_identify(.) by extension 'ros'
[0.262s] Level 1:colcon.colcon_core.package_identification:_identify(.) by extensions ['cmake', 'python']
[0.262s] Level 1:colcon.colcon_core.package_identification:_identify(.) by extension 'cmake'
[0.262s] Level 1:colcon.colcon_core.package_identification:_identify(.) by extension 'python'
[0.262s] Level 1:colcon.colcon_core.package_identification:_identify(.) by extensions ['python_setup_py']
[0.262s] Level 1:colcon.colcon_core.package_identification:_identify(.) by extension 'python_setup_py'
[0.262s] Level 1:colcon.colcon_core.package_identification:_identify(build) by extensions ['ignore', 'ignore_ament_install']
[0.262s] Level 1:colcon.colcon_core.package_identification:_identify(build) by extension 'ignore'
[0.262s] Level 1:colcon.colcon_core.package_identification:_identify(build) ignored
[0.262s] Level 1:colcon.colcon_core.package_identification:_identify(install) by extensions ['ignore', 'ignore_ament_install']
[0.262s] Level 1:colcon.colcon_core.package_identification:_identify(install) by extension 'ignore'
[0.262s] Level 1:colcon.colcon_core.package_identification:_identify(install) ignored
[0.263s] Level 1:colcon.colcon_core.package_identification:_identify(log) by extensions ['ignore', 'ignore_ament_install']
[0.263s] Level 1:colcon.colcon_core.package_identification:_identify(log) by extension 'ignore'
[0.263s] Level 1:colcon.colcon_core.package_identification:_identify(log) ignored
[0.263s] Level 1:colcon.colcon_core.package_identification:_identify(src) by extensions ['ignore', 'ignore_ament_install']
[0.263s] Level 1:colcon.colcon_core.package_identification:_identify(src) by extension 'ignore'
[0.263s] Level 1:colcon.colcon_core.package_identification:_identify(src) by extension 'ignore_ament_install'
[0.263s] Level 1:colcon.colcon_core.package_identification:_identify(src) by extensions ['colcon_pkg']
[0.263s] Level 1:colcon.colcon_core.package_identification:_identify(src) by extension 'colcon_pkg'
[0.263s] Level 1:colcon.colcon_core.package_identification:_identify(src) by extensions ['colcon_meta']
[0.263s] Level 1:colcon.colcon_core.package_identification:_identify(src) by extension 'colcon_meta'
[0.263s] Level 1:colcon.colcon_core.package_identification:_identify(src) by extensions ['ros']
[0.263s] Level 1:colcon.colcon_core.package_identification:_identify(src) by extension 'ros'
[0.263s] Level 1:colcon.colcon_core.package_identification:_identify(src) by extensions ['cmake', 'python']
[0.263s] Level 1:colcon.colcon_core.package_identification:_identify(src) by extension 'cmake'
[0.263s] Level 1:colcon.colcon_core.package_identification:_identify(src) by extension 'python'
[0.263s] Level 1:colcon.colcon_core.package_identification:_identify(src) by extensions ['python_setup_py']
[0.263s] Level 1:colcon.colcon_core.package_identification:_identify(src) by extension 'python_setup_py'
[0.263s] Level 1:colcon.colcon_core.package_identification:_identify(src/neato_packages) by extensions ['ignore', 'ignore_ament_install']
[0.263s] Level 1:colcon.colcon_core.package_identification:_identify(src/neato_packages) by extension 'ignore'
[0.263s] Level 1:colcon.colcon_core.package_identification:_identify(src/neato_packages) by extension 'ignore_ament_install'
[0.263s] Level 1:colcon.colcon_core.package_identification:_identify(src/neato_packages) by extensions ['colcon_pkg']
[0.263s] Level 1:colcon.colcon_core.package_identification:_identify(src/neato_packages) by extension 'colcon_pkg'
[0.263s] Level 1:colcon.colcon_core.package_identification:_identify(src/neato_packages) by extensions ['colcon_meta']
[0.263s] Level 1:colcon.colcon_core.package_identification:_identify(src/neato_packages) by extension 'colcon_meta'
[0.263s] Level 1:colcon.colcon_core.package_identification:_identify(src/neato_packages) by extensions ['ros']
[0.263s] Level 1:colcon.colcon_core.package_identification:_identify(src/neato_packages) by extension 'ros'
[0.264s] Level 1:colcon.colcon_core.package_identification:_identify(src/neato_packages) by extensions ['cmake', 'python']
[0.264s] Level 1:colcon.colcon_core.package_identification:_identify(src/neato_packages) by extension 'cmake'
[0.264s] Level 1:colcon.colcon_core.package_identification:_identify(src/neato_packages) by extension 'python'
[0.264s] Level 1:colcon.colcon_core.package_identification:_identify(src/neato_packages) by extensions ['python_setup_py']
[0.264s] Level 1:colcon.colcon_core.package_identification:_identify(src/neato_packages) by extension 'python_setup_py'
[0.264s] Level 1:colcon.colcon_core.package_identification:_identify(src/neato_packages/fix_scan) by extensions ['ignore', 'ignore_ament_install']
[0.264s] Level 1:colcon.colcon_core.package_identification:_identify(src/neato_packages/fix_scan) by extension 'ignore'
[0.264s] Level 1:colcon.colcon_core.package_identification:_identify(src/neato_packages/fix_scan) by extension 'ignore_ament_install'
[0.264s] Level 1:colcon.colcon_core.package_identification:_identify(src/neato_packages/fix_scan) by extensions ['colcon_pkg']
[0.264s] Level 1:colcon.colcon_core.package_identification:_identify(src/neato_packages/fix_scan) by extension 'colcon_pkg'
[0.264s] Level 1:colcon.colcon_core.package_identification:_identify(src/neato_packages/fix_scan) by extensions ['colcon_meta']
[0.264s] Level 1:colcon.colcon_core.package_identification:_identify(src/neato_packages/fix_scan) by extension 'colcon_meta'
[0.264s] Level 1:colcon.colcon_core.package_identification:_identify(src/neato_packages/fix_scan) by extensions ['ros']
[0.264s] Level 1:colcon.colcon_core.package_identification:_identify(src/neato_packages/fix_scan) by extension 'ros'
[0.266s] DEBUG:colcon.colcon_core.package_identification:Package 'src/neato_packages/fix_scan' with type 'ros.ament_cmake' and name 'fix_scan'
[0.266s] Level 1:colcon.colcon_core.package_identification:_identify(src/neato_packages/neato2_gazebo) by extensions ['ignore', 'ignore_ament_install']
[0.266s] Level 1:colcon.colcon_core.package_identification:_identify(src/neato_packages/neato2_gazebo) by extension 'ignore'
[0.266s] Level 1:colcon.colcon_core.package_identification:_identify(src/neato_packages/neato2_gazebo) by extension 'ignore_ament_install'
[0.266s] Level 1:colcon.colcon_core.package_identification:_identify(src/neato_packages/neato2_gazebo) by extensions ['colcon_pkg']
[0.266s] Level 1:colcon.colcon_core.package_identification:_identify(src/neato_packages/neato2_gazebo) by extension 'colcon_pkg'
[0.266s] Level 1:colcon.colcon_core.package_identification:_identify(src/neato_packages/neato2_gazebo) by extensions ['colcon_meta']
[0.266s] Level 1:colcon.colcon_core.package_identification:_identify(src/neato_packages/neato2_gazebo) by extension 'colcon_meta'
[0.266s] Level 1:colcon.colcon_core.package_identification:_identify(src/neato_packages/neato2_gazebo) by extensions ['ros']
[0.266s] Level 1:colcon.colcon_core.package_identification:_identify(src/neato_packages/neato2_gazebo) by extension 'ros'
[0.267s] DEBUG:colcon.colcon_core.package_identification:Package 'src/neato_packages/neato2_gazebo' with type 'ros.ament_cmake' and name 'neato2_gazebo'
[0.267s] Level 1:colcon.colcon_core.package_identification:_identify(src/neato_packages/neato2_interfaces) by extensions ['ignore', 'ignore_ament_install']
[0.267s] Level 1:colcon.colcon_core.package_identification:_identify(src/neato_packages/neato2_interfaces) by extension 'ignore'
[0.267s] Level 1:colcon.colcon_core.package_identification:_identify(src/neato_packages/neato2_interfaces) by extension 'ignore_ament_install'
[0.267s] Level 1:colcon.colcon_core.package_identification:_identify(src/neato_packages/neato2_interfaces) by extensions ['colcon_pkg']
[0.267s] Level 1:colcon.colcon_core.package_identification:_identify(src/neato_packages/neato2_interfaces) by extension 'colcon_pkg'
[0.267s] Level 1:colcon.colcon_core.package_identification:_identify(src/neato_packages/neato2_interfaces) by extensions ['colcon_meta']
[0.267s] Level 1:colcon.colcon_core.package_identification:_identify(src/neato_packages/neato2_interfaces) by extension 'colcon_meta'
[0.267s] Level 1:colcon.colcon_core.package_identification:_identify(src/neato_packages/neato2_interfaces) by extensions ['ros']
[0.267s] Level 1:colcon.colcon_core.package_identification:_identify(src/neato_packages/neato2_interfaces) by extension 'ros'
[0.267s] DEBUG:colcon.colcon_core.package_identification:Package 'src/neato_packages/neato2_interfaces' with type 'ros.ament_cmake' and name 'neato2_interfaces'
[0.267s] Level 1:colcon.colcon_core.package_identification:_identify(src/neato_packages/neato_node2) by extensions ['ignore', 'ignore_ament_install']
[0.268s] Level 1:colcon.colcon_core.package_identification:_identify(src/neato_packages/neato_node2) by extension 'ignore'
[0.268s] Level 1:colcon.colcon_core.package_identification:_identify(src/neato_packages/neato_node2) by extension 'ignore_ament_install'
[0.268s] Level 1:colcon.colcon_core.package_identification:_identify(src/neato_packages/neato_node2) by extensions ['colcon_pkg']
[0.268s] Level 1:colcon.colcon_core.package_identification:_identify(src/neato_packages/neato_node2) by extension 'colcon_pkg'
[0.268s] Level 1:colcon.colcon_core.package_identification:_identify(src/neato_packages/neato_node2) by extensions ['colcon_meta']
[0.268s] Level 1:colcon.colcon_core.package_identification:_identify(src/neato_packages/neato_node2) by extension 'colcon_meta'
[0.268s] Level 1:colcon.colcon_core.package_identification:_identify(src/neato_packages/neato_node2) by extensions ['ros']
[0.268s] Level 1:colcon.colcon_core.package_identification:_identify(src/neato_packages/neato_node2) by extension 'ros'
[0.268s] DEBUG:colcon.colcon_core.package_identification:Package 'src/neato_packages/neato_node2' with type 'ros.ament_python' and name 'neato_node2'
[0.268s] Level 1:colcon.colcon_core.package_discovery:discover_packages(recursive) using defaults
[0.268s] Level 1:colcon.colcon_core.package_discovery:discover_packages(ignore) discover
[0.268s] Level 1:colcon.colcon_core.package_discovery:discover_packages(ignore) using defaults
[0.268s] Level 1:colcon.colcon_core.package_discovery:discover_packages(path) discover
[0.268s] Level 1:colcon.colcon_core.package_discovery:discover_packages(path) using defaults
[0.284s] Level 1:colcon.colcon_core.package_discovery:discover_packages(prefix_path) check parameters
[0.284s] Level 1:colcon.colcon_core.package_discovery:discover_packages(prefix_path) discover
[0.286s] DEBUG:colcon.colcon_installed_package_information.package_discovery:Found 284 installed packages in /opt/ros/humble
[0.287s] Level 1:colcon.colcon_core.package_discovery:discover_packages(prefix_path) using defaults
[0.332s] Level 5:colcon.colcon_core.verb:set package 'fix_scan' build argument 'cmake_args' from command line to 'None'
[0.332s] Level 5:colcon.colcon_core.verb:set package 'fix_scan' build argument 'cmake_target' from command line to 'None'
[0.332s] Level 5:colcon.colcon_core.verb:set package 'fix_scan' build argument 'cmake_target_skip_unavailable' from command line to 'False'
[0.332s] Level 5:colcon.colcon_core.verb:set package 'fix_scan' build argument 'cmake_clean_cache' from command line to 'False'
[0.332s] Level 5:colcon.colcon_core.verb:set package 'fix_scan' build argument 'cmake_clean_first' from command line to 'False'
[0.332s] Level 5:colcon.colcon_core.verb:set package 'fix_scan' build argument 'cmake_force_configure' from command line to 'False'
[0.332s] Level 5:colcon.colcon_core.verb:set package 'fix_scan' build argument 'ament_cmake_args' from command line to 'None'
[0.332s] Level 5:colcon.colcon_core.verb:set package 'fix_scan' build argument 'catkin_cmake_args' from command line to 'None'
[0.332s] Level 5:colcon.colcon_core.verb:set package 'fix_scan' build argument 'catkin_skip_building_tests' from command line to 'False'
[0.332s] DEBUG:colcon.colcon_core.verb:Building package 'fix_scan' with the following arguments: {'ament_cmake_args': None, 'build_base': '/home/hvakil/ros2_ws/build/fix_scan', 'catkin_cmake_args': None, 'catkin_skip_building_tests': False, 'cmake_args': None, 'cmake_clean_cache': False, 'cmake_clean_first': False, 'cmake_force_configure': False, 'cmake_target': None, 'cmake_target_skip_unavailable': False, 'install_base': '/home/hvakil/ros2_ws/install/fix_scan', 'merge_install': False, 'path': '/home/hvakil/ros2_ws/src/neato_packages/fix_scan', 'symlink_install': False, 'test_result_base': None}
[0.333s] Level 5:colcon.colcon_core.verb:set package 'neato2_interfaces' build argument 'cmake_args' from command line to 'None'
[0.333s] Level 5:colcon.colcon_core.verb:set package 'neato2_interfaces' build argument 'cmake_target' from command line to 'None'
[0.333s] Level 5:colcon.colcon_core.verb:set package 'neato2_interfaces' build argument 'cmake_target_skip_unavailable' from command line to 'False'
[0.333s] Level 5:colcon.colcon_core.verb:set package 'neato2_interfaces' build argument 'cmake_clean_cache' from command line to 'False'
[0.333s] Level 5:colcon.colcon_core.verb:set package 'neato2_interfaces' build argument 'cmake_clean_first' from command line to 'False'
[0.333s] Level 5:colcon.colcon_core.verb:set package 'neato2_interfaces' build argument 'cmake_force_configure' from command line to 'False'
[0.333s] Level 5:colcon.colcon_core.verb:set package 'neato2_interfaces' build argument 'ament_cmake_args' from command line to 'None'
[0.333s] Level 5:colcon.colcon_core.verb:set package 'neato2_interfaces' build argument 'catkin_cmake_args' from command line to 'None'
[0.333s] Level 5:colcon.colcon_core.verb:set package 'neato2_interfaces' build argument 'catkin_skip_building_tests' from command line to 'False'
[0.333s] DEBUG:colcon.colcon_core.verb:Building package 'neato2_interfaces' with the following arguments: {'ament_cmake_args': None, 'build_base': '/home/hvakil/ros2_ws/build/neato2_interfaces', 'catkin_cmake_args': None, 'catkin_skip_building_tests': False, 'cmake_args': None, 'cmake_clean_cache': False, 'cmake_clean_first': False, 'cmake_force_configure': False, 'cmake_target': None, 'cmake_target_skip_unavailable': False, 'install_base': '/home/hvakil/ros2_ws/install/neato2_interfaces', 'merge_install': False, 'path': '/home/hvakil/ros2_ws/src/neato_packages/neato2_interfaces', 'symlink_install': False, 'test_result_base': None}
[0.334s] Level 5:colcon.colcon_core.verb:set package 'neato2_gazebo' build argument 'cmake_args' from command line to 'None'
[0.334s] Level 5:colcon.colcon_core.verb:set package 'neato2_gazebo' build argument 'cmake_target' from command line to 'None'
[0.334s] Level 5:colcon.colcon_core.verb:set package 'neato2_gazebo' build argument 'cmake_target_skip_unavailable' from command line to 'False'
[0.334s] Level 5:colcon.colcon_core.verb:set package 'neato2_gazebo' build argument 'cmake_clean_cache' from command line to 'False'
[0.334s] Level 5:colcon.colcon_core.verb:set package 'neato2_gazebo' build argument 'cmake_clean_first' from command line to 'False'
[0.334s] Level 5:colcon.colcon_core.verb:set package 'neato2_gazebo' build argument 'cmake_force_configure' from command line to 'False'
[0.334s] Level 5:colcon.colcon_core.verb:set package 'neato2_gazebo' build argument 'ament_cmake_args' from command line to 'None'
[0.334s] Level 5:colcon.colcon_core.verb:set package 'neato2_gazebo' build argument 'catkin_cmake_args' from command line to 'None'
[0.334s] Level 5:colcon.colcon_core.verb:set package 'neato2_gazebo' build argument 'catkin_skip_building_tests' from command line to 'False'
[0.334s] DEBUG:colcon.colcon_core.verb:Building package 'neato2_gazebo' with the following arguments: {'ament_cmake_args': None, 'build_base': '/home/hvakil/ros2_ws/build/neato2_gazebo', 'catkin_cmake_args': None, 'catkin_skip_building_tests': False, 'cmake_args': None, 'cmake_clean_cache': False, 'cmake_clean_first': False, 'cmake_force_configure': False, 'cmake_target': None, 'cmake_target_skip_unavailable': False, 'install_base': '/home/hvakil/ros2_ws/install/neato2_gazebo', 'merge_install': False, 'path': '/home/hvakil/ros2_ws/src/neato_packages/neato2_gazebo', 'symlink_install': False, 'test_result_base': None}
[0.335s] Level 5:colcon.colcon_core.verb:set package 'neato_node2' build argument 'cmake_args' from command line to 'None'
[0.335s] Level 5:colcon.colcon_core.verb:set package 'neato_node2' build argument 'cmake_target' from command line to 'None'
[0.335s] Level 5:colcon.colcon_core.verb:set package 'neato_node2' build argument 'cmake_target_skip_unavailable' from command line to 'False'
[0.335s] Level 5:colcon.colcon_core.verb:set package 'neato_node2' build argument 'cmake_clean_cache' from command line to 'False'
[0.335s] Level 5:colcon.colcon_core.verb:set package 'neato_node2' build argument 'cmake_clean_first' from command line to 'False'
[0.335s] Level 5:colcon.colcon_core.verb:set package 'neato_node2' build argument 'cmake_force_configure' from command line to 'False'
[0.335s] Level 5:colcon.colcon_core.verb:set package 'neato_node2' build argument 'ament_cmake_args' from command line to 'None'
[0.335s] Level 5:colcon.colcon_core.verb:set package 'neato_node2' build argument 'catkin_cmake_args' from command line to 'None'
[0.335s] Level 5:colcon.colcon_core.verb:set package 'neato_node2' build argument 'catkin_skip_building_tests' from command line to 'False'
[0.335s] DEBUG:colcon.colcon_core.verb:Building package 'neato_node2' with the following arguments: {'ament_cmake_args': None, 'build_base': '/home/hvakil/ros2_ws/build/neato_node2', 'catkin_cmake_args': None, 'catkin_skip_building_tests': False, 'cmake_args': None, 'cmake_clean_cache': False, 'cmake_clean_first': False, 'cmake_force_configure': False, 'cmake_target': None, 'cmake_target_skip_unavailable': False, 'install_base': '/home/hvakil/ros2_ws/install/neato_node2', 'merge_install': False, 'path': '/home/hvakil/ros2_ws/src/neato_packages/neato_node2', 'symlink_install': False, 'test_result_base': None}
[0.335s] INFO:colcon.colcon_core.executor:Executing jobs using 'parallel' executor
[0.338s] DEBUG:colcon.colcon_parallel_executor.executor.parallel:run_until_complete
[0.338s] INFO:colcon.colcon_ros.task.ament_cmake.build:Building ROS package in '/home/hvakil/ros2_ws/src/neato_packages/neato2_interfaces' with build type 'ament_cmake'
[0.338s] INFO:colcon.colcon_cmake.task.cmake.build:Building CMake package in '/home/hvakil/ros2_ws/src/neato_packages/neato2_interfaces'
[0.341s] INFO:colcon.colcon_core.plugin_system:Skipping extension 'colcon_core.shell.bat': Not used on non-Windows systems
[0.341s] INFO:colcon.colcon_core.shell:Skip shell extension 'powershell' for command environment: Not usable outside of PowerShell
[0.341s] DEBUG:colcon.colcon_core.shell:Skip shell extension 'dsv' for command environment
[0.343s] INFO:colcon.colcon_ros.task.ament_cmake.build:Building ROS package in '/home/hvakil/ros2_ws/src/neato_packages/fix_scan' with build type 'ament_cmake'
[0.343s] INFO:colcon.colcon_cmake.task.cmake.build:Building CMake package in '/home/hvakil/ros2_ws/src/neato_packages/fix_scan'
[0.344s] INFO:colcon.colcon_core.shell:Skip shell extension 'powershell' for command environment: Not usable outside of PowerShell
[0.344s] DEBUG:colcon.colcon_core.shell:Skip shell extension 'dsv' for command environment
[0.349s] DEBUG:colcon.colcon_core.event_handler.log_command:Invoking command in '/home/hvakil/ros2_ws/build/neato2_interfaces': CMAKE_PREFIX_PATH=/opt/ros/humble /usr/bin/cmake /home/hvakil/ros2_ws/src/neato_packages/neato2_interfaces -DCMAKE_INSTALL_PREFIX=/home/hvakil/ros2_ws/install/neato2_interfaces
[0.352s] DEBUG:colcon.colcon_core.event_handler.log_command:Invoking command in '/home/hvakil/ros2_ws/build/fix_scan': CMAKE_PREFIX_PATH=/opt/ros/humble /usr/bin/cmake /home/hvakil/ros2_ws/src/neato_packages/fix_scan -DCMAKE_INSTALL_PREFIX=/home/hvakil/ros2_ws/install/fix_scan
[1.194s] DEBUG:colcon.colcon_core.event_handler.log_command:Invoked command in '/home/hvakil/ros2_ws/build/neato2_interfaces' returned '0': CMAKE_PREFIX_PATH=/opt/ros/humble /usr/bin/cmake /home/hvakil/ros2_ws/src/neato_packages/neato2_interfaces -DCMAKE_INSTALL_PREFIX=/home/hvakil/ros2_ws/install/neato2_interfaces
[1.196s] DEBUG:colcon.colcon_core.event_handler.log_command:Invoking command in '/home/hvakil/ros2_ws/build/neato2_interfaces': CMAKE_PREFIX_PATH=/opt/ros/humble /usr/bin/cmake --build /home/hvakil/ros2_ws/build/neato2_interfaces -- -j12 -l12
[1.583s] DEBUG:colcon.colcon_core.event_handler.log_command:Invoked command in '/home/hvakil/ros2_ws/build/fix_scan' returned '0': CMAKE_PREFIX_PATH=/opt/ros/humble /usr/bin/cmake /home/hvakil/ros2_ws/src/neato_packages/fix_scan -DCMAKE_INSTALL_PREFIX=/home/hvakil/ros2_ws/install/fix_scan
[1.584s] DEBUG:colcon.colcon_core.event_handler.log_command:Invoking command in '/home/hvakil/ros2_ws/build/fix_scan': CMAKE_PREFIX_PATH=/opt/ros/humble /usr/bin/cmake --build /home/hvakil/ros2_ws/build/fix_scan -- -j12 -l12
[2.992s] DEBUG:colcon.colcon_core.event_handler.log_command:Invoked command in '/home/hvakil/ros2_ws/build/neato2_interfaces' returned '0': CMAKE_PREFIX_PATH=/opt/ros/humble /usr/bin/cmake --build /home/hvakil/ros2_ws/build/neato2_interfaces -- -j12 -l12
[3.040s] DEBUG:colcon.colcon_core.event_handler.log_command:Invoking command in '/home/hvakil/ros2_ws/build/neato2_interfaces': CMAKE_PREFIX_PATH=/opt/ros/humble /usr/bin/cmake --install /home/hvakil/ros2_ws/build/neato2_interfaces
[3.491s] Level 1:colcon.colcon_core.environment:create_environment_scripts_only(neato2_interfaces)
[3.491s] DEBUG:colcon.colcon_core.event_handler.log_command:Invoked command in '/home/hvakil/ros2_ws/build/neato2_interfaces' returned '0': CMAKE_PREFIX_PATH=/opt/ros/humble /usr/bin/cmake --install /home/hvakil/ros2_ws/build/neato2_interfaces
[3.495s] Level 1:colcon.colcon_core.environment:checking '/home/hvakil/ros2_ws/install/neato2_interfaces' for CMake module files
[3.495s] Level 1:colcon.colcon_core.environment:checking '/home/hvakil/ros2_ws/install/neato2_interfaces' for CMake config files
[3.496s] Level 1:colcon.colcon_core.shell:create_environment_hook('neato2_interfaces', 'cmake_prefix_path')
[3.497s] INFO:colcon.colcon_core.shell:Creating environment hook '/home/hvakil/ros2_ws/install/neato2_interfaces/share/neato2_interfaces/hook/cmake_prefix_path.ps1'
[3.497s] INFO:colcon.colcon_core.shell:Creating environment descriptor '/home/hvakil/ros2_ws/install/neato2_interfaces/share/neato2_interfaces/hook/cmake_prefix_path.dsv'
[3.497s] INFO:colcon.colcon_core.shell:Creating environment hook '/home/hvakil/ros2_ws/install/neato2_interfaces/share/neato2_interfaces/hook/cmake_prefix_path.sh'
[3.498s] Level 1:colcon.colcon_core.environment:checking '/home/hvakil/ros2_ws/install/neato2_interfaces/lib'
[3.498s] Level 1:colcon.colcon_core.shell:create_environment_hook('neato2_interfaces', 'ld_library_path_lib')
[3.499s] INFO:colcon.colcon_core.shell:Creating environment hook '/home/hvakil/ros2_ws/install/neato2_interfaces/share/neato2_interfaces/hook/ld_library_path_lib.ps1'
[3.499s] INFO:colcon.colcon_core.shell:Creating environment descriptor '/home/hvakil/ros2_ws/install/neato2_interfaces/share/neato2_interfaces/hook/ld_library_path_lib.dsv'
[3.499s] INFO:colcon.colcon_core.shell:Creating environment hook '/home/hvakil/ros2_ws/install/neato2_interfaces/share/neato2_interfaces/hook/ld_library_path_lib.sh'
[3.500s] Level 1:colcon.colcon_core.environment:checking '/home/hvakil/ros2_ws/install/neato2_interfaces/bin'
[3.500s] Level 1:colcon.colcon_core.environment:checking '/home/hvakil/ros2_ws/install/neato2_interfaces/lib/pkgconfig/neato2_interfaces.pc'
[3.500s] Level 1:colcon.colcon_core.environment:checking '/home/hvakil/ros2_ws/install/neato2_interfaces/lib/python3.10/site-packages'
[3.500s] Level 1:colcon.colcon_core.environment:checking '/home/hvakil/ros2_ws/install/neato2_interfaces/bin'
[3.501s] INFO:colcon.colcon_core.shell:Creating package script '/home/hvakil/ros2_ws/install/neato2_interfaces/share/neato2_interfaces/package.ps1'
[3.502s] INFO:colcon.colcon_core.shell:Creating package descriptor '/home/hvakil/ros2_ws/install/neato2_interfaces/share/neato2_interfaces/package.dsv'
[3.502s] INFO:colcon.colcon_core.shell:Creating package script '/home/hvakil/ros2_ws/install/neato2_interfaces/share/neato2_interfaces/package.sh'
[3.502s] INFO:colcon.colcon_core.shell:Creating package script '/home/hvakil/ros2_ws/install/neato2_interfaces/share/neato2_interfaces/package.bash'
[3.503s] INFO:colcon.colcon_core.shell:Creating package script '/home/hvakil/ros2_ws/install/neato2_interfaces/share/neato2_interfaces/package.zsh'
[3.503s] Level 1:colcon.colcon_core.environment:create_file_with_runtime_dependencies(/home/hvakil/ros2_ws/install/neato2_interfaces/share/colcon-core/packages/neato2_interfaces)
[3.547s] Level 1:colcon.colcon_core.environment:create_environment_scripts_only(neato2_interfaces)
[3.549s] Level 1:colcon.colcon_core.environment:checking '/home/hvakil/ros2_ws/install/neato2_interfaces' for CMake module files
[3.549s] Level 1:colcon.colcon_core.environment:checking '/home/hvakil/ros2_ws/install/neato2_interfaces' for CMake config files
[3.550s] Level 1:colcon.colcon_core.shell:create_environment_hook('neato2_interfaces', 'cmake_prefix_path')
[3.550s] INFO:colcon.colcon_core.shell:Creating environment hook '/home/hvakil/ros2_ws/install/neato2_interfaces/share/neato2_interfaces/hook/cmake_prefix_path.ps1'
[3.551s] INFO:colcon.colcon_core.shell:Creating environment descriptor '/home/hvakil/ros2_ws/install/neato2_interfaces/share/neato2_interfaces/hook/cmake_prefix_path.dsv'
[3.551s] INFO:colcon.colcon_core.shell:Creating environment hook '/home/hvakil/ros2_ws/install/neato2_interfaces/share/neato2_interfaces/hook/cmake_prefix_path.sh'
[3.551s] Level 1:colcon.colcon_core.environment:checking '/home/hvakil/ros2_ws/install/neato2_interfaces/lib'
[3.551s] Level 1:colcon.colcon_core.shell:create_environment_hook('neato2_interfaces', 'ld_library_path_lib')
[3.553s] INFO:colcon.colcon_core.shell:Creating environment hook '/home/hvakil/ros2_ws/install/neato2_interfaces/share/neato2_interfaces/hook/ld_library_path_lib.ps1'
[3.553s] INFO:colcon.colcon_core.shell:Creating environment descriptor '/home/hvakil/ros2_ws/install/neato2_interfaces/share/neato2_interfaces/hook/ld_library_path_lib.dsv'
[3.553s] INFO:colcon.colcon_core.shell:Creating environment hook '/home/hvakil/ros2_ws/install/neato2_interfaces/share/neato2_interfaces/hook/ld_library_path_lib.sh'
[3.553s] Level 1:colcon.colcon_core.environment:checking '/home/hvakil/ros2_ws/install/neato2_interfaces/bin'
[3.553s] Level 1:colcon.colcon_core.environment:checking '/home/hvakil/ros2_ws/install/neato2_interfaces/lib/pkgconfig/neato2_interfaces.pc'
[3.553s] Level 1:colcon.colcon_core.environment:checking '/home/hvakil/ros2_ws/install/neato2_interfaces/lib/python3.10/site-packages'
[3.554s] Level 1:colcon.colcon_core.environment:checking '/home/hvakil/ros2_ws/install/neato2_interfaces/bin'
[3.555s] INFO:colcon.colcon_core.shell:Creating package script '/home/hvakil/ros2_ws/install/neato2_interfaces/share/neato2_interfaces/package.ps1'
[3.555s] INFO:colcon.colcon_core.shell:Creating package descriptor '/home/hvakil/ros2_ws/install/neato2_interfaces/share/neato2_interfaces/package.dsv'
[3.555s] INFO:colcon.colcon_core.shell:Creating package script '/home/hvakil/ros2_ws/install/neato2_interfaces/share/neato2_interfaces/package.sh'
[3.556s] INFO:colcon.colcon_core.shell:Creating package script '/home/hvakil/ros2_ws/install/neato2_interfaces/share/neato2_interfaces/package.bash'
[3.556s] INFO:colcon.colcon_core.shell:Creating package script '/home/hvakil/ros2_ws/install/neato2_interfaces/share/neato2_interfaces/package.zsh'
[3.556s] Level 1:colcon.colcon_core.environment:create_file_with_runtime_dependencies(/home/hvakil/ros2_ws/install/neato2_interfaces/share/colcon-core/packages/neato2_interfaces)
[3.556s] INFO:colcon.colcon_ros.task.ament_cmake.build:Building ROS package in '/home/hvakil/ros2_ws/src/neato_packages/neato2_gazebo' with build type 'ament_cmake'
[3.556s] INFO:colcon.colcon_cmake.task.cmake.build:Building CMake package in '/home/hvakil/ros2_ws/src/neato_packages/neato2_gazebo'
[3.557s] INFO:colcon.colcon_core.shell:Skip shell extension 'powershell' for command environment: Not usable outside of PowerShell
[3.557s] DEBUG:colcon.colcon_core.shell:Skip shell extension 'dsv' for command environment
[3.565s] DEBUG:colcon.colcon_core.event_handler.log_command:Invoking command in '/home/hvakil/ros2_ws/build/neato2_gazebo': AMENT_PREFIX_PATH=/home/hvakil/ros2_ws/install/neato2_interfaces:${AMENT_PREFIX_PATH} CMAKE_PREFIX_PATH=/home/hvakil/ros2_ws/install/neato2_interfaces:/opt/ros/humble LD_LIBRARY_PATH=/home/hvakil/ros2_ws/install/neato2_interfaces/lib:${LD_LIBRARY_PATH} PYTHONPATH=/home/hvakil/ros2_ws/install/neato2_interfaces/local/lib/python3.10/dist-packages:${PYTHONPATH} /usr/bin/cmake /home/hvakil/ros2_ws/src/neato_packages/neato2_gazebo -DCMAKE_INSTALL_PREFIX=/home/hvakil/ros2_ws/install/neato2_gazebo
[4.024s] DEBUG:colcon.colcon_core.event_handler.log_command:Invoked command in '/home/hvakil/ros2_ws/build/neato2_gazebo' returned '1': AMENT_PREFIX_PATH=/home/hvakil/ros2_ws/install/neato2_interfaces:${AMENT_PREFIX_PATH} CMAKE_PREFIX_PATH=/home/hvakil/ros2_ws/install/neato2_interfaces:/opt/ros/humble LD_LIBRARY_PATH=/home/hvakil/ros2_ws/install/neato2_interfaces/lib:${LD_LIBRARY_PATH} PYTHONPATH=/home/hvakil/ros2_ws/install/neato2_interfaces/local/lib/python3.10/dist-packages:${PYTHONPATH} /usr/bin/cmake /home/hvakil/ros2_ws/src/neato_packages/neato2_gazebo -DCMAKE_INSTALL_PREFIX=/home/hvakil/ros2_ws/install/neato2_gazebo
[4.032s] Level 1:colcon.colcon_core.environment:create_environment_scripts_only(neato2_gazebo)
[4.034s] Level 1:colcon.colcon_core.environment:checking '/home/hvakil/ros2_ws/install/neato2_gazebo' for CMake module files
[4.034s] Level 1:colcon.colcon_core.environment:checking '/home/hvakil/ros2_ws/install/neato2_gazebo' for CMake config files
[4.034s] Level 1:colcon.colcon_core.environment:checking '/home/hvakil/ros2_ws/install/neato2_gazebo/bin'
[4.034s] Level 1:colcon.colcon_core.environment:checking '/home/hvakil/ros2_ws/install/neato2_gazebo/lib/pkgconfig/neato2_gazebo.pc'
[4.034s] Level 1:colcon.colcon_core.environment:checking '/home/hvakil/ros2_ws/install/neato2_gazebo/lib/python3.10/site-packages'
[4.034s] Level 1:colcon.colcon_core.environment:checking '/home/hvakil/ros2_ws/install/neato2_gazebo/bin'
[4.035s] INFO:colcon.colcon_core.shell:Creating package script '/home/hvakil/ros2_ws/install/neato2_gazebo/share/neato2_gazebo/package.ps1'
[4.036s] INFO:colcon.colcon_core.shell:Creating package descriptor '/home/hvakil/ros2_ws/install/neato2_gazebo/share/neato2_gazebo/package.dsv'
[4.036s] INFO:colcon.colcon_core.shell:Creating package script '/home/hvakil/ros2_ws/install/neato2_gazebo/share/neato2_gazebo/package.sh'
[4.036s] INFO:colcon.colcon_core.shell:Creating package script '/home/hvakil/ros2_ws/install/neato2_gazebo/share/neato2_gazebo/package.bash'
[4.036s] INFO:colcon.colcon_core.shell:Creating package script '/home/hvakil/ros2_ws/install/neato2_gazebo/share/neato2_gazebo/package.zsh'
[4.037s] Level 1:colcon.colcon_core.environment:create_file_with_runtime_dependencies(/home/hvakil/ros2_ws/install/neato2_gazebo/share/colcon-core/packages/neato2_gazebo)
[9.732s] DEBUG:colcon.colcon_parallel_executor.executor.parallel:closing loop
[9.733s] DEBUG:colcon.colcon_parallel_executor.executor.parallel:loop closed
[9.733s] DEBUG:colcon.colcon_parallel_executor.executor.parallel:run_until_complete finished with '1'
[9.733s] DEBUG:colcon.colcon_core.event_reactor:joining thread
[9.737s] INFO:colcon.colcon_core.plugin_system:Skipping extension 'colcon_notification.desktop_notification.terminal_notifier': Not used on non-Darwin systems
[9.737s] INFO:colcon.colcon_core.plugin_system:Skipping extension 'colcon_notification.desktop_notification.win32': Not used on non-Windows systems
[9.737s] INFO:colcon.colcon_notification.desktop_notification:Sending desktop notification using 'notify2'
[9.745s] DEBUG:colcon.colcon_core.event_reactor:joined thread
[9.746s] INFO:colcon.colcon_core.shell:Creating prefix script '/home/hvakil/ros2_ws/install/local_setup.ps1'
[9.747s] INFO:colcon.colcon_core.shell:Creating prefix util module '/home/hvakil/ros2_ws/install/_local_setup_util_ps1.py'
[9.748s] INFO:colcon.colcon_core.shell:Creating prefix chain script '/home/hvakil/ros2_ws/install/setup.ps1'
[9.749s] INFO:colcon.colcon_core.shell:Creating prefix script '/home/hvakil/ros2_ws/install/local_setup.sh'
[9.749s] INFO:colcon.colcon_core.shell:Creating prefix util module '/home/hvakil/ros2_ws/install/_local_setup_util_sh.py'
[9.750s] INFO:colcon.colcon_core.shell:Creating prefix chain script '/home/hvakil/ros2_ws/install/setup.sh'
[9.750s] INFO:colcon.colcon_core.shell:Creating prefix script '/home/hvakil/ros2_ws/install/local_setup.bash'
[9.751s] INFO:colcon.colcon_core.shell:Creating prefix chain script '/home/hvakil/ros2_ws/install/setup.bash'
[9.751s] INFO:colcon.colcon_core.shell:Creating prefix script '/home/hvakil/ros2_ws/install/local_setup.zsh'
[9.752s] INFO:colcon.colcon_core.shell:Creating prefix chain script '/home/hvakil/ros2_ws/install/setup.zsh'
