-- Found ament_cmake: 1.3.3 (/opt/ros/humble/share/ament_cmake/cmake)
-- Found Python3: /usr/bin/python3.10 (found version "3.10.6") found components: Interpreter 
-- Override CMake install command with custom implementation using symlinks instead of copying resources
-- Found rosidl_default_generators: 1.2.0 (/opt/ros/humble/share/rosidl_default_generators/cmake)
-- Using all available rosidl_typesupport_c: rosidl_typesupport_fastrtps_c;rosidl_typesupport_introspection_c
-- Found rosidl_adapter: 3.1.4 (/opt/ros/humble/share/rosidl_adapter/cmake)
-- Using all available rosidl_typesupport_cpp: rosidl_typesupport_fastrtps_cpp;rosidl_typesupport_introspection_cpp
-- Found ament_lint_auto: 0.12.5 (/opt/ros/humble/share/ament_lint_auto/cmake)
-- Found ament_cmake_ros: 0.10.0 (/opt/ros/humble/share/ament_cmake_ros/cmake)
-- Using all available rosidl_typesupport_c: rosidl_typesupport_fastrtps_c;rosidl_typesupport_introspection_c
-- Using all available rosidl_typesupport_cpp: rosidl_typesupport_fastrtps_cpp;rosidl_typesupport_introspection_cpp
-- Found PythonInterp: /usr/bin/python3 (found suitable version "3.10.6", minimum required is "3.6") 
-- Found python_cmake_module: 0.10.0 (/opt/ros/humble/share/python_cmake_module/cmake)
-- Found PythonLibs: /usr/lib/x86_64-linux-gnu/libpython3.10.so (found suitable version "3.10.6", minimum required is "3.5") 
-- Using PYTHON_EXECUTABLE: /usr/bin/python3
-- Using PYTHON_INCLUDE_DIRS: /usr/include/python3.10
-- Using PYTHON_LIBRARIES: /usr/lib/x86_64-linux-gnu/libpython3.10.so
-- Found PythonExtra: .so  
-- Added test 'copyright' to check source files copyright and LICENSE
-- Added test 'lint_cmake' to check CMake code style
-- Added test 'xmllint' to check XML markup files
-- Configuring done
-- Generating done
-- Build files have been written to: /home/hvakil/ros2_ws/build/neato2_interfaces
[  2%] [34m[1mGenerating C code for ROS interfaces[0m
[  5%] [34m[1mGenerating C++ code for ROS interfaces[0m
[  5%] Built target ament_cmake_python_symlink_neato2_interfaces
running egg_info
creating neato2_interfaces.egg-info
writing neato2_interfaces.egg-info/PKG-INFO
writing dependency_links to neato2_interfaces.egg-info/dependency_links.txt
writing top-level names to neato2_interfaces.egg-info/top_level.txt
writing manifest file 'neato2_interfaces.egg-info/SOURCES.txt'
reading manifest file 'neato2_interfaces.egg-info/SOURCES.txt'
writing manifest file 'neato2_interfaces.egg-info/SOURCES.txt'
[  5%] Built target ament_cmake_python_build_neato2_interfaces_egg
[  5%] Built target neato2_interfaces__cpp
[ 12%] [34m[1mGenerating C++ type support dispatch for ROS interfaces[0m
[ 12%] [34m[1mGenerating C++ introspection for ROS interfaces[0m
[ 12%] [34m[1mGenerating C++ type support for eProsima Fast-RTPS[0m
[ 17%] [32mBuilding C object CMakeFiles/neato2_interfaces__rosidl_generator_c.dir/rosidl_generator_c/neato2_interfaces/msg/detail/accel__functions.c.o[0m
[ 17%] [32mBuilding C object CMakeFiles/neato2_interfaces__rosidl_generator_c.dir/rosidl_generator_c/neato2_interfaces/msg/detail/bump__functions.c.o[0m
[ 20%] [32m[1mLinking C shared library libneato2_interfaces__rosidl_generator_c.so[0m
[ 20%] Built target neato2_interfaces__rosidl_generator_c
[ 23%] [34m[1mGenerating C type support for eProsima Fast-RTPS[0m
[ 25%] [34m[1mGenerating C type support dispatch for ROS interfaces[0m
[ 28%] [34m[1mGenerating C introspection for ROS interfaces[0m
[ 30%] [32mBuilding CXX object CMakeFiles/neato2_interfaces__rosidl_typesupport_cpp.dir/rosidl_typesupport_cpp/neato2_interfaces/msg/accel__type_support.cpp.o[0m
[ 33%] [32mBuilding CXX object CMakeFiles/neato2_interfaces__rosidl_typesupport_cpp.dir/rosidl_typesupport_cpp/neato2_interfaces/msg/bump__type_support.cpp.o[0m
[ 38%] [32mBuilding CXX object CMakeFiles/neato2_interfaces__rosidl_typesupport_fastrtps_cpp.dir/rosidl_typesupport_fastrtps_cpp/neato2_interfaces/msg/detail/dds_fastrtps/accel__type_support.cpp.o[0m
[ 38%] [32mBuilding CXX object CMakeFiles/neato2_interfaces__rosidl_typesupport_fastrtps_cpp.dir/rosidl_typesupport_fastrtps_cpp/neato2_interfaces/msg/detail/dds_fastrtps/bump__type_support.cpp.o[0m
[ 43%] [32mBuilding CXX object CMakeFiles/neato2_interfaces__rosidl_typesupport_c.dir/rosidl_typesupport_c/neato2_interfaces/msg/bump__type_support.cpp.o[0m
[ 43%] [32mBuilding CXX object CMakeFiles/neato2_interfaces__rosidl_typesupport_c.dir/rosidl_typesupport_c/neato2_interfaces/msg/accel__type_support.cpp.o[0m
[ 46%] [32m[1mLinking CXX shared library libneato2_interfaces__rosidl_typesupport_c.so[0m
[ 48%] [32mBuilding CXX object CMakeFiles/neato2_interfaces__rosidl_typesupport_introspection_cpp.dir/rosidl_typesupport_introspection_cpp/neato2_interfaces/msg/detail/accel__type_support.cpp.o[0m
[ 51%] [32mBuilding CXX object CMakeFiles/neato2_interfaces__rosidl_typesupport_introspection_cpp.dir/rosidl_typesupport_introspection_cpp/neato2_interfaces/msg/detail/bump__type_support.cpp.o[0m
[ 53%] [32mBuilding C object CMakeFiles/neato2_interfaces__rosidl_typesupport_introspection_c.dir/rosidl_typesupport_introspection_c/neato2_interfaces/msg/detail/bump__type_support.c.o[0m
[ 56%] [32mBuilding C object CMakeFiles/neato2_interfaces__rosidl_typesupport_introspection_c.dir/rosidl_typesupport_introspection_c/neato2_interfaces/msg/detail/accel__type_support.c.o[0m
[ 56%] Built target neato2_interfaces__rosidl_typesupport_c
[ 58%] [32m[1mLinking C shared library libneato2_interfaces__rosidl_typesupport_introspection_c.so[0m
[ 58%] Built target neato2_interfaces__rosidl_typesupport_introspection_c
[ 64%] [32mBuilding CXX object CMakeFiles/neato2_interfaces__rosidl_typesupport_fastrtps_c.dir/rosidl_typesupport_fastrtps_c/neato2_interfaces/msg/detail/bump__type_support_c.cpp.o[0m
[ 64%] [32mBuilding CXX object CMakeFiles/neato2_interfaces__rosidl_typesupport_fastrtps_c.dir/rosidl_typesupport_fastrtps_c/neato2_interfaces/msg/detail/accel__type_support_c.cpp.o[0m
[ 66%] [32m[1mLinking CXX shared library libneato2_interfaces__rosidl_typesupport_cpp.so[0m
[ 66%] Built target neato2_interfaces__rosidl_typesupport_cpp
[ 69%] [32m[1mLinking CXX shared library libneato2_interfaces__rosidl_typesupport_fastrtps_cpp.so[0m
[ 71%] [32m[1mLinking CXX shared library libneato2_interfaces__rosidl_typesupport_fastrtps_c.so[0m
[ 74%] [32m[1mLinking CXX shared library libneato2_interfaces__rosidl_typesupport_introspection_cpp.so[0m
[ 74%] Built target neato2_interfaces__rosidl_typesupport_fastrtps_cpp
[ 74%] Built target neato2_interfaces__rosidl_typesupport_introspection_cpp
[ 74%] Built target neato2_interfaces__rosidl_typesupport_fastrtps_c
[ 74%] Built target neato2_interfaces
[ 76%] [34m[1mGenerating Python code for ROS interfaces[0m
[ 76%] Built target neato2_interfaces__py
[ 82%] [32mBuilding C object CMakeFiles/neato2_interfaces__rosidl_generator_py.dir/rosidl_generator_py/neato2_interfaces/msg/_bump_s.c.o[0m
[ 82%] [32mBuilding C object CMakeFiles/neato2_interfaces__rosidl_generator_py.dir/rosidl_generator_py/neato2_interfaces/msg/_accel_s.c.o[0m
[ 84%] [32m[1mLinking C shared library rosidl_generator_py/neato2_interfaces/libneato2_interfaces__rosidl_generator_py.so[0m
[ 84%] Built target neato2_interfaces__rosidl_generator_py
[ 92%] [32mBuilding C object CMakeFiles/neato2_interfaces__rosidl_typesupport_introspection_c__pyext.dir/rosidl_generator_py/neato2_interfaces/_neato2_interfaces_s.ep.rosidl_typesupport_introspection_c.c.o[0m
[ 92%] [32mBuilding C object CMakeFiles/neato2_interfaces__rosidl_typesupport_c__pyext.dir/rosidl_generator_py/neato2_interfaces/_neato2_interfaces_s.ep.rosidl_typesupport_c.c.o[0m
[ 92%] [32mBuilding C object CMakeFiles/neato2_interfaces__rosidl_typesupport_fastrtps_c__pyext.dir/rosidl_generator_py/neato2_interfaces/_neato2_interfaces_s.ep.rosidl_typesupport_fastrtps_c.c.o[0m
[ 97%] [32m[1mLinking C shared library rosidl_generator_py/neato2_interfaces/neato2_interfaces_s__rosidl_typesupport_introspection_c.cpython-310-x86_64-linux-gnu.so[0m
[ 97%] [32m[1mLinking C shared library rosidl_generator_py/neato2_interfaces/neato2_interfaces_s__rosidl_typesupport_c.cpython-310-x86_64-linux-gnu.so[0m
[100%] [32m[1mLinking C shared library rosidl_generator_py/neato2_interfaces/neato2_interfaces_s__rosidl_typesupport_fastrtps_c.cpython-310-x86_64-linux-gnu.so[0m
[100%] Built target neato2_interfaces__rosidl_typesupport_introspection_c__pyext
[100%] Built target neato2_interfaces__rosidl_typesupport_c__pyext
[100%] Built target neato2_interfaces__rosidl_typesupport_fastrtps_c__pyext
-- Install configuration: ""
-- Execute custom install script
-- Symlinking: /home/hvakil/ros2_ws/install/neato2_interfaces/share/ament_index/resource_index/rosidl_interfaces/neato2_interfaces
-- Symlinking: /home/hvakil/ros2_ws/install/neato2_interfaces/include/neato2_interfaces/neato2_interfaces/msg/accel.h
-- Symlinking: /home/hvakil/ros2_ws/install/neato2_interfaces/include/neato2_interfaces/neato2_interfaces/msg/bump.h
-- Symlinking: /home/hvakil/ros2_ws/install/neato2_interfaces/include/neato2_interfaces/neato2_interfaces/msg/detail/accel__functions.h
-- Symlinking: /home/hvakil/ros2_ws/install/neato2_interfaces/include/neato2_interfaces/neato2_interfaces/msg/detail/accel__struct.h
-- Symlinking: /home/hvakil/ros2_ws/install/neato2_interfaces/include/neato2_interfaces/neato2_interfaces/msg/detail/accel__type_support.h
-- Symlinking: /home/hvakil/ros2_ws/install/neato2_interfaces/include/neato2_interfaces/neato2_interfaces/msg/detail/bump__functions.h
-- Symlinking: /home/hvakil/ros2_ws/install/neato2_interfaces/include/neato2_interfaces/neato2_interfaces/msg/detail/bump__struct.h
-- Symlinking: /home/hvakil/ros2_ws/install/neato2_interfaces/include/neato2_interfaces/neato2_interfaces/msg/detail/bump__type_support.h
-- Symlinking: /home/hvakil/ros2_ws/install/neato2_interfaces/include/neato2_interfaces/neato2_interfaces/msg/rosidl_generator_c__visibility_control.h
-- Symlinking: /home/hvakil/ros2_ws/install/neato2_interfaces/share/neato2_interfaces/environment/library_path.sh
-- Symlinking: /home/hvakil/ros2_ws/install/neato2_interfaces/share/neato2_interfaces/environment/library_path.dsv
-- Symlinking: /home/hvakil/ros2_ws/install/neato2_interfaces/include/neato2_interfaces/neato2_interfaces/msg/detail/accel__rosidl_typesupport_fastrtps_c.h
-- Symlinking: /home/hvakil/ros2_ws/install/neato2_interfaces/include/neato2_interfaces/neato2_interfaces/msg/detail/bump__rosidl_typesupport_fastrtps_c.h
-- Symlinking: /home/hvakil/ros2_ws/install/neato2_interfaces/include/neato2_interfaces/neato2_interfaces/msg/rosidl_typesupport_fastrtps_c__visibility_control.h
-- Symlinking: /home/hvakil/ros2_ws/install/neato2_interfaces/include/neato2_interfaces/neato2_interfaces/msg/detail/accel__rosidl_typesupport_introspection_c.h
-- Symlinking: /home/hvakil/ros2_ws/install/neato2_interfaces/include/neato2_interfaces/neato2_interfaces/msg/detail/bump__rosidl_typesupport_introspection_c.h
-- Symlinking: /home/hvakil/ros2_ws/install/neato2_interfaces/include/neato2_interfaces/neato2_interfaces/msg/rosidl_typesupport_introspection_c__visibility_control.h
-- Symlinking: /home/hvakil/ros2_ws/install/neato2_interfaces/include/neato2_interfaces/neato2_interfaces/msg/accel.hpp
-- Symlinking: /home/hvakil/ros2_ws/install/neato2_interfaces/include/neato2_interfaces/neato2_interfaces/msg/bump.hpp
-- Symlinking: /home/hvakil/ros2_ws/install/neato2_interfaces/include/neato2_interfaces/neato2_interfaces/msg/detail/accel__builder.hpp
-- Symlinking: /home/hvakil/ros2_ws/install/neato2_interfaces/include/neato2_interfaces/neato2_interfaces/msg/detail/accel__struct.hpp
-- Symlinking: /home/hvakil/ros2_ws/install/neato2_interfaces/include/neato2_interfaces/neato2_interfaces/msg/detail/accel__traits.hpp
-- Symlinking: /home/hvakil/ros2_ws/install/neato2_interfaces/include/neato2_interfaces/neato2_interfaces/msg/detail/bump__builder.hpp
-- Symlinking: /home/hvakil/ros2_ws/install/neato2_interfaces/include/neato2_interfaces/neato2_interfaces/msg/detail/bump__struct.hpp
-- Symlinking: /home/hvakil/ros2_ws/install/neato2_interfaces/include/neato2_interfaces/neato2_interfaces/msg/detail/bump__traits.hpp
-- Symlinking: /home/hvakil/ros2_ws/install/neato2_interfaces/include/neato2_interfaces/neato2_interfaces/msg/detail/accel__rosidl_typesupport_fastrtps_cpp.hpp
-- Symlinking: /home/hvakil/ros2_ws/install/neato2_interfaces/include/neato2_interfaces/neato2_interfaces/msg/detail/bump__rosidl_typesupport_fastrtps_cpp.hpp
-- Symlinking: /home/hvakil/ros2_ws/install/neato2_interfaces/include/neato2_interfaces/neato2_interfaces/msg/rosidl_typesupport_fastrtps_cpp__visibility_control.h
-- Symlinking: /home/hvakil/ros2_ws/install/neato2_interfaces/include/neato2_interfaces/neato2_interfaces/msg/detail/accel__rosidl_typesupport_introspection_cpp.hpp
-- Symlinking: /home/hvakil/ros2_ws/install/neato2_interfaces/include/neato2_interfaces/neato2_interfaces/msg/detail/bump__rosidl_typesupport_introspection_cpp.hpp
-- Symlinking: /home/hvakil/ros2_ws/install/neato2_interfaces/share/neato2_interfaces/environment/pythonpath.sh
-- Symlinking: /home/hvakil/ros2_ws/install/neato2_interfaces/share/neato2_interfaces/environment/pythonpath.dsv
-- Symlinking: /home/hvakil/ros2_ws/install/neato2_interfaces/local/lib/python3.10/dist-packages/neato2_interfaces-0.0.0-py3.10.egg-info/PKG-INFO
-- Symlinking: /home/hvakil/ros2_ws/install/neato2_interfaces/local/lib/python3.10/dist-packages/neato2_interfaces-0.0.0-py3.10.egg-info/SOURCES.txt
-- Symlinking: /home/hvakil/ros2_ws/install/neato2_interfaces/local/lib/python3.10/dist-packages/neato2_interfaces-0.0.0-py3.10.egg-info/dependency_links.txt
-- Symlinking: /home/hvakil/ros2_ws/install/neato2_interfaces/local/lib/python3.10/dist-packages/neato2_interfaces-0.0.0-py3.10.egg-info/top_level.txt
-- Symlinking: /home/hvakil/ros2_ws/install/neato2_interfaces/local/lib/python3.10/dist-packages/neato2_interfaces/__init__.py
-- Symlinking: /home/hvakil/ros2_ws/install/neato2_interfaces/local/lib/python3.10/dist-packages/neato2_interfaces/_neato2_interfaces_s.ep.rosidl_typesupport_c.c
-- Symlinking: /home/hvakil/ros2_ws/install/neato2_interfaces/local/lib/python3.10/dist-packages/neato2_interfaces/_neato2_interfaces_s.ep.rosidl_typesupport_fastrtps_c.c
-- Symlinking: /home/hvakil/ros2_ws/install/neato2_interfaces/local/lib/python3.10/dist-packages/neato2_interfaces/_neato2_interfaces_s.ep.rosidl_typesupport_introspection_c.c
-- Symlinking: /home/hvakil/ros2_ws/install/neato2_interfaces/local/lib/python3.10/dist-packages/neato2_interfaces/libneato2_interfaces__rosidl_generator_py.so
-- Symlinking: /home/hvakil/ros2_ws/install/neato2_interfaces/local/lib/python3.10/dist-packages/neato2_interfaces/msg/__init__.py
-- Symlinking: /home/hvakil/ros2_ws/install/neato2_interfaces/local/lib/python3.10/dist-packages/neato2_interfaces/msg/_accel.py
-- Symlinking: /home/hvakil/ros2_ws/install/neato2_interfaces/local/lib/python3.10/dist-packages/neato2_interfaces/msg/_accel_s.c
-- Symlinking: /home/hvakil/ros2_ws/install/neato2_interfaces/local/lib/python3.10/dist-packages/neato2_interfaces/msg/_bump.py
-- Symlinking: /home/hvakil/ros2_ws/install/neato2_interfaces/local/lib/python3.10/dist-packages/neato2_interfaces/msg/_bump_s.c
-- Symlinking: /home/hvakil/ros2_ws/install/neato2_interfaces/local/lib/python3.10/dist-packages/neato2_interfaces/neato2_interfaces_s__rosidl_typesupport_c.cpython-310-x86_64-linux-gnu.so
-- Symlinking: /home/hvakil/ros2_ws/install/neato2_interfaces/local/lib/python3.10/dist-packages/neato2_interfaces/neato2_interfaces_s__rosidl_typesupport_fastrtps_c.cpython-310-x86_64-linux-gnu.so
-- Symlinking: /home/hvakil/ros2_ws/install/neato2_interfaces/local/lib/python3.10/dist-packages/neato2_interfaces/neato2_interfaces_s__rosidl_typesupport_introspection_c.cpython-310-x86_64-linux-gnu.so
-- Up-to-date symlink: /home/hvakil/ros2_ws/install/neato2_interfaces/local/lib/python3.10/dist-packages/neato2_interfaces/neato2_interfaces_s__rosidl_typesupport_fastrtps_c.cpython-310-x86_64-linux-gnu.so
-- Up-to-date symlink: /home/hvakil/ros2_ws/install/neato2_interfaces/local/lib/python3.10/dist-packages/neato2_interfaces/neato2_interfaces_s__rosidl_typesupport_introspection_c.cpython-310-x86_64-linux-gnu.so
-- Up-to-date symlink: /home/hvakil/ros2_ws/install/neato2_interfaces/local/lib/python3.10/dist-packages/neato2_interfaces/neato2_interfaces_s__rosidl_typesupport_c.cpython-310-x86_64-linux-gnu.so
-- Symlinking: /home/hvakil/ros2_ws/install/neato2_interfaces/share/neato2_interfaces/msg/Accel.idl
-- Symlinking: /home/hvakil/ros2_ws/install/neato2_interfaces/share/neato2_interfaces/msg/Bump.idl
-- Symlinking: /home/hvakil/ros2_ws/install/neato2_interfaces/share/neato2_interfaces/msg/Accel.msg
-- Symlinking: /home/hvakil/ros2_ws/install/neato2_interfaces/share/neato2_interfaces/msg/Bump.msg
-- Symlinking: /home/hvakil/ros2_ws/install/neato2_interfaces/share/ament_index/resource_index/package_run_dependencies/neato2_interfaces
-- Symlinking: /home/hvakil/ros2_ws/install/neato2_interfaces/share/ament_index/resource_index/parent_prefix_path/neato2_interfaces
-- Symlinking: /home/hvakil/ros2_ws/install/neato2_interfaces/share/neato2_interfaces/environment/ament_prefix_path.sh
-- Symlinking: /home/hvakil/ros2_ws/install/neato2_interfaces/share/neato2_interfaces/environment/ament_prefix_path.dsv
-- Symlinking: /home/hvakil/ros2_ws/install/neato2_interfaces/share/neato2_interfaces/environment/path.sh
-- Symlinking: /home/hvakil/ros2_ws/install/neato2_interfaces/share/neato2_interfaces/environment/path.dsv
-- Symlinking: /home/hvakil/ros2_ws/install/neato2_interfaces/share/neato2_interfaces/local_setup.bash
-- Symlinking: /home/hvakil/ros2_ws/install/neato2_interfaces/share/neato2_interfaces/local_setup.sh
-- Symlinking: /home/hvakil/ros2_ws/install/neato2_interfaces/share/neato2_interfaces/local_setup.zsh
-- Symlinking: /home/hvakil/ros2_ws/install/neato2_interfaces/share/neato2_interfaces/local_setup.dsv
-- Symlinking: /home/hvakil/ros2_ws/install/neato2_interfaces/share/neato2_interfaces/package.dsv
-- Symlinking: /home/hvakil/ros2_ws/install/neato2_interfaces/share/ament_index/resource_index/packages/neato2_interfaces
-- Symlinking: /home/hvakil/ros2_ws/install/neato2_interfaces/share/neato2_interfaces/cmake/rosidl_cmake-extras.cmake
-- Symlinking: /home/hvakil/ros2_ws/install/neato2_interfaces/share/neato2_interfaces/cmake/ament_cmake_export_include_directories-extras.cmake
-- Symlinking: /home/hvakil/ros2_ws/install/neato2_interfaces/share/neato2_interfaces/cmake/ament_cmake_export_libraries-extras.cmake
-- Symlinking: /home/hvakil/ros2_ws/install/neato2_interfaces/share/neato2_interfaces/cmake/ament_cmake_export_targets-extras.cmake
-- Symlinking: /home/hvakil/ros2_ws/install/neato2_interfaces/share/neato2_interfaces/cmake/rosidl_cmake_export_typesupport_targets-extras.cmake
-- Symlinking: /home/hvakil/ros2_ws/install/neato2_interfaces/share/neato2_interfaces/cmake/ament_cmake_export_dependencies-extras.cmake
-- Symlinking: /home/hvakil/ros2_ws/install/neato2_interfaces/share/neato2_interfaces/cmake/rosidl_cmake_export_typesupport_libraries-extras.cmake
-- Symlinking: /home/hvakil/ros2_ws/install/neato2_interfaces/share/neato2_interfaces/cmake/neato2_interfacesConfig.cmake
-- Symlinking: /home/hvakil/ros2_ws/install/neato2_interfaces/share/neato2_interfaces/cmake/neato2_interfacesConfig-version.cmake
-- Symlinking: /home/hvakil/ros2_ws/install/neato2_interfaces/share/neato2_interfaces/package.xml
-- Installing: /home/hvakil/ros2_ws/install/neato2_interfaces/lib/libneato2_interfaces__rosidl_generator_c.so
-- Set runtime path of "/home/hvakil/ros2_ws/install/neato2_interfaces/lib/libneato2_interfaces__rosidl_generator_c.so" to ""
-- Installing: /home/hvakil/ros2_ws/install/neato2_interfaces/lib/libneato2_interfaces__rosidl_typesupport_fastrtps_c.so
-- Set runtime path of "/home/hvakil/ros2_ws/install/neato2_interfaces/lib/libneato2_interfaces__rosidl_typesupport_fastrtps_c.so" to ""
-- Installing: /home/hvakil/ros2_ws/install/neato2_interfaces/lib/libneato2_interfaces__rosidl_typesupport_introspection_c.so
-- Set runtime path of "/home/hvakil/ros2_ws/install/neato2_interfaces/lib/libneato2_interfaces__rosidl_typesupport_introspection_c.so" to ""
-- Installing: /home/hvakil/ros2_ws/install/neato2_interfaces/lib/libneato2_interfaces__rosidl_typesupport_c.so
-- Set runtime path of "/home/hvakil/ros2_ws/install/neato2_interfaces/lib/libneato2_interfaces__rosidl_typesupport_c.so" to ""
-- Installing: /home/hvakil/ros2_ws/install/neato2_interfaces/lib/libneato2_interfaces__rosidl_typesupport_fastrtps_cpp.so
-- Set runtime path of "/home/hvakil/ros2_ws/install/neato2_interfaces/lib/libneato2_interfaces__rosidl_typesupport_fastrtps_cpp.so" to ""
-- Installing: /home/hvakil/ros2_ws/install/neato2_interfaces/lib/libneato2_interfaces__rosidl_typesupport_introspection_cpp.so
-- Set runtime path of "/home/hvakil/ros2_ws/install/neato2_interfaces/lib/libneato2_interfaces__rosidl_typesupport_introspection_cpp.so" to ""
-- Installing: /home/hvakil/ros2_ws/install/neato2_interfaces/lib/libneato2_interfaces__rosidl_typesupport_cpp.so
-- Set runtime path of "/home/hvakil/ros2_ws/install/neato2_interfaces/lib/libneato2_interfaces__rosidl_typesupport_cpp.so" to ""
Listing '/home/hvakil/ros2_ws/install/neato2_interfaces/local/lib/python3.10/dist-packages/neato2_interfaces'...
Compiling '/home/hvakil/ros2_ws/install/neato2_interfaces/local/lib/python3.10/dist-packages/neato2_interfaces/__init__.py'...
Listing '/home/hvakil/ros2_ws/install/neato2_interfaces/local/lib/python3.10/dist-packages/neato2_interfaces/msg'...
Compiling '/home/hvakil/ros2_ws/install/neato2_interfaces/local/lib/python3.10/dist-packages/neato2_interfaces/msg/__init__.py'...
Compiling '/home/hvakil/ros2_ws/install/neato2_interfaces/local/lib/python3.10/dist-packages/neato2_interfaces/msg/_accel.py'...
Compiling '/home/hvakil/ros2_ws/install/neato2_interfaces/local/lib/python3.10/dist-packages/neato2_interfaces/msg/_bump.py'...
-- Installing: /home/hvakil/ros2_ws/install/neato2_interfaces/lib/libneato2_interfaces__rosidl_generator_py.so
-- Set runtime path of "/home/hvakil/ros2_ws/install/neato2_interfaces/lib/libneato2_interfaces__rosidl_generator_py.so" to ""
-- Installing: /home/hvakil/ros2_ws/install/neato2_interfaces/share/neato2_interfaces/cmake/export_neato2_interfaces__rosidl_generator_cExport.cmake
-- Installing: /home/hvakil/ros2_ws/install/neato2_interfaces/share/neato2_interfaces/cmake/export_neato2_interfaces__rosidl_generator_cExport-noconfig.cmake
-- Installing: /home/hvakil/ros2_ws/install/neato2_interfaces/share/neato2_interfaces/cmake/export_neato2_interfaces__rosidl_typesupport_fastrtps_cExport.cmake
-- Installing: /home/hvakil/ros2_ws/install/neato2_interfaces/share/neato2_interfaces/cmake/export_neato2_interfaces__rosidl_typesupport_fastrtps_cExport-noconfig.cmake
-- Installing: /home/hvakil/ros2_ws/install/neato2_interfaces/share/neato2_interfaces/cmake/neato2_interfaces__rosidl_typesupport_introspection_cExport.cmake
-- Installing: /home/hvakil/ros2_ws/install/neato2_interfaces/share/neato2_interfaces/cmake/neato2_interfaces__rosidl_typesupport_introspection_cExport-noconfig.cmake
-- Installing: /home/hvakil/ros2_ws/install/neato2_interfaces/share/neato2_interfaces/cmake/neato2_interfaces__rosidl_typesupport_cExport.cmake
-- Installing: /home/hvakil/ros2_ws/install/neato2_interfaces/share/neato2_interfaces/cmake/neato2_interfaces__rosidl_typesupport_cExport-noconfig.cmake
-- Installing: /home/hvakil/ros2_ws/install/neato2_interfaces/share/neato2_interfaces/cmake/export_neato2_interfaces__rosidl_generator_cppExport.cmake
-- Installing: /home/hvakil/ros2_ws/install/neato2_interfaces/share/neato2_interfaces/cmake/export_neato2_interfaces__rosidl_typesupport_fastrtps_cppExport.cmake
-- Installing: /home/hvakil/ros2_ws/install/neato2_interfaces/share/neato2_interfaces/cmake/export_neato2_interfaces__rosidl_typesupport_fastrtps_cppExport-noconfig.cmake
-- Installing: /home/hvakil/ros2_ws/install/neato2_interfaces/share/neato2_interfaces/cmake/neato2_interfaces__rosidl_typesupport_introspection_cppExport.cmake
-- Installing: /home/hvakil/ros2_ws/install/neato2_interfaces/share/neato2_interfaces/cmake/neato2_interfaces__rosidl_typesupport_introspection_cppExport-noconfig.cmake
-- Installing: /home/hvakil/ros2_ws/install/neato2_interfaces/share/neato2_interfaces/cmake/neato2_interfaces__rosidl_typesupport_cppExport.cmake
-- Installing: /home/hvakil/ros2_ws/install/neato2_interfaces/share/neato2_interfaces/cmake/neato2_interfaces__rosidl_typesupport_cppExport-noconfig.cmake
-- Installing: /home/hvakil/ros2_ws/install/neato2_interfaces/share/neato2_interfaces/cmake/export_neato2_interfaces__rosidl_generator_pyExport.cmake
-- Installing: /home/hvakil/ros2_ws/install/neato2_interfaces/share/neato2_interfaces/cmake/export_neato2_interfaces__rosidl_generator_pyExport-noconfig.cmake
