[0.010s] Invoking command in '/home/hvakil/ros2_ws/build/neato2_interfaces': CMAKE_PREFIX_PATH=/opt/ros/humble /usr/bin/cmake /home/hvakil/ros2_ws/src/neato_packages/neato2_interfaces -DCMAKE_INSTALL_PREFIX=/home/hvakil/ros2_ws/install/neato2_interfaces
[0.021s] -- Found ament_cmake: 1.3.3 (/opt/ros/humble/share/ament_cmake/cmake)
[0.135s] -- Found Python3: /usr/bin/python3.10 (found version "3.10.6") found components: Interpreter 
[0.182s] -- Override CMake install command with custom implementation using symlinks instead of copying resources
[0.206s] -- Found rosidl_default_generators: 1.2.0 (/opt/ros/humble/share/rosidl_default_generators/cmake)
[0.209s] -- Using all available rosidl_typesupport_c: rosidl_typesupport_fastrtps_c;rosidl_typesupport_introspection_c
[0.214s] -- Found rosidl_adapter: 3.1.4 (/opt/ros/humble/share/rosidl_adapter/cmake)
[0.250s] -- Using all available rosidl_typesupport_cpp: rosidl_typesupport_fastrtps_cpp;rosidl_typesupport_introspection_cpp
[0.281s] -- Found ament_lint_auto: 0.12.5 (/opt/ros/humble/share/ament_lint_auto/cmake)
[0.464s] -- Found ament_cmake_ros: 0.10.0 (/opt/ros/humble/share/ament_cmake_ros/cmake)
[0.589s] -- Using all available rosidl_typesupport_c: rosidl_typesupport_fastrtps_c;rosidl_typesupport_introspection_c
[0.748s] -- Using all available rosidl_typesupport_cpp: rosidl_typesupport_fastrtps_cpp;rosidl_typesupport_introspection_cpp
[0.764s] -- Found PythonInterp: /usr/bin/python3 (found suitable version "3.10.6", minimum required is "3.6") 
[0.765s] -- Found python_cmake_module: 0.10.0 (/opt/ros/humble/share/python_cmake_module/cmake)
[0.784s] -- Found PythonLibs: /usr/lib/x86_64-linux-gnu/libpython3.10.so (found suitable version "3.10.6", minimum required is "3.5") 
[0.784s] -- Using PYTHON_EXECUTABLE: /usr/bin/python3
[0.784s] -- Using PYTHON_INCLUDE_DIRS: /usr/include/python3.10
[0.784s] -- Using PYTHON_LIBRARIES: /usr/lib/x86_64-linux-gnu/libpython3.10.so
[0.798s] -- Found PythonExtra: .so  
[0.824s] -- Added test 'copyright' to check source files copyright and LICENSE
[0.825s] -- Added test 'lint_cmake' to check CMake code style
[0.826s] -- Added test 'xmllint' to check XML markup files
[0.832s] -- Configuring done
[0.851s] -- Generating done
[0.852s] -- Build files have been written to: /home/hvakil/ros2_ws/build/neato2_interfaces
[0.855s] Invoked command in '/home/hvakil/ros2_ws/build/neato2_interfaces' returned '0': CMAKE_PREFIX_PATH=/opt/ros/humble /usr/bin/cmake /home/hvakil/ros2_ws/src/neato_packages/neato2_interfaces -DCMAKE_INSTALL_PREFIX=/home/hvakil/ros2_ws/install/neato2_interfaces
[0.857s] Invoking command in '/home/hvakil/ros2_ws/build/neato2_interfaces': CMAKE_PREFIX_PATH=/opt/ros/humble /usr/bin/cmake --build /home/hvakil/ros2_ws/build/neato2_interfaces -- -j12 -l12
[0.881s] [  2%] [34m[1mGenerating C code for ROS interfaces[0m
[0.887s] [  5%] [34m[1mGenerating C++ code for ROS interfaces[0m
[0.893s] [  5%] Built target ament_cmake_python_symlink_neato2_interfaces
[1.084s] running egg_info
[1.085s] creating neato2_interfaces.egg-info
[1.085s] writing neato2_interfaces.egg-info/PKG-INFO
[1.085s] writing dependency_links to neato2_interfaces.egg-info/dependency_links.txt
[1.085s] writing top-level names to neato2_interfaces.egg-info/top_level.txt
[1.085s] writing manifest file 'neato2_interfaces.egg-info/SOURCES.txt'
[1.087s] reading manifest file 'neato2_interfaces.egg-info/SOURCES.txt'
[1.088s] writing manifest file 'neato2_interfaces.egg-info/SOURCES.txt'
[1.106s] [  5%] Built target ament_cmake_python_build_neato2_interfaces_egg
[1.139s] [  5%] Built target neato2_interfaces__cpp
[1.147s] [ 12%] [34m[1mGenerating C++ type support dispatch for ROS interfaces[0m
[1.147s] [ 12%] [34m[1mGenerating C++ introspection for ROS interfaces[0m
[1.147s] [ 12%] [34m[1mGenerating C++ type support for eProsima Fast-RTPS[0m
[1.153s] [ 17%] [32mBuilding C object CMakeFiles/neato2_interfaces__rosidl_generator_c.dir/rosidl_generator_c/neato2_interfaces/msg/detail/accel__functions.c.o[0m
[1.153s] [ 17%] [32mBuilding C object CMakeFiles/neato2_interfaces__rosidl_generator_c.dir/rosidl_generator_c/neato2_interfaces/msg/detail/bump__functions.c.o[0m
[1.191s] [ 20%] [32m[1mLinking C shared library libneato2_interfaces__rosidl_generator_c.so[0m
[1.219s] [ 20%] Built target neato2_interfaces__rosidl_generator_c
[1.226s] [ 23%] [34m[1mGenerating C type support for eProsima Fast-RTPS[0m
[1.226s] [ 25%] [34m[1mGenerating C type support dispatch for ROS interfaces[0m
[1.229s] [ 28%] [34m[1mGenerating C introspection for ROS interfaces[0m
[1.393s] [ 30%] [32mBuilding CXX object CMakeFiles/neato2_interfaces__rosidl_typesupport_cpp.dir/rosidl_typesupport_cpp/neato2_interfaces/msg/accel__type_support.cpp.o[0m
[1.396s] [ 33%] [32mBuilding CXX object CMakeFiles/neato2_interfaces__rosidl_typesupport_cpp.dir/rosidl_typesupport_cpp/neato2_interfaces/msg/bump__type_support.cpp.o[0m
[1.438s] [ 38%] [32mBuilding CXX object CMakeFiles/neato2_interfaces__rosidl_typesupport_fastrtps_cpp.dir/rosidl_typesupport_fastrtps_cpp/neato2_interfaces/msg/detail/dds_fastrtps/accel__type_support.cpp.o[0m
[1.438s] [ 38%] [32mBuilding CXX object CMakeFiles/neato2_interfaces__rosidl_typesupport_fastrtps_cpp.dir/rosidl_typesupport_fastrtps_cpp/neato2_interfaces/msg/detail/dds_fastrtps/bump__type_support.cpp.o[0m
[1.500s] [ 43%] [32mBuilding CXX object CMakeFiles/neato2_interfaces__rosidl_typesupport_c.dir/rosidl_typesupport_c/neato2_interfaces/msg/bump__type_support.cpp.o[0m
[1.500s] [ 43%] [32mBuilding CXX object CMakeFiles/neato2_interfaces__rosidl_typesupport_c.dir/rosidl_typesupport_c/neato2_interfaces/msg/accel__type_support.cpp.o[0m
[1.533s] [ 46%] [32m[1mLinking CXX shared library libneato2_interfaces__rosidl_typesupport_c.so[0m
[1.548s] [ 48%] [32mBuilding CXX object CMakeFiles/neato2_interfaces__rosidl_typesupport_introspection_cpp.dir/rosidl_typesupport_introspection_cpp/neato2_interfaces/msg/detail/accel__type_support.cpp.o[0m
[1.548s] [ 51%] [32mBuilding CXX object CMakeFiles/neato2_interfaces__rosidl_typesupport_introspection_cpp.dir/rosidl_typesupport_introspection_cpp/neato2_interfaces/msg/detail/bump__type_support.cpp.o[0m
[1.558s] [ 53%] [32mBuilding C object CMakeFiles/neato2_interfaces__rosidl_typesupport_introspection_c.dir/rosidl_typesupport_introspection_c/neato2_interfaces/msg/detail/bump__type_support.c.o[0m
[1.559s] [ 56%] [32mBuilding C object CMakeFiles/neato2_interfaces__rosidl_typesupport_introspection_c.dir/rosidl_typesupport_introspection_c/neato2_interfaces/msg/detail/accel__type_support.c.o[0m
[1.582s] [ 56%] Built target neato2_interfaces__rosidl_typesupport_c
[1.609s] [ 58%] [32m[1mLinking C shared library libneato2_interfaces__rosidl_typesupport_introspection_c.so[0m
[1.642s] [ 58%] Built target neato2_interfaces__rosidl_typesupport_introspection_c
[1.657s] [ 64%] [32mBuilding CXX object CMakeFiles/neato2_interfaces__rosidl_typesupport_fastrtps_c.dir/rosidl_typesupport_fastrtps_c/neato2_interfaces/msg/detail/bump__type_support_c.cpp.o[0m
[1.657s] [ 64%] [32mBuilding CXX object CMakeFiles/neato2_interfaces__rosidl_typesupport_fastrtps_c.dir/rosidl_typesupport_fastrtps_c/neato2_interfaces/msg/detail/accel__type_support_c.cpp.o[0m
[1.745s] [ 66%] [32m[1mLinking CXX shared library libneato2_interfaces__rosidl_typesupport_cpp.so[0m
[1.797s] [ 66%] Built target neato2_interfaces__rosidl_typesupport_cpp
[1.951s] [ 69%] [32m[1mLinking CXX shared library libneato2_interfaces__rosidl_typesupport_fastrtps_cpp.so[0m
[1.962s] [ 71%] [32m[1mLinking CXX shared library libneato2_interfaces__rosidl_typesupport_fastrtps_c.so[0m
[2.005s] [ 74%] [32m[1mLinking CXX shared library libneato2_interfaces__rosidl_typesupport_introspection_cpp.so[0m
[2.032s] [ 74%] Built target neato2_interfaces__rosidl_typesupport_fastrtps_cpp
[2.041s] [ 74%] Built target neato2_interfaces__rosidl_typesupport_introspection_cpp
[2.043s] [ 74%] Built target neato2_interfaces__rosidl_typesupport_fastrtps_c
[2.055s] [ 74%] Built target neato2_interfaces
[2.067s] [ 76%] [34m[1mGenerating Python code for ROS interfaces[0m
[2.413s] [ 76%] Built target neato2_interfaces__py
[2.425s] [ 82%] [32mBuilding C object CMakeFiles/neato2_interfaces__rosidl_generator_py.dir/rosidl_generator_py/neato2_interfaces/msg/_bump_s.c.o[0m
[2.425s] [ 82%] [32mBuilding C object CMakeFiles/neato2_interfaces__rosidl_generator_py.dir/rosidl_generator_py/neato2_interfaces/msg/_accel_s.c.o[0m
[2.501s] [ 84%] [32m[1mLinking C shared library rosidl_generator_py/neato2_interfaces/libneato2_interfaces__rosidl_generator_py.so[0m
[2.526s] [ 84%] Built target neato2_interfaces__rosidl_generator_py
[2.541s] [ 92%] [32mBuilding C object CMakeFiles/neato2_interfaces__rosidl_typesupport_introspection_c__pyext.dir/rosidl_generator_py/neato2_interfaces/_neato2_interfaces_s.ep.rosidl_typesupport_introspection_c.c.o[0m
[2.542s] [ 92%] [32mBuilding C object CMakeFiles/neato2_interfaces__rosidl_typesupport_c__pyext.dir/rosidl_generator_py/neato2_interfaces/_neato2_interfaces_s.ep.rosidl_typesupport_c.c.o[0m
[2.542s] [ 92%] [32mBuilding C object CMakeFiles/neato2_interfaces__rosidl_typesupport_fastrtps_c__pyext.dir/rosidl_generator_py/neato2_interfaces/_neato2_interfaces_s.ep.rosidl_typesupport_fastrtps_c.c.o[0m
[2.617s] [ 97%] [32m[1mLinking C shared library rosidl_generator_py/neato2_interfaces/neato2_interfaces_s__rosidl_typesupport_introspection_c.cpython-310-x86_64-linux-gnu.so[0m
[2.617s] [ 97%] [32m[1mLinking C shared library rosidl_generator_py/neato2_interfaces/neato2_interfaces_s__rosidl_typesupport_c.cpython-310-x86_64-linux-gnu.so[0m
[2.620s] [100%] [32m[1mLinking C shared library rosidl_generator_py/neato2_interfaces/neato2_interfaces_s__rosidl_typesupport_fastrtps_c.cpython-310-x86_64-linux-gnu.so[0m
[2.643s] [100%] Built target neato2_interfaces__rosidl_typesupport_introspection_c__pyext
[2.643s] [100%] Built target neato2_interfaces__rosidl_typesupport_c__pyext
[2.645s] [100%] Built target neato2_interfaces__rosidl_typesupport_fastrtps_c__pyext
[2.653s] Invoked command in '/home/hvakil/ros2_ws/build/neato2_interfaces' returned '0': CMAKE_PREFIX_PATH=/opt/ros/humble /usr/bin/cmake --build /home/hvakil/ros2_ws/build/neato2_interfaces -- -j12 -l12
[2.702s] Invoking command in '/home/hvakil/ros2_ws/build/neato2_interfaces': CMAKE_PREFIX_PATH=/opt/ros/humble /usr/bin/cmake --install /home/hvakil/ros2_ws/build/neato2_interfaces
[2.706s] -- Install configuration: ""
[2.707s] -- Execute custom install script
[2.707s] -- Symlinking: /home/hvakil/ros2_ws/install/neato2_interfaces/share/ament_index/resource_index/rosidl_interfaces/neato2_interfaces
[2.712s] -- Symlinking: /home/hvakil/ros2_ws/install/neato2_interfaces/include/neato2_interfaces/neato2_interfaces/msg/accel.h
[2.717s] -- Symlinking: /home/hvakil/ros2_ws/install/neato2_interfaces/include/neato2_interfaces/neato2_interfaces/msg/bump.h
[2.723s] -- Symlinking: /home/hvakil/ros2_ws/install/neato2_interfaces/include/neato2_interfaces/neato2_interfaces/msg/detail/accel__functions.h
[2.728s] -- Symlinking: /home/hvakil/ros2_ws/install/neato2_interfaces/include/neato2_interfaces/neato2_interfaces/msg/detail/accel__struct.h
[2.733s] -- Symlinking: /home/hvakil/ros2_ws/install/neato2_interfaces/include/neato2_interfaces/neato2_interfaces/msg/detail/accel__type_support.h
[2.739s] -- Symlinking: /home/hvakil/ros2_ws/install/neato2_interfaces/include/neato2_interfaces/neato2_interfaces/msg/detail/bump__functions.h
[2.744s] -- Symlinking: /home/hvakil/ros2_ws/install/neato2_interfaces/include/neato2_interfaces/neato2_interfaces/msg/detail/bump__struct.h
[2.749s] -- Symlinking: /home/hvakil/ros2_ws/install/neato2_interfaces/include/neato2_interfaces/neato2_interfaces/msg/detail/bump__type_support.h
[2.755s] -- Symlinking: /home/hvakil/ros2_ws/install/neato2_interfaces/include/neato2_interfaces/neato2_interfaces/msg/rosidl_generator_c__visibility_control.h
[2.760s] -- Symlinking: /home/hvakil/ros2_ws/install/neato2_interfaces/share/neato2_interfaces/environment/library_path.sh
[2.766s] -- Symlinking: /home/hvakil/ros2_ws/install/neato2_interfaces/share/neato2_interfaces/environment/library_path.dsv
[2.771s] -- Symlinking: /home/hvakil/ros2_ws/install/neato2_interfaces/include/neato2_interfaces/neato2_interfaces/msg/detail/accel__rosidl_typesupport_fastrtps_c.h
[2.776s] -- Symlinking: /home/hvakil/ros2_ws/install/neato2_interfaces/include/neato2_interfaces/neato2_interfaces/msg/detail/bump__rosidl_typesupport_fastrtps_c.h
[2.781s] -- Symlinking: /home/hvakil/ros2_ws/install/neato2_interfaces/include/neato2_interfaces/neato2_interfaces/msg/rosidl_typesupport_fastrtps_c__visibility_control.h
[2.787s] -- Symlinking: /home/hvakil/ros2_ws/install/neato2_interfaces/include/neato2_interfaces/neato2_interfaces/msg/detail/accel__rosidl_typesupport_introspection_c.h
[2.792s] -- Symlinking: /home/hvakil/ros2_ws/install/neato2_interfaces/include/neato2_interfaces/neato2_interfaces/msg/detail/bump__rosidl_typesupport_introspection_c.h
[2.797s] -- Symlinking: /home/hvakil/ros2_ws/install/neato2_interfaces/include/neato2_interfaces/neato2_interfaces/msg/rosidl_typesupport_introspection_c__visibility_control.h
[2.802s] -- Symlinking: /home/hvakil/ros2_ws/install/neato2_interfaces/include/neato2_interfaces/neato2_interfaces/msg/accel.hpp
[2.807s] -- Symlinking: /home/hvakil/ros2_ws/install/neato2_interfaces/include/neato2_interfaces/neato2_interfaces/msg/bump.hpp
[2.812s] -- Symlinking: /home/hvakil/ros2_ws/install/neato2_interfaces/include/neato2_interfaces/neato2_interfaces/msg/detail/accel__builder.hpp
[2.817s] -- Symlinking: /home/hvakil/ros2_ws/install/neato2_interfaces/include/neato2_interfaces/neato2_interfaces/msg/detail/accel__struct.hpp
[2.822s] -- Symlinking: /home/hvakil/ros2_ws/install/neato2_interfaces/include/neato2_interfaces/neato2_interfaces/msg/detail/accel__traits.hpp
[2.827s] -- Symlinking: /home/hvakil/ros2_ws/install/neato2_interfaces/include/neato2_interfaces/neato2_interfaces/msg/detail/bump__builder.hpp
[2.833s] -- Symlinking: /home/hvakil/ros2_ws/install/neato2_interfaces/include/neato2_interfaces/neato2_interfaces/msg/detail/bump__struct.hpp
[2.838s] -- Symlinking: /home/hvakil/ros2_ws/install/neato2_interfaces/include/neato2_interfaces/neato2_interfaces/msg/detail/bump__traits.hpp
[2.844s] -- Symlinking: /home/hvakil/ros2_ws/install/neato2_interfaces/include/neato2_interfaces/neato2_interfaces/msg/detail/accel__rosidl_typesupport_fastrtps_cpp.hpp
[2.849s] -- Symlinking: /home/hvakil/ros2_ws/install/neato2_interfaces/include/neato2_interfaces/neato2_interfaces/msg/detail/bump__rosidl_typesupport_fastrtps_cpp.hpp
[2.855s] -- Symlinking: /home/hvakil/ros2_ws/install/neato2_interfaces/include/neato2_interfaces/neato2_interfaces/msg/rosidl_typesupport_fastrtps_cpp__visibility_control.h
[2.860s] -- Symlinking: /home/hvakil/ros2_ws/install/neato2_interfaces/include/neato2_interfaces/neato2_interfaces/msg/detail/accel__rosidl_typesupport_introspection_cpp.hpp
[2.865s] -- Symlinking: /home/hvakil/ros2_ws/install/neato2_interfaces/include/neato2_interfaces/neato2_interfaces/msg/detail/bump__rosidl_typesupport_introspection_cpp.hpp
[2.871s] -- Symlinking: /home/hvakil/ros2_ws/install/neato2_interfaces/share/neato2_interfaces/environment/pythonpath.sh
[2.876s] -- Symlinking: /home/hvakil/ros2_ws/install/neato2_interfaces/share/neato2_interfaces/environment/pythonpath.dsv
[2.882s] -- Symlinking: /home/hvakil/ros2_ws/install/neato2_interfaces/local/lib/python3.10/dist-packages/neato2_interfaces-0.0.0-py3.10.egg-info/PKG-INFO
[2.887s] -- Symlinking: /home/hvakil/ros2_ws/install/neato2_interfaces/local/lib/python3.10/dist-packages/neato2_interfaces-0.0.0-py3.10.egg-info/SOURCES.txt
[2.893s] -- Symlinking: /home/hvakil/ros2_ws/install/neato2_interfaces/local/lib/python3.10/dist-packages/neato2_interfaces-0.0.0-py3.10.egg-info/dependency_links.txt
[2.898s] -- Symlinking: /home/hvakil/ros2_ws/install/neato2_interfaces/local/lib/python3.10/dist-packages/neato2_interfaces-0.0.0-py3.10.egg-info/top_level.txt
[2.903s] -- Symlinking: /home/hvakil/ros2_ws/install/neato2_interfaces/local/lib/python3.10/dist-packages/neato2_interfaces/__init__.py
[2.909s] -- Symlinking: /home/hvakil/ros2_ws/install/neato2_interfaces/local/lib/python3.10/dist-packages/neato2_interfaces/_neato2_interfaces_s.ep.rosidl_typesupport_c.c
[2.914s] -- Symlinking: /home/hvakil/ros2_ws/install/neato2_interfaces/local/lib/python3.10/dist-packages/neato2_interfaces/_neato2_interfaces_s.ep.rosidl_typesupport_fastrtps_c.c
[2.919s] -- Symlinking: /home/hvakil/ros2_ws/install/neato2_interfaces/local/lib/python3.10/dist-packages/neato2_interfaces/_neato2_interfaces_s.ep.rosidl_typesupport_introspection_c.c
[2.925s] -- Symlinking: /home/hvakil/ros2_ws/install/neato2_interfaces/local/lib/python3.10/dist-packages/neato2_interfaces/libneato2_interfaces__rosidl_generator_py.so
[2.930s] -- Symlinking: /home/hvakil/ros2_ws/install/neato2_interfaces/local/lib/python3.10/dist-packages/neato2_interfaces/msg/__init__.py
[2.936s] -- Symlinking: /home/hvakil/ros2_ws/install/neato2_interfaces/local/lib/python3.10/dist-packages/neato2_interfaces/msg/_accel.py
[2.941s] -- Symlinking: /home/hvakil/ros2_ws/install/neato2_interfaces/local/lib/python3.10/dist-packages/neato2_interfaces/msg/_accel_s.c
[2.947s] -- Symlinking: /home/hvakil/ros2_ws/install/neato2_interfaces/local/lib/python3.10/dist-packages/neato2_interfaces/msg/_bump.py
[2.952s] -- Symlinking: /home/hvakil/ros2_ws/install/neato2_interfaces/local/lib/python3.10/dist-packages/neato2_interfaces/msg/_bump_s.c
[2.958s] -- Symlinking: /home/hvakil/ros2_ws/install/neato2_interfaces/local/lib/python3.10/dist-packages/neato2_interfaces/neato2_interfaces_s__rosidl_typesupport_c.cpython-310-x86_64-linux-gnu.so
[2.963s] -- Symlinking: /home/hvakil/ros2_ws/install/neato2_interfaces/local/lib/python3.10/dist-packages/neato2_interfaces/neato2_interfaces_s__rosidl_typesupport_fastrtps_c.cpython-310-x86_64-linux-gnu.so
[2.968s] -- Symlinking: /home/hvakil/ros2_ws/install/neato2_interfaces/local/lib/python3.10/dist-packages/neato2_interfaces/neato2_interfaces_s__rosidl_typesupport_introspection_c.cpython-310-x86_64-linux-gnu.so
[2.974s] -- Up-to-date symlink: /home/hvakil/ros2_ws/install/neato2_interfaces/local/lib/python3.10/dist-packages/neato2_interfaces/neato2_interfaces_s__rosidl_typesupport_fastrtps_c.cpython-310-x86_64-linux-gnu.so
[2.974s] -- Up-to-date symlink: /home/hvakil/ros2_ws/install/neato2_interfaces/local/lib/python3.10/dist-packages/neato2_interfaces/neato2_interfaces_s__rosidl_typesupport_introspection_c.cpython-310-x86_64-linux-gnu.so
[2.974s] -- Up-to-date symlink: /home/hvakil/ros2_ws/install/neato2_interfaces/local/lib/python3.10/dist-packages/neato2_interfaces/neato2_interfaces_s__rosidl_typesupport_c.cpython-310-x86_64-linux-gnu.so
[2.974s] -- Symlinking: /home/hvakil/ros2_ws/install/neato2_interfaces/share/neato2_interfaces/msg/Accel.idl
[2.980s] -- Symlinking: /home/hvakil/ros2_ws/install/neato2_interfaces/share/neato2_interfaces/msg/Bump.idl
[2.985s] -- Symlinking: /home/hvakil/ros2_ws/install/neato2_interfaces/share/neato2_interfaces/msg/Accel.msg
[2.990s] -- Symlinking: /home/hvakil/ros2_ws/install/neato2_interfaces/share/neato2_interfaces/msg/Bump.msg
[3.001s] -- Symlinking: /home/hvakil/ros2_ws/install/neato2_interfaces/share/ament_index/resource_index/package_run_dependencies/neato2_interfaces
[3.006s] -- Symlinking: /home/hvakil/ros2_ws/install/neato2_interfaces/share/ament_index/resource_index/parent_prefix_path/neato2_interfaces
[3.011s] -- Symlinking: /home/hvakil/ros2_ws/install/neato2_interfaces/share/neato2_interfaces/environment/ament_prefix_path.sh
[3.016s] -- Symlinking: /home/hvakil/ros2_ws/install/neato2_interfaces/share/neato2_interfaces/environment/ament_prefix_path.dsv
[3.022s] -- Symlinking: /home/hvakil/ros2_ws/install/neato2_interfaces/share/neato2_interfaces/environment/path.sh
[3.027s] -- Symlinking: /home/hvakil/ros2_ws/install/neato2_interfaces/share/neato2_interfaces/environment/path.dsv
[3.033s] -- Symlinking: /home/hvakil/ros2_ws/install/neato2_interfaces/share/neato2_interfaces/local_setup.bash
[3.038s] -- Symlinking: /home/hvakil/ros2_ws/install/neato2_interfaces/share/neato2_interfaces/local_setup.sh
[3.044s] -- Symlinking: /home/hvakil/ros2_ws/install/neato2_interfaces/share/neato2_interfaces/local_setup.zsh
[3.049s] -- Symlinking: /home/hvakil/ros2_ws/install/neato2_interfaces/share/neato2_interfaces/local_setup.dsv
[3.055s] -- Symlinking: /home/hvakil/ros2_ws/install/neato2_interfaces/share/neato2_interfaces/package.dsv
[3.060s] -- Symlinking: /home/hvakil/ros2_ws/install/neato2_interfaces/share/ament_index/resource_index/packages/neato2_interfaces
[3.065s] -- Symlinking: /home/hvakil/ros2_ws/install/neato2_interfaces/share/neato2_interfaces/cmake/rosidl_cmake-extras.cmake
[3.071s] -- Symlinking: /home/hvakil/ros2_ws/install/neato2_interfaces/share/neato2_interfaces/cmake/ament_cmake_export_include_directories-extras.cmake
[3.076s] -- Symlinking: /home/hvakil/ros2_ws/install/neato2_interfaces/share/neato2_interfaces/cmake/ament_cmake_export_libraries-extras.cmake
[3.082s] -- Symlinking: /home/hvakil/ros2_ws/install/neato2_interfaces/share/neato2_interfaces/cmake/ament_cmake_export_targets-extras.cmake
[3.087s] -- Symlinking: /home/hvakil/ros2_ws/install/neato2_interfaces/share/neato2_interfaces/cmake/rosidl_cmake_export_typesupport_targets-extras.cmake
[3.092s] -- Symlinking: /home/hvakil/ros2_ws/install/neato2_interfaces/share/neato2_interfaces/cmake/ament_cmake_export_dependencies-extras.cmake
[3.098s] -- Symlinking: /home/hvakil/ros2_ws/install/neato2_interfaces/share/neato2_interfaces/cmake/rosidl_cmake_export_typesupport_libraries-extras.cmake
[3.103s] -- Symlinking: /home/hvakil/ros2_ws/install/neato2_interfaces/share/neato2_interfaces/cmake/neato2_interfacesConfig.cmake
[3.108s] -- Symlinking: /home/hvakil/ros2_ws/install/neato2_interfaces/share/neato2_interfaces/cmake/neato2_interfacesConfig-version.cmake
[3.113s] -- Symlinking: /home/hvakil/ros2_ws/install/neato2_interfaces/share/neato2_interfaces/package.xml
[3.119s] -- Installing: /home/hvakil/ros2_ws/install/neato2_interfaces/lib/libneato2_interfaces__rosidl_generator_c.so
[3.119s] -- Set runtime path of "/home/hvakil/ros2_ws/install/neato2_interfaces/lib/libneato2_interfaces__rosidl_generator_c.so" to ""
[3.119s] -- Installing: /home/hvakil/ros2_ws/install/neato2_interfaces/lib/libneato2_interfaces__rosidl_typesupport_fastrtps_c.so
[3.119s] -- Set runtime path of "/home/hvakil/ros2_ws/install/neato2_interfaces/lib/libneato2_interfaces__rosidl_typesupport_fastrtps_c.so" to ""
[3.120s] -- Installing: /home/hvakil/ros2_ws/install/neato2_interfaces/lib/libneato2_interfaces__rosidl_typesupport_introspection_c.so
[3.120s] -- Set runtime path of "/home/hvakil/ros2_ws/install/neato2_interfaces/lib/libneato2_interfaces__rosidl_typesupport_introspection_c.so" to ""
[3.120s] -- Installing: /home/hvakil/ros2_ws/install/neato2_interfaces/lib/libneato2_interfaces__rosidl_typesupport_c.so
[3.120s] -- Set runtime path of "/home/hvakil/ros2_ws/install/neato2_interfaces/lib/libneato2_interfaces__rosidl_typesupport_c.so" to ""
[3.120s] -- Installing: /home/hvakil/ros2_ws/install/neato2_interfaces/lib/libneato2_interfaces__rosidl_typesupport_fastrtps_cpp.so
[3.120s] -- Set runtime path of "/home/hvakil/ros2_ws/install/neato2_interfaces/lib/libneato2_interfaces__rosidl_typesupport_fastrtps_cpp.so" to ""
[3.120s] -- Installing: /home/hvakil/ros2_ws/install/neato2_interfaces/lib/libneato2_interfaces__rosidl_typesupport_introspection_cpp.so
[3.121s] -- Set runtime path of "/home/hvakil/ros2_ws/install/neato2_interfaces/lib/libneato2_interfaces__rosidl_typesupport_introspection_cpp.so" to ""
[3.121s] -- Installing: /home/hvakil/ros2_ws/install/neato2_interfaces/lib/libneato2_interfaces__rosidl_typesupport_cpp.so
[3.121s] -- Set runtime path of "/home/hvakil/ros2_ws/install/neato2_interfaces/lib/libneato2_interfaces__rosidl_typesupport_cpp.so" to ""
[3.145s] Listing '/home/hvakil/ros2_ws/install/neato2_interfaces/local/lib/python3.10/dist-packages/neato2_interfaces'...
[3.145s] Compiling '/home/hvakil/ros2_ws/install/neato2_interfaces/local/lib/python3.10/dist-packages/neato2_interfaces/__init__.py'...
[3.145s] Listing '/home/hvakil/ros2_ws/install/neato2_interfaces/local/lib/python3.10/dist-packages/neato2_interfaces/msg'...
[3.145s] Compiling '/home/hvakil/ros2_ws/install/neato2_interfaces/local/lib/python3.10/dist-packages/neato2_interfaces/msg/__init__.py'...
[3.145s] Compiling '/home/hvakil/ros2_ws/install/neato2_interfaces/local/lib/python3.10/dist-packages/neato2_interfaces/msg/_accel.py'...
[3.145s] Compiling '/home/hvakil/ros2_ws/install/neato2_interfaces/local/lib/python3.10/dist-packages/neato2_interfaces/msg/_bump.py'...
[3.148s] -- Installing: /home/hvakil/ros2_ws/install/neato2_interfaces/lib/libneato2_interfaces__rosidl_generator_py.so
[3.149s] -- Set runtime path of "/home/hvakil/ros2_ws/install/neato2_interfaces/lib/libneato2_interfaces__rosidl_generator_py.so" to ""
[3.149s] -- Installing: /home/hvakil/ros2_ws/install/neato2_interfaces/share/neato2_interfaces/cmake/export_neato2_interfaces__rosidl_generator_cExport.cmake
[3.149s] -- Installing: /home/hvakil/ros2_ws/install/neato2_interfaces/share/neato2_interfaces/cmake/export_neato2_interfaces__rosidl_generator_cExport-noconfig.cmake
[3.149s] -- Installing: /home/hvakil/ros2_ws/install/neato2_interfaces/share/neato2_interfaces/cmake/export_neato2_interfaces__rosidl_typesupport_fastrtps_cExport.cmake
[3.149s] -- Installing: /home/hvakil/ros2_ws/install/neato2_interfaces/share/neato2_interfaces/cmake/export_neato2_interfaces__rosidl_typesupport_fastrtps_cExport-noconfig.cmake
[3.150s] -- Installing: /home/hvakil/ros2_ws/install/neato2_interfaces/share/neato2_interfaces/cmake/neato2_interfaces__rosidl_typesupport_introspection_cExport.cmake
[3.150s] -- Installing: /home/hvakil/ros2_ws/install/neato2_interfaces/share/neato2_interfaces/cmake/neato2_interfaces__rosidl_typesupport_introspection_cExport-noconfig.cmake
[3.150s] -- Installing: /home/hvakil/ros2_ws/install/neato2_interfaces/share/neato2_interfaces/cmake/neato2_interfaces__rosidl_typesupport_cExport.cmake
[3.150s] -- Installing: /home/hvakil/ros2_ws/install/neato2_interfaces/share/neato2_interfaces/cmake/neato2_interfaces__rosidl_typesupport_cExport-noconfig.cmake
[3.150s] -- Installing: /home/hvakil/ros2_ws/install/neato2_interfaces/share/neato2_interfaces/cmake/export_neato2_interfaces__rosidl_generator_cppExport.cmake
[3.150s] -- Installing: /home/hvakil/ros2_ws/install/neato2_interfaces/share/neato2_interfaces/cmake/export_neato2_interfaces__rosidl_typesupport_fastrtps_cppExport.cmake
[3.150s] -- Installing: /home/hvakil/ros2_ws/install/neato2_interfaces/share/neato2_interfaces/cmake/export_neato2_interfaces__rosidl_typesupport_fastrtps_cppExport-noconfig.cmake
[3.150s] -- Installing: /home/hvakil/ros2_ws/install/neato2_interfaces/share/neato2_interfaces/cmake/neato2_interfaces__rosidl_typesupport_introspection_cppExport.cmake
[3.150s] -- Installing: /home/hvakil/ros2_ws/install/neato2_interfaces/share/neato2_interfaces/cmake/neato2_interfaces__rosidl_typesupport_introspection_cppExport-noconfig.cmake
[3.150s] -- Installing: /home/hvakil/ros2_ws/install/neato2_interfaces/share/neato2_interfaces/cmake/neato2_interfaces__rosidl_typesupport_cppExport.cmake
[3.151s] -- Installing: /home/hvakil/ros2_ws/install/neato2_interfaces/share/neato2_interfaces/cmake/neato2_interfaces__rosidl_typesupport_cppExport-noconfig.cmake
[3.151s] -- Installing: /home/hvakil/ros2_ws/install/neato2_interfaces/share/neato2_interfaces/cmake/export_neato2_interfaces__rosidl_generator_pyExport.cmake
[3.151s] -- Installing: /home/hvakil/ros2_ws/install/neato2_interfaces/share/neato2_interfaces/cmake/export_neato2_interfaces__rosidl_generator_pyExport-noconfig.cmake
[3.153s] Invoked command in '/home/hvakil/ros2_ws/build/neato2_interfaces' returned '0': CMAKE_PREFIX_PATH=/opt/ros/humble /usr/bin/cmake --install /home/hvakil/ros2_ws/build/neato2_interfaces
