[0.185s] DEBUG:colcon:Command line arguments: ['/usr/bin/colcon', 'build', '--symlink-install']
[0.185s] DEBUG:colcon:Parsed command line arguments: Namespace(log_base=None, log_level=None, verb_name='build', build_base='build', install_base='install', merge_install=False, symlink_install=True, test_result_base=None, continue_on_error=False, executor='parallel', parallel_workers=12, event_handlers=None, ignore_user_meta=False, metas=['./colcon.meta'], base_paths=['.'], packages_ignore=None, packages_ignore_regex=None, paths=None, packages_up_to=None, packages_up_to_regex=None, packages_above=None, packages_above_and_dependencies=None, packages_above_depth=None, packages_select_by_dep=None, packages_skip_by_dep=None, packages_skip_up_to=None, packages_select_build_failed=False, packages_skip_build_finished=False, packages_select_test_failures=False, packages_skip_test_passed=False, packages_select=None, packages_skip=None, packages_select_regex=None, packages_skip_regex=None, packages_start=None, packages_end=None, allow_overriding=[], cmake_args=None, cmake_target=None, cmake_target_skip_unavailable=False, cmake_clean_cache=False, cmake_clean_first=False, cmake_force_configure=False, ament_cmake_args=None, catkin_cmake_args=None, catkin_skip_building_tests=False, verb_parser=<colcon_defaults.argument_parser.defaults.DefaultArgumentsDecorator object at 0x7ff27a733e20>, verb_extension=<colcon_core.verb.build.BuildVerb object at 0x7ff27af88670>, main=<bound method BuildVerb.main of <colcon_core.verb.build.BuildVerb object at 0x7ff27af88670>>)
[0.205s] Level 1:colcon.colcon_core.package_discovery:discover_packages(colcon_meta) check parameters
[0.206s] Level 1:colcon.colcon_core.package_discovery:discover_packages(recursive) check parameters
[0.206s] Level 1:colcon.colcon_core.package_discovery:discover_packages(ignore) check parameters
[0.206s] Level 1:colcon.colcon_core.package_discovery:discover_packages(path) check parameters
[0.206s] Level 1:colcon.colcon_core.package_discovery:discover_packages(colcon_meta) discover
[0.206s] Level 1:colcon.colcon_core.package_discovery:discover_packages(recursive) discover
[0.206s] INFO:colcon.colcon_core.package_discovery:Crawling recursively for packages in '/home/hvakil/ros2_ws'
[0.206s] Level 1:colcon.colcon_core.package_identification:_identify(.) by extensions ['ignore', 'ignore_ament_install']
[0.206s] Level 1:colcon.colcon_core.package_identification:_identify(.) by extension 'ignore'
[0.206s] Level 1:colcon.colcon_core.package_identification:_identify(.) by extension 'ignore_ament_install'
[0.206s] Level 1:colcon.colcon_core.package_identification:_identify(.) by extensions ['colcon_pkg']
[0.206s] Level 1:colcon.colcon_core.package_identification:_identify(.) by extension 'colcon_pkg'
[0.206s] Level 1:colcon.colcon_core.package_identification:_identify(.) by extensions ['colcon_meta']
[0.206s] Level 1:colcon.colcon_core.package_identification:_identify(.) by extension 'colcon_meta'
[0.206s] Level 1:colcon.colcon_core.package_identification:_identify(.) by extensions ['ros']
[0.206s] Level 1:colcon.colcon_core.package_identification:_identify(.) by extension 'ros'
[0.213s] Level 1:colcon.colcon_core.package_identification:_identify(.) by extensions ['cmake', 'python']
[0.213s] Level 1:colcon.colcon_core.package_identification:_identify(.) by extension 'cmake'
[0.213s] Level 1:colcon.colcon_core.package_identification:_identify(.) by extension 'python'
[0.213s] Level 1:colcon.colcon_core.package_identification:_identify(.) by extensions ['python_setup_py']
[0.213s] Level 1:colcon.colcon_core.package_identification:_identify(.) by extension 'python_setup_py'
[0.213s] Level 1:colcon.colcon_core.package_identification:_identify(build) by extensions ['ignore', 'ignore_ament_install']
[0.214s] Level 1:colcon.colcon_core.package_identification:_identify(build) by extension 'ignore'
[0.214s] Level 1:colcon.colcon_core.package_identification:_identify(build) ignored
[0.214s] Level 1:colcon.colcon_core.package_identification:_identify(install) by extensions ['ignore', 'ignore_ament_install']
[0.214s] Level 1:colcon.colcon_core.package_identification:_identify(install) by extension 'ignore'
[0.214s] Level 1:colcon.colcon_core.package_identification:_identify(install) ignored
[0.214s] Level 1:colcon.colcon_core.package_identification:_identify(log) by extensions ['ignore', 'ignore_ament_install']
[0.214s] Level 1:colcon.colcon_core.package_identification:_identify(log) by extension 'ignore'
[0.214s] Level 1:colcon.colcon_core.package_identification:_identify(log) ignored
[0.214s] Level 1:colcon.colcon_core.package_identification:_identify(src) by extensions ['ignore', 'ignore_ament_install']
[0.214s] Level 1:colcon.colcon_core.package_identification:_identify(src) by extension 'ignore'
[0.214s] Level 1:colcon.colcon_core.package_identification:_identify(src) by extension 'ignore_ament_install'
[0.214s] Level 1:colcon.colcon_core.package_identification:_identify(src) by extensions ['colcon_pkg']
[0.214s] Level 1:colcon.colcon_core.package_identification:_identify(src) by extension 'colcon_pkg'
[0.214s] Level 1:colcon.colcon_core.package_identification:_identify(src) by extensions ['colcon_meta']
[0.214s] Level 1:colcon.colcon_core.package_identification:_identify(src) by extension 'colcon_meta'
[0.214s] Level 1:colcon.colcon_core.package_identification:_identify(src) by extensions ['ros']
[0.214s] Level 1:colcon.colcon_core.package_identification:_identify(src) by extension 'ros'
[0.214s] Level 1:colcon.colcon_core.package_identification:_identify(src) by extensions ['cmake', 'python']
[0.214s] Level 1:colcon.colcon_core.package_identification:_identify(src) by extension 'cmake'
[0.214s] Level 1:colcon.colcon_core.package_identification:_identify(src) by extension 'python'
[0.214s] Level 1:colcon.colcon_core.package_identification:_identify(src) by extensions ['python_setup_py']
[0.214s] Level 1:colcon.colcon_core.package_identification:_identify(src) by extension 'python_setup_py'
[0.214s] Level 1:colcon.colcon_core.package_identification:_identify(src/neato_packages) by extensions ['ignore', 'ignore_ament_install']
[0.215s] Level 1:colcon.colcon_core.package_identification:_identify(src/neato_packages) by extension 'ignore'
[0.215s] Level 1:colcon.colcon_core.package_identification:_identify(src/neato_packages) by extension 'ignore_ament_install'
[0.215s] Level 1:colcon.colcon_core.package_identification:_identify(src/neato_packages) by extensions ['colcon_pkg']
[0.215s] Level 1:colcon.colcon_core.package_identification:_identify(src/neato_packages) by extension 'colcon_pkg'
[0.215s] Level 1:colcon.colcon_core.package_identification:_identify(src/neato_packages) by extensions ['colcon_meta']
[0.215s] Level 1:colcon.colcon_core.package_identification:_identify(src/neato_packages) by extension 'colcon_meta'
[0.215s] Level 1:colcon.colcon_core.package_identification:_identify(src/neato_packages) by extensions ['ros']
[0.215s] Level 1:colcon.colcon_core.package_identification:_identify(src/neato_packages) by extension 'ros'
[0.215s] Level 1:colcon.colcon_core.package_identification:_identify(src/neato_packages) by extensions ['cmake', 'python']
[0.215s] Level 1:colcon.colcon_core.package_identification:_identify(src/neato_packages) by extension 'cmake'
[0.215s] Level 1:colcon.colcon_core.package_identification:_identify(src/neato_packages) by extension 'python'
[0.215s] Level 1:colcon.colcon_core.package_identification:_identify(src/neato_packages) by extensions ['python_setup_py']
[0.215s] Level 1:colcon.colcon_core.package_identification:_identify(src/neato_packages) by extension 'python_setup_py'
[0.215s] Level 1:colcon.colcon_core.package_identification:_identify(src/neato_packages/fix_scan) by extensions ['ignore', 'ignore_ament_install']
[0.215s] Level 1:colcon.colcon_core.package_identification:_identify(src/neato_packages/fix_scan) by extension 'ignore'
[0.215s] Level 1:colcon.colcon_core.package_identification:_identify(src/neato_packages/fix_scan) by extension 'ignore_ament_install'
[0.215s] Level 1:colcon.colcon_core.package_identification:_identify(src/neato_packages/fix_scan) by extensions ['colcon_pkg']
[0.215s] Level 1:colcon.colcon_core.package_identification:_identify(src/neato_packages/fix_scan) by extension 'colcon_pkg'
[0.215s] Level 1:colcon.colcon_core.package_identification:_identify(src/neato_packages/fix_scan) by extensions ['colcon_meta']
[0.215s] Level 1:colcon.colcon_core.package_identification:_identify(src/neato_packages/fix_scan) by extension 'colcon_meta'
[0.215s] Level 1:colcon.colcon_core.package_identification:_identify(src/neato_packages/fix_scan) by extensions ['ros']
[0.215s] Level 1:colcon.colcon_core.package_identification:_identify(src/neato_packages/fix_scan) by extension 'ros'
[0.217s] DEBUG:colcon.colcon_core.package_identification:Package 'src/neato_packages/fix_scan' with type 'ros.ament_cmake' and name 'fix_scan'
[0.217s] Level 1:colcon.colcon_core.package_identification:_identify(src/neato_packages/neato2_gazebo) by extensions ['ignore', 'ignore_ament_install']
[0.217s] Level 1:colcon.colcon_core.package_identification:_identify(src/neato_packages/neato2_gazebo) by extension 'ignore'
[0.217s] Level 1:colcon.colcon_core.package_identification:_identify(src/neato_packages/neato2_gazebo) by extension 'ignore_ament_install'
[0.217s] Level 1:colcon.colcon_core.package_identification:_identify(src/neato_packages/neato2_gazebo) by extensions ['colcon_pkg']
[0.217s] Level 1:colcon.colcon_core.package_identification:_identify(src/neato_packages/neato2_gazebo) by extension 'colcon_pkg'
[0.217s] Level 1:colcon.colcon_core.package_identification:_identify(src/neato_packages/neato2_gazebo) by extensions ['colcon_meta']
[0.217s] Level 1:colcon.colcon_core.package_identification:_identify(src/neato_packages/neato2_gazebo) by extension 'colcon_meta'
[0.217s] Level 1:colcon.colcon_core.package_identification:_identify(src/neato_packages/neato2_gazebo) by extensions ['ros']
[0.217s] Level 1:colcon.colcon_core.package_identification:_identify(src/neato_packages/neato2_gazebo) by extension 'ros'
[0.218s] DEBUG:colcon.colcon_core.package_identification:Package 'src/neato_packages/neato2_gazebo' with type 'ros.ament_cmake' and name 'neato2_gazebo'
[0.218s] Level 1:colcon.colcon_core.package_identification:_identify(src/neato_packages/neato2_interfaces) by extensions ['ignore', 'ignore_ament_install']
[0.218s] Level 1:colcon.colcon_core.package_identification:_identify(src/neato_packages/neato2_interfaces) by extension 'ignore'
[0.218s] Level 1:colcon.colcon_core.package_identification:_identify(src/neato_packages/neato2_interfaces) by extension 'ignore_ament_install'
[0.218s] Level 1:colcon.colcon_core.package_identification:_identify(src/neato_packages/neato2_interfaces) by extensions ['colcon_pkg']
[0.218s] Level 1:colcon.colcon_core.package_identification:_identify(src/neato_packages/neato2_interfaces) by extension 'colcon_pkg'
[0.218s] Level 1:colcon.colcon_core.package_identification:_identify(src/neato_packages/neato2_interfaces) by extensions ['colcon_meta']
[0.218s] Level 1:colcon.colcon_core.package_identification:_identify(src/neato_packages/neato2_interfaces) by extension 'colcon_meta'
[0.218s] Level 1:colcon.colcon_core.package_identification:_identify(src/neato_packages/neato2_interfaces) by extensions ['ros']
[0.218s] Level 1:colcon.colcon_core.package_identification:_identify(src/neato_packages/neato2_interfaces) by extension 'ros'
[0.219s] DEBUG:colcon.colcon_core.package_identification:Package 'src/neato_packages/neato2_interfaces' with type 'ros.ament_cmake' and name 'neato2_interfaces'
[0.219s] Level 1:colcon.colcon_core.package_identification:_identify(src/neato_packages/neato_node2) by extensions ['ignore', 'ignore_ament_install']
[0.219s] Level 1:colcon.colcon_core.package_identification:_identify(src/neato_packages/neato_node2) by extension 'ignore'
[0.219s] Level 1:colcon.colcon_core.package_identification:_identify(src/neato_packages/neato_node2) by extension 'ignore_ament_install'
[0.219s] Level 1:colcon.colcon_core.package_identification:_identify(src/neato_packages/neato_node2) by extensions ['colcon_pkg']
[0.219s] Level 1:colcon.colcon_core.package_identification:_identify(src/neato_packages/neato_node2) by extension 'colcon_pkg'
[0.219s] Level 1:colcon.colcon_core.package_identification:_identify(src/neato_packages/neato_node2) by extensions ['colcon_meta']
[0.220s] Level 1:colcon.colcon_core.package_identification:_identify(src/neato_packages/neato_node2) by extension 'colcon_meta'
[0.220s] Level 1:colcon.colcon_core.package_identification:_identify(src/neato_packages/neato_node2) by extensions ['ros']
[0.220s] Level 1:colcon.colcon_core.package_identification:_identify(src/neato_packages/neato_node2) by extension 'ros'
[0.220s] DEBUG:colcon.colcon_core.package_identification:Package 'src/neato_packages/neato_node2' with type 'ros.ament_python' and name 'neato_node2'
[0.220s] Level 1:colcon.colcon_core.package_identification:_identify(src/tractor) by extensions ['ignore', 'ignore_ament_install']
[0.220s] Level 1:colcon.colcon_core.package_identification:_identify(src/tractor) by extension 'ignore'
[0.220s] Level 1:colcon.colcon_core.package_identification:_identify(src/tractor) by extension 'ignore_ament_install'
[0.220s] Level 1:colcon.colcon_core.package_identification:_identify(src/tractor) by extensions ['colcon_pkg']
[0.220s] Level 1:colcon.colcon_core.package_identification:_identify(src/tractor) by extension 'colcon_pkg'
[0.220s] Level 1:colcon.colcon_core.package_identification:_identify(src/tractor) by extensions ['colcon_meta']
[0.220s] Level 1:colcon.colcon_core.package_identification:_identify(src/tractor) by extension 'colcon_meta'
[0.220s] Level 1:colcon.colcon_core.package_identification:_identify(src/tractor) by extensions ['ros']
[0.220s] Level 1:colcon.colcon_core.package_identification:_identify(src/tractor) by extension 'ros'
[0.220s] Level 1:colcon.colcon_core.package_identification:_identify(src/tractor) by extensions ['cmake', 'python']
[0.220s] Level 1:colcon.colcon_core.package_identification:_identify(src/tractor) by extension 'cmake'
[0.220s] Level 1:colcon.colcon_core.package_identification:_identify(src/tractor) by extension 'python'
[0.221s] Level 1:colcon.colcon_core.package_identification:_identify(src/tractor) by extensions ['python_setup_py']
[0.221s] Level 1:colcon.colcon_core.package_identification:_identify(src/tractor) by extension 'python_setup_py'
[0.221s] Level 1:colcon.colcon_core.package_identification:_identify(src/tractor/write_to_tractor) by extensions ['ignore', 'ignore_ament_install']
[0.221s] Level 1:colcon.colcon_core.package_identification:_identify(src/tractor/write_to_tractor) by extension 'ignore'
[0.221s] Level 1:colcon.colcon_core.package_identification:_identify(src/tractor/write_to_tractor) by extension 'ignore_ament_install'
[0.221s] Level 1:colcon.colcon_core.package_identification:_identify(src/tractor/write_to_tractor) by extensions ['colcon_pkg']
[0.221s] Level 1:colcon.colcon_core.package_identification:_identify(src/tractor/write_to_tractor) by extension 'colcon_pkg'
[0.221s] Level 1:colcon.colcon_core.package_identification:_identify(src/tractor/write_to_tractor) by extensions ['colcon_meta']
[0.221s] Level 1:colcon.colcon_core.package_identification:_identify(src/tractor/write_to_tractor) by extension 'colcon_meta'
[0.221s] Level 1:colcon.colcon_core.package_identification:_identify(src/tractor/write_to_tractor) by extensions ['ros']
[0.221s] Level 1:colcon.colcon_core.package_identification:_identify(src/tractor/write_to_tractor) by extension 'ros'
[0.221s] DEBUG:colcon.colcon_core.package_identification:Failed to parse potential ROS package manifest in'src/tractor/write_to_tractor': Error(s) in package 'src/tractor/write_to_tractor/package.xml':
The manifest contains invalid XML:
no element found: line 1, column 0
[0.221s] Level 1:colcon.colcon_core.package_identification:_identify(src/tractor/write_to_tractor) by extensions ['cmake', 'python']
[0.221s] Level 1:colcon.colcon_core.package_identification:_identify(src/tractor/write_to_tractor) by extension 'cmake'
[0.221s] Level 1:colcon.colcon_core.package_identification:_identify(src/tractor/write_to_tractor) by extension 'python'
[0.221s] DEBUG:colcon.colcon_core.package_identification:Python package in 'src/tractor/write_to_tractor' passes arguments to the setup() function which requires a different identification extension than 'python'
[0.221s] Level 1:colcon.colcon_core.package_identification:_identify(src/tractor/write_to_tractor) by extensions ['python_setup_py']
[0.221s] Level 1:colcon.colcon_core.package_identification:_identify(src/tractor/write_to_tractor) by extension 'python_setup_py'
[0.370s] ERROR:colcon.colcon_core.package_identification:Exception in package identification extension 'python_setup_py' in 'src/tractor/write_to_tractor': Command '['/usr/bin/python3', '-c', 'import sys;from contextlib import suppress;exec("with suppress(ImportError):    from setuptools.extern.packaging.specifiers    import SpecifierSet");exec("with suppress(ImportError):    from packaging.specifiers import SpecifierSet");from distutils.core import run_setup;dist = run_setup(    \'setup.py\', script_args=(\'--dry-run\',), stop_after=\'config\');skip_keys = (\'cmdclass\', \'distclass\', \'ext_modules\', \'metadata\');data = {    key: value for key, value in dist.__dict__.items()     if (        not key.startswith(\'_\') and         not callable(value) and         key not in skip_keys and         key not in dist.display_option_names    )};data[\'metadata\'] = {    k: v for k, v in dist.metadata.__dict__.items()     if k not in (\'license_files\', \'provides_extras\')};sys.stdout.buffer.write(repr(data).encode(\'utf-8\'))']' returned non-zero exit status 1.
Traceback (most recent call last):
  File "/usr/lib/python3/dist-packages/colcon_core/package_identification/__init__.py", line 142, in _identify
    retval = extension.identify(_reused_descriptor_instance)
  File "/usr/lib/python3/dist-packages/colcon_python_setup_py/package_identification/python_setup_py.py", line 48, in identify
    config = get_setup_information(setup_py)
  File "/usr/lib/python3/dist-packages/colcon_python_setup_py/package_identification/python_setup_py.py", line 241, in get_setup_information
    _setup_information_cache[hashable_env] = _get_setup_information(
  File "/usr/lib/python3/dist-packages/colcon_python_setup_py/package_identification/python_setup_py.py", line 288, in _get_setup_information
    result = subprocess.run(
  File "/usr/lib/python3.10/subprocess.py", line 524, in run
    raise CalledProcessError(retcode, process.args,
subprocess.CalledProcessError: Command '['/usr/bin/python3', '-c', 'import sys;from contextlib import suppress;exec("with suppress(ImportError):    from setuptools.extern.packaging.specifiers    import SpecifierSet");exec("with suppress(ImportError):    from packaging.specifiers import SpecifierSet");from distutils.core import run_setup;dist = run_setup(    \'setup.py\', script_args=(\'--dry-run\',), stop_after=\'config\');skip_keys = (\'cmdclass\', \'distclass\', \'ext_modules\', \'metadata\');data = {    key: value for key, value in dist.__dict__.items()     if (        not key.startswith(\'_\') and         not callable(value) and         key not in skip_keys and         key not in dist.display_option_names    )};data[\'metadata\'] = {    k: v for k, v in dist.metadata.__dict__.items()     if k not in (\'license_files\', \'provides_extras\')};sys.stdout.buffer.write(repr(data).encode(\'utf-8\'))']' returned non-zero exit status 1.

[0.370s] Level 1:colcon.colcon_core.package_identification:_identify(src/tractor/write_to_tractor/launch) by extensions ['ignore', 'ignore_ament_install']
[0.370s] Level 1:colcon.colcon_core.package_identification:_identify(src/tractor/write_to_tractor/launch) by extension 'ignore'
[0.370s] Level 1:colcon.colcon_core.package_identification:_identify(src/tractor/write_to_tractor/launch) by extension 'ignore_ament_install'
[0.370s] Level 1:colcon.colcon_core.package_identification:_identify(src/tractor/write_to_tractor/launch) by extensions ['colcon_pkg']
[0.370s] Level 1:colcon.colcon_core.package_identification:_identify(src/tractor/write_to_tractor/launch) by extension 'colcon_pkg'
[0.370s] Level 1:colcon.colcon_core.package_identification:_identify(src/tractor/write_to_tractor/launch) by extensions ['colcon_meta']
[0.370s] Level 1:colcon.colcon_core.package_identification:_identify(src/tractor/write_to_tractor/launch) by extension 'colcon_meta'
[0.370s] Level 1:colcon.colcon_core.package_identification:_identify(src/tractor/write_to_tractor/launch) by extensions ['ros']
[0.370s] Level 1:colcon.colcon_core.package_identification:_identify(src/tractor/write_to_tractor/launch) by extension 'ros'
[0.370s] Level 1:colcon.colcon_core.package_identification:_identify(src/tractor/write_to_tractor/launch) by extensions ['cmake', 'python']
[0.370s] Level 1:colcon.colcon_core.package_identification:_identify(src/tractor/write_to_tractor/launch) by extension 'cmake'
[0.370s] Level 1:colcon.colcon_core.package_identification:_identify(src/tractor/write_to_tractor/launch) by extension 'python'
[0.370s] Level 1:colcon.colcon_core.package_identification:_identify(src/tractor/write_to_tractor/launch) by extensions ['python_setup_py']
[0.370s] Level 1:colcon.colcon_core.package_identification:_identify(src/tractor/write_to_tractor/launch) by extension 'python_setup_py'
[0.370s] Level 1:colcon.colcon_core.package_identification:_identify(src/tractor/write_to_tractor/write_to_tractor) by extensions ['ignore', 'ignore_ament_install']
[0.371s] Level 1:colcon.colcon_core.package_identification:_identify(src/tractor/write_to_tractor/write_to_tractor) by extension 'ignore'
[0.371s] Level 1:colcon.colcon_core.package_identification:_identify(src/tractor/write_to_tractor/write_to_tractor) by extension 'ignore_ament_install'
[0.371s] Level 1:colcon.colcon_core.package_identification:_identify(src/tractor/write_to_tractor/write_to_tractor) by extensions ['colcon_pkg']
[0.371s] Level 1:colcon.colcon_core.package_identification:_identify(src/tractor/write_to_tractor/write_to_tractor) by extension 'colcon_pkg'
[0.371s] Level 1:colcon.colcon_core.package_identification:_identify(src/tractor/write_to_tractor/write_to_tractor) by extensions ['colcon_meta']
[0.371s] Level 1:colcon.colcon_core.package_identification:_identify(src/tractor/write_to_tractor/write_to_tractor) by extension 'colcon_meta'
[0.371s] Level 1:colcon.colcon_core.package_identification:_identify(src/tractor/write_to_tractor/write_to_tractor) by extensions ['ros']
[0.371s] Level 1:colcon.colcon_core.package_identification:_identify(src/tractor/write_to_tractor/write_to_tractor) by extension 'ros'
[0.371s] Level 1:colcon.colcon_core.package_identification:_identify(src/tractor/write_to_tractor/write_to_tractor) by extensions ['cmake', 'python']
[0.371s] Level 1:colcon.colcon_core.package_identification:_identify(src/tractor/write_to_tractor/write_to_tractor) by extension 'cmake'
[0.371s] Level 1:colcon.colcon_core.package_identification:_identify(src/tractor/write_to_tractor/write_to_tractor) by extension 'python'
[0.371s] Level 1:colcon.colcon_core.package_identification:_identify(src/tractor/write_to_tractor/write_to_tractor) by extensions ['python_setup_py']
[0.371s] Level 1:colcon.colcon_core.package_identification:_identify(src/tractor/write_to_tractor/write_to_tractor) by extension 'python_setup_py'
[0.371s] Level 1:colcon.colcon_core.package_discovery:discover_packages(recursive) using defaults
[0.371s] Level 1:colcon.colcon_core.package_discovery:discover_packages(ignore) discover
[0.371s] Level 1:colcon.colcon_core.package_discovery:discover_packages(ignore) using defaults
[0.371s] Level 1:colcon.colcon_core.package_discovery:discover_packages(path) discover
[0.371s] Level 1:colcon.colcon_core.package_discovery:discover_packages(path) using defaults
[0.387s] Level 1:colcon.colcon_core.package_discovery:discover_packages(prefix_path) check parameters
[0.387s] Level 1:colcon.colcon_core.package_discovery:discover_packages(prefix_path) discover
[0.387s] Level 1:colcon.colcon_core.package_discovery:discover_packages(prefix_path) using defaults
[0.389s] Level 5:colcon.colcon_core.verb:set package 'fix_scan' build argument 'cmake_args' from command line to 'None'
[0.389s] Level 5:colcon.colcon_core.verb:set package 'fix_scan' build argument 'cmake_target' from command line to 'None'
[0.389s] Level 5:colcon.colcon_core.verb:set package 'fix_scan' build argument 'cmake_target_skip_unavailable' from command line to 'False'
[0.389s] Level 5:colcon.colcon_core.verb:set package 'fix_scan' build argument 'cmake_clean_cache' from command line to 'False'
[0.389s] Level 5:colcon.colcon_core.verb:set package 'fix_scan' build argument 'cmake_clean_first' from command line to 'False'
[0.389s] Level 5:colcon.colcon_core.verb:set package 'fix_scan' build argument 'cmake_force_configure' from command line to 'False'
[0.389s] Level 5:colcon.colcon_core.verb:set package 'fix_scan' build argument 'ament_cmake_args' from command line to 'None'
[0.389s] Level 5:colcon.colcon_core.verb:set package 'fix_scan' build argument 'catkin_cmake_args' from command line to 'None'
[0.389s] Level 5:colcon.colcon_core.verb:set package 'fix_scan' build argument 'catkin_skip_building_tests' from command line to 'False'
[0.389s] DEBUG:colcon.colcon_core.verb:Building package 'fix_scan' with the following arguments: {'ament_cmake_args': None, 'build_base': '/home/hvakil/ros2_ws/build/fix_scan', 'catkin_cmake_args': None, 'catkin_skip_building_tests': False, 'cmake_args': None, 'cmake_clean_cache': False, 'cmake_clean_first': False, 'cmake_force_configure': False, 'cmake_target': None, 'cmake_target_skip_unavailable': False, 'install_base': '/home/hvakil/ros2_ws/install/fix_scan', 'merge_install': False, 'path': '/home/hvakil/ros2_ws/src/neato_packages/fix_scan', 'symlink_install': True, 'test_result_base': None}
[0.389s] Level 5:colcon.colcon_core.verb:set package 'neato2_interfaces' build argument 'cmake_args' from command line to 'None'
[0.389s] Level 5:colcon.colcon_core.verb:set package 'neato2_interfaces' build argument 'cmake_target' from command line to 'None'
[0.390s] Level 5:colcon.colcon_core.verb:set package 'neato2_interfaces' build argument 'cmake_target_skip_unavailable' from command line to 'False'
[0.390s] Level 5:colcon.colcon_core.verb:set package 'neato2_interfaces' build argument 'cmake_clean_cache' from command line to 'False'
[0.390s] Level 5:colcon.colcon_core.verb:set package 'neato2_interfaces' build argument 'cmake_clean_first' from command line to 'False'
[0.390s] Level 5:colcon.colcon_core.verb:set package 'neato2_interfaces' build argument 'cmake_force_configure' from command line to 'False'
[0.390s] Level 5:colcon.colcon_core.verb:set package 'neato2_interfaces' build argument 'ament_cmake_args' from command line to 'None'
[0.390s] Level 5:colcon.colcon_core.verb:set package 'neato2_interfaces' build argument 'catkin_cmake_args' from command line to 'None'
[0.390s] Level 5:colcon.colcon_core.verb:set package 'neato2_interfaces' build argument 'catkin_skip_building_tests' from command line to 'False'
[0.390s] DEBUG:colcon.colcon_core.verb:Building package 'neato2_interfaces' with the following arguments: {'ament_cmake_args': None, 'build_base': '/home/hvakil/ros2_ws/build/neato2_interfaces', 'catkin_cmake_args': None, 'catkin_skip_building_tests': False, 'cmake_args': None, 'cmake_clean_cache': False, 'cmake_clean_first': False, 'cmake_force_configure': False, 'cmake_target': None, 'cmake_target_skip_unavailable': False, 'install_base': '/home/hvakil/ros2_ws/install/neato2_interfaces', 'merge_install': False, 'path': '/home/hvakil/ros2_ws/src/neato_packages/neato2_interfaces', 'symlink_install': True, 'test_result_base': None}
[0.390s] Level 5:colcon.colcon_core.verb:set package 'neato2_gazebo' build argument 'cmake_args' from command line to 'None'
[0.390s] Level 5:colcon.colcon_core.verb:set package 'neato2_gazebo' build argument 'cmake_target' from command line to 'None'
[0.390s] Level 5:colcon.colcon_core.verb:set package 'neato2_gazebo' build argument 'cmake_target_skip_unavailable' from command line to 'False'
[0.390s] Level 5:colcon.colcon_core.verb:set package 'neato2_gazebo' build argument 'cmake_clean_cache' from command line to 'False'
[0.390s] Level 5:colcon.colcon_core.verb:set package 'neato2_gazebo' build argument 'cmake_clean_first' from command line to 'False'
[0.390s] Level 5:colcon.colcon_core.verb:set package 'neato2_gazebo' build argument 'cmake_force_configure' from command line to 'False'
[0.390s] Level 5:colcon.colcon_core.verb:set package 'neato2_gazebo' build argument 'ament_cmake_args' from command line to 'None'
[0.390s] Level 5:colcon.colcon_core.verb:set package 'neato2_gazebo' build argument 'catkin_cmake_args' from command line to 'None'
[0.390s] Level 5:colcon.colcon_core.verb:set package 'neato2_gazebo' build argument 'catkin_skip_building_tests' from command line to 'False'
[0.390s] DEBUG:colcon.colcon_core.verb:Building package 'neato2_gazebo' with the following arguments: {'ament_cmake_args': None, 'build_base': '/home/hvakil/ros2_ws/build/neato2_gazebo', 'catkin_cmake_args': None, 'catkin_skip_building_tests': False, 'cmake_args': None, 'cmake_clean_cache': False, 'cmake_clean_first': False, 'cmake_force_configure': False, 'cmake_target': None, 'cmake_target_skip_unavailable': False, 'install_base': '/home/hvakil/ros2_ws/install/neato2_gazebo', 'merge_install': False, 'path': '/home/hvakil/ros2_ws/src/neato_packages/neato2_gazebo', 'symlink_install': True, 'test_result_base': None}
[0.391s] Level 5:colcon.colcon_core.verb:set package 'neato_node2' build argument 'cmake_args' from command line to 'None'
[0.391s] Level 5:colcon.colcon_core.verb:set package 'neato_node2' build argument 'cmake_target' from command line to 'None'
[0.391s] Level 5:colcon.colcon_core.verb:set package 'neato_node2' build argument 'cmake_target_skip_unavailable' from command line to 'False'
[0.391s] Level 5:colcon.colcon_core.verb:set package 'neato_node2' build argument 'cmake_clean_cache' from command line to 'False'
[0.391s] Level 5:colcon.colcon_core.verb:set package 'neato_node2' build argument 'cmake_clean_first' from command line to 'False'
[0.391s] Level 5:colcon.colcon_core.verb:set package 'neato_node2' build argument 'cmake_force_configure' from command line to 'False'
[0.391s] Level 5:colcon.colcon_core.verb:set package 'neato_node2' build argument 'ament_cmake_args' from command line to 'None'
[0.391s] Level 5:colcon.colcon_core.verb:set package 'neato_node2' build argument 'catkin_cmake_args' from command line to 'None'
[0.391s] Level 5:colcon.colcon_core.verb:set package 'neato_node2' build argument 'catkin_skip_building_tests' from command line to 'False'
[0.391s] DEBUG:colcon.colcon_core.verb:Building package 'neato_node2' with the following arguments: {'ament_cmake_args': None, 'build_base': '/home/hvakil/ros2_ws/build/neato_node2', 'catkin_cmake_args': None, 'catkin_skip_building_tests': False, 'cmake_args': None, 'cmake_clean_cache': False, 'cmake_clean_first': False, 'cmake_force_configure': False, 'cmake_target': None, 'cmake_target_skip_unavailable': False, 'install_base': '/home/hvakil/ros2_ws/install/neato_node2', 'merge_install': False, 'path': '/home/hvakil/ros2_ws/src/neato_packages/neato_node2', 'symlink_install': True, 'test_result_base': None}
[0.392s] INFO:colcon.colcon_core.executor:Executing jobs using 'parallel' executor
[0.394s] DEBUG:colcon.colcon_parallel_executor.executor.parallel:run_until_complete
[0.394s] INFO:colcon.colcon_ros.task.ament_cmake.build:Building ROS package in '/home/hvakil/ros2_ws/src/neato_packages/neato2_interfaces' with build type 'ament_cmake'
[0.394s] INFO:colcon.colcon_cmake.task.cmake.build:Building CMake package in '/home/hvakil/ros2_ws/src/neato_packages/neato2_interfaces'
[0.397s] INFO:colcon.colcon_core.plugin_system:Skipping extension 'colcon_core.shell.bat': Not used on non-Windows systems
[0.397s] INFO:colcon.colcon_core.shell:Skip shell extension 'powershell' for command environment: Not usable outside of PowerShell
[0.397s] DEBUG:colcon.colcon_core.shell:Skip shell extension 'dsv' for command environment
[0.398s] INFO:colcon.colcon_ros.task.ament_cmake.build:Building ROS package in '/home/hvakil/ros2_ws/src/neato_packages/fix_scan' with build type 'ament_cmake'
[0.398s] INFO:colcon.colcon_cmake.task.cmake.build:Building CMake package in '/home/hvakil/ros2_ws/src/neato_packages/fix_scan'
[0.399s] INFO:colcon.colcon_core.shell:Skip shell extension 'powershell' for command environment: Not usable outside of PowerShell
[0.399s] DEBUG:colcon.colcon_core.shell:Skip shell extension 'dsv' for command environment
[0.403s] DEBUG:colcon.colcon_core.event_handler.log_command:Invoking command in '/home/hvakil/ros2_ws/build/neato2_interfaces': /usr/bin/cmake /home/hvakil/ros2_ws/src/neato_packages/neato2_interfaces -DAMENT_CMAKE_SYMLINK_INSTALL=1 -DCMAKE_INSTALL_PREFIX=/home/hvakil/ros2_ws/install/neato2_interfaces
[0.406s] DEBUG:colcon.colcon_core.event_handler.log_command:Invoking command in '/home/hvakil/ros2_ws/build/fix_scan': /usr/bin/cmake /home/hvakil/ros2_ws/src/neato_packages/fix_scan -DAMENT_CMAKE_SYMLINK_INSTALL=1 -DCMAKE_INSTALL_PREFIX=/home/hvakil/ros2_ws/install/fix_scan
[0.522s] DEBUG:colcon.colcon_core.event_handler.log_command:Invoked command in '/home/hvakil/ros2_ws/build/fix_scan' returned '1': /usr/bin/cmake /home/hvakil/ros2_ws/src/neato_packages/fix_scan -DAMENT_CMAKE_SYMLINK_INSTALL=1 -DCMAKE_INSTALL_PREFIX=/home/hvakil/ros2_ws/install/fix_scan
[0.523s] DEBUG:colcon.colcon_core.event_handler.log_command:Invoked command in '/home/hvakil/ros2_ws/build/neato2_interfaces' returned '1': /usr/bin/cmake /home/hvakil/ros2_ws/src/neato_packages/neato2_interfaces -DAMENT_CMAKE_SYMLINK_INSTALL=1 -DCMAKE_INSTALL_PREFIX=/home/hvakil/ros2_ws/install/neato2_interfaces
[0.530s] Level 1:colcon.colcon_core.environment:create_environment_scripts_only(fix_scan)
[0.534s] Level 1:colcon.colcon_core.environment:checking '/home/hvakil/ros2_ws/install/fix_scan' for CMake module files
[0.534s] Level 1:colcon.colcon_core.environment:checking '/home/hvakil/ros2_ws/install/fix_scan' for CMake config files
[0.534s] Level 1:colcon.colcon_core.environment:checking '/home/hvakil/ros2_ws/install/fix_scan/bin'
[0.534s] Level 1:colcon.colcon_core.environment:checking '/home/hvakil/ros2_ws/install/fix_scan/lib/pkgconfig/fix_scan.pc'
[0.535s] Level 1:colcon.colcon_core.environment:checking '/home/hvakil/ros2_ws/install/fix_scan/lib/python3.10/site-packages'
[0.535s] Level 1:colcon.colcon_core.environment:checking '/home/hvakil/ros2_ws/install/fix_scan/bin'
[0.536s] INFO:colcon.colcon_core.shell:Creating package script '/home/hvakil/ros2_ws/install/fix_scan/share/fix_scan/package.ps1'
[0.537s] INFO:colcon.colcon_core.shell:Creating package descriptor '/home/hvakil/ros2_ws/install/fix_scan/share/fix_scan/package.dsv'
[0.537s] INFO:colcon.colcon_core.shell:Creating package script '/home/hvakil/ros2_ws/install/fix_scan/share/fix_scan/package.sh'
[0.537s] INFO:colcon.colcon_core.shell:Creating package script '/home/hvakil/ros2_ws/install/fix_scan/share/fix_scan/package.bash'
[0.538s] INFO:colcon.colcon_core.shell:Creating package script '/home/hvakil/ros2_ws/install/fix_scan/share/fix_scan/package.zsh'
[0.538s] Level 1:colcon.colcon_core.environment:create_file_with_runtime_dependencies(/home/hvakil/ros2_ws/install/fix_scan/share/colcon-core/packages/fix_scan)
[0.549s] DEBUG:colcon.colcon_parallel_executor.executor.parallel:closing loop
[0.549s] DEBUG:colcon.colcon_parallel_executor.executor.parallel:loop closed
[0.549s] DEBUG:colcon.colcon_parallel_executor.executor.parallel:run_until_complete finished with '1'
[0.549s] DEBUG:colcon.colcon_core.event_reactor:joining thread
[0.553s] INFO:colcon.colcon_core.plugin_system:Skipping extension 'colcon_notification.desktop_notification.terminal_notifier': Not used on non-Darwin systems
[0.553s] INFO:colcon.colcon_core.plugin_system:Skipping extension 'colcon_notification.desktop_notification.win32': Not used on non-Windows systems
[0.553s] INFO:colcon.colcon_notification.desktop_notification:Sending desktop notification using 'notify2'
[0.561s] DEBUG:colcon.colcon_core.event_reactor:joined thread
[0.562s] INFO:colcon.colcon_core.shell:Creating prefix script '/home/hvakil/ros2_ws/install/local_setup.ps1'
[0.563s] INFO:colcon.colcon_core.shell:Creating prefix util module '/home/hvakil/ros2_ws/install/_local_setup_util_ps1.py'
[0.564s] INFO:colcon.colcon_core.shell:Creating prefix chain script '/home/hvakil/ros2_ws/install/setup.ps1'
[0.565s] INFO:colcon.colcon_core.shell:Creating prefix script '/home/hvakil/ros2_ws/install/local_setup.sh'
[0.565s] INFO:colcon.colcon_core.shell:Creating prefix util module '/home/hvakil/ros2_ws/install/_local_setup_util_sh.py'
[0.565s] INFO:colcon.colcon_core.shell:Creating prefix chain script '/home/hvakil/ros2_ws/install/setup.sh'
[0.566s] INFO:colcon.colcon_core.shell:Creating prefix script '/home/hvakil/ros2_ws/install/local_setup.bash'
[0.566s] INFO:colcon.colcon_core.shell:Creating prefix chain script '/home/hvakil/ros2_ws/install/setup.bash'
[0.567s] INFO:colcon.colcon_core.shell:Creating prefix script '/home/hvakil/ros2_ws/install/local_setup.zsh'
[0.567s] INFO:colcon.colcon_core.shell:Creating prefix chain script '/home/hvakil/ros2_ws/install/setup.zsh'
