[2.893s] Invoking command in '/home/hvakil/src/Olin_Robotics_Gator_Research/tractor/ros2_ws/build/my_package': PYTHONPATH=/home/hvakil/src/Olin_Robotics_Gator_Research/tractor/ros2_ws/build/my_package/prefix_override:/home/hvakil/src/Olin_Robotics_Gator_Research/tractor/ros2_ws/install/my_package/lib/python3.10/site-packages:${PYTHONPATH} /usr/bin/python3 setup.py develop --editable --build-directory /home/hvakil/src/Olin_Robotics_Gator_Research/tractor/ros2_ws/build/my_package/build --no-deps install_data
[3.757s] running develop
[3.758s] /usr/lib/python3/dist-packages/setuptools/command/easy_install.py:158: EasyInstallDeprecationWarning: easy_install command is deprecated. Use build and pip and other standards-based tools.
[3.758s]   warnings.warn(
[3.760s] /usr/lib/python3/dist-packages/setuptools/command/install.py:34: SetuptoolsDeprecationWarning: setup.py install is deprecated. Use build and pip and other standards-based tools.
[3.760s]   warnings.warn(
[3.923s] /usr/lib/python3/dist-packages/pkg_resources/__init__.py:116: PkgResourcesDeprecationWarning: 1.16.0-unknown is an invalid version and will not be supported in a future release
[3.923s]   warnings.warn(
[3.924s] /usr/lib/python3/dist-packages/pkg_resources/__init__.py:116: PkgResourcesDeprecationWarning: 0.1.43ubuntu1 is an invalid version and will not be supported in a future release
[3.924s]   warnings.warn(
[3.924s] /usr/lib/python3/dist-packages/pkg_resources/__init__.py:116: PkgResourcesDeprecationWarning: 1.1build1 is an invalid version and will not be supported in a future release
[3.924s]   warnings.warn(
[4.213s] running egg_info
[4.213s] writing my_package.egg-info/PKG-INFO
[4.214s] writing dependency_links to my_package.egg-info/dependency_links.txt
[4.214s] writing entry points to my_package.egg-info/entry_points.txt
[4.214s] writing requirements to my_package.egg-info/requires.txt
[4.214s] writing top-level names to my_package.egg-info/top_level.txt
[4.226s] reading manifest file 'my_package.egg-info/SOURCES.txt'
[4.227s] writing manifest file 'my_package.egg-info/SOURCES.txt'
[4.235s] running build_ext
[4.236s] Creating /home/hvakil/src/Olin_Robotics_Gator_Research/tractor/ros2_ws/install/my_package/lib/python3.10/site-packages/my-package.egg-link (link to .)
[4.237s] Installing my_node script to /home/hvakil/src/Olin_Robotics_Gator_Research/tractor/ros2_ws/install/my_package/lib/my_package
[4.237s] 
[4.238s] Installed /home/hvakil/src/Olin_Robotics_Gator_Research/tractor/ros2_ws/build/my_package
[4.238s] running install_data
[4.304s] Invoked command in '/home/hvakil/src/Olin_Robotics_Gator_Research/tractor/ros2_ws/build/my_package' returned '0': PYTHONPATH=/home/hvakil/src/Olin_Robotics_Gator_Research/tractor/ros2_ws/build/my_package/prefix_override:/home/hvakil/src/Olin_Robotics_Gator_Research/tractor/ros2_ws/install/my_package/lib/python3.10/site-packages:${PYTHONPATH} /usr/bin/python3 setup.py develop --editable --build-directory /home/hvakil/src/Olin_Robotics_Gator_Research/tractor/ros2_ws/build/my_package/build --no-deps install_data
