[1.137s] Invoking command in '/home/hvakil/ros2_ws/src/build/direction_interfaces': CMAKE_PREFIX_PATH=${CMAKE_PREFIX_PATH}:/home/hvakil/ros2_ws/install/write_to_tractor:/home/hvakil/ros2_humble/install/rqt_bag_plugins:/home/hvakil/ros2_humble/install/rqt_bag:/home/hvakil/ros2_humble/install/ros2bag:/home/hvakil/ros2_humble/install/tracetools_test:/home/hvakil/ros2_humble/install/tracetools_launch:/home/hvakil/ros2_humble/install/topic_monitor:/home/hvakil/ros2_humble/install/tf2_tools:/home/hvakil/ros2_humble/install/examples_tf2_py:/home/hvakil/ros2_humble/install/tf2_ros_py:/home/hvakil/ros2_humble/install/sros2:/home/hvakil/ros2_humble/install/rqt_topic:/home/hvakil/ros2_humble/install/rqt_srv:/home/hvakil/ros2_humble/install/rqt_shell:/home/hvakil/ros2_humble/install/rqt_service_caller:/home/hvakil/ros2_humble/install/rqt_reconfigure:/home/hvakil/ros2_humble/install/rqt_py_console:/home/hvakil/ros2_humble/install/rqt_publisher:/home/hvakil/ros2_humble/install/rqt_plot:/home/hvakil/ros2_humble/install/rqt_action:/home/hvakil/ros2_humble/install/rqt_msg:/home/hvakil/ros2_humble/install/rqt_console:/home/hvakil/ros2_humble/install/rqt:/home/hvakil/ros2_humble/install/rqt_graph:/home/hvakil/ros2_humble/install/rqt_gui_py:/home/hvakil/ros2_humble/install/rqt_gui:/home/hvakil/ros2_humble/install/ros2trace:/home/hvakil/ros2_humble/install/ros2topic:/home/hvakil/ros2_humble/install/ros2test:/home/hvakil/ros2_humble/install/ros2component:/home/hvakil/ros2_humble/install/ros2param:/home/hvakil/ros2_humble/install/ros2lifecycle:/home/hvakil/ros2_humble/install/ros2service:/home/hvakil/ros2_humble/install/ros2run:/home/hvakil/ros2_humble/install/ros2launch:/home/hvakil/ros2_humble/install/ros2pkg:/home/hvakil/ros2_humble/install/ros2node:/home/hvakil/ros2_humble/install/ros2multicast:/home/hvakil/ros2_humble/install/ros2interface:/home/hvakil/ros2_humble/install/ros2doctor:/home/hvakil/ros2_humble/install/ros2action:/home/hvakil/ros2_humble/install/ros2cli:/home/hvakil/ros2_humble/install/quality_of_service_demo_py:/home/hvakil/ros2_humble/install/lifecycle_py:/home/hvakil/ros2_humble/install/launch_testing_ros:/home/hvakil/ros2_humble/install/launch_ros:/home/hvakil/ros2_humble/install/examples_rclpy_pointcloud_publisher:/home/hvakil/ros2_humble/install/examples_rclpy_minimal_subscriber:/home/hvakil/ros2_humble/install/examples_rclpy_minimal_service:/home/hvakil/ros2_humble/install/examples_rclpy_minimal_publisher:/home/hvakil/ros2_humble/install/examples_rclpy_minimal_client:/home/hvakil/ros2_humble/install/examples_rclpy_minimal_action_server:/home/hvakil/ros2_humble/install/examples_rclpy_minimal_action_client:/home/hvakil/ros2_humble/install/examples_rclpy_guard_conditions:/home/hvakil/ros2_humble/install/examples_rclpy_executors:/home/hvakil/ros2_humble/install/demo_nodes_py:/home/hvakil/ros2_humble/install/action_tutorials_py:/home/hvakil/ros2_humble/install/ament_uncrustify:/home/hvakil/ros2_humble/install/tracetools_trace:/home/hvakil/ros2_humble/install/tracetools_read:/home/hvakil/ros2_humble/install/test_tracetools_launch:/home/hvakil/ros2_humble/install/test_launch_ros:/home/hvakil/ros2_humble/install/sensor_msgs_py:/home/hvakil/ros2_humble/install/rpyutils:/home/hvakil/ros2_humble/install/rosidl_runtime_py:/home/hvakil/ros2_humble/install/rosidl_cli:/home/hvakil/ros2_humble/install/launch_pytest:/home/hvakil/ros2_humble/install/launch_testing:/home/hvakil/ros2_humble/install/launch_yaml:/home/hvakil/ros2_humble/install/launch_xml:/home/hvakil/ros2_humble/install/launch:/home/hvakil/ros2_humble/install/osrf_pycommon:/home/hvakil/ros2_humble/install/launch_testing_examples:/home/hvakil/ros2_humble/install/domain_coordinator:/home/hvakil/ros2_humble/install/ament_xmllint:/home/hvakil/ros2_humble/install/ament_pyflakes:/home/hvakil/ros2_humble/install/ament_pycodestyle:/home/hvakil/ros2_humble/install/ament_pep257:/home/hvakil/ros2_humble/install/ament_pclint:/home/hvakil/ros2_humble/install/ament_package:/home/hvakil/ros2_humble/install/ament_mypy:/home/hvakil/ros2_humble/install/ament_lint_cmake:/home/hvakil/ros2_humble/install/ament_flake8:/home/hvakil/ros2_humble/install/ament_copyright:/home/hvakil/ros2_humble/install/ament_lint:/home/hvakil/ros2_humble/install/ament_index_python:/home/hvakil/ros2_humble/install/ament_cpplint:/home/hvakil/ros2_humble/install/ament_cppcheck:/home/hvakil/ros2_humble/install/ament_clang_tidy:/home/hvakil/ros2_humble/install/ament_clang_format /usr/bin/cmake --build /home/hvakil/ros2_ws/src/build/direction_interfaces -- -j12 -l12
[2.543s] [  9%] Built target direction_interfaces__rosidl_generator_c
[2.543s] [ 12%] Built target direction_interfaces__cpp
[2.544s] [ 12%] Built target ament_cmake_python_symlink_direction_interfaces
[2.544s] [ 22%] Built target direction_interfaces__rosidl_typesupport_c
[2.544s] [ 32%] Built target direction_interfaces__rosidl_typesupport_introspection_c
[2.544s] [ 41%] Built target direction_interfaces__rosidl_typesupport_introspection_cpp
[2.545s] [ 51%] Built target direction_interfaces__rosidl_typesupport_cpp
[2.546s] [ 61%] Built target direction_interfaces__rosidl_typesupport_fastrtps_c
[2.546s] [ 70%] Built target direction_interfaces__rosidl_typesupport_fastrtps_cpp
[2.547s] [ 70%] Built target direction_interfaces
[2.547s] [ 74%] Built target direction_interfaces__py
[2.547s] [ 80%] Built target direction_interfaces__rosidl_generator_py
[2.547s] [ 93%] Built target direction_interfaces__rosidl_typesupport_c__pyext
[2.547s] [ 93%] Built target direction_interfaces__rosidl_typesupport_fastrtps_c__pyext
[2.547s] [100%] Built target direction_interfaces__rosidl_typesupport_introspection_c__pyext
[2.548s] running egg_info
[2.548s] writing direction_interfaces.egg-info/PKG-INFO
[2.548s] writing dependency_links to direction_interfaces.egg-info/dependency_links.txt
[2.548s] writing top-level names to direction_interfaces.egg-info/top_level.txt
[2.548s] reading manifest file 'direction_interfaces.egg-info/SOURCES.txt'
[2.548s] writing manifest file 'direction_interfaces.egg-info/SOURCES.txt'
[2.548s] [100%] Built target ament_cmake_python_build_direction_interfaces_egg
[2.551s] Invoked command in '/home/hvakil/ros2_ws/src/build/direction_interfaces' returned '0': CMAKE_PREFIX_PATH=${CMAKE_PREFIX_PATH}:/home/hvakil/ros2_ws/install/write_to_tractor:/home/hvakil/ros2_humble/install/rqt_bag_plugins:/home/hvakil/ros2_humble/install/rqt_bag:/home/hvakil/ros2_humble/install/ros2bag:/home/hvakil/ros2_humble/install/tracetools_test:/home/hvakil/ros2_humble/install/tracetools_launch:/home/hvakil/ros2_humble/install/topic_monitor:/home/hvakil/ros2_humble/install/tf2_tools:/home/hvakil/ros2_humble/install/examples_tf2_py:/home/hvakil/ros2_humble/install/tf2_ros_py:/home/hvakil/ros2_humble/install/sros2:/home/hvakil/ros2_humble/install/rqt_topic:/home/hvakil/ros2_humble/install/rqt_srv:/home/hvakil/ros2_humble/install/rqt_shell:/home/hvakil/ros2_humble/install/rqt_service_caller:/home/hvakil/ros2_humble/install/rqt_reconfigure:/home/hvakil/ros2_humble/install/rqt_py_console:/home/hvakil/ros2_humble/install/rqt_publisher:/home/hvakil/ros2_humble/install/rqt_plot:/home/hvakil/ros2_humble/install/rqt_action:/home/hvakil/ros2_humble/install/rqt_msg:/home/hvakil/ros2_humble/install/rqt_console:/home/hvakil/ros2_humble/install/rqt:/home/hvakil/ros2_humble/install/rqt_graph:/home/hvakil/ros2_humble/install/rqt_gui_py:/home/hvakil/ros2_humble/install/rqt_gui:/home/hvakil/ros2_humble/install/ros2trace:/home/hvakil/ros2_humble/install/ros2topic:/home/hvakil/ros2_humble/install/ros2test:/home/hvakil/ros2_humble/install/ros2component:/home/hvakil/ros2_humble/install/ros2param:/home/hvakil/ros2_humble/install/ros2lifecycle:/home/hvakil/ros2_humble/install/ros2service:/home/hvakil/ros2_humble/install/ros2run:/home/hvakil/ros2_humble/install/ros2launch:/home/hvakil/ros2_humble/install/ros2pkg:/home/hvakil/ros2_humble/install/ros2node:/home/hvakil/ros2_humble/install/ros2multicast:/home/hvakil/ros2_humble/install/ros2interface:/home/hvakil/ros2_humble/install/ros2doctor:/home/hvakil/ros2_humble/install/ros2action:/home/hvakil/ros2_humble/install/ros2cli:/home/hvakil/ros2_humble/install/quality_of_service_demo_py:/home/hvakil/ros2_humble/install/lifecycle_py:/home/hvakil/ros2_humble/install/launch_testing_ros:/home/hvakil/ros2_humble/install/launch_ros:/home/hvakil/ros2_humble/install/examples_rclpy_pointcloud_publisher:/home/hvakil/ros2_humble/install/examples_rclpy_minimal_subscriber:/home/hvakil/ros2_humble/install/examples_rclpy_minimal_service:/home/hvakil/ros2_humble/install/examples_rclpy_minimal_publisher:/home/hvakil/ros2_humble/install/examples_rclpy_minimal_client:/home/hvakil/ros2_humble/install/examples_rclpy_minimal_action_server:/home/hvakil/ros2_humble/install/examples_rclpy_minimal_action_client:/home/hvakil/ros2_humble/install/examples_rclpy_guard_conditions:/home/hvakil/ros2_humble/install/examples_rclpy_executors:/home/hvakil/ros2_humble/install/demo_nodes_py:/home/hvakil/ros2_humble/install/action_tutorials_py:/home/hvakil/ros2_humble/install/ament_uncrustify:/home/hvakil/ros2_humble/install/tracetools_trace:/home/hvakil/ros2_humble/install/tracetools_read:/home/hvakil/ros2_humble/install/test_tracetools_launch:/home/hvakil/ros2_humble/install/test_launch_ros:/home/hvakil/ros2_humble/install/sensor_msgs_py:/home/hvakil/ros2_humble/install/rpyutils:/home/hvakil/ros2_humble/install/rosidl_runtime_py:/home/hvakil/ros2_humble/install/rosidl_cli:/home/hvakil/ros2_humble/install/launch_pytest:/home/hvakil/ros2_humble/install/launch_testing:/home/hvakil/ros2_humble/install/launch_yaml:/home/hvakil/ros2_humble/install/launch_xml:/home/hvakil/ros2_humble/install/launch:/home/hvakil/ros2_humble/install/osrf_pycommon:/home/hvakil/ros2_humble/install/launch_testing_examples:/home/hvakil/ros2_humble/install/domain_coordinator:/home/hvakil/ros2_humble/install/ament_xmllint:/home/hvakil/ros2_humble/install/ament_pyflakes:/home/hvakil/ros2_humble/install/ament_pycodestyle:/home/hvakil/ros2_humble/install/ament_pep257:/home/hvakil/ros2_humble/install/ament_pclint:/home/hvakil/ros2_humble/install/ament_package:/home/hvakil/ros2_humble/install/ament_mypy:/home/hvakil/ros2_humble/install/ament_lint_cmake:/home/hvakil/ros2_humble/install/ament_flake8:/home/hvakil/ros2_humble/install/ament_copyright:/home/hvakil/ros2_humble/install/ament_lint:/home/hvakil/ros2_humble/install/ament_index_python:/home/hvakil/ros2_humble/install/ament_cpplint:/home/hvakil/ros2_humble/install/ament_cppcheck:/home/hvakil/ros2_humble/install/ament_clang_tidy:/home/hvakil/ros2_humble/install/ament_clang_format /usr/bin/cmake --build /home/hvakil/ros2_ws/src/build/direction_interfaces -- -j12 -l12
[3.124s] Invoking command in '/home/hvakil/ros2_ws/src/build/direction_interfaces': CMAKE_PREFIX_PATH=${CMAKE_PREFIX_PATH}:/home/hvakil/ros2_ws/install/write_to_tractor:/home/hvakil/ros2_humble/install/rqt_bag_plugins:/home/hvakil/ros2_humble/install/rqt_bag:/home/hvakil/ros2_humble/install/ros2bag:/home/hvakil/ros2_humble/install/tracetools_test:/home/hvakil/ros2_humble/install/tracetools_launch:/home/hvakil/ros2_humble/install/topic_monitor:/home/hvakil/ros2_humble/install/tf2_tools:/home/hvakil/ros2_humble/install/examples_tf2_py:/home/hvakil/ros2_humble/install/tf2_ros_py:/home/hvakil/ros2_humble/install/sros2:/home/hvakil/ros2_humble/install/rqt_topic:/home/hvakil/ros2_humble/install/rqt_srv:/home/hvakil/ros2_humble/install/rqt_shell:/home/hvakil/ros2_humble/install/rqt_service_caller:/home/hvakil/ros2_humble/install/rqt_reconfigure:/home/hvakil/ros2_humble/install/rqt_py_console:/home/hvakil/ros2_humble/install/rqt_publisher:/home/hvakil/ros2_humble/install/rqt_plot:/home/hvakil/ros2_humble/install/rqt_action:/home/hvakil/ros2_humble/install/rqt_msg:/home/hvakil/ros2_humble/install/rqt_console:/home/hvakil/ros2_humble/install/rqt:/home/hvakil/ros2_humble/install/rqt_graph:/home/hvakil/ros2_humble/install/rqt_gui_py:/home/hvakil/ros2_humble/install/rqt_gui:/home/hvakil/ros2_humble/install/ros2trace:/home/hvakil/ros2_humble/install/ros2topic:/home/hvakil/ros2_humble/install/ros2test:/home/hvakil/ros2_humble/install/ros2component:/home/hvakil/ros2_humble/install/ros2param:/home/hvakil/ros2_humble/install/ros2lifecycle:/home/hvakil/ros2_humble/install/ros2service:/home/hvakil/ros2_humble/install/ros2run:/home/hvakil/ros2_humble/install/ros2launch:/home/hvakil/ros2_humble/install/ros2pkg:/home/hvakil/ros2_humble/install/ros2node:/home/hvakil/ros2_humble/install/ros2multicast:/home/hvakil/ros2_humble/install/ros2interface:/home/hvakil/ros2_humble/install/ros2doctor:/home/hvakil/ros2_humble/install/ros2action:/home/hvakil/ros2_humble/install/ros2cli:/home/hvakil/ros2_humble/install/quality_of_service_demo_py:/home/hvakil/ros2_humble/install/lifecycle_py:/home/hvakil/ros2_humble/install/launch_testing_ros:/home/hvakil/ros2_humble/install/launch_ros:/home/hvakil/ros2_humble/install/examples_rclpy_pointcloud_publisher:/home/hvakil/ros2_humble/install/examples_rclpy_minimal_subscriber:/home/hvakil/ros2_humble/install/examples_rclpy_minimal_service:/home/hvakil/ros2_humble/install/examples_rclpy_minimal_publisher:/home/hvakil/ros2_humble/install/examples_rclpy_minimal_client:/home/hvakil/ros2_humble/install/examples_rclpy_minimal_action_server:/home/hvakil/ros2_humble/install/examples_rclpy_minimal_action_client:/home/hvakil/ros2_humble/install/examples_rclpy_guard_conditions:/home/hvakil/ros2_humble/install/examples_rclpy_executors:/home/hvakil/ros2_humble/install/demo_nodes_py:/home/hvakil/ros2_humble/install/action_tutorials_py:/home/hvakil/ros2_humble/install/ament_uncrustify:/home/hvakil/ros2_humble/install/tracetools_trace:/home/hvakil/ros2_humble/install/tracetools_read:/home/hvakil/ros2_humble/install/test_tracetools_launch:/home/hvakil/ros2_humble/install/test_launch_ros:/home/hvakil/ros2_humble/install/sensor_msgs_py:/home/hvakil/ros2_humble/install/rpyutils:/home/hvakil/ros2_humble/install/rosidl_runtime_py:/home/hvakil/ros2_humble/install/rosidl_cli:/home/hvakil/ros2_humble/install/launch_pytest:/home/hvakil/ros2_humble/install/launch_testing:/home/hvakil/ros2_humble/install/launch_yaml:/home/hvakil/ros2_humble/install/launch_xml:/home/hvakil/ros2_humble/install/launch:/home/hvakil/ros2_humble/install/osrf_pycommon:/home/hvakil/ros2_humble/install/launch_testing_examples:/home/hvakil/ros2_humble/install/domain_coordinator:/home/hvakil/ros2_humble/install/ament_xmllint:/home/hvakil/ros2_humble/install/ament_pyflakes:/home/hvakil/ros2_humble/install/ament_pycodestyle:/home/hvakil/ros2_humble/install/ament_pep257:/home/hvakil/ros2_humble/install/ament_pclint:/home/hvakil/ros2_humble/install/ament_package:/home/hvakil/ros2_humble/install/ament_mypy:/home/hvakil/ros2_humble/install/ament_lint_cmake:/home/hvakil/ros2_humble/install/ament_flake8:/home/hvakil/ros2_humble/install/ament_copyright:/home/hvakil/ros2_humble/install/ament_lint:/home/hvakil/ros2_humble/install/ament_index_python:/home/hvakil/ros2_humble/install/ament_cpplint:/home/hvakil/ros2_humble/install/ament_cppcheck:/home/hvakil/ros2_humble/install/ament_clang_tidy:/home/hvakil/ros2_humble/install/ament_clang_format /usr/bin/cmake --install /home/hvakil/ros2_ws/src/build/direction_interfaces
[3.162s] -- Install configuration: ""
[3.163s] -- Execute custom install script
[3.164s] -- Up-to-date symlink: /home/hvakil/ros2_ws/src/install/direction_interfaces/share/ament_index/resource_index/rosidl_interfaces/direction_interfaces
[3.165s] -- Up-to-date symlink: /home/hvakil/ros2_ws/src/install/direction_interfaces/include/direction_interfaces/direction_interfaces/msg/detail/direction__functions.h
[3.166s] -- Up-to-date symlink: /home/hvakil/ros2_ws/src/install/direction_interfaces/include/direction_interfaces/direction_interfaces/msg/detail/direction__struct.h
[3.166s] -- Up-to-date symlink: /home/hvakil/ros2_ws/src/install/direction_interfaces/include/direction_interfaces/direction_interfaces/msg/detail/direction__type_support.h
[3.167s] -- Up-to-date symlink: /home/hvakil/ros2_ws/src/install/direction_interfaces/include/direction_interfaces/direction_interfaces/msg/direction.h
[3.167s] -- Up-to-date symlink: /home/hvakil/ros2_ws/src/install/direction_interfaces/include/direction_interfaces/direction_interfaces/msg/rosidl_generator_c__visibility_control.h
[3.168s] -- Up-to-date symlink: /home/hvakil/ros2_ws/src/install/direction_interfaces/share/direction_interfaces/environment/library_path.sh
[3.169s] -- Up-to-date symlink: /home/hvakil/ros2_ws/src/install/direction_interfaces/share/direction_interfaces/environment/library_path.dsv
[3.170s] -- Up-to-date symlink: /home/hvakil/ros2_ws/src/install/direction_interfaces/include/direction_interfaces/direction_interfaces/msg/detail/direction__rosidl_typesupport_introspection_c.h
[3.170s] -- Up-to-date symlink: /home/hvakil/ros2_ws/src/install/direction_interfaces/include/direction_interfaces/direction_interfaces/msg/rosidl_typesupport_introspection_c__visibility_control.h
[3.172s] -- Up-to-date symlink: /home/hvakil/ros2_ws/src/install/direction_interfaces/include/direction_interfaces/direction_interfaces/msg/detail/direction__rosidl_typesupport_fastrtps_c.h
[3.174s] -- Up-to-date symlink: /home/hvakil/ros2_ws/src/install/direction_interfaces/include/direction_interfaces/direction_interfaces/msg/rosidl_typesupport_fastrtps_c__visibility_control.h
[3.174s] -- Up-to-date symlink: /home/hvakil/ros2_ws/src/install/direction_interfaces/include/direction_interfaces/direction_interfaces/msg/detail/direction__builder.hpp
[3.175s] -- Up-to-date symlink: /home/hvakil/ros2_ws/src/install/direction_interfaces/include/direction_interfaces/direction_interfaces/msg/detail/direction__struct.hpp
[3.175s] -- Up-to-date symlink: /home/hvakil/ros2_ws/src/install/direction_interfaces/include/direction_interfaces/direction_interfaces/msg/detail/direction__traits.hpp
[3.176s] -- Up-to-date symlink: /home/hvakil/ros2_ws/src/install/direction_interfaces/include/direction_interfaces/direction_interfaces/msg/direction.hpp
[3.177s] -- Up-to-date symlink: /home/hvakil/ros2_ws/src/install/direction_interfaces/include/direction_interfaces/direction_interfaces/msg/detail/direction__rosidl_typesupport_introspection_cpp.hpp
[3.179s] -- Up-to-date symlink: /home/hvakil/ros2_ws/src/install/direction_interfaces/include/direction_interfaces/direction_interfaces/msg/detail/direction__rosidl_typesupport_fastrtps_cpp.hpp
[3.179s] -- Up-to-date symlink: /home/hvakil/ros2_ws/src/install/direction_interfaces/include/direction_interfaces/direction_interfaces/msg/rosidl_typesupport_fastrtps_cpp__visibility_control.h
[3.179s] -- Up-to-date symlink: /home/hvakil/ros2_ws/src/install/direction_interfaces/share/direction_interfaces/environment/pythonpath.sh
[3.180s] -- Up-to-date symlink: /home/hvakil/ros2_ws/src/install/direction_interfaces/share/direction_interfaces/environment/pythonpath.dsv
[3.180s] -- Up-to-date symlink: /home/hvakil/ros2_ws/src/install/direction_interfaces/local/lib/python3.10/dist-packages/direction_interfaces-0.0.0-py3.10.egg-info/PKG-INFO
[3.181s] -- Up-to-date symlink: /home/hvakil/ros2_ws/src/install/direction_interfaces/local/lib/python3.10/dist-packages/direction_interfaces-0.0.0-py3.10.egg-info/SOURCES.txt
[3.181s] -- Up-to-date symlink: /home/hvakil/ros2_ws/src/install/direction_interfaces/local/lib/python3.10/dist-packages/direction_interfaces-0.0.0-py3.10.egg-info/dependency_links.txt
[3.182s] -- Up-to-date symlink: /home/hvakil/ros2_ws/src/install/direction_interfaces/local/lib/python3.10/dist-packages/direction_interfaces-0.0.0-py3.10.egg-info/top_level.txt
[3.182s] -- Up-to-date symlink: /home/hvakil/ros2_ws/src/install/direction_interfaces/local/lib/python3.10/dist-packages/direction_interfaces/__init__.py
[3.182s] -- Up-to-date symlink: /home/hvakil/ros2_ws/src/install/direction_interfaces/local/lib/python3.10/dist-packages/direction_interfaces/_direction_interfaces_s.ep.rosidl_typesupport_c.c
[3.183s] -- Up-to-date symlink: /home/hvakil/ros2_ws/src/install/direction_interfaces/local/lib/python3.10/dist-packages/direction_interfaces/_direction_interfaces_s.ep.rosidl_typesupport_fastrtps_c.c
[3.183s] -- Up-to-date symlink: /home/hvakil/ros2_ws/src/install/direction_interfaces/local/lib/python3.10/dist-packages/direction_interfaces/_direction_interfaces_s.ep.rosidl_typesupport_introspection_c.c
[3.183s] -- Up-to-date symlink: /home/hvakil/ros2_ws/src/install/direction_interfaces/local/lib/python3.10/dist-packages/direction_interfaces/direction_interfaces_s__rosidl_typesupport_c.cpython-310-x86_64-linux-gnu.so
[3.184s] -- Up-to-date symlink: /home/hvakil/ros2_ws/src/install/direction_interfaces/local/lib/python3.10/dist-packages/direction_interfaces/direction_interfaces_s__rosidl_typesupport_fastrtps_c.cpython-310-x86_64-linux-gnu.so
[3.184s] -- Up-to-date symlink: /home/hvakil/ros2_ws/src/install/direction_interfaces/local/lib/python3.10/dist-packages/direction_interfaces/direction_interfaces_s__rosidl_typesupport_introspection_c.cpython-310-x86_64-linux-gnu.so
[3.184s] -- Up-to-date symlink: /home/hvakil/ros2_ws/src/install/direction_interfaces/local/lib/python3.10/dist-packages/direction_interfaces/libdirection_interfaces__rosidl_generator_py.so
[3.185s] -- Up-to-date symlink: /home/hvakil/ros2_ws/src/install/direction_interfaces/local/lib/python3.10/dist-packages/direction_interfaces/msg/__init__.py
[3.185s] -- Up-to-date symlink: /home/hvakil/ros2_ws/src/install/direction_interfaces/local/lib/python3.10/dist-packages/direction_interfaces/msg/_direction.py
[3.185s] -- Up-to-date symlink: /home/hvakil/ros2_ws/src/install/direction_interfaces/local/lib/python3.10/dist-packages/direction_interfaces/msg/_direction_s.c
[3.186s] -- Up-to-date symlink: /home/hvakil/ros2_ws/src/install/direction_interfaces/local/lib/python3.10/dist-packages/direction_interfaces/direction_interfaces_s__rosidl_typesupport_introspection_c.cpython-310-x86_64-linux-gnu.so
[3.187s] -- Up-to-date symlink: /home/hvakil/ros2_ws/src/install/direction_interfaces/local/lib/python3.10/dist-packages/direction_interfaces/direction_interfaces_s__rosidl_typesupport_fastrtps_c.cpython-310-x86_64-linux-gnu.so
[3.188s] -- Up-to-date symlink: /home/hvakil/ros2_ws/src/install/direction_interfaces/local/lib/python3.10/dist-packages/direction_interfaces/direction_interfaces_s__rosidl_typesupport_c.cpython-310-x86_64-linux-gnu.so
[3.188s] -- Up-to-date symlink: /home/hvakil/ros2_ws/src/install/direction_interfaces/share/direction_interfaces/msg/Direction.idl
[3.189s] -- Up-to-date symlink: /home/hvakil/ros2_ws/src/install/direction_interfaces/share/direction_interfaces/msg/Direction.msg
[3.189s] -- Up-to-date symlink: /home/hvakil/ros2_ws/src/install/direction_interfaces/share/ament_index/resource_index/package_run_dependencies/direction_interfaces
[3.190s] -- Up-to-date symlink: /home/hvakil/ros2_ws/src/install/direction_interfaces/share/ament_index/resource_index/parent_prefix_path/direction_interfaces
[3.190s] -- Up-to-date symlink: /home/hvakil/ros2_ws/src/install/direction_interfaces/share/direction_interfaces/environment/ament_prefix_path.sh
[3.191s] -- Up-to-date symlink: /home/hvakil/ros2_ws/src/install/direction_interfaces/share/direction_interfaces/environment/ament_prefix_path.dsv
[3.191s] -- Up-to-date symlink: /home/hvakil/ros2_ws/src/install/direction_interfaces/share/direction_interfaces/environment/path.sh
[3.192s] -- Up-to-date symlink: /home/hvakil/ros2_ws/src/install/direction_interfaces/share/direction_interfaces/environment/path.dsv
[3.192s] -- Up-to-date symlink: /home/hvakil/ros2_ws/src/install/direction_interfaces/share/direction_interfaces/local_setup.bash
[3.193s] -- Up-to-date symlink: /home/hvakil/ros2_ws/src/install/direction_interfaces/share/direction_interfaces/local_setup.sh
[3.193s] -- Up-to-date symlink: /home/hvakil/ros2_ws/src/install/direction_interfaces/share/direction_interfaces/local_setup.zsh
[3.194s] -- Up-to-date symlink: /home/hvakil/ros2_ws/src/install/direction_interfaces/share/direction_interfaces/local_setup.dsv
[3.194s] -- Symlinking: /home/hvakil/ros2_ws/src/install/direction_interfaces/share/direction_interfaces/package.dsv
[3.233s] -- Up-to-date symlink: /home/hvakil/ros2_ws/src/install/direction_interfaces/share/ament_index/resource_index/packages/direction_interfaces
[3.233s] -- Up-to-date symlink: /home/hvakil/ros2_ws/src/install/direction_interfaces/share/direction_interfaces/cmake/rosidl_cmake-extras.cmake
[3.234s] -- Up-to-date symlink: /home/hvakil/ros2_ws/src/install/direction_interfaces/share/direction_interfaces/cmake/ament_cmake_export_include_directories-extras.cmake
[3.234s] -- Up-to-date symlink: /home/hvakil/ros2_ws/src/install/direction_interfaces/share/direction_interfaces/cmake/ament_cmake_export_libraries-extras.cmake
[3.235s] -- Up-to-date symlink: /home/hvakil/ros2_ws/src/install/direction_interfaces/share/direction_interfaces/cmake/ament_cmake_export_targets-extras.cmake
[3.235s] -- Up-to-date symlink: /home/hvakil/ros2_ws/src/install/direction_interfaces/share/direction_interfaces/cmake/rosidl_cmake_export_typesupport_targets-extras.cmake
[3.236s] -- Up-to-date symlink: /home/hvakil/ros2_ws/src/install/direction_interfaces/share/direction_interfaces/cmake/ament_cmake_export_dependencies-extras.cmake
[3.236s] -- Up-to-date symlink: /home/hvakil/ros2_ws/src/install/direction_interfaces/share/direction_interfaces/cmake/rosidl_cmake_export_typesupport_libraries-extras.cmake
[3.237s] -- Up-to-date symlink: /home/hvakil/ros2_ws/src/install/direction_interfaces/share/direction_interfaces/cmake/direction_interfacesConfig.cmake
[3.237s] -- Up-to-date symlink: /home/hvakil/ros2_ws/src/install/direction_interfaces/share/direction_interfaces/cmake/direction_interfacesConfig-version.cmake
[3.238s] -- Up-to-date symlink: /home/hvakil/ros2_ws/src/install/direction_interfaces/share/direction_interfaces/package.xml
[3.238s] -- Up-to-date: /home/hvakil/ros2_ws/src/install/direction_interfaces/lib/libdirection_interfaces__rosidl_generator_c.so
[3.239s] -- Up-to-date: /home/hvakil/ros2_ws/src/install/direction_interfaces/lib/libdirection_interfaces__rosidl_typesupport_introspection_c.so
[3.239s] -- Up-to-date: /home/hvakil/ros2_ws/src/install/direction_interfaces/lib/libdirection_interfaces__rosidl_typesupport_fastrtps_c.so
[3.240s] -- Up-to-date: /home/hvakil/ros2_ws/src/install/direction_interfaces/lib/libdirection_interfaces__rosidl_typesupport_c.so
[3.241s] -- Up-to-date: /home/hvakil/ros2_ws/src/install/direction_interfaces/lib/libdirection_interfaces__rosidl_typesupport_introspection_cpp.so
[3.241s] -- Up-to-date: /home/hvakil/ros2_ws/src/install/direction_interfaces/lib/libdirection_interfaces__rosidl_typesupport_fastrtps_cpp.so
[3.242s] -- Up-to-date: /home/hvakil/ros2_ws/src/install/direction_interfaces/lib/libdirection_interfaces__rosidl_typesupport_cpp.so
[3.706s] Listing '/home/hvakil/ros2_ws/src/install/direction_interfaces/local/lib/python3.10/dist-packages/direction_interfaces'...
[3.707s] Listing '/home/hvakil/ros2_ws/src/install/direction_interfaces/local/lib/python3.10/dist-packages/direction_interfaces/msg'...
[3.711s] -- Up-to-date: /home/hvakil/ros2_ws/src/install/direction_interfaces/lib/libdirection_interfaces__rosidl_generator_py.so
[3.720s] -- Up-to-date: /home/hvakil/ros2_ws/src/install/direction_interfaces/share/direction_interfaces/cmake/export_direction_interfaces__rosidl_generator_cExport.cmake
[3.720s] -- Up-to-date: /home/hvakil/ros2_ws/src/install/direction_interfaces/share/direction_interfaces/cmake/export_direction_interfaces__rosidl_generator_cExport-noconfig.cmake
[3.720s] -- Up-to-date: /home/hvakil/ros2_ws/src/install/direction_interfaces/share/direction_interfaces/cmake/direction_interfaces__rosidl_typesupport_introspection_cExport.cmake
[3.721s] -- Up-to-date: /home/hvakil/ros2_ws/src/install/direction_interfaces/share/direction_interfaces/cmake/direction_interfaces__rosidl_typesupport_introspection_cExport-noconfig.cmake
[3.721s] -- Up-to-date: /home/hvakil/ros2_ws/src/install/direction_interfaces/share/direction_interfaces/cmake/export_direction_interfaces__rosidl_typesupport_fastrtps_cExport.cmake
[3.721s] -- Up-to-date: /home/hvakil/ros2_ws/src/install/direction_interfaces/share/direction_interfaces/cmake/export_direction_interfaces__rosidl_typesupport_fastrtps_cExport-noconfig.cmake
[3.721s] -- Up-to-date: /home/hvakil/ros2_ws/src/install/direction_interfaces/share/direction_interfaces/cmake/direction_interfaces__rosidl_typesupport_cExport.cmake
[3.722s] -- Up-to-date: /home/hvakil/ros2_ws/src/install/direction_interfaces/share/direction_interfaces/cmake/direction_interfaces__rosidl_typesupport_cExport-noconfig.cmake
[3.722s] -- Up-to-date: /home/hvakil/ros2_ws/src/install/direction_interfaces/share/direction_interfaces/cmake/export_direction_interfaces__rosidl_generator_cppExport.cmake
[3.722s] -- Up-to-date: /home/hvakil/ros2_ws/src/install/direction_interfaces/share/direction_interfaces/cmake/direction_interfaces__rosidl_typesupport_introspection_cppExport.cmake
[3.723s] -- Up-to-date: /home/hvakil/ros2_ws/src/install/direction_interfaces/share/direction_interfaces/cmake/direction_interfaces__rosidl_typesupport_introspection_cppExport-noconfig.cmake
[3.723s] -- Up-to-date: /home/hvakil/ros2_ws/src/install/direction_interfaces/share/direction_interfaces/cmake/export_direction_interfaces__rosidl_typesupport_fastrtps_cppExport.cmake
[3.723s] -- Up-to-date: /home/hvakil/ros2_ws/src/install/direction_interfaces/share/direction_interfaces/cmake/export_direction_interfaces__rosidl_typesupport_fastrtps_cppExport-noconfig.cmake
[3.723s] -- Up-to-date: /home/hvakil/ros2_ws/src/install/direction_interfaces/share/direction_interfaces/cmake/direction_interfaces__rosidl_typesupport_cppExport.cmake
[3.723s] -- Up-to-date: /home/hvakil/ros2_ws/src/install/direction_interfaces/share/direction_interfaces/cmake/direction_interfaces__rosidl_typesupport_cppExport-noconfig.cmake
[3.724s] -- Up-to-date: /home/hvakil/ros2_ws/src/install/direction_interfaces/share/direction_interfaces/cmake/export_direction_interfaces__rosidl_generator_pyExport.cmake
[3.724s] -- Up-to-date: /home/hvakil/ros2_ws/src/install/direction_interfaces/share/direction_interfaces/cmake/export_direction_interfaces__rosidl_generator_pyExport-noconfig.cmake
[3.781s] Invoked command in '/home/hvakil/ros2_ws/src/build/direction_interfaces' returned '0': CMAKE_PREFIX_PATH=${CMAKE_PREFIX_PATH}:/home/hvakil/ros2_ws/install/write_to_tractor:/home/hvakil/ros2_humble/install/rqt_bag_plugins:/home/hvakil/ros2_humble/install/rqt_bag:/home/hvakil/ros2_humble/install/ros2bag:/home/hvakil/ros2_humble/install/tracetools_test:/home/hvakil/ros2_humble/install/tracetools_launch:/home/hvakil/ros2_humble/install/topic_monitor:/home/hvakil/ros2_humble/install/tf2_tools:/home/hvakil/ros2_humble/install/examples_tf2_py:/home/hvakil/ros2_humble/install/tf2_ros_py:/home/hvakil/ros2_humble/install/sros2:/home/hvakil/ros2_humble/install/rqt_topic:/home/hvakil/ros2_humble/install/rqt_srv:/home/hvakil/ros2_humble/install/rqt_shell:/home/hvakil/ros2_humble/install/rqt_service_caller:/home/hvakil/ros2_humble/install/rqt_reconfigure:/home/hvakil/ros2_humble/install/rqt_py_console:/home/hvakil/ros2_humble/install/rqt_publisher:/home/hvakil/ros2_humble/install/rqt_plot:/home/hvakil/ros2_humble/install/rqt_action:/home/hvakil/ros2_humble/install/rqt_msg:/home/hvakil/ros2_humble/install/rqt_console:/home/hvakil/ros2_humble/install/rqt:/home/hvakil/ros2_humble/install/rqt_graph:/home/hvakil/ros2_humble/install/rqt_gui_py:/home/hvakil/ros2_humble/install/rqt_gui:/home/hvakil/ros2_humble/install/ros2trace:/home/hvakil/ros2_humble/install/ros2topic:/home/hvakil/ros2_humble/install/ros2test:/home/hvakil/ros2_humble/install/ros2component:/home/hvakil/ros2_humble/install/ros2param:/home/hvakil/ros2_humble/install/ros2lifecycle:/home/hvakil/ros2_humble/install/ros2service:/home/hvakil/ros2_humble/install/ros2run:/home/hvakil/ros2_humble/install/ros2launch:/home/hvakil/ros2_humble/install/ros2pkg:/home/hvakil/ros2_humble/install/ros2node:/home/hvakil/ros2_humble/install/ros2multicast:/home/hvakil/ros2_humble/install/ros2interface:/home/hvakil/ros2_humble/install/ros2doctor:/home/hvakil/ros2_humble/install/ros2action:/home/hvakil/ros2_humble/install/ros2cli:/home/hvakil/ros2_humble/install/quality_of_service_demo_py:/home/hvakil/ros2_humble/install/lifecycle_py:/home/hvakil/ros2_humble/install/launch_testing_ros:/home/hvakil/ros2_humble/install/launch_ros:/home/hvakil/ros2_humble/install/examples_rclpy_pointcloud_publisher:/home/hvakil/ros2_humble/install/examples_rclpy_minimal_subscriber:/home/hvakil/ros2_humble/install/examples_rclpy_minimal_service:/home/hvakil/ros2_humble/install/examples_rclpy_minimal_publisher:/home/hvakil/ros2_humble/install/examples_rclpy_minimal_client:/home/hvakil/ros2_humble/install/examples_rclpy_minimal_action_server:/home/hvakil/ros2_humble/install/examples_rclpy_minimal_action_client:/home/hvakil/ros2_humble/install/examples_rclpy_guard_conditions:/home/hvakil/ros2_humble/install/examples_rclpy_executors:/home/hvakil/ros2_humble/install/demo_nodes_py:/home/hvakil/ros2_humble/install/action_tutorials_py:/home/hvakil/ros2_humble/install/ament_uncrustify:/home/hvakil/ros2_humble/install/tracetools_trace:/home/hvakil/ros2_humble/install/tracetools_read:/home/hvakil/ros2_humble/install/test_tracetools_launch:/home/hvakil/ros2_humble/install/test_launch_ros:/home/hvakil/ros2_humble/install/sensor_msgs_py:/home/hvakil/ros2_humble/install/rpyutils:/home/hvakil/ros2_humble/install/rosidl_runtime_py:/home/hvakil/ros2_humble/install/rosidl_cli:/home/hvakil/ros2_humble/install/launch_pytest:/home/hvakil/ros2_humble/install/launch_testing:/home/hvakil/ros2_humble/install/launch_yaml:/home/hvakil/ros2_humble/install/launch_xml:/home/hvakil/ros2_humble/install/launch:/home/hvakil/ros2_humble/install/osrf_pycommon:/home/hvakil/ros2_humble/install/launch_testing_examples:/home/hvakil/ros2_humble/install/domain_coordinator:/home/hvakil/ros2_humble/install/ament_xmllint:/home/hvakil/ros2_humble/install/ament_pyflakes:/home/hvakil/ros2_humble/install/ament_pycodestyle:/home/hvakil/ros2_humble/install/ament_pep257:/home/hvakil/ros2_humble/install/ament_pclint:/home/hvakil/ros2_humble/install/ament_package:/home/hvakil/ros2_humble/install/ament_mypy:/home/hvakil/ros2_humble/install/ament_lint_cmake:/home/hvakil/ros2_humble/install/ament_flake8:/home/hvakil/ros2_humble/install/ament_copyright:/home/hvakil/ros2_humble/install/ament_lint:/home/hvakil/ros2_humble/install/ament_index_python:/home/hvakil/ros2_humble/install/ament_cpplint:/home/hvakil/ros2_humble/install/ament_cppcheck:/home/hvakil/ros2_humble/install/ament_clang_tidy:/home/hvakil/ros2_humble/install/ament_clang_format /usr/bin/cmake --install /home/hvakil/ros2_ws/src/build/direction_interfaces
